<?xml version="1.0" encoding="UTF-8"?>
<testsuites name="TS_STOCK" time="17.64" tests="13" failures="0" errors="0">
   <testsuite name="TS_STOCK" tests="13" failures="0" errors="0" time="17.64" skipped="0" timestamp="2022-06-30 17:35:13" hostname="Thinkpad X260 - DESKTOP-D9B57TC" id="Test Suites/TS_STOCK">
      <properties>
         <property name="deviceName" value=""/>
         <property name="devicePlatform" value=""/>
         <property name="logFolder" value="C:\\Users\\Thinkpad X260\\git\\CapstoneAPI\\Reports\\20220630_173509\\TS_STOCK\\20220630_173509"/>
         <property name="logFiles" value="C:\\Users\\Thinkpad X260\\git\\CapstoneAPI\\Reports\\20220630_173509\\TS_STOCK\\20220630_173509\\execution0.log"/>
         <property name="attachments" value=""/>
         <property name="hostName" value="Thinkpad X260 - DESKTOP-D9B57TC"/>
         <property name="hostAddress" value="192.168.100.66"/>
         <property name="os" value="Windows 10 64bit"/>
         <property name="katalonVersion" value="8.2.5.208"/>
      </properties>
      <testcase name="Test Cases/API/STOCK/CREATE STOCK/TCNST03_CREATE WITHOUT REQ BODY" time="3.707" classname="Test Cases/API/STOCK/CREATE STOCK/TCNST03_CREATE WITHOUT REQ BODY" status="PASSED">
         <system-out><![CDATA[2022-06-30 17:35:13 - [TEST_CASE][PASSED] - Test Cases/API/STOCK/CREATE STOCK/TCNST03_CREATE WITHOUT REQ BODY: Test Cases/API/STOCK/CREATE STOCK/TCNST03_CREATE WITHOUT REQ BODY

2022-06-30 17:35:14 - [TEST_STEP][PASSED] - Response = sendRequest(findTestObject("API/STOCK/CREATE NEW STOCK/TCNST03_CREATE WITHOUT REQUEST BODY")): Send request successfully

2022-06-30 17:35:17 - [MESSAGE][INFO] - HAR: C:\Users\Thinkpad X260\git\CapstoneAPI\Reports\20220630_173509\TS_STOCK\20220630_173509\requests\main\0.har

2022-06-30 17:35:17 - [MESSAGE][PASSED] - Send request successfully

2022-06-30 17:35:17 - [TEST_STEP][PASSED] - verifyResponseStatusCode(Response, Status_400): Verify response status code successfully

2022-06-30 17:35:17 - [MESSAGE][PASSED] - Verify response status code successfully]]></system-out>
         <system-err><![CDATA[]]></system-err>
      </testcase>
      <testcase name="Test Cases/API/STOCK/CREATE STOCK/TCNST02_CREATE WITHOUT TOKEN" time="1.25" classname="Test Cases/API/STOCK/CREATE STOCK/TCNST02_CREATE WITHOUT TOKEN" status="PASSED">
         <system-out><![CDATA[2022-06-30 17:35:17 - [TEST_CASE][PASSED] - Test Cases/API/STOCK/CREATE STOCK/TCNST02_CREATE WITHOUT TOKEN: Test Cases/API/STOCK/CREATE STOCK/TCNST02_CREATE WITHOUT TOKEN

2022-06-30 17:35:17 - [TEST_STEP][PASSED] - Response = sendRequest(findTestObject("API/STOCK/CREATE NEW STOCK/TCNST02_CREATE WITHOUT TOKEN")): Send request successfully

2022-06-30 17:35:18 - [MESSAGE][INFO] - HAR: C:\Users\Thinkpad X260\git\CapstoneAPI\Reports\20220630_173509\TS_STOCK\20220630_173509\requests\main\1.har

2022-06-30 17:35:18 - [MESSAGE][PASSED] - Send request successfully

2022-06-30 17:35:18 - [TEST_STEP][PASSED] - verifyResponseStatusCode(Response, Status_401): Verify response status code successfully

2022-06-30 17:35:18 - [MESSAGE][PASSED] - Verify response status code successfully]]></system-out>
         <system-err><![CDATA[]]></system-err>
      </testcase>
      <testcase name="Test Cases/API/STOCK/CREATE STOCK/TCNST01_CREATE VALID STOCK" time="1.079" classname="Test Cases/API/STOCK/CREATE STOCK/TCNST01_CREATE VALID STOCK" status="PASSED">
         <system-out><![CDATA[2022-06-30 17:35:18 - [TEST_CASE][PASSED] - Test Cases/API/STOCK/CREATE STOCK/TCNST01_CREATE VALID STOCK: Test Cases/API/STOCK/CREATE STOCK/TCNST01_CREATE VALID STOCK

2022-06-30 17:35:19 - [TEST_STEP][PASSED] - Response = sendRequest(findTestObject("API/STOCK/CREATE NEW STOCK/TCNST01_CREATE STOCK")): Send request successfully

2022-06-30 17:35:19 - [MESSAGE][INFO] - HAR: C:\Users\Thinkpad X260\git\CapstoneAPI\Reports\20220630_173509\TS_STOCK\20220630_173509\requests\main\2.har

2022-06-30 17:35:19 - [MESSAGE][PASSED] - Send request successfully

2022-06-30 17:35:19 - [TEST_STEP][PASSED] - verifyResponseStatusCode(Response, Status_200): Verify response status code successfully

2022-06-30 17:35:19 - [MESSAGE][PASSED] - Verify response status code successfully

2022-06-30 17:35:19 - [TEST_STEP][PASSED] - verifyElementPropertyValue(Response, statuscreate, update_success): Verify element property value successfully

2022-06-30 17:35:19 - [MESSAGE][PASSED] - Verify element property value successfully]]></system-out>
         <system-err><![CDATA[]]></system-err>
      </testcase>
      <testcase name="Test Cases/API/STOCK/GET ALL STOCK/TCST02_GET ALL WITHOUT TOKEN" time="0.912" classname="Test Cases/API/STOCK/GET ALL STOCK/TCST02_GET ALL WITHOUT TOKEN" status="PASSED">
         <system-out><![CDATA[2022-06-30 17:35:19 - [TEST_CASE][PASSED] - Test Cases/API/STOCK/GET ALL STOCK/TCST02_GET ALL WITHOUT TOKEN: Test Cases/API/STOCK/GET ALL STOCK/TCST02_GET ALL WITHOUT TOKEN

2022-06-30 17:35:20 - [TEST_STEP][PASSED] - Response = sendRequest(findTestObject("API/STOCK/GET ALL STOCK/TCST02_GET WITHOUT TOKEN")): Send request successfully

2022-06-30 17:35:20 - [MESSAGE][INFO] - HAR: C:\Users\Thinkpad X260\git\CapstoneAPI\Reports\20220630_173509\TS_STOCK\20220630_173509\requests\main\3.har

2022-06-30 17:35:20 - [MESSAGE][PASSED] - Send request successfully

2022-06-30 17:35:20 - [TEST_STEP][PASSED] - verifyResponseStatusCode(Response, Status_401): Verify response status code successfully

2022-06-30 17:35:20 - [MESSAGE][PASSED] - Verify response status code successfully]]></system-out>
         <system-err><![CDATA[]]></system-err>
      </testcase>
      <testcase name="Test Cases/API/STOCK/GET ALL STOCK/TCST01_GET ALL STOCK" time="0.981" classname="Test Cases/API/STOCK/GET ALL STOCK/TCST01_GET ALL STOCK" status="PASSED">
         <system-out><![CDATA[2022-06-30 17:35:20 - [TEST_CASE][PASSED] - Test Cases/API/STOCK/GET ALL STOCK/TCST01_GET ALL STOCK: Test Cases/API/STOCK/GET ALL STOCK/TCST01_GET ALL STOCK

2022-06-30 17:35:21 - [TEST_STEP][PASSED] - Response = sendRequest(findTestObject("API/STOCK/GET ALL STOCK/TCST01_GET ALL STOCK")): Send request successfully

2022-06-30 17:35:21 - [MESSAGE][INFO] - HAR: C:\Users\Thinkpad X260\git\CapstoneAPI\Reports\20220630_173509\TS_STOCK\20220630_173509\requests\main\4.har

2022-06-30 17:35:21 - [MESSAGE][PASSED] - Send request successfully

2022-06-30 17:35:21 - [TEST_STEP][PASSED] - verifyResponseStatusCode(Response, Status_200): Verify response status code successfully

2022-06-30 17:35:21 - [MESSAGE][PASSED] - Verify response status code successfully]]></system-out>
         <system-err><![CDATA[]]></system-err>
      </testcase>
      <testcase name="Test Cases/API/STOCK/GET STOCK BY ID/TCGST02_GET INVALID ID" time="1.025" classname="Test Cases/API/STOCK/GET STOCK BY ID/TCGST02_GET INVALID ID" status="PASSED">
         <system-out><![CDATA[2022-06-30 17:35:21 - [TEST_CASE][PASSED] - Test Cases/API/STOCK/GET STOCK BY ID/TCGST02_GET INVALID ID: Test Cases/API/STOCK/GET STOCK BY ID/TCGST02_GET INVALID ID

2022-06-30 17:35:22 - [TEST_STEP][PASSED] - Response = sendRequest(findTestObject("API/STOCK/GET STOCK BY ID/TCGST02_GET STOCK INVALID")): Send request successfully

2022-06-30 17:35:22 - [MESSAGE][INFO] - HAR: C:\Users\Thinkpad X260\git\CapstoneAPI\Reports\20220630_173509\TS_STOCK\20220630_173509\requests\main\5.har

2022-06-30 17:35:22 - [MESSAGE][PASSED] - Send request successfully

2022-06-30 17:35:22 - [TEST_STEP][PASSED] - verifyResponseStatusCode(Response, Status_400): Verify response status code successfully

2022-06-30 17:35:22 - [MESSAGE][PASSED] - Verify response status code successfully]]></system-out>
         <system-err><![CDATA[]]></system-err>
      </testcase>
      <testcase name="Test Cases/API/STOCK/GET STOCK BY ID/TCGST01_GET VALID ID" time="1.36" classname="Test Cases/API/STOCK/GET STOCK BY ID/TCGST01_GET VALID ID" status="PASSED">
         <system-out><![CDATA[2022-06-30 17:35:22 - [TEST_CASE][PASSED] - Test Cases/API/STOCK/GET STOCK BY ID/TCGST01_GET VALID ID: Test Cases/API/STOCK/GET STOCK BY ID/TCGST01_GET VALID ID

2022-06-30 17:35:23 - [TEST_STEP][PASSED] - Response = sendRequest(findTestObject("API/STOCK/GET STOCK BY ID/TCGST01_GET STOCK VALID")): Send request successfully

2022-06-30 17:35:23 - [MESSAGE][INFO] - HAR: C:\Users\Thinkpad X260\git\CapstoneAPI\Reports\20220630_173509\TS_STOCK\20220630_173509\requests\main\6.har

2022-06-30 17:35:23 - [MESSAGE][PASSED] - Send request successfully

2022-06-30 17:35:23 - [TEST_STEP][PASSED] - verifyResponseStatusCode(Response, Status_200): Verify response status code successfully

2022-06-30 17:35:23 - [MESSAGE][PASSED] - Verify response status code successfully]]></system-out>
         <system-err><![CDATA[]]></system-err>
      </testcase>
      <testcase name="Test Cases/API/STOCK/UPDATE STOCK/TCUST04_UPDATE WITHOUT BODY" time="1.013" classname="Test Cases/API/STOCK/UPDATE STOCK/TCUST04_UPDATE WITHOUT BODY" status="PASSED">
         <system-out><![CDATA[2022-06-30 17:35:23 - [TEST_CASE][PASSED] - Test Cases/API/STOCK/UPDATE STOCK/TCUST04_UPDATE WITHOUT BODY: Test Cases/API/STOCK/UPDATE STOCK/TCUST04_UPDATE WITHOUT BODY

2022-06-30 17:35:24 - [TEST_STEP][PASSED] - Response = sendRequest(findTestObject("API/STOCK/UPDATE STOCK/TCUS04_UPDATE WITHOUT BODY")): Send request successfully

2022-06-30 17:35:24 - [MESSAGE][INFO] - HAR: C:\Users\Thinkpad X260\git\CapstoneAPI\Reports\20220630_173509\TS_STOCK\20220630_173509\requests\main\7.har

2022-06-30 17:35:24 - [MESSAGE][PASSED] - Send request successfully

2022-06-30 17:35:24 - [TEST_STEP][PASSED] - verifyResponseStatusCode(Response, Status_400): Verify response status code successfully

2022-06-30 17:35:24 - [MESSAGE][PASSED] - Verify response status code successfully]]></system-out>
         <system-err><![CDATA[]]></system-err>
      </testcase>
      <testcase name="Test Cases/API/STOCK/UPDATE STOCK/TCUST03_UPDATE WITHOUT ID" time="1.157" classname="Test Cases/API/STOCK/UPDATE STOCK/TCUST03_UPDATE WITHOUT ID" status="PASSED">
         <system-out><![CDATA[2022-06-30 17:35:25 - [TEST_CASE][PASSED] - Test Cases/API/STOCK/UPDATE STOCK/TCUST03_UPDATE WITHOUT ID: Test Cases/API/STOCK/UPDATE STOCK/TCUST03_UPDATE WITHOUT ID

2022-06-30 17:35:25 - [TEST_STEP][PASSED] - Response = sendRequest(findTestObject("API/STOCK/UPDATE STOCK/TCUS03_UPDATE WITHOUT ID")): Send request successfully

2022-06-30 17:35:26 - [MESSAGE][INFO] - HAR: C:\Users\Thinkpad X260\git\CapstoneAPI\Reports\20220630_173509\TS_STOCK\20220630_173509\requests\main\8.har

2022-06-30 17:35:26 - [MESSAGE][PASSED] - Send request successfully

2022-06-30 17:35:26 - [TEST_STEP][PASSED] - verifyResponseStatusCode(Response, Status_400): Verify response status code successfully

2022-06-30 17:35:26 - [MESSAGE][PASSED] - Verify response status code successfully]]></system-out>
         <system-err><![CDATA[]]></system-err>
      </testcase>
      <testcase name="Test Cases/API/STOCK/UPDATE STOCK/TCUST02_UPDATE WITHOUT TOKEN" time="1.801" classname="Test Cases/API/STOCK/UPDATE STOCK/TCUST02_UPDATE WITHOUT TOKEN" status="PASSED">
         <system-out><![CDATA[2022-06-30 17:35:26 - [TEST_CASE][PASSED] - Test Cases/API/STOCK/UPDATE STOCK/TCUST02_UPDATE WITHOUT TOKEN: Test Cases/API/STOCK/UPDATE STOCK/TCUST02_UPDATE WITHOUT TOKEN

2022-06-30 17:35:26 - [TEST_STEP][PASSED] - Response = sendRequest(findTestObject("API/STOCK/UPDATE STOCK/TCUS02_UPDATE WITHOUT TOKEN")): Send request successfully

2022-06-30 17:35:27 - [MESSAGE][INFO] - HAR: C:\Users\Thinkpad X260\git\CapstoneAPI\Reports\20220630_173509\TS_STOCK\20220630_173509\requests\main\9.har

2022-06-30 17:35:27 - [MESSAGE][PASSED] - Send request successfully

2022-06-30 17:35:27 - [TEST_STEP][PASSED] - verifyResponseStatusCode(Response, Status_401): Verify response status code successfully

2022-06-30 17:35:27 - [MESSAGE][PASSED] - Verify response status code successfully]]></system-out>
         <system-err><![CDATA[]]></system-err>
      </testcase>
      <testcase name="Test Cases/API/STOCK/UPDATE STOCK/TCUST01_UPDATE STOCK" time="0.944" classname="Test Cases/API/STOCK/UPDATE STOCK/TCUST01_UPDATE STOCK" status="PASSED">
         <system-out><![CDATA[2022-06-30 17:35:27 - [TEST_CASE][PASSED] - Test Cases/API/STOCK/UPDATE STOCK/TCUST01_UPDATE STOCK: Test Cases/API/STOCK/UPDATE STOCK/TCUST01_UPDATE STOCK

2022-06-30 17:35:28 - [TEST_STEP][PASSED] - Response = sendRequest(findTestObject("API/STOCK/UPDATE STOCK/TCUS01_UPDATE VALID DATA")): Send request successfully

2022-06-30 17:35:28 - [MESSAGE][INFO] - HAR: C:\Users\Thinkpad X260\git\CapstoneAPI\Reports\20220630_173509\TS_STOCK\20220630_173509\requests\main\10.har

2022-06-30 17:35:28 - [MESSAGE][PASSED] - Send request successfully

2022-06-30 17:35:28 - [TEST_STEP][PASSED] - verifyResponseStatusCode(Response, Status_200): Verify response status code successfully

2022-06-30 17:35:28 - [MESSAGE][PASSED] - Verify response status code successfully

2022-06-30 17:35:28 - [TEST_STEP][PASSED] - verifyElementPropertyValue(Response, statuscreate, update_success): Verify element property value successfully

2022-06-30 17:35:28 - [MESSAGE][PASSED] - Verify element property value successfully]]></system-out>
         <system-err><![CDATA[]]></system-err>
      </testcase>
      <testcase name="Test Cases/API/STOCK/DELETE STOCK/TCDST01_DELETE VALID ID" time="0.92" classname="Test Cases/API/STOCK/DELETE STOCK/TCDST01_DELETE VALID ID" status="PASSED">
         <system-out><![CDATA[2022-06-30 17:35:28 - [TEST_CASE][PASSED] - Test Cases/API/STOCK/DELETE STOCK/TCDST01_DELETE VALID ID: Test Cases/API/STOCK/DELETE STOCK/TCDST01_DELETE VALID ID

2022-06-30 17:35:29 - [TEST_STEP][PASSED] - Response = sendRequest(findTestObject("API/STOCK/DELETE STOCK/TCDST01-02")): Send request successfully

2022-06-30 17:35:29 - [MESSAGE][INFO] - HAR: C:\Users\Thinkpad X260\git\CapstoneAPI\Reports\20220630_173509\TS_STOCK\20220630_173509\requests\main\11.har

2022-06-30 17:35:29 - [MESSAGE][PASSED] - Send request successfully

2022-06-30 17:35:29 - [TEST_STEP][PASSED] - verifyResponseStatusCode(Response, Status_200): Verify response status code successfully

2022-06-30 17:35:29 - [MESSAGE][PASSED] - Verify response status code successfully]]></system-out>
         <system-err><![CDATA[]]></system-err>
      </testcase>
      <testcase name="Test Cases/API/STOCK/DELETE STOCK/TCDST_DELETE WITHOUT ID" time="0.906" classname="Test Cases/API/STOCK/DELETE STOCK/TCDST_DELETE WITHOUT ID" status="PASSED">
         <system-out><![CDATA[2022-06-30 17:35:29 - [TEST_CASE][PASSED] - Test Cases/API/STOCK/DELETE STOCK/TCDST_DELETE WITHOUT ID: Test Cases/API/STOCK/DELETE STOCK/TCDST_DELETE WITHOUT ID

2022-06-30 17:35:30 - [TEST_STEP][PASSED] - Response = sendRequest(findTestObject("API/STOCK/DELETE STOCK/TCDST03_WITHOUT ID")): Send request successfully

2022-06-30 17:35:30 - [MESSAGE][INFO] - HAR: C:\Users\Thinkpad X260\git\CapstoneAPI\Reports\20220630_173509\TS_STOCK\20220630_173509\requests\main\12.har

2022-06-30 17:35:30 - [MESSAGE][PASSED] - Send request successfully

2022-06-30 17:35:30 - [TEST_STEP][PASSED] - verifyResponseStatusCode(Response, Status_400): Verify response status code successfully

2022-06-30 17:35:30 - [MESSAGE][PASSED] - Verify response status code successfully]]></system-out>
         <system-err><![CDATA[]]></system-err>
      </testcase>
      <system-out><![CDATA[2022-06-30 17:35:13 - [TEST_SUITE][PASSED] - TS_STOCK: Test Cases/API/STOCK/DELETE STOCK/TCDST_DELETE WITHOUT ID]]></system-out>
      <system-err><![CDATA[]]></system-err>
   </testsuite>
</testsuites>
