<?xml version="1.0" encoding="UTF-8"?>
<testsuites name="TS_CITIZEN" time="860.936" tests="11" failures="0" errors="0">
   <testsuite name="TS_CITIZEN" tests="11" failures="0" errors="0" time="860.936" skipped="0" timestamp="2022-07-19 18:44:11" hostname="Thinkpad X260 - DESKTOP-D9B57TC" id="Test Suites/TS_CITIZEN">
      <properties>
         <property name="deviceName" value=""/>
         <property name="devicePlatform" value=""/>
         <property name="logFolder" value="C:\\Users\\Thinkpad X260\\git\\CapstoneWEBSITE\\Reports\\20220719_184407\\TS_CITIZEN\\20220719_184407"/>
         <property name="logFiles" value="C:\\Users\\Thinkpad X260\\git\\CapstoneWEBSITE\\Reports\\20220719_184407\\TS_CITIZEN\\20220719_184407\\execution0.log"/>
         <property name="attachments" value=""/>
         <property name="hostName" value="Thinkpad X260 - DESKTOP-D9B57TC"/>
         <property name="os" value="Windows 10 64bit"/>
         <property name="katalonVersion" value="8.2.5.208"/>
         <property name="browser" value="Chrome 103.0.5060.114"/>
         <property name="hostAddress" value="192.168.100.66"/>
         <property name="sessionId" value="4e4409d447dbf95c2221857f7a801b3b"/>
         <property name="seleniumVersion" value="3.141.59"/>
         <property name="proxyInformation" value="ProxyInformation { proxyOption=NO_PROXY, proxyServerType=HTTP, username=, password=********, proxyServerAddress=, proxyServerPort=0, executionList=&quot;&quot;, isApplyToDesiredCapabilities=true }"/>
         <property name="platform" value="Windows 10"/>
      </properties>
      <testcase name="Test Cases/CITIZEN/AUTH/TC_Register" time="358.702" classname="Test Cases/CITIZEN/AUTH/TC_Register" status="PASSED">
         <system-out><![CDATA[2022-07-19 18:44:11 - [TEST_CASE][PASSED] - Test Cases/CITIZEN/AUTH/TC_Register: Test Cases/CITIZEN/AUTH/TC_Register

2022-07-19 18:44:12 - [TEST_STEP][PASSED] - for ([i = 1, i <= 6, (i++)]): Browser is closed

2022-07-19 18:44:12 - [TEST_STEP][PASSED] - openBrowser(""): Browser is opened with url: ''

2022-07-19 18:44:13 - [MESSAGE][INFO] - Starting 'Chrome' driver

2022-07-19 18:44:13 - [MESSAGE][INFO] - Action delay is set to 0 milliseconds

2022-07-19 18:44:16 - [MESSAGE][PASSED] - Browser is opened with url: ''

2022-07-19 18:44:16 - [TEST_STEP][PASSED] - maximizeWindow(): Current window maximized

2022-07-19 18:44:16 - [MESSAGE][PASSED] - Current window maximized

2022-07-19 18:44:16 - [TEST_STEP][PASSED] - navigateToUrl("https://dev-getvaccine-16.netlify.app/"): Navigate to 'https://dev-getvaccine-16.netlify.app/' successfully

2022-07-19 18:44:24 - [MESSAGE][PASSED] - Navigate to 'https://dev-getvaccine-16.netlify.app/' successfully

2022-07-19 18:44:24 - [TEST_STEP][PASSED] - click(findTestObject("CITIZEN/Page_Home  GetVaccine/a_Register")): Object: 'Object Repository/CITIZEN/Page_Home  GetVaccine/a_Register' is clicked on

2022-07-19 18:44:25 - [MESSAGE][PASSED] - Object: 'Object Repository/CITIZEN/Page_Home  GetVaccine/a_Register' is clicked on

2022-07-19 18:44:25 - [TEST_STEP][PASSED] - verifyElementVisible(findTestObject("CITIZEN/Page_Registrasi  GetVaccine/h2_Register")): Object 'Object Repository/CITIZEN/Page_Registrasi  GetVaccine/h2_Register' is visible

2022-07-19 18:44:25 - [MESSAGE][PASSED] - Object 'Object Repository/CITIZEN/Page_Registrasi  GetVaccine/h2_Register' is visible

2022-07-19 18:44:25 - [TEST_STEP][PASSED] - setText(findTestObject("CITIZEN/Page_Registrasi  GetVaccine/input_NIK_basic_nik"), findTestData("CITIZEN/Register").getValue(1, i)): Text '1234' is set on object 'Object Repository/CITIZEN/Page_Registrasi  GetVaccine/input_NIK_basic_nik'

2022-07-19 18:44:26 - [MESSAGE][PASSED] - Text '1234' is set on object 'Object Repository/CITIZEN/Page_Registrasi  GetVaccine/input_NIK_basic_nik'

2022-07-19 18:44:26 - [TEST_STEP][PASSED] - setText(findTestObject("CITIZEN/Page_Registrasi  GetVaccine/input_Nama Lengkap_basic_fullname"), findTestData("CITIZEN/Register").getValue(2, i)): Text 'Harnanada' is set on object 'Object Repository/CITIZEN/Page_Registrasi  GetVaccine/input_Nama Lengkap_basic_fullname'

2022-07-19 18:44:27 - [MESSAGE][PASSED] - Text 'Harnanada' is set on object 'Object Repository/CITIZEN/Page_Registrasi  GetVaccine/input_Nama Lengkap_basic_fullname'

2022-07-19 18:44:27 - [TEST_STEP][PASSED] - setText(findTestObject("CITIZEN/Page_Registrasi  GetVaccine/input_Email_basic_email"), findTestData("CITIZEN/Register").getValue(3, i)): Text 'harnanda@email.com' is set on object 'Object Repository/CITIZEN/Page_Registrasi  GetVaccine/input_Email_basic_email'

2022-07-19 18:44:28 - [MESSAGE][PASSED] - Text 'harnanda@email.com' is set on object 'Object Repository/CITIZEN/Page_Registrasi  GetVaccine/input_Email_basic_email'

2022-07-19 18:44:28 - [TEST_STEP][PASSED] - setText(findTestObject("CITIZEN/Page_Registrasi  GetVaccine/input_Password_basic_password"), findTestData("CITIZEN/Register").getValue(4, i)): Text 'Haha1234' is set on object 'Object Repository/CITIZEN/Page_Registrasi  GetVaccine/input_Password_basic_password'

2022-07-19 18:44:29 - [MESSAGE][PASSED] - Text 'Haha1234' is set on object 'Object Repository/CITIZEN/Page_Registrasi  GetVaccine/input_Password_basic_password'

2022-07-19 18:44:29 - [TEST_STEP][PASSED] - click(findTestObject("CITIZEN/Page_Login  GetVaccine/eye")): Object: 'Object Repository/CITIZEN/Page_Login  GetVaccine/eye' is clicked on

2022-07-19 18:44:30 - [MESSAGE][PASSED] - Object: 'Object Repository/CITIZEN/Page_Login  GetVaccine/eye' is clicked on

2022-07-19 18:44:30 - [TEST_STEP][PASSED] - setText(findTestObject("CITIZEN/Page_Registrasi  GetVaccine/input_Confirm Password_basic_confirmPassword"), findTestData("CITIZEN/Register").getValue(5, i)): Text 'Haha1234' is set on object 'Object Repository/CITIZEN/Page_Registrasi  GetVaccine/input_Confirm Password_basic_confirmPassword'

2022-07-19 18:44:31 - [MESSAGE][PASSED] - Text 'Haha1234' is set on object 'Object Repository/CITIZEN/Page_Registrasi  GetVaccine/input_Confirm Password_basic_confirmPassword'

2022-07-19 18:44:31 - [TEST_STEP][PASSED] - click(findTestObject("CITIZEN/Page_Login  GetVaccine/eye")): Object: 'Object Repository/CITIZEN/Page_Login  GetVaccine/eye' is clicked on

2022-07-19 18:44:31 - [MESSAGE][PASSED] - Object: 'Object Repository/CITIZEN/Page_Login  GetVaccine/eye' is clicked on

2022-07-19 18:44:31 - [TEST_STEP][PASSED] - click(findTestObject("CITIZEN/Page_Registrasi  GetVaccine/button_Register")): Object: 'Object Repository/CITIZEN/Page_Registrasi  GetVaccine/button_Register' is clicked on

2022-07-19 18:44:32 - [MESSAGE][PASSED] - Object: 'Object Repository/CITIZEN/Page_Registrasi  GetVaccine/button_Register' is clicked on

2022-07-19 18:44:32 - [TEST_STEP][PASSED] - if (i == 1): Object 'Object Repository/CITIZEN/Page_Registrasi  GetVaccine/div_Masukkan minimal 16 karakter' is visible

2022-07-19 18:44:32 - [TEST_STEP][PASSED] - verifyElementVisible(findTestObject("CITIZEN/Page_Registrasi  GetVaccine/div_Masukkan minimal 16 karakter"), CONTINUE_ON_FAILURE): Object 'Object Repository/CITIZEN/Page_Registrasi  GetVaccine/div_Masukkan minimal 16 karakter' is visible

2022-07-19 18:44:33 - [MESSAGE][PASSED] - Object 'Object Repository/CITIZEN/Page_Registrasi  GetVaccine/div_Masukkan minimal 16 karakter' is visible

2022-07-19 18:44:33 - [TEST_STEP][PASSED] - closeBrowser(): Browser is closed

2022-07-19 18:44:33 - [MESSAGE][PASSED] - Browser is closed

2022-07-19 18:44:33 - [TEST_STEP][PASSED] - openBrowser(""): Browser is opened with url: ''

2022-07-19 18:44:33 - [MESSAGE][INFO] - Starting 'Chrome' driver

2022-07-19 18:44:34 - [MESSAGE][INFO] - Action delay is set to 0 milliseconds

2022-07-19 18:44:35 - [MESSAGE][PASSED] - Browser is opened with url: ''

2022-07-19 18:44:35 - [TEST_STEP][PASSED] - maximizeWindow(): Current window maximized

2022-07-19 18:44:35 - [MESSAGE][PASSED] - Current window maximized

2022-07-19 18:44:35 - [TEST_STEP][PASSED] - navigateToUrl("https://dev-getvaccine-16.netlify.app/"): Navigate to 'https://dev-getvaccine-16.netlify.app/' successfully

2022-07-19 18:44:49 - [MESSAGE][PASSED] - Navigate to 'https://dev-getvaccine-16.netlify.app/' successfully

2022-07-19 18:44:49 - [TEST_STEP][PASSED] - click(findTestObject("CITIZEN/Page_Home  GetVaccine/a_Register")): Object: 'Object Repository/CITIZEN/Page_Home  GetVaccine/a_Register' is clicked on

2022-07-19 18:44:50 - [MESSAGE][PASSED] - Object: 'Object Repository/CITIZEN/Page_Home  GetVaccine/a_Register' is clicked on

2022-07-19 18:44:50 - [TEST_STEP][PASSED] - verifyElementVisible(findTestObject("CITIZEN/Page_Registrasi  GetVaccine/h2_Register")): Object 'Object Repository/CITIZEN/Page_Registrasi  GetVaccine/h2_Register' is visible

2022-07-19 18:44:50 - [MESSAGE][PASSED] - Object 'Object Repository/CITIZEN/Page_Registrasi  GetVaccine/h2_Register' is visible

2022-07-19 18:44:50 - [TEST_STEP][PASSED] - setText(findTestObject("CITIZEN/Page_Registrasi  GetVaccine/input_NIK_basic_nik"), findTestData("CITIZEN/Register").getValue(1, i)): Text '1234A' is set on object 'Object Repository/CITIZEN/Page_Registrasi  GetVaccine/input_NIK_basic_nik'

2022-07-19 18:44:51 - [MESSAGE][PASSED] - Text '1234A' is set on object 'Object Repository/CITIZEN/Page_Registrasi  GetVaccine/input_NIK_basic_nik'

2022-07-19 18:44:51 - [TEST_STEP][PASSED] - setText(findTestObject("CITIZEN/Page_Registrasi  GetVaccine/input_Nama Lengkap_basic_fullname"), findTestData("CITIZEN/Register").getValue(2, i)): Text 'Harnanda' is set on object 'Object Repository/CITIZEN/Page_Registrasi  GetVaccine/input_Nama Lengkap_basic_fullname'

2022-07-19 18:44:52 - [MESSAGE][PASSED] - Text 'Harnanda' is set on object 'Object Repository/CITIZEN/Page_Registrasi  GetVaccine/input_Nama Lengkap_basic_fullname'

2022-07-19 18:44:52 - [TEST_STEP][PASSED] - setText(findTestObject("CITIZEN/Page_Registrasi  GetVaccine/input_Email_basic_email"), findTestData("CITIZEN/Register").getValue(3, i)): Text 'harnanda@email.com' is set on object 'Object Repository/CITIZEN/Page_Registrasi  GetVaccine/input_Email_basic_email'

2022-07-19 18:44:53 - [MESSAGE][PASSED] - Text 'harnanda@email.com' is set on object 'Object Repository/CITIZEN/Page_Registrasi  GetVaccine/input_Email_basic_email'

2022-07-19 18:44:53 - [TEST_STEP][PASSED] - setText(findTestObject("CITIZEN/Page_Registrasi  GetVaccine/input_Password_basic_password"), findTestData("CITIZEN/Register").getValue(4, i)): Text 'Haha1234' is set on object 'Object Repository/CITIZEN/Page_Registrasi  GetVaccine/input_Password_basic_password'

2022-07-19 18:44:54 - [MESSAGE][PASSED] - Text 'Haha1234' is set on object 'Object Repository/CITIZEN/Page_Registrasi  GetVaccine/input_Password_basic_password'

2022-07-19 18:44:54 - [TEST_STEP][PASSED] - click(findTestObject("CITIZEN/Page_Login  GetVaccine/eye")): Object: 'Object Repository/CITIZEN/Page_Login  GetVaccine/eye' is clicked on

2022-07-19 18:44:55 - [MESSAGE][PASSED] - Object: 'Object Repository/CITIZEN/Page_Login  GetVaccine/eye' is clicked on

2022-07-19 18:44:55 - [TEST_STEP][PASSED] - setText(findTestObject("CITIZEN/Page_Registrasi  GetVaccine/input_Confirm Password_basic_confirmPassword"), findTestData("CITIZEN/Register").getValue(5, i)): Text 'Haha1234' is set on object 'Object Repository/CITIZEN/Page_Registrasi  GetVaccine/input_Confirm Password_basic_confirmPassword'

2022-07-19 18:44:56 - [MESSAGE][PASSED] - Text 'Haha1234' is set on object 'Object Repository/CITIZEN/Page_Registrasi  GetVaccine/input_Confirm Password_basic_confirmPassword'

2022-07-19 18:44:56 - [TEST_STEP][PASSED] - click(findTestObject("CITIZEN/Page_Login  GetVaccine/eye")): Object: 'Object Repository/CITIZEN/Page_Login  GetVaccine/eye' is clicked on

2022-07-19 18:44:56 - [MESSAGE][PASSED] - Object: 'Object Repository/CITIZEN/Page_Login  GetVaccine/eye' is clicked on

2022-07-19 18:44:56 - [TEST_STEP][PASSED] - click(findTestObject("CITIZEN/Page_Registrasi  GetVaccine/button_Register")): Object: 'Object Repository/CITIZEN/Page_Registrasi  GetVaccine/button_Register' is clicked on

2022-07-19 18:44:57 - [MESSAGE][PASSED] - Object: 'Object Repository/CITIZEN/Page_Registrasi  GetVaccine/button_Register' is clicked on

2022-07-19 18:44:57 - [TEST_STEP][PASSED] - if (i == 1): null

2022-07-19 18:44:57 - [TEST_STEP][PASSED] - else if (i == 2): Object 'Object Repository/CITIZEN/Page_Registrasi  GetVaccine/div_Inputan Harus Berupa Angka' is visible

2022-07-19 18:44:57 - [TEST_STEP][PASSED] - verifyElementVisible(findTestObject("CITIZEN/Page_Registrasi  GetVaccine/div_Inputan Harus Berupa Angka"), CONTINUE_ON_FAILURE): Object 'Object Repository/CITIZEN/Page_Registrasi  GetVaccine/div_Inputan Harus Berupa Angka' is visible

2022-07-19 18:44:57 - [MESSAGE][PASSED] - Object 'Object Repository/CITIZEN/Page_Registrasi  GetVaccine/div_Inputan Harus Berupa Angka' is visible

2022-07-19 18:44:57 - [TEST_STEP][PASSED] - closeBrowser(): Browser is closed

2022-07-19 18:44:58 - [MESSAGE][PASSED] - Browser is closed

2022-07-19 18:44:58 - [TEST_STEP][PASSED] - openBrowser(""): Browser is opened with url: ''

2022-07-19 18:44:58 - [MESSAGE][INFO] - Starting 'Chrome' driver

2022-07-19 18:44:58 - [MESSAGE][INFO] - Action delay is set to 0 milliseconds

2022-07-19 18:45:00 - [MESSAGE][PASSED] - Browser is opened with url: ''

2022-07-19 18:45:00 - [TEST_STEP][PASSED] - maximizeWindow(): Current window maximized

2022-07-19 18:45:00 - [MESSAGE][PASSED] - Current window maximized

2022-07-19 18:45:00 - [TEST_STEP][PASSED] - navigateToUrl("https://dev-getvaccine-16.netlify.app/"): Navigate to 'https://dev-getvaccine-16.netlify.app/' successfully

2022-07-19 18:46:12 - [MESSAGE][PASSED] - Navigate to 'https://dev-getvaccine-16.netlify.app/' successfully

2022-07-19 18:46:12 - [TEST_STEP][PASSED] - click(findTestObject("CITIZEN/Page_Home  GetVaccine/a_Register")): Object: 'Object Repository/CITIZEN/Page_Home  GetVaccine/a_Register' is clicked on

2022-07-19 18:46:13 - [MESSAGE][PASSED] - Object: 'Object Repository/CITIZEN/Page_Home  GetVaccine/a_Register' is clicked on

2022-07-19 18:46:13 - [TEST_STEP][PASSED] - verifyElementVisible(findTestObject("CITIZEN/Page_Registrasi  GetVaccine/h2_Register")): Object 'Object Repository/CITIZEN/Page_Registrasi  GetVaccine/h2_Register' is visible

2022-07-19 18:46:13 - [MESSAGE][PASSED] - Object 'Object Repository/CITIZEN/Page_Registrasi  GetVaccine/h2_Register' is visible

2022-07-19 18:46:13 - [TEST_STEP][PASSED] - setText(findTestObject("CITIZEN/Page_Registrasi  GetVaccine/input_NIK_basic_nik"), findTestData("CITIZEN/Register").getValue(1, i)): Text '1234567890123456' is set on object 'Object Repository/CITIZEN/Page_Registrasi  GetVaccine/input_NIK_basic_nik'

2022-07-19 18:46:14 - [MESSAGE][PASSED] - Text '1234567890123456' is set on object 'Object Repository/CITIZEN/Page_Registrasi  GetVaccine/input_NIK_basic_nik'

2022-07-19 18:46:14 - [TEST_STEP][PASSED] - setText(findTestObject("CITIZEN/Page_Registrasi  GetVaccine/input_Nama Lengkap_basic_fullname"), findTestData("CITIZEN/Register").getValue(2, i)): Text 'Harnanda1' is set on object 'Object Repository/CITIZEN/Page_Registrasi  GetVaccine/input_Nama Lengkap_basic_fullname'

2022-07-19 18:46:15 - [MESSAGE][PASSED] - Text 'Harnanda1' is set on object 'Object Repository/CITIZEN/Page_Registrasi  GetVaccine/input_Nama Lengkap_basic_fullname'

2022-07-19 18:46:15 - [TEST_STEP][PASSED] - setText(findTestObject("CITIZEN/Page_Registrasi  GetVaccine/input_Email_basic_email"), findTestData("CITIZEN/Register").getValue(3, i)): Text 'harnanda@email.com' is set on object 'Object Repository/CITIZEN/Page_Registrasi  GetVaccine/input_Email_basic_email'

2022-07-19 18:46:17 - [MESSAGE][PASSED] - Text 'harnanda@email.com' is set on object 'Object Repository/CITIZEN/Page_Registrasi  GetVaccine/input_Email_basic_email'

2022-07-19 18:46:17 - [TEST_STEP][PASSED] - setText(findTestObject("CITIZEN/Page_Registrasi  GetVaccine/input_Password_basic_password"), findTestData("CITIZEN/Register").getValue(4, i)): Text 'Haha1234' is set on object 'Object Repository/CITIZEN/Page_Registrasi  GetVaccine/input_Password_basic_password'

2022-07-19 18:46:18 - [MESSAGE][PASSED] - Text 'Haha1234' is set on object 'Object Repository/CITIZEN/Page_Registrasi  GetVaccine/input_Password_basic_password'

2022-07-19 18:46:18 - [TEST_STEP][PASSED] - click(findTestObject("CITIZEN/Page_Login  GetVaccine/eye")): Object: 'Object Repository/CITIZEN/Page_Login  GetVaccine/eye' is clicked on

2022-07-19 18:46:18 - [MESSAGE][PASSED] - Object: 'Object Repository/CITIZEN/Page_Login  GetVaccine/eye' is clicked on

2022-07-19 18:46:18 - [TEST_STEP][PASSED] - setText(findTestObject("CITIZEN/Page_Registrasi  GetVaccine/input_Confirm Password_basic_confirmPassword"), findTestData("CITIZEN/Register").getValue(5, i)): Text 'Haha1234' is set on object 'Object Repository/CITIZEN/Page_Registrasi  GetVaccine/input_Confirm Password_basic_confirmPassword'

2022-07-19 18:46:19 - [MESSAGE][PASSED] - Text 'Haha1234' is set on object 'Object Repository/CITIZEN/Page_Registrasi  GetVaccine/input_Confirm Password_basic_confirmPassword'

2022-07-19 18:46:19 - [TEST_STEP][PASSED] - click(findTestObject("CITIZEN/Page_Login  GetVaccine/eye")): Object: 'Object Repository/CITIZEN/Page_Login  GetVaccine/eye' is clicked on

2022-07-19 18:46:20 - [MESSAGE][PASSED] - Object: 'Object Repository/CITIZEN/Page_Login  GetVaccine/eye' is clicked on

2022-07-19 18:46:20 - [TEST_STEP][PASSED] - click(findTestObject("CITIZEN/Page_Registrasi  GetVaccine/button_Register")): Object: 'Object Repository/CITIZEN/Page_Registrasi  GetVaccine/button_Register' is clicked on

2022-07-19 18:46:20 - [MESSAGE][PASSED] - Object: 'Object Repository/CITIZEN/Page_Registrasi  GetVaccine/button_Register' is clicked on

2022-07-19 18:46:20 - [TEST_STEP][PASSED] - if (i == 1): null

2022-07-19 18:46:20 - [TEST_STEP][PASSED] - else if (i == 2): null

2022-07-19 18:46:20 - [TEST_STEP][PASSED] - else if (i == 3): Object 'Object Repository/CITIZEN/Page_Registrasi  GetVaccine/div_Karakter yang diizinkan spasi, huruf ka_922eed' is visible

2022-07-19 18:46:20 - [TEST_STEP][PASSED] - verifyElementVisible(findTestObject("CITIZEN/Page_Registrasi  GetVaccine/div_Karakter yang diizinkan spasi, huruf ka_922eed"), CONTINUE_ON_FAILURE): Object 'Object Repository/CITIZEN/Page_Registrasi  GetVaccine/div_Karakter yang diizinkan spasi, huruf ka_922eed' is visible

2022-07-19 18:46:21 - [MESSAGE][PASSED] - Object 'Object Repository/CITIZEN/Page_Registrasi  GetVaccine/div_Karakter yang diizinkan spasi, huruf ka_922eed' is visible

2022-07-19 18:46:21 - [TEST_STEP][PASSED] - closeBrowser(): Browser is closed

2022-07-19 18:46:22 - [MESSAGE][PASSED] - Browser is closed

2022-07-19 18:46:22 - [TEST_STEP][PASSED] - openBrowser(""): Browser is opened with url: ''

2022-07-19 18:46:22 - [MESSAGE][INFO] - Starting 'Chrome' driver

2022-07-19 18:46:22 - [MESSAGE][INFO] - Action delay is set to 0 milliseconds

2022-07-19 18:46:23 - [MESSAGE][PASSED] - Browser is opened with url: ''

2022-07-19 18:46:23 - [TEST_STEP][PASSED] - maximizeWindow(): Current window maximized

2022-07-19 18:46:24 - [MESSAGE][PASSED] - Current window maximized

2022-07-19 18:46:24 - [TEST_STEP][PASSED] - navigateToUrl("https://dev-getvaccine-16.netlify.app/"): Navigate to 'https://dev-getvaccine-16.netlify.app/' successfully

2022-07-19 18:46:35 - [MESSAGE][PASSED] - Navigate to 'https://dev-getvaccine-16.netlify.app/' successfully

2022-07-19 18:46:35 - [TEST_STEP][PASSED] - click(findTestObject("CITIZEN/Page_Home  GetVaccine/a_Register")): Object: 'Object Repository/CITIZEN/Page_Home  GetVaccine/a_Register' is clicked on

2022-07-19 18:46:35 - [MESSAGE][PASSED] - Object: 'Object Repository/CITIZEN/Page_Home  GetVaccine/a_Register' is clicked on

2022-07-19 18:46:35 - [TEST_STEP][PASSED] - verifyElementVisible(findTestObject("CITIZEN/Page_Registrasi  GetVaccine/h2_Register")): Object 'Object Repository/CITIZEN/Page_Registrasi  GetVaccine/h2_Register' is visible

2022-07-19 18:46:36 - [MESSAGE][PASSED] - Object 'Object Repository/CITIZEN/Page_Registrasi  GetVaccine/h2_Register' is visible

2022-07-19 18:46:36 - [TEST_STEP][PASSED] - setText(findTestObject("CITIZEN/Page_Registrasi  GetVaccine/input_NIK_basic_nik"), findTestData("CITIZEN/Register").getValue(1, i)): Text '1234567890123456' is set on object 'Object Repository/CITIZEN/Page_Registrasi  GetVaccine/input_NIK_basic_nik'

2022-07-19 18:46:37 - [MESSAGE][PASSED] - Text '1234567890123456' is set on object 'Object Repository/CITIZEN/Page_Registrasi  GetVaccine/input_NIK_basic_nik'

2022-07-19 18:46:37 - [TEST_STEP][PASSED] - setText(findTestObject("CITIZEN/Page_Registrasi  GetVaccine/input_Nama Lengkap_basic_fullname"), findTestData("CITIZEN/Register").getValue(2, i)): Text 'Harnanda' is set on object 'Object Repository/CITIZEN/Page_Registrasi  GetVaccine/input_Nama Lengkap_basic_fullname'

2022-07-19 18:46:38 - [MESSAGE][PASSED] - Text 'Harnanda' is set on object 'Object Repository/CITIZEN/Page_Registrasi  GetVaccine/input_Nama Lengkap_basic_fullname'

2022-07-19 18:46:38 - [TEST_STEP][PASSED] - setText(findTestObject("CITIZEN/Page_Registrasi  GetVaccine/input_Email_basic_email"), findTestData("CITIZEN/Register").getValue(3, i)): Text 'harnanda' is set on object 'Object Repository/CITIZEN/Page_Registrasi  GetVaccine/input_Email_basic_email'

2022-07-19 18:46:39 - [MESSAGE][PASSED] - Text 'harnanda' is set on object 'Object Repository/CITIZEN/Page_Registrasi  GetVaccine/input_Email_basic_email'

2022-07-19 18:46:39 - [TEST_STEP][PASSED] - setText(findTestObject("CITIZEN/Page_Registrasi  GetVaccine/input_Password_basic_password"), findTestData("CITIZEN/Register").getValue(4, i)): Text 'Haha1234' is set on object 'Object Repository/CITIZEN/Page_Registrasi  GetVaccine/input_Password_basic_password'

2022-07-19 18:46:40 - [MESSAGE][PASSED] - Text 'Haha1234' is set on object 'Object Repository/CITIZEN/Page_Registrasi  GetVaccine/input_Password_basic_password'

2022-07-19 18:46:40 - [TEST_STEP][PASSED] - click(findTestObject("CITIZEN/Page_Login  GetVaccine/eye")): Object: 'Object Repository/CITIZEN/Page_Login  GetVaccine/eye' is clicked on

2022-07-19 18:46:40 - [MESSAGE][PASSED] - Object: 'Object Repository/CITIZEN/Page_Login  GetVaccine/eye' is clicked on

2022-07-19 18:46:40 - [TEST_STEP][PASSED] - setText(findTestObject("CITIZEN/Page_Registrasi  GetVaccine/input_Confirm Password_basic_confirmPassword"), findTestData("CITIZEN/Register").getValue(5, i)): Text 'Haha1234' is set on object 'Object Repository/CITIZEN/Page_Registrasi  GetVaccine/input_Confirm Password_basic_confirmPassword'

2022-07-19 18:46:41 - [MESSAGE][PASSED] - Text 'Haha1234' is set on object 'Object Repository/CITIZEN/Page_Registrasi  GetVaccine/input_Confirm Password_basic_confirmPassword'

2022-07-19 18:46:41 - [TEST_STEP][PASSED] - click(findTestObject("CITIZEN/Page_Login  GetVaccine/eye")): Object: 'Object Repository/CITIZEN/Page_Login  GetVaccine/eye' is clicked on

2022-07-19 18:46:41 - [MESSAGE][PASSED] - Object: 'Object Repository/CITIZEN/Page_Login  GetVaccine/eye' is clicked on

2022-07-19 18:46:41 - [TEST_STEP][PASSED] - click(findTestObject("CITIZEN/Page_Registrasi  GetVaccine/button_Register")): Object: 'Object Repository/CITIZEN/Page_Registrasi  GetVaccine/button_Register' is clicked on

2022-07-19 18:46:42 - [MESSAGE][PASSED] - Object: 'Object Repository/CITIZEN/Page_Registrasi  GetVaccine/button_Register' is clicked on

2022-07-19 18:46:42 - [TEST_STEP][PASSED] - if (i == 1): null

2022-07-19 18:46:42 - [TEST_STEP][PASSED] - else if (i == 2): null

2022-07-19 18:46:42 - [TEST_STEP][PASSED] - else if (i == 3): null

2022-07-19 18:46:42 - [TEST_STEP][PASSED] - else if (i == 4): Object 'Object Repository/CITIZEN/Page_Registrasi  GetVaccine/div_Format Email tidak valid' is visible

2022-07-19 18:46:42 - [TEST_STEP][PASSED] - verifyElementVisible(findTestObject("CITIZEN/Page_Registrasi  GetVaccine/div_Format Email tidak valid"), CONTINUE_ON_FAILURE): Object 'Object Repository/CITIZEN/Page_Registrasi  GetVaccine/div_Format Email tidak valid' is visible

2022-07-19 18:46:43 - [MESSAGE][PASSED] - Object 'Object Repository/CITIZEN/Page_Registrasi  GetVaccine/div_Format Email tidak valid' is visible

2022-07-19 18:46:43 - [TEST_STEP][PASSED] - closeBrowser(): Browser is closed

2022-07-19 18:46:44 - [MESSAGE][PASSED] - Browser is closed

2022-07-19 18:46:44 - [TEST_STEP][PASSED] - openBrowser(""): Browser is opened with url: ''

2022-07-19 18:46:44 - [MESSAGE][INFO] - Starting 'Chrome' driver

2022-07-19 18:46:44 - [MESSAGE][INFO] - Action delay is set to 0 milliseconds

2022-07-19 18:46:45 - [MESSAGE][PASSED] - Browser is opened with url: ''

2022-07-19 18:46:45 - [TEST_STEP][PASSED] - maximizeWindow(): Current window maximized

2022-07-19 18:46:45 - [MESSAGE][PASSED] - Current window maximized

2022-07-19 18:46:45 - [TEST_STEP][PASSED] - navigateToUrl("https://dev-getvaccine-16.netlify.app/"): Navigate to 'https://dev-getvaccine-16.netlify.app/' successfully

2022-07-19 18:46:52 - [MESSAGE][PASSED] - Navigate to 'https://dev-getvaccine-16.netlify.app/' successfully

2022-07-19 18:46:52 - [TEST_STEP][PASSED] - click(findTestObject("CITIZEN/Page_Home  GetVaccine/a_Register")): Object: 'Object Repository/CITIZEN/Page_Home  GetVaccine/a_Register' is clicked on

2022-07-19 18:46:52 - [MESSAGE][PASSED] - Object: 'Object Repository/CITIZEN/Page_Home  GetVaccine/a_Register' is clicked on

2022-07-19 18:46:52 - [TEST_STEP][PASSED] - verifyElementVisible(findTestObject("CITIZEN/Page_Registrasi  GetVaccine/h2_Register")): Object 'Object Repository/CITIZEN/Page_Registrasi  GetVaccine/h2_Register' is visible

2022-07-19 18:46:53 - [MESSAGE][PASSED] - Object 'Object Repository/CITIZEN/Page_Registrasi  GetVaccine/h2_Register' is visible

2022-07-19 18:46:53 - [TEST_STEP][PASSED] - setText(findTestObject("CITIZEN/Page_Registrasi  GetVaccine/input_NIK_basic_nik"), findTestData("CITIZEN/Register").getValue(1, i)): Text '1234567890123456' is set on object 'Object Repository/CITIZEN/Page_Registrasi  GetVaccine/input_NIK_basic_nik'

2022-07-19 18:46:54 - [MESSAGE][PASSED] - Text '1234567890123456' is set on object 'Object Repository/CITIZEN/Page_Registrasi  GetVaccine/input_NIK_basic_nik'

2022-07-19 18:46:54 - [TEST_STEP][PASSED] - setText(findTestObject("CITIZEN/Page_Registrasi  GetVaccine/input_Nama Lengkap_basic_fullname"), findTestData("CITIZEN/Register").getValue(2, i)): Text 'Harnanda' is set on object 'Object Repository/CITIZEN/Page_Registrasi  GetVaccine/input_Nama Lengkap_basic_fullname'

2022-07-19 18:46:55 - [MESSAGE][PASSED] - Text 'Harnanda' is set on object 'Object Repository/CITIZEN/Page_Registrasi  GetVaccine/input_Nama Lengkap_basic_fullname'

2022-07-19 18:46:55 - [TEST_STEP][PASSED] - setText(findTestObject("CITIZEN/Page_Registrasi  GetVaccine/input_Email_basic_email"), findTestData("CITIZEN/Register").getValue(3, i)): Text 'harnanda@email.com' is set on object 'Object Repository/CITIZEN/Page_Registrasi  GetVaccine/input_Email_basic_email'

2022-07-19 18:46:56 - [MESSAGE][PASSED] - Text 'harnanda@email.com' is set on object 'Object Repository/CITIZEN/Page_Registrasi  GetVaccine/input_Email_basic_email'

2022-07-19 18:46:56 - [TEST_STEP][PASSED] - setText(findTestObject("CITIZEN/Page_Registrasi  GetVaccine/input_Password_basic_password"), findTestData("CITIZEN/Register").getValue(4, i)): Text 'haha123' is set on object 'Object Repository/CITIZEN/Page_Registrasi  GetVaccine/input_Password_basic_password'

2022-07-19 18:46:57 - [MESSAGE][PASSED] - Text 'haha123' is set on object 'Object Repository/CITIZEN/Page_Registrasi  GetVaccine/input_Password_basic_password'

2022-07-19 18:46:57 - [TEST_STEP][PASSED] - click(findTestObject("CITIZEN/Page_Login  GetVaccine/eye")): Object: 'Object Repository/CITIZEN/Page_Login  GetVaccine/eye' is clicked on

2022-07-19 18:46:57 - [MESSAGE][PASSED] - Object: 'Object Repository/CITIZEN/Page_Login  GetVaccine/eye' is clicked on

2022-07-19 18:46:57 - [TEST_STEP][PASSED] - setText(findTestObject("CITIZEN/Page_Registrasi  GetVaccine/input_Confirm Password_basic_confirmPassword"), findTestData("CITIZEN/Register").getValue(5, i)): Text 'Haha1234' is set on object 'Object Repository/CITIZEN/Page_Registrasi  GetVaccine/input_Confirm Password_basic_confirmPassword'

2022-07-19 18:46:58 - [MESSAGE][PASSED] - Text 'Haha1234' is set on object 'Object Repository/CITIZEN/Page_Registrasi  GetVaccine/input_Confirm Password_basic_confirmPassword'

2022-07-19 18:46:58 - [TEST_STEP][PASSED] - click(findTestObject("CITIZEN/Page_Login  GetVaccine/eye")): Object: 'Object Repository/CITIZEN/Page_Login  GetVaccine/eye' is clicked on

2022-07-19 18:46:59 - [MESSAGE][PASSED] - Object: 'Object Repository/CITIZEN/Page_Login  GetVaccine/eye' is clicked on

2022-07-19 18:46:59 - [TEST_STEP][PASSED] - click(findTestObject("CITIZEN/Page_Registrasi  GetVaccine/button_Register")): Object: 'Object Repository/CITIZEN/Page_Registrasi  GetVaccine/button_Register' is clicked on

2022-07-19 18:46:59 - [MESSAGE][PASSED] - Object: 'Object Repository/CITIZEN/Page_Registrasi  GetVaccine/button_Register' is clicked on

2022-07-19 18:46:59 - [TEST_STEP][PASSED] - if (i == 1): null

2022-07-19 18:46:59 - [TEST_STEP][PASSED] - else if (i == 2): null

2022-07-19 18:46:59 - [TEST_STEP][PASSED] - else if (i == 3): null

2022-07-19 18:46:59 - [TEST_STEP][PASSED] - else if (i == 4): null

2022-07-19 18:46:59 - [TEST_STEP][PASSED] - else if (i == 5): Object 'Object Repository/CITIZEN/Page_Registrasi  GetVaccine/div_Password yang dimasukkan tidak sama den_ea25f1' is visible

2022-07-19 18:46:59 - [TEST_STEP][PASSED] - verifyElementVisible(findTestObject("CITIZEN/Page_Registrasi  GetVaccine/div_Password harus berupa kombinasi huruf b_9d7790"), CONTINUE_ON_FAILURE): Object 'Object Repository/CITIZEN/Page_Registrasi  GetVaccine/div_Password harus berupa kombinasi huruf b_9d7790' is visible

2022-07-19 18:47:00 - [MESSAGE][PASSED] - Object 'Object Repository/CITIZEN/Page_Registrasi  GetVaccine/div_Password harus berupa kombinasi huruf b_9d7790' is visible

2022-07-19 18:47:00 - [TEST_STEP][PASSED] - verifyElementVisible(findTestObject("CITIZEN/Page_Registrasi  GetVaccine/div_Password minimal 8 karakter"), CONTINUE_ON_FAILURE): Object 'Object Repository/CITIZEN/Page_Registrasi  GetVaccine/div_Password minimal 8 karakter' is visible

2022-07-19 18:47:00 - [MESSAGE][PASSED] - Object 'Object Repository/CITIZEN/Page_Registrasi  GetVaccine/div_Password minimal 8 karakter' is visible

2022-07-19 18:47:00 - [TEST_STEP][PASSED] - verifyElementVisible(findTestObject("CITIZEN/Page_Registrasi  GetVaccine/div_Password yang dimasukkan tidak sama den_ea25f1"), CONTINUE_ON_FAILURE): Object 'Object Repository/CITIZEN/Page_Registrasi  GetVaccine/div_Password yang dimasukkan tidak sama den_ea25f1' is visible

2022-07-19 18:47:01 - [MESSAGE][PASSED] - Object 'Object Repository/CITIZEN/Page_Registrasi  GetVaccine/div_Password yang dimasukkan tidak sama den_ea25f1' is visible

2022-07-19 18:47:01 - [TEST_STEP][PASSED] - closeBrowser(): Browser is closed

2022-07-19 18:47:02 - [MESSAGE][PASSED] - Browser is closed

2022-07-19 18:47:02 - [TEST_STEP][PASSED] - openBrowser(""): Browser is opened with url: ''

2022-07-19 18:47:02 - [MESSAGE][INFO] - Starting 'Chrome' driver

2022-07-19 18:47:02 - [MESSAGE][INFO] - Action delay is set to 0 milliseconds

2022-07-19 18:47:03 - [MESSAGE][PASSED] - Browser is opened with url: ''

2022-07-19 18:47:03 - [TEST_STEP][PASSED] - maximizeWindow(): Current window maximized

2022-07-19 18:47:03 - [MESSAGE][PASSED] - Current window maximized

2022-07-19 18:47:03 - [TEST_STEP][PASSED] - navigateToUrl("https://dev-getvaccine-16.netlify.app/"): Navigate to 'https://dev-getvaccine-16.netlify.app/' successfully

2022-07-19 18:48:56 - [MESSAGE][PASSED] - Navigate to 'https://dev-getvaccine-16.netlify.app/' successfully

2022-07-19 18:48:56 - [TEST_STEP][PASSED] - click(findTestObject("CITIZEN/Page_Home  GetVaccine/a_Register")): Object: 'Object Repository/CITIZEN/Page_Home  GetVaccine/a_Register' is clicked on

2022-07-19 18:48:57 - [MESSAGE][PASSED] - Object: 'Object Repository/CITIZEN/Page_Home  GetVaccine/a_Register' is clicked on

2022-07-19 18:48:57 - [TEST_STEP][PASSED] - verifyElementVisible(findTestObject("CITIZEN/Page_Registrasi  GetVaccine/h2_Register")): Object 'Object Repository/CITIZEN/Page_Registrasi  GetVaccine/h2_Register' is visible

2022-07-19 18:48:57 - [MESSAGE][PASSED] - Object 'Object Repository/CITIZEN/Page_Registrasi  GetVaccine/h2_Register' is visible

2022-07-19 18:48:57 - [TEST_STEP][PASSED] - setText(findTestObject("CITIZEN/Page_Registrasi  GetVaccine/input_NIK_basic_nik"), findTestData("CITIZEN/Register").getValue(1, i)): Text '' is set on object 'Object Repository/CITIZEN/Page_Registrasi  GetVaccine/input_NIK_basic_nik'

2022-07-19 18:48:58 - [MESSAGE][PASSED] - Text '' is set on object 'Object Repository/CITIZEN/Page_Registrasi  GetVaccine/input_NIK_basic_nik'

2022-07-19 18:48:58 - [TEST_STEP][PASSED] - setText(findTestObject("CITIZEN/Page_Registrasi  GetVaccine/input_Nama Lengkap_basic_fullname"), findTestData("CITIZEN/Register").getValue(2, i)): Text 'Harnanda' is set on object 'Object Repository/CITIZEN/Page_Registrasi  GetVaccine/input_Nama Lengkap_basic_fullname'

2022-07-19 18:48:59 - [MESSAGE][PASSED] - Text 'Harnanda' is set on object 'Object Repository/CITIZEN/Page_Registrasi  GetVaccine/input_Nama Lengkap_basic_fullname'

2022-07-19 18:48:59 - [TEST_STEP][PASSED] - setText(findTestObject("CITIZEN/Page_Registrasi  GetVaccine/input_Email_basic_email"), findTestData("CITIZEN/Register").getValue(3, i)): Text 'harnanda@email.com' is set on object 'Object Repository/CITIZEN/Page_Registrasi  GetVaccine/input_Email_basic_email'

2022-07-19 18:49:00 - [MESSAGE][PASSED] - Text 'harnanda@email.com' is set on object 'Object Repository/CITIZEN/Page_Registrasi  GetVaccine/input_Email_basic_email'

2022-07-19 18:49:00 - [TEST_STEP][PASSED] - setText(findTestObject("CITIZEN/Page_Registrasi  GetVaccine/input_Password_basic_password"), findTestData("CITIZEN/Register").getValue(4, i)): Text 'Haha1234' is set on object 'Object Repository/CITIZEN/Page_Registrasi  GetVaccine/input_Password_basic_password'

2022-07-19 18:49:01 - [MESSAGE][PASSED] - Text 'Haha1234' is set on object 'Object Repository/CITIZEN/Page_Registrasi  GetVaccine/input_Password_basic_password'

2022-07-19 18:49:01 - [TEST_STEP][PASSED] - click(findTestObject("CITIZEN/Page_Login  GetVaccine/eye")): Object: 'Object Repository/CITIZEN/Page_Login  GetVaccine/eye' is clicked on

2022-07-19 18:49:02 - [MESSAGE][PASSED] - Object: 'Object Repository/CITIZEN/Page_Login  GetVaccine/eye' is clicked on

2022-07-19 18:49:02 - [TEST_STEP][PASSED] - setText(findTestObject("CITIZEN/Page_Registrasi  GetVaccine/input_Confirm Password_basic_confirmPassword"), findTestData("CITIZEN/Register").getValue(5, i)): Text 'Haha1234' is set on object 'Object Repository/CITIZEN/Page_Registrasi  GetVaccine/input_Confirm Password_basic_confirmPassword'

2022-07-19 18:49:03 - [MESSAGE][PASSED] - Text 'Haha1234' is set on object 'Object Repository/CITIZEN/Page_Registrasi  GetVaccine/input_Confirm Password_basic_confirmPassword'

2022-07-19 18:49:03 - [TEST_STEP][PASSED] - click(findTestObject("CITIZEN/Page_Login  GetVaccine/eye")): Object: 'Object Repository/CITIZEN/Page_Login  GetVaccine/eye' is clicked on

2022-07-19 18:49:03 - [MESSAGE][PASSED] - Object: 'Object Repository/CITIZEN/Page_Login  GetVaccine/eye' is clicked on

2022-07-19 18:49:03 - [TEST_STEP][PASSED] - click(findTestObject("CITIZEN/Page_Registrasi  GetVaccine/button_Register")): Object: 'Object Repository/CITIZEN/Page_Registrasi  GetVaccine/button_Register' is clicked on

2022-07-19 18:49:04 - [MESSAGE][PASSED] - Object: 'Object Repository/CITIZEN/Page_Registrasi  GetVaccine/button_Register' is clicked on

2022-07-19 18:49:04 - [TEST_STEP][PASSED] - if (i == 1): null

2022-07-19 18:49:04 - [TEST_STEP][PASSED] - else if (i == 2): null

2022-07-19 18:49:04 - [TEST_STEP][PASSED] - else if (i == 3): null

2022-07-19 18:49:04 - [TEST_STEP][PASSED] - else if (i == 4): null

2022-07-19 18:49:04 - [TEST_STEP][PASSED] - else if (i == 5): null

2022-07-19 18:49:04 - [TEST_STEP][PASSED] - else: Object 'Object Repository/CITIZEN/Page_Registrasi  GetVaccine/div_NIK Tidak Boleh Kosong' is visible

2022-07-19 18:49:04 - [TEST_STEP][PASSED] - verifyElementVisible(findTestObject("CITIZEN/Page_Registrasi  GetVaccine/div_NIK Tidak Boleh Kosong"), CONTINUE_ON_FAILURE): Object 'Object Repository/CITIZEN/Page_Registrasi  GetVaccine/div_NIK Tidak Boleh Kosong' is visible

2022-07-19 18:49:04 - [MESSAGE][PASSED] - Object 'Object Repository/CITIZEN/Page_Registrasi  GetVaccine/div_NIK Tidak Boleh Kosong' is visible

2022-07-19 18:49:04 - [TEST_STEP][PASSED] - closeBrowser(): Browser is closed

2022-07-19 18:49:05 - [MESSAGE][PASSED] - Browser is closed

2022-07-19 18:49:05 - [TEST_STEP][PASSED] - for ([i = 7, i <= 9, (i++)]): Browser is closed

2022-07-19 18:49:05 - [TEST_STEP][PASSED] - openBrowser(""): Browser is opened with url: ''

2022-07-19 18:49:05 - [MESSAGE][INFO] - Starting 'Chrome' driver

2022-07-19 18:49:05 - [MESSAGE][INFO] - Action delay is set to 0 milliseconds

2022-07-19 18:49:07 - [MESSAGE][PASSED] - Browser is opened with url: ''

2022-07-19 18:49:07 - [TEST_STEP][PASSED] - maximizeWindow(): Current window maximized

2022-07-19 18:49:07 - [MESSAGE][PASSED] - Current window maximized

2022-07-19 18:49:07 - [TEST_STEP][PASSED] - navigateToUrl("https://dev-getvaccine-16.netlify.app/"): Navigate to 'https://dev-getvaccine-16.netlify.app/' successfully

2022-07-19 18:49:16 - [MESSAGE][PASSED] - Navigate to 'https://dev-getvaccine-16.netlify.app/' successfully

2022-07-19 18:49:16 - [TEST_STEP][PASSED] - click(findTestObject("CITIZEN/Page_Home  GetVaccine/a_Register")): Object: 'Object Repository/CITIZEN/Page_Home  GetVaccine/a_Register' is clicked on

2022-07-19 18:49:17 - [MESSAGE][PASSED] - Object: 'Object Repository/CITIZEN/Page_Home  GetVaccine/a_Register' is clicked on

2022-07-19 18:49:17 - [TEST_STEP][PASSED] - verifyElementVisible(findTestObject("CITIZEN/Page_Registrasi  GetVaccine/h2_Register")): Object 'Object Repository/CITIZEN/Page_Registrasi  GetVaccine/h2_Register' is visible

2022-07-19 18:49:17 - [MESSAGE][PASSED] - Object 'Object Repository/CITIZEN/Page_Registrasi  GetVaccine/h2_Register' is visible

2022-07-19 18:49:17 - [TEST_STEP][PASSED] - setText(findTestObject("CITIZEN/Page_Registrasi  GetVaccine/input_NIK_basic_nik"), findTestData("CITIZEN/Register").getValue(1, i)): Text '' is set on object 'Object Repository/CITIZEN/Page_Registrasi  GetVaccine/input_NIK_basic_nik'

2022-07-19 18:49:18 - [MESSAGE][PASSED] - Text '' is set on object 'Object Repository/CITIZEN/Page_Registrasi  GetVaccine/input_NIK_basic_nik'

2022-07-19 18:49:18 - [TEST_STEP][PASSED] - setText(findTestObject("CITIZEN/Page_Registrasi  GetVaccine/input_Nama Lengkap_basic_fullname"), findTestData("CITIZEN/Register").getValue(2, i)): Text '' is set on object 'Object Repository/CITIZEN/Page_Registrasi  GetVaccine/input_Nama Lengkap_basic_fullname'

2022-07-19 18:49:19 - [MESSAGE][PASSED] - Text '' is set on object 'Object Repository/CITIZEN/Page_Registrasi  GetVaccine/input_Nama Lengkap_basic_fullname'

2022-07-19 18:49:19 - [TEST_STEP][PASSED] - setText(findTestObject("CITIZEN/Page_Registrasi  GetVaccine/input_Email_basic_email"), findTestData("CITIZEN/Register").getValue(3, i)): Text '' is set on object 'Object Repository/CITIZEN/Page_Registrasi  GetVaccine/input_Email_basic_email'

2022-07-19 18:49:20 - [MESSAGE][PASSED] - Text '' is set on object 'Object Repository/CITIZEN/Page_Registrasi  GetVaccine/input_Email_basic_email'

2022-07-19 18:49:20 - [TEST_STEP][PASSED] - setText(findTestObject("CITIZEN/Page_Registrasi  GetVaccine/input_Password_basic_password"), findTestData("CITIZEN/Register").getValue(4, i)): Text '' is set on object 'Object Repository/CITIZEN/Page_Registrasi  GetVaccine/input_Password_basic_password'

2022-07-19 18:49:20 - [MESSAGE][PASSED] - Text '' is set on object 'Object Repository/CITIZEN/Page_Registrasi  GetVaccine/input_Password_basic_password'

2022-07-19 18:49:20 - [TEST_STEP][PASSED] - setText(findTestObject("CITIZEN/Page_Registrasi  GetVaccine/input_Confirm Password_basic_confirmPassword"), findTestData("CITIZEN/Register").getValue(5, i)): Text '' is set on object 'Object Repository/CITIZEN/Page_Registrasi  GetVaccine/input_Confirm Password_basic_confirmPassword'

2022-07-19 18:49:21 - [MESSAGE][PASSED] - Text '' is set on object 'Object Repository/CITIZEN/Page_Registrasi  GetVaccine/input_Confirm Password_basic_confirmPassword'

2022-07-19 18:49:21 - [TEST_STEP][PASSED] - click(findTestObject("CITIZEN/Page_Registrasi  GetVaccine/button_Register")): Object: 'Object Repository/CITIZEN/Page_Registrasi  GetVaccine/button_Register' is clicked on

2022-07-19 18:49:22 - [MESSAGE][PASSED] - Object: 'Object Repository/CITIZEN/Page_Registrasi  GetVaccine/button_Register' is clicked on

2022-07-19 18:49:22 - [TEST_STEP][PASSED] - if (i == 7): Object 'Object Repository/CITIZEN/Page_Registrasi  GetVaccine/alert blank field' is visible

2022-07-19 18:49:22 - [TEST_STEP][PASSED] - verifyElementVisible(findTestObject("CITIZEN/Page_Registrasi  GetVaccine/alert blank field"), CONTINUE_ON_FAILURE): Object 'Object Repository/CITIZEN/Page_Registrasi  GetVaccine/alert blank field' is visible

2022-07-19 18:49:22 - [MESSAGE][PASSED] - Object 'Object Repository/CITIZEN/Page_Registrasi  GetVaccine/alert blank field' is visible

2022-07-19 18:49:22 - [TEST_STEP][PASSED] - closeBrowser(): Browser is closed

2022-07-19 18:49:23 - [MESSAGE][PASSED] - Browser is closed

2022-07-19 18:49:23 - [TEST_STEP][PASSED] - openBrowser(""): Browser is opened with url: ''

2022-07-19 18:49:23 - [MESSAGE][INFO] - Starting 'Chrome' driver

2022-07-19 18:49:23 - [MESSAGE][INFO] - Action delay is set to 0 milliseconds

2022-07-19 18:49:25 - [MESSAGE][PASSED] - Browser is opened with url: ''

2022-07-19 18:49:25 - [TEST_STEP][PASSED] - maximizeWindow(): Current window maximized

2022-07-19 18:49:25 - [MESSAGE][PASSED] - Current window maximized

2022-07-19 18:49:25 - [TEST_STEP][PASSED] - navigateToUrl("https://dev-getvaccine-16.netlify.app/"): Navigate to 'https://dev-getvaccine-16.netlify.app/' successfully

2022-07-19 18:49:26 - [MESSAGE][PASSED] - Navigate to 'https://dev-getvaccine-16.netlify.app/' successfully

2022-07-19 18:49:26 - [TEST_STEP][PASSED] - click(findTestObject("CITIZEN/Page_Home  GetVaccine/a_Register")): Object: 'Object Repository/CITIZEN/Page_Home  GetVaccine/a_Register' is clicked on

2022-07-19 18:49:27 - [MESSAGE][PASSED] - Object: 'Object Repository/CITIZEN/Page_Home  GetVaccine/a_Register' is clicked on

2022-07-19 18:49:27 - [TEST_STEP][PASSED] - verifyElementVisible(findTestObject("CITIZEN/Page_Registrasi  GetVaccine/h2_Register")): Object 'Object Repository/CITIZEN/Page_Registrasi  GetVaccine/h2_Register' is visible

2022-07-19 18:49:27 - [MESSAGE][PASSED] - Object 'Object Repository/CITIZEN/Page_Registrasi  GetVaccine/h2_Register' is visible

2022-07-19 18:49:27 - [TEST_STEP][PASSED] - setText(findTestObject("CITIZEN/Page_Registrasi  GetVaccine/input_NIK_basic_nik"), findTestData("CITIZEN/Register").getValue(1, i)): Text '1234567890123456' is set on object 'Object Repository/CITIZEN/Page_Registrasi  GetVaccine/input_NIK_basic_nik'

2022-07-19 18:49:28 - [MESSAGE][PASSED] - Text '1234567890123456' is set on object 'Object Repository/CITIZEN/Page_Registrasi  GetVaccine/input_NIK_basic_nik'

2022-07-19 18:49:28 - [TEST_STEP][PASSED] - setText(findTestObject("CITIZEN/Page_Registrasi  GetVaccine/input_Nama Lengkap_basic_fullname"), findTestData("CITIZEN/Register").getValue(2, i)): Text 'Harnanda' is set on object 'Object Repository/CITIZEN/Page_Registrasi  GetVaccine/input_Nama Lengkap_basic_fullname'

2022-07-19 18:49:29 - [MESSAGE][PASSED] - Text 'Harnanda' is set on object 'Object Repository/CITIZEN/Page_Registrasi  GetVaccine/input_Nama Lengkap_basic_fullname'

2022-07-19 18:49:29 - [TEST_STEP][PASSED] - setText(findTestObject("CITIZEN/Page_Registrasi  GetVaccine/input_Email_basic_email"), findTestData("CITIZEN/Register").getValue(3, i)): Text 'harnanda@email.com' is set on object 'Object Repository/CITIZEN/Page_Registrasi  GetVaccine/input_Email_basic_email'

2022-07-19 18:49:30 - [MESSAGE][PASSED] - Text 'harnanda@email.com' is set on object 'Object Repository/CITIZEN/Page_Registrasi  GetVaccine/input_Email_basic_email'

2022-07-19 18:49:30 - [TEST_STEP][PASSED] - setText(findTestObject("CITIZEN/Page_Registrasi  GetVaccine/input_Password_basic_password"), findTestData("CITIZEN/Register").getValue(4, i)): Text 'Haha1234' is set on object 'Object Repository/CITIZEN/Page_Registrasi  GetVaccine/input_Password_basic_password'

2022-07-19 18:49:31 - [MESSAGE][PASSED] - Text 'Haha1234' is set on object 'Object Repository/CITIZEN/Page_Registrasi  GetVaccine/input_Password_basic_password'

2022-07-19 18:49:31 - [TEST_STEP][PASSED] - setText(findTestObject("CITIZEN/Page_Registrasi  GetVaccine/input_Confirm Password_basic_confirmPassword"), findTestData("CITIZEN/Register").getValue(5, i)): Text 'Haha1234' is set on object 'Object Repository/CITIZEN/Page_Registrasi  GetVaccine/input_Confirm Password_basic_confirmPassword'

2022-07-19 18:49:32 - [MESSAGE][PASSED] - Text 'Haha1234' is set on object 'Object Repository/CITIZEN/Page_Registrasi  GetVaccine/input_Confirm Password_basic_confirmPassword'

2022-07-19 18:49:32 - [TEST_STEP][PASSED] - click(findTestObject("CITIZEN/Page_Registrasi  GetVaccine/button_Register")): Object: 'Object Repository/CITIZEN/Page_Registrasi  GetVaccine/button_Register' is clicked on

2022-07-19 18:49:33 - [MESSAGE][PASSED] - Object: 'Object Repository/CITIZEN/Page_Registrasi  GetVaccine/button_Register' is clicked on

2022-07-19 18:49:33 - [TEST_STEP][PASSED] - if (i == 7): null

2022-07-19 18:49:33 - [TEST_STEP][PASSED] - else if (i == 8): Object 'Object Repository/CITIZEN/Page_Registrasi  GetVaccine/nik exist' is visible

2022-07-19 18:49:33 - [TEST_STEP][PASSED] - verifyElementVisible(findTestObject("CITIZEN/Page_Registrasi  GetVaccine/nik exist"), CONTINUE_ON_FAILURE): Object 'Object Repository/CITIZEN/Page_Registrasi  GetVaccine/nik exist' is visible

2022-07-19 18:49:34 - [MESSAGE][PASSED] - Object 'Object Repository/CITIZEN/Page_Registrasi  GetVaccine/nik exist' is visible

2022-07-19 18:49:34 - [TEST_STEP][PASSED] - closeBrowser(): Browser is closed

2022-07-19 18:49:35 - [MESSAGE][PASSED] - Browser is closed

2022-07-19 18:49:35 - [TEST_STEP][PASSED] - openBrowser(""): Browser is opened with url: ''

2022-07-19 18:49:35 - [MESSAGE][INFO] - Starting 'Chrome' driver

2022-07-19 18:49:35 - [MESSAGE][INFO] - Action delay is set to 0 milliseconds

2022-07-19 18:49:37 - [MESSAGE][PASSED] - Browser is opened with url: ''

2022-07-19 18:49:37 - [TEST_STEP][PASSED] - maximizeWindow(): Current window maximized

2022-07-19 18:49:37 - [MESSAGE][PASSED] - Current window maximized

2022-07-19 18:49:37 - [TEST_STEP][PASSED] - navigateToUrl("https://dev-getvaccine-16.netlify.app/"): Navigate to 'https://dev-getvaccine-16.netlify.app/' successfully

2022-07-19 18:49:58 - [MESSAGE][PASSED] - Navigate to 'https://dev-getvaccine-16.netlify.app/' successfully

2022-07-19 18:49:58 - [TEST_STEP][PASSED] - click(findTestObject("CITIZEN/Page_Home  GetVaccine/a_Register")): Object: 'Object Repository/CITIZEN/Page_Home  GetVaccine/a_Register' is clicked on

2022-07-19 18:49:58 - [MESSAGE][PASSED] - Object: 'Object Repository/CITIZEN/Page_Home  GetVaccine/a_Register' is clicked on

2022-07-19 18:49:58 - [TEST_STEP][PASSED] - verifyElementVisible(findTestObject("CITIZEN/Page_Registrasi  GetVaccine/h2_Register")): Object 'Object Repository/CITIZEN/Page_Registrasi  GetVaccine/h2_Register' is visible

2022-07-19 18:49:59 - [MESSAGE][PASSED] - Object 'Object Repository/CITIZEN/Page_Registrasi  GetVaccine/h2_Register' is visible

2022-07-19 18:49:59 - [TEST_STEP][PASSED] - setText(findTestObject("CITIZEN/Page_Registrasi  GetVaccine/input_NIK_basic_nik"), findTestData("CITIZEN/Register").getValue(1, i)): Text '1234567890123456' is set on object 'Object Repository/CITIZEN/Page_Registrasi  GetVaccine/input_NIK_basic_nik'

2022-07-19 18:50:00 - [MESSAGE][PASSED] - Text '1234567890123456' is set on object 'Object Repository/CITIZEN/Page_Registrasi  GetVaccine/input_NIK_basic_nik'

2022-07-19 18:50:00 - [TEST_STEP][PASSED] - setText(findTestObject("CITIZEN/Page_Registrasi  GetVaccine/input_Nama Lengkap_basic_fullname"), findTestData("CITIZEN/Register").getValue(2, i)): Text 'Embun' is set on object 'Object Repository/CITIZEN/Page_Registrasi  GetVaccine/input_Nama Lengkap_basic_fullname'

2022-07-19 18:50:01 - [MESSAGE][PASSED] - Text 'Embun' is set on object 'Object Repository/CITIZEN/Page_Registrasi  GetVaccine/input_Nama Lengkap_basic_fullname'

2022-07-19 18:50:01 - [TEST_STEP][PASSED] - setText(findTestObject("CITIZEN/Page_Registrasi  GetVaccine/input_Email_basic_email"), findTestData("CITIZEN/Register").getValue(3, i)): Text 'regitae@email.com' is set on object 'Object Repository/CITIZEN/Page_Registrasi  GetVaccine/input_Email_basic_email'

2022-07-19 18:50:02 - [MESSAGE][PASSED] - Text 'regitae@email.com' is set on object 'Object Repository/CITIZEN/Page_Registrasi  GetVaccine/input_Email_basic_email'

2022-07-19 18:50:02 - [TEST_STEP][PASSED] - setText(findTestObject("CITIZEN/Page_Registrasi  GetVaccine/input_Password_basic_password"), findTestData("CITIZEN/Register").getValue(4, i)): Text 'Regita1234' is set on object 'Object Repository/CITIZEN/Page_Registrasi  GetVaccine/input_Password_basic_password'

2022-07-19 18:50:03 - [MESSAGE][PASSED] - Text 'Regita1234' is set on object 'Object Repository/CITIZEN/Page_Registrasi  GetVaccine/input_Password_basic_password'

2022-07-19 18:50:03 - [TEST_STEP][PASSED] - setText(findTestObject("CITIZEN/Page_Registrasi  GetVaccine/input_Confirm Password_basic_confirmPassword"), findTestData("CITIZEN/Register").getValue(5, i)): Text 'Regita1234' is set on object 'Object Repository/CITIZEN/Page_Registrasi  GetVaccine/input_Confirm Password_basic_confirmPassword'

2022-07-19 18:50:04 - [MESSAGE][PASSED] - Text 'Regita1234' is set on object 'Object Repository/CITIZEN/Page_Registrasi  GetVaccine/input_Confirm Password_basic_confirmPassword'

2022-07-19 18:50:04 - [TEST_STEP][PASSED] - click(findTestObject("CITIZEN/Page_Registrasi  GetVaccine/button_Register")): Object: 'Object Repository/CITIZEN/Page_Registrasi  GetVaccine/button_Register' is clicked on

2022-07-19 18:50:04 - [MESSAGE][PASSED] - Object: 'Object Repository/CITIZEN/Page_Registrasi  GetVaccine/button_Register' is clicked on

2022-07-19 18:50:04 - [TEST_STEP][PASSED] - if (i == 7): null

2022-07-19 18:50:04 - [TEST_STEP][PASSED] - else if (i == 8): null

2022-07-19 18:50:04 - [TEST_STEP][PASSED] - else: Object 'Object Repository/CITIZEN/Page_Login  GetVaccine/VerifyLoginPage' is visible

2022-07-19 18:50:04 - [TEST_STEP][PASSED] - verifyElementVisible(findTestObject("CITIZEN/Page_Login  GetVaccine/VerifyLoginPage"), CONTINUE_ON_FAILURE): Object 'Object Repository/CITIZEN/Page_Login  GetVaccine/VerifyLoginPage' is visible

2022-07-19 18:50:09 - [MESSAGE][PASSED] - Object 'Object Repository/CITIZEN/Page_Login  GetVaccine/VerifyLoginPage' is visible

2022-07-19 18:50:09 - [TEST_STEP][PASSED] - closeBrowser(): Browser is closed

2022-07-19 18:50:10 - [MESSAGE][PASSED] - Browser is closed]]></system-out>
         <system-err><![CDATA[]]></system-err>
      </testcase>
      <testcase name="Test Cases/CITIZEN/AUTH/TC_Login" time="193.714" classname="Test Cases/CITIZEN/AUTH/TC_Login" status="PASSED">
         <system-out><![CDATA[2022-07-19 18:50:10 - [TEST_CASE][PASSED] - Test Cases/CITIZEN/AUTH/TC_Login: Test Cases/CITIZEN/AUTH/TC_Login

2022-07-19 18:50:11 - [TEST_STEP][PASSED] - for ([i = 1, i <= 5, (i++)]): Browser is closed

2022-07-19 18:50:11 - [TEST_STEP][PASSED] - openBrowser(""): Browser is opened with url: ''

2022-07-19 18:50:11 - [MESSAGE][INFO] - Starting 'Chrome' driver

2022-07-19 18:50:11 - [MESSAGE][INFO] - Action delay is set to 0 milliseconds

2022-07-19 18:50:12 - [MESSAGE][PASSED] - Browser is opened with url: ''

2022-07-19 18:50:12 - [TEST_STEP][PASSED] - maximizeWindow(): Current window maximized

2022-07-19 18:50:12 - [MESSAGE][PASSED] - Current window maximized

2022-07-19 18:50:12 - [TEST_STEP][PASSED] - navigateToUrl("https://dev-getvaccine-16.netlify.app/"): Navigate to 'https://dev-getvaccine-16.netlify.app/' successfully

2022-07-19 18:51:25 - [MESSAGE][PASSED] - Navigate to 'https://dev-getvaccine-16.netlify.app/' successfully

2022-07-19 18:51:25 - [TEST_STEP][PASSED] - click(findTestObject("CITIZEN/Page_Home  GetVaccine/login btn")): Object: 'Object Repository/CITIZEN/Page_Home  GetVaccine/login btn' is clicked on

2022-07-19 18:51:26 - [MESSAGE][PASSED] - Object: 'Object Repository/CITIZEN/Page_Home  GetVaccine/login btn' is clicked on

2022-07-19 18:51:26 - [TEST_STEP][PASSED] - verifyElementVisible(findTestObject("CITIZEN/Page_Login  GetVaccine/VerifyLoginPage")): Object 'Object Repository/CITIZEN/Page_Login  GetVaccine/VerifyLoginPage' is visible

2022-07-19 18:51:26 - [MESSAGE][PASSED] - Object 'Object Repository/CITIZEN/Page_Login  GetVaccine/VerifyLoginPage' is visible

2022-07-19 18:51:26 - [TEST_STEP][PASSED] - setText(findTestObject("CITIZEN/Page_Login  GetVaccine/input_NIK_basic_nik"), findTestData("CITIZEN/Login").getValue(1, i)): Text '1234A' is set on object 'Object Repository/CITIZEN/Page_Login  GetVaccine/input_NIK_basic_nik'

2022-07-19 18:51:27 - [MESSAGE][PASSED] - Text '1234A' is set on object 'Object Repository/CITIZEN/Page_Login  GetVaccine/input_NIK_basic_nik'

2022-07-19 18:51:27 - [TEST_STEP][PASSED] - setText(findTestObject("CITIZEN/Page_Registrasi  GetVaccine/password"), findTestData("CITIZEN/Login").getValue(2, i)): Text 'Haha1234' is set on object 'Object Repository/CITIZEN/Page_Registrasi  GetVaccine/password'

2022-07-19 18:51:28 - [MESSAGE][PASSED] - Text 'Haha1234' is set on object 'Object Repository/CITIZEN/Page_Registrasi  GetVaccine/password'

2022-07-19 18:51:28 - [TEST_STEP][PASSED] - click(findTestObject("CITIZEN/Page_Login  GetVaccine/eye")): Object: 'Object Repository/CITIZEN/Page_Login  GetVaccine/eye' is clicked on

2022-07-19 18:51:29 - [MESSAGE][PASSED] - Object: 'Object Repository/CITIZEN/Page_Login  GetVaccine/eye' is clicked on

2022-07-19 18:51:29 - [TEST_STEP][PASSED] - click(findTestObject("CITIZEN/Page_Login  GetVaccine/button_Login")): Object: 'Object Repository/CITIZEN/Page_Login  GetVaccine/button_Login' is clicked on

2022-07-19 18:51:29 - [MESSAGE][PASSED] - Object: 'Object Repository/CITIZEN/Page_Login  GetVaccine/button_Login' is clicked on

2022-07-19 18:51:29 - [TEST_STEP][PASSED] - if (i == 1): Object 'Object Repository/CITIZEN/Page_Login  GetVaccine/div_Input harus berupa angka' is present

2022-07-19 18:51:29 - [TEST_STEP][PASSED] - verifyElementPresent(findTestObject("CITIZEN/Page_Login  GetVaccine/div_Input harus berupa angka"), 0): Object 'Object Repository/CITIZEN/Page_Login  GetVaccine/div_Input harus berupa angka' is present

2022-07-19 18:51:29 - [MESSAGE][WARNING] - Timeout '0' is invalid. Using default page load timeout: '30'

2022-07-19 18:51:30 - [MESSAGE][PASSED] - Object 'Object Repository/CITIZEN/Page_Login  GetVaccine/div_Input harus berupa angka' is present

2022-07-19 18:51:30 - [TEST_STEP][PASSED] - closeBrowser(): Browser is closed

2022-07-19 18:51:31 - [MESSAGE][PASSED] - Browser is closed

2022-07-19 18:51:31 - [TEST_STEP][PASSED] - openBrowser(""): Browser is opened with url: ''

2022-07-19 18:51:31 - [MESSAGE][INFO] - Starting 'Chrome' driver

2022-07-19 18:51:31 - [MESSAGE][INFO] - Action delay is set to 0 milliseconds

2022-07-19 18:51:32 - [MESSAGE][PASSED] - Browser is opened with url: ''

2022-07-19 18:51:32 - [TEST_STEP][PASSED] - maximizeWindow(): Current window maximized

2022-07-19 18:51:32 - [MESSAGE][PASSED] - Current window maximized

2022-07-19 18:51:32 - [TEST_STEP][PASSED] - navigateToUrl("https://dev-getvaccine-16.netlify.app/"): Navigate to 'https://dev-getvaccine-16.netlify.app/' successfully

2022-07-19 18:51:34 - [MESSAGE][PASSED] - Navigate to 'https://dev-getvaccine-16.netlify.app/' successfully

2022-07-19 18:51:34 - [TEST_STEP][PASSED] - click(findTestObject("CITIZEN/Page_Home  GetVaccine/login btn")): Object: 'Object Repository/CITIZEN/Page_Home  GetVaccine/login btn' is clicked on

2022-07-19 18:51:35 - [MESSAGE][PASSED] - Object: 'Object Repository/CITIZEN/Page_Home  GetVaccine/login btn' is clicked on

2022-07-19 18:51:35 - [TEST_STEP][PASSED] - verifyElementVisible(findTestObject("CITIZEN/Page_Login  GetVaccine/VerifyLoginPage")): Object 'Object Repository/CITIZEN/Page_Login  GetVaccine/VerifyLoginPage' is visible

2022-07-19 18:51:35 - [MESSAGE][PASSED] - Object 'Object Repository/CITIZEN/Page_Login  GetVaccine/VerifyLoginPage' is visible

2022-07-19 18:51:35 - [TEST_STEP][PASSED] - setText(findTestObject("CITIZEN/Page_Login  GetVaccine/input_NIK_basic_nik"), findTestData("CITIZEN/Login").getValue(1, i)): Text '1234567890123456' is set on object 'Object Repository/CITIZEN/Page_Login  GetVaccine/input_NIK_basic_nik'

2022-07-19 18:51:36 - [MESSAGE][PASSED] - Text '1234567890123456' is set on object 'Object Repository/CITIZEN/Page_Login  GetVaccine/input_NIK_basic_nik'

2022-07-19 18:51:36 - [TEST_STEP][PASSED] - setText(findTestObject("CITIZEN/Page_Registrasi  GetVaccine/password"), findTestData("CITIZEN/Login").getValue(2, i)): Text 'Haha1234' is set on object 'Object Repository/CITIZEN/Page_Registrasi  GetVaccine/password'

2022-07-19 18:51:37 - [MESSAGE][PASSED] - Text 'Haha1234' is set on object 'Object Repository/CITIZEN/Page_Registrasi  GetVaccine/password'

2022-07-19 18:51:37 - [TEST_STEP][PASSED] - click(findTestObject("CITIZEN/Page_Login  GetVaccine/eye")): Object: 'Object Repository/CITIZEN/Page_Login  GetVaccine/eye' is clicked on

2022-07-19 18:51:37 - [MESSAGE][PASSED] - Object: 'Object Repository/CITIZEN/Page_Login  GetVaccine/eye' is clicked on

2022-07-19 18:51:37 - [TEST_STEP][PASSED] - click(findTestObject("CITIZEN/Page_Login  GetVaccine/button_Login")): Object: 'Object Repository/CITIZEN/Page_Login  GetVaccine/button_Login' is clicked on

2022-07-19 18:51:38 - [MESSAGE][PASSED] - Object: 'Object Repository/CITIZEN/Page_Login  GetVaccine/button_Login' is clicked on

2022-07-19 18:51:38 - [TEST_STEP][PASSED] - if (i == 1): null

2022-07-19 18:51:38 - [TEST_STEP][PASSED] - else if (i == 2): Object 'Object Repository/CITIZEN/Page_Login  GetVaccine/div_NIK atau Password Salah' is present

2022-07-19 18:51:38 - [TEST_STEP][PASSED] - verifyElementPresent(findTestObject("CITIZEN/Page_Login  GetVaccine/div_NIK atau Password Salah"), 0): Object 'Object Repository/CITIZEN/Page_Login  GetVaccine/div_NIK atau Password Salah' is present

2022-07-19 18:51:38 - [MESSAGE][WARNING] - Timeout '0' is invalid. Using default page load timeout: '30'

2022-07-19 18:52:08 - [MESSAGE][PASSED] - Object 'Object Repository/CITIZEN/Page_Login  GetVaccine/div_NIK atau Password Salah' is present

2022-07-19 18:52:08 - [TEST_STEP][PASSED] - closeBrowser(): Browser is closed

2022-07-19 18:52:09 - [MESSAGE][PASSED] - Browser is closed

2022-07-19 18:52:09 - [TEST_STEP][PASSED] - openBrowser(""): Browser is opened with url: ''

2022-07-19 18:52:09 - [MESSAGE][INFO] - Starting 'Chrome' driver

2022-07-19 18:52:09 - [MESSAGE][INFO] - Action delay is set to 0 milliseconds

2022-07-19 18:52:11 - [MESSAGE][PASSED] - Browser is opened with url: ''

2022-07-19 18:52:11 - [TEST_STEP][PASSED] - maximizeWindow(): Current window maximized

2022-07-19 18:52:11 - [MESSAGE][PASSED] - Current window maximized

2022-07-19 18:52:11 - [TEST_STEP][PASSED] - navigateToUrl("https://dev-getvaccine-16.netlify.app/"): Navigate to 'https://dev-getvaccine-16.netlify.app/' successfully

2022-07-19 18:52:17 - [MESSAGE][PASSED] - Navigate to 'https://dev-getvaccine-16.netlify.app/' successfully

2022-07-19 18:52:17 - [TEST_STEP][PASSED] - click(findTestObject("CITIZEN/Page_Home  GetVaccine/login btn")): Object: 'Object Repository/CITIZEN/Page_Home  GetVaccine/login btn' is clicked on

2022-07-19 18:52:18 - [MESSAGE][PASSED] - Object: 'Object Repository/CITIZEN/Page_Home  GetVaccine/login btn' is clicked on

2022-07-19 18:52:18 - [TEST_STEP][PASSED] - verifyElementVisible(findTestObject("CITIZEN/Page_Login  GetVaccine/VerifyLoginPage")): Object 'Object Repository/CITIZEN/Page_Login  GetVaccine/VerifyLoginPage' is visible

2022-07-19 18:52:19 - [MESSAGE][PASSED] - Object 'Object Repository/CITIZEN/Page_Login  GetVaccine/VerifyLoginPage' is visible

2022-07-19 18:52:19 - [TEST_STEP][PASSED] - setText(findTestObject("CITIZEN/Page_Login  GetVaccine/input_NIK_basic_nik"), findTestData("CITIZEN/Login").getValue(1, i)): Text '' is set on object 'Object Repository/CITIZEN/Page_Login  GetVaccine/input_NIK_basic_nik'

2022-07-19 18:52:19 - [MESSAGE][PASSED] - Text '' is set on object 'Object Repository/CITIZEN/Page_Login  GetVaccine/input_NIK_basic_nik'

2022-07-19 18:52:19 - [TEST_STEP][PASSED] - setText(findTestObject("CITIZEN/Page_Registrasi  GetVaccine/password"), findTestData("CITIZEN/Login").getValue(2, i)): Text 'Haha1234' is set on object 'Object Repository/CITIZEN/Page_Registrasi  GetVaccine/password'

2022-07-19 18:52:20 - [MESSAGE][PASSED] - Text 'Haha1234' is set on object 'Object Repository/CITIZEN/Page_Registrasi  GetVaccine/password'

2022-07-19 18:52:20 - [TEST_STEP][PASSED] - click(findTestObject("CITIZEN/Page_Login  GetVaccine/eye")): Object: 'Object Repository/CITIZEN/Page_Login  GetVaccine/eye' is clicked on

2022-07-19 18:52:21 - [MESSAGE][PASSED] - Object: 'Object Repository/CITIZEN/Page_Login  GetVaccine/eye' is clicked on

2022-07-19 18:52:21 - [TEST_STEP][PASSED] - click(findTestObject("CITIZEN/Page_Login  GetVaccine/button_Login")): Object: 'Object Repository/CITIZEN/Page_Login  GetVaccine/button_Login' is clicked on

2022-07-19 18:52:21 - [MESSAGE][PASSED] - Object: 'Object Repository/CITIZEN/Page_Login  GetVaccine/button_Login' is clicked on

2022-07-19 18:52:21 - [TEST_STEP][PASSED] - if (i == 1): null

2022-07-19 18:52:21 - [TEST_STEP][PASSED] - else if (i == 2): null

2022-07-19 18:52:21 - [TEST_STEP][PASSED] - else if (i == 3): Object 'Object Repository/CITIZEN/Page_Login  GetVaccine/alert nik kosong' is present

2022-07-19 18:52:21 - [TEST_STEP][PASSED] - verifyElementPresent(findTestObject("CITIZEN/Page_Login  GetVaccine/alert nik kosong"), 0): Object 'Object Repository/CITIZEN/Page_Login  GetVaccine/alert nik kosong' is present

2022-07-19 18:52:21 - [MESSAGE][WARNING] - Timeout '0' is invalid. Using default page load timeout: '30'

2022-07-19 18:52:22 - [MESSAGE][PASSED] - Object 'Object Repository/CITIZEN/Page_Login  GetVaccine/alert nik kosong' is present

2022-07-19 18:52:22 - [TEST_STEP][PASSED] - closeBrowser(): Browser is closed

2022-07-19 18:52:23 - [MESSAGE][PASSED] - Browser is closed

2022-07-19 18:52:23 - [TEST_STEP][PASSED] - openBrowser(""): Browser is opened with url: ''

2022-07-19 18:52:23 - [MESSAGE][INFO] - Starting 'Chrome' driver

2022-07-19 18:52:23 - [MESSAGE][INFO] - Action delay is set to 0 milliseconds

2022-07-19 18:52:24 - [MESSAGE][PASSED] - Browser is opened with url: ''

2022-07-19 18:52:24 - [TEST_STEP][PASSED] - maximizeWindow(): Current window maximized

2022-07-19 18:52:24 - [MESSAGE][PASSED] - Current window maximized

2022-07-19 18:52:24 - [TEST_STEP][PASSED] - navigateToUrl("https://dev-getvaccine-16.netlify.app/"): Navigate to 'https://dev-getvaccine-16.netlify.app/' successfully

2022-07-19 18:53:04 - [MESSAGE][PASSED] - Navigate to 'https://dev-getvaccine-16.netlify.app/' successfully

2022-07-19 18:53:04 - [TEST_STEP][PASSED] - click(findTestObject("CITIZEN/Page_Home  GetVaccine/login btn")): Object: 'Object Repository/CITIZEN/Page_Home  GetVaccine/login btn' is clicked on

2022-07-19 18:53:04 - [MESSAGE][PASSED] - Object: 'Object Repository/CITIZEN/Page_Home  GetVaccine/login btn' is clicked on

2022-07-19 18:53:04 - [TEST_STEP][PASSED] - verifyElementVisible(findTestObject("CITIZEN/Page_Login  GetVaccine/VerifyLoginPage")): Object 'Object Repository/CITIZEN/Page_Login  GetVaccine/VerifyLoginPage' is visible

2022-07-19 18:53:05 - [MESSAGE][PASSED] - Object 'Object Repository/CITIZEN/Page_Login  GetVaccine/VerifyLoginPage' is visible

2022-07-19 18:53:05 - [TEST_STEP][PASSED] - setText(findTestObject("CITIZEN/Page_Login  GetVaccine/input_NIK_basic_nik"), findTestData("CITIZEN/Login").getValue(1, i)): Text '' is set on object 'Object Repository/CITIZEN/Page_Login  GetVaccine/input_NIK_basic_nik'

2022-07-19 18:53:05 - [MESSAGE][PASSED] - Text '' is set on object 'Object Repository/CITIZEN/Page_Login  GetVaccine/input_NIK_basic_nik'

2022-07-19 18:53:05 - [TEST_STEP][PASSED] - setText(findTestObject("CITIZEN/Page_Registrasi  GetVaccine/password"), findTestData("CITIZEN/Login").getValue(2, i)): Text '' is set on object 'Object Repository/CITIZEN/Page_Registrasi  GetVaccine/password'

2022-07-19 18:53:06 - [MESSAGE][PASSED] - Text '' is set on object 'Object Repository/CITIZEN/Page_Registrasi  GetVaccine/password'

2022-07-19 18:53:06 - [TEST_STEP][PASSED] - click(findTestObject("CITIZEN/Page_Login  GetVaccine/eye")): Object: 'Object Repository/CITIZEN/Page_Login  GetVaccine/eye' is clicked on

2022-07-19 18:53:07 - [MESSAGE][PASSED] - Object: 'Object Repository/CITIZEN/Page_Login  GetVaccine/eye' is clicked on

2022-07-19 18:53:07 - [TEST_STEP][PASSED] - click(findTestObject("CITIZEN/Page_Login  GetVaccine/button_Login")): Object: 'Object Repository/CITIZEN/Page_Login  GetVaccine/button_Login' is clicked on

2022-07-19 18:53:07 - [MESSAGE][PASSED] - Object: 'Object Repository/CITIZEN/Page_Login  GetVaccine/button_Login' is clicked on

2022-07-19 18:53:07 - [TEST_STEP][PASSED] - if (i == 1): null

2022-07-19 18:53:07 - [TEST_STEP][PASSED] - else if (i == 2): null

2022-07-19 18:53:07 - [TEST_STEP][PASSED] - else if (i == 3): null

2022-07-19 18:53:07 - [TEST_STEP][PASSED] - else if (i == 4): Object 'Object Repository/CITIZEN/Page_Login  GetVaccine/alert pass kosong' is present

2022-07-19 18:53:07 - [TEST_STEP][PASSED] - verifyElementPresent(findTestObject("CITIZEN/Page_Login  GetVaccine/alert nik kosong"), 0): Object 'Object Repository/CITIZEN/Page_Login  GetVaccine/alert nik kosong' is present

2022-07-19 18:53:07 - [MESSAGE][WARNING] - Timeout '0' is invalid. Using default page load timeout: '30'

2022-07-19 18:53:08 - [MESSAGE][PASSED] - Object 'Object Repository/CITIZEN/Page_Login  GetVaccine/alert nik kosong' is present

2022-07-19 18:53:08 - [TEST_STEP][PASSED] - verifyElementPresent(findTestObject("CITIZEN/Page_Login  GetVaccine/alert pass kosong"), 0): Object 'Object Repository/CITIZEN/Page_Login  GetVaccine/alert pass kosong' is present

2022-07-19 18:53:08 - [MESSAGE][WARNING] - Timeout '0' is invalid. Using default page load timeout: '30'

2022-07-19 18:53:08 - [MESSAGE][PASSED] - Object 'Object Repository/CITIZEN/Page_Login  GetVaccine/alert pass kosong' is present

2022-07-19 18:53:08 - [TEST_STEP][PASSED] - closeBrowser(): Browser is closed

2022-07-19 18:53:09 - [MESSAGE][PASSED] - Browser is closed

2022-07-19 18:53:09 - [TEST_STEP][PASSED] - openBrowser(""): Browser is opened with url: ''

2022-07-19 18:53:09 - [MESSAGE][INFO] - Starting 'Chrome' driver

2022-07-19 18:53:09 - [MESSAGE][INFO] - Action delay is set to 0 milliseconds

2022-07-19 18:53:10 - [MESSAGE][PASSED] - Browser is opened with url: ''

2022-07-19 18:53:10 - [TEST_STEP][PASSED] - maximizeWindow(): Current window maximized

2022-07-19 18:53:11 - [MESSAGE][PASSED] - Current window maximized

2022-07-19 18:53:11 - [TEST_STEP][PASSED] - navigateToUrl("https://dev-getvaccine-16.netlify.app/"): Navigate to 'https://dev-getvaccine-16.netlify.app/' successfully

2022-07-19 18:53:17 - [MESSAGE][PASSED] - Navigate to 'https://dev-getvaccine-16.netlify.app/' successfully

2022-07-19 18:53:17 - [TEST_STEP][PASSED] - click(findTestObject("CITIZEN/Page_Home  GetVaccine/login btn")): Object: 'Object Repository/CITIZEN/Page_Home  GetVaccine/login btn' is clicked on

2022-07-19 18:53:17 - [MESSAGE][PASSED] - Object: 'Object Repository/CITIZEN/Page_Home  GetVaccine/login btn' is clicked on

2022-07-19 18:53:17 - [TEST_STEP][PASSED] - verifyElementVisible(findTestObject("CITIZEN/Page_Login  GetVaccine/VerifyLoginPage")): Object 'Object Repository/CITIZEN/Page_Login  GetVaccine/VerifyLoginPage' is visible

2022-07-19 18:53:18 - [MESSAGE][PASSED] - Object 'Object Repository/CITIZEN/Page_Login  GetVaccine/VerifyLoginPage' is visible

2022-07-19 18:53:18 - [TEST_STEP][PASSED] - setText(findTestObject("CITIZEN/Page_Login  GetVaccine/input_NIK_basic_nik"), findTestData("CITIZEN/Login").getValue(1, i)): Text '7890789078907890' is set on object 'Object Repository/CITIZEN/Page_Login  GetVaccine/input_NIK_basic_nik'

2022-07-19 18:53:19 - [MESSAGE][PASSED] - Text '7890789078907890' is set on object 'Object Repository/CITIZEN/Page_Login  GetVaccine/input_NIK_basic_nik'

2022-07-19 18:53:19 - [TEST_STEP][PASSED] - setText(findTestObject("CITIZEN/Page_Registrasi  GetVaccine/password"), findTestData("CITIZEN/Login").getValue(2, i)): Text 'Haechan123' is set on object 'Object Repository/CITIZEN/Page_Registrasi  GetVaccine/password'

2022-07-19 18:53:20 - [MESSAGE][PASSED] - Text 'Haechan123' is set on object 'Object Repository/CITIZEN/Page_Registrasi  GetVaccine/password'

2022-07-19 18:53:20 - [TEST_STEP][PASSED] - click(findTestObject("CITIZEN/Page_Login  GetVaccine/eye")): Object: 'Object Repository/CITIZEN/Page_Login  GetVaccine/eye' is clicked on

2022-07-19 18:53:20 - [MESSAGE][PASSED] - Object: 'Object Repository/CITIZEN/Page_Login  GetVaccine/eye' is clicked on

2022-07-19 18:53:20 - [TEST_STEP][PASSED] - click(findTestObject("CITIZEN/Page_Login  GetVaccine/button_Login")): Object: 'Object Repository/CITIZEN/Page_Login  GetVaccine/button_Login' is clicked on

2022-07-19 18:53:21 - [MESSAGE][PASSED] - Object: 'Object Repository/CITIZEN/Page_Login  GetVaccine/button_Login' is clicked on

2022-07-19 18:53:21 - [TEST_STEP][PASSED] - if (i == 1): null

2022-07-19 18:53:21 - [TEST_STEP][PASSED] - else if (i == 2): null

2022-07-19 18:53:21 - [TEST_STEP][PASSED] - else if (i == 3): null

2022-07-19 18:53:21 - [TEST_STEP][PASSED] - else if (i == 4): null

2022-07-19 18:53:21 - [TEST_STEP][PASSED] - else: Object 'Object Repository/CITIZEN/Page_Home  GetVaccine/a_Daftar Vaksinasi' is present

2022-07-19 18:53:21 - [TEST_STEP][PASSED] - verifyElementPresent(findTestObject("CITIZEN/Page_Home  GetVaccine/a_Daftar Vaksinasi"), 0): Object 'Object Repository/CITIZEN/Page_Home  GetVaccine/a_Daftar Vaksinasi' is present

2022-07-19 18:53:21 - [MESSAGE][WARNING] - Timeout '0' is invalid. Using default page load timeout: '30'

2022-07-19 18:53:23 - [MESSAGE][PASSED] - Object 'Object Repository/CITIZEN/Page_Home  GetVaccine/a_Daftar Vaksinasi' is present

2022-07-19 18:53:23 - [TEST_STEP][PASSED] - closeBrowser(): Browser is closed

2022-07-19 18:53:24 - [MESSAGE][PASSED] - Browser is closed]]></system-out>
         <system-err><![CDATA[]]></system-err>
      </testcase>
      <testcase name="Test Cases/CITIZEN/AUTH/Login" time="54.19" classname="Test Cases/CITIZEN/AUTH/Login" status="PASSED">
         <system-out><![CDATA[2022-07-19 18:53:24 - [TEST_CASE][PASSED] - Test Cases/CITIZEN/AUTH/Login: Test Cases/CITIZEN/AUTH/Login

2022-07-19 18:53:24 - [TEST_STEP][PASSED] - openBrowser(""): Browser is opened with url: ''

2022-07-19 18:53:24 - [MESSAGE][INFO] - Starting 'Chrome' driver

2022-07-19 18:53:24 - [MESSAGE][INFO] - Action delay is set to 0 milliseconds

2022-07-19 18:53:26 - [MESSAGE][PASSED] - Browser is opened with url: ''

2022-07-19 18:53:26 - [TEST_STEP][PASSED] - maximizeWindow(): Current window maximized

2022-07-19 18:53:26 - [MESSAGE][PASSED] - Current window maximized

2022-07-19 18:53:26 - [TEST_STEP][PASSED] - navigateToUrl("https://dev-getvaccine-16.netlify.app/"): Navigate to 'https://dev-getvaccine-16.netlify.app/' successfully

2022-07-19 18:54:11 - [MESSAGE][PASSED] - Navigate to 'https://dev-getvaccine-16.netlify.app/' successfully

2022-07-19 18:54:11 - [TEST_STEP][PASSED] - click(findTestObject("CITIZEN/Page_Home  GetVaccine/login btn")): Object: 'Object Repository/CITIZEN/Page_Home  GetVaccine/login btn' is clicked on

2022-07-19 18:54:12 - [MESSAGE][PASSED] - Object: 'Object Repository/CITIZEN/Page_Home  GetVaccine/login btn' is clicked on

2022-07-19 18:54:12 - [TEST_STEP][PASSED] - verifyElementVisible(findTestObject("CITIZEN/Page_Login  GetVaccine/VerifyLoginPage")): Object 'Object Repository/CITIZEN/Page_Login  GetVaccine/VerifyLoginPage' is visible

2022-07-19 18:54:12 - [MESSAGE][PASSED] - Object 'Object Repository/CITIZEN/Page_Login  GetVaccine/VerifyLoginPage' is visible

2022-07-19 18:54:12 - [TEST_STEP][PASSED] - setText(findTestObject("CITIZEN/Page_Login  GetVaccine/input_NIK_basic_nik"), "7890789078907890"): Text '7890789078907890' is set on object 'Object Repository/CITIZEN/Page_Login  GetVaccine/input_NIK_basic_nik'

2022-07-19 18:54:13 - [MESSAGE][PASSED] - Text '7890789078907890' is set on object 'Object Repository/CITIZEN/Page_Login  GetVaccine/input_NIK_basic_nik'

2022-07-19 18:54:13 - [TEST_STEP][PASSED] - setText(findTestObject("CITIZEN/Page_Login  GetVaccine/input_Password_basic_password"), "Haechan123"): Text 'Haechan123' is set on object 'Object Repository/CITIZEN/Page_Login  GetVaccine/input_Password_basic_password'

2022-07-19 18:54:14 - [MESSAGE][PASSED] - Text 'Haechan123' is set on object 'Object Repository/CITIZEN/Page_Login  GetVaccine/input_Password_basic_password'

2022-07-19 18:54:14 - [TEST_STEP][PASSED] - click(findTestObject("CITIZEN/Page_Login  GetVaccine/eye")): Object: 'Object Repository/CITIZEN/Page_Login  GetVaccine/eye' is clicked on

2022-07-19 18:54:15 - [MESSAGE][PASSED] - Object: 'Object Repository/CITIZEN/Page_Login  GetVaccine/eye' is clicked on

2022-07-19 18:54:15 - [TEST_STEP][PASSED] - click(findTestObject("CITIZEN/Page_Login  GetVaccine/button_Login")): Object: 'Object Repository/CITIZEN/Page_Login  GetVaccine/button_Login' is clicked on

2022-07-19 18:54:15 - [MESSAGE][PASSED] - Object: 'Object Repository/CITIZEN/Page_Login  GetVaccine/button_Login' is clicked on

2022-07-19 18:54:15 - [TEST_STEP][PASSED] - verifyElementPresent(findTestObject("CITIZEN/Page_Home  GetVaccine/navbar"), 0, STOP_ON_FAILURE): Object 'Object Repository/CITIZEN/Page_Home  GetVaccine/navbar' is present

2022-07-19 18:54:15 - [MESSAGE][WARNING] - Timeout '0' is invalid. Using default page load timeout: '30'

2022-07-19 18:54:18 - [MESSAGE][PASSED] - Object 'Object Repository/CITIZEN/Page_Home  GetVaccine/navbar' is present]]></system-out>
         <system-err><![CDATA[]]></system-err>
      </testcase>
      <testcase name="Test Cases/CITIZEN/VAKSINASI/TC_Search" time="52.413" classname="Test Cases/CITIZEN/VAKSINASI/TC_Search" status="PASSED">
         <system-out><![CDATA[2022-07-19 18:54:18 - [TEST_CASE][PASSED] - Test Cases/CITIZEN/VAKSINASI/TC_Search: Test Cases/CITIZEN/VAKSINASI/TC_Search

2022-07-19 18:54:19 - [TEST_STEP][PASSED] - for ([i = 1, i <= 7, (i++)]): Object 'Object Repository/CITIZEN/Page_undefined  GetVaccine/yonkes' is present

2022-07-19 18:54:19 - [TEST_STEP][PASSED] - click(findTestObject("CITIZEN/Page_Home  GetVaccine/home menu")): Object: 'Object Repository/CITIZEN/Page_Home  GetVaccine/home menu' is clicked on

2022-07-19 18:54:19 - [MESSAGE][PASSED] - Object: 'Object Repository/CITIZEN/Page_Home  GetVaccine/home menu' is clicked on

2022-07-19 18:54:19 - [TEST_STEP][PASSED] - click(findTestObject("CITIZEN/Page_Home  GetVaccine/vaksinasi menu")): Object: 'Object Repository/CITIZEN/Page_Home  GetVaccine/vaksinasi menu' is clicked on

2022-07-19 18:54:20 - [MESSAGE][PASSED] - Object: 'Object Repository/CITIZEN/Page_Home  GetVaccine/vaksinasi menu' is clicked on

2022-07-19 18:54:20 - [TEST_STEP][PASSED] - verifyElementPresent(findTestObject("CITIZEN/Page_Vaksinasi GetVaccine/verify vaksinasi page"), 0): Object 'Object Repository/CITIZEN/Page_Vaksinasi GetVaccine/verify vaksinasi page' is present

2022-07-19 18:54:20 - [MESSAGE][WARNING] - Timeout '0' is invalid. Using default page load timeout: '30'

2022-07-19 18:54:22 - [MESSAGE][PASSED] - Object 'Object Repository/CITIZEN/Page_Vaksinasi GetVaccine/verify vaksinasi page' is present

2022-07-19 18:54:22 - [TEST_STEP][PASSED] - click(findTestObject("CITIZEN/Page_Vaksinasi GetVaccine/Search/search bar")): Object: 'Object Repository/CITIZEN/Page_Vaksinasi GetVaccine/Search/search bar' is clicked on

2022-07-19 18:54:22 - [MESSAGE][PASSED] - Object: 'Object Repository/CITIZEN/Page_Vaksinasi GetVaccine/Search/search bar' is clicked on

2022-07-19 18:54:22 - [TEST_STEP][PASSED] - clearText(findTestObject("CITIZEN/Page_Vaksinasi GetVaccine/Search/search bar")): Text of object 'Object Repository/CITIZEN/Page_Vaksinasi GetVaccine/Search/search bar' is cleared

2022-07-19 18:54:23 - [MESSAGE][PASSED] - Text of object 'Object Repository/CITIZEN/Page_Vaksinasi GetVaccine/Search/search bar' is cleared

2022-07-19 18:54:23 - [TEST_STEP][PASSED] - setText(findTestObject("CITIZEN/Page_Vaksinasi GetVaccine/Search/search bar"), findTestData("CITIZEN/Search Vaccine").getValue(1, i)): Text '' is set on object 'Object Repository/CITIZEN/Page_Vaksinasi GetVaccine/Search/search bar'

2022-07-19 18:54:23 - [MESSAGE][PASSED] - Text '' is set on object 'Object Repository/CITIZEN/Page_Vaksinasi GetVaccine/Search/search bar'

2022-07-19 18:54:23 - [TEST_STEP][PASSED] - click(findTestObject("CITIZEN/Page_Vaksinasi GetVaccine/Search/button search")): Object: 'Object Repository/CITIZEN/Page_Vaksinasi GetVaccine/Search/button search' is clicked on

2022-07-19 18:54:24 - [MESSAGE][PASSED] - Object: 'Object Repository/CITIZEN/Page_Vaksinasi GetVaccine/Search/button search' is clicked on

2022-07-19 18:54:24 - [TEST_STEP][PASSED] - if (i <= 3): Object 'Object Repository/CITIZEN/Page_Vaksinasi GetVaccine/Search/verify search gagal' is present

2022-07-19 18:54:24 - [TEST_STEP][PASSED] - verifyElementPresent(findTestObject("CITIZEN/Page_Vaksinasi GetVaccine/Search/verify search gagal"), 0): Object 'Object Repository/CITIZEN/Page_Vaksinasi GetVaccine/Search/verify search gagal' is present

2022-07-19 18:54:24 - [MESSAGE][WARNING] - Timeout '0' is invalid. Using default page load timeout: '30'

2022-07-19 18:54:24 - [MESSAGE][PASSED] - Object 'Object Repository/CITIZEN/Page_Vaksinasi GetVaccine/Search/verify search gagal' is present

2022-07-19 18:54:24 - [TEST_STEP][PASSED] - click(findTestObject("CITIZEN/Page_Home  GetVaccine/home menu")): Object: 'Object Repository/CITIZEN/Page_Home  GetVaccine/home menu' is clicked on

2022-07-19 18:54:25 - [MESSAGE][PASSED] - Object: 'Object Repository/CITIZEN/Page_Home  GetVaccine/home menu' is clicked on

2022-07-19 18:54:25 - [TEST_STEP][PASSED] - click(findTestObject("CITIZEN/Page_Home  GetVaccine/vaksinasi menu")): Object: 'Object Repository/CITIZEN/Page_Home  GetVaccine/vaksinasi menu' is clicked on

2022-07-19 18:54:28 - [MESSAGE][PASSED] - Object: 'Object Repository/CITIZEN/Page_Home  GetVaccine/vaksinasi menu' is clicked on

2022-07-19 18:54:28 - [TEST_STEP][PASSED] - verifyElementPresent(findTestObject("CITIZEN/Page_Vaksinasi GetVaccine/verify vaksinasi page"), 0): Object 'Object Repository/CITIZEN/Page_Vaksinasi GetVaccine/verify vaksinasi page' is present

2022-07-19 18:54:28 - [MESSAGE][WARNING] - Timeout '0' is invalid. Using default page load timeout: '30'

2022-07-19 18:54:30 - [MESSAGE][PASSED] - Object 'Object Repository/CITIZEN/Page_Vaksinasi GetVaccine/verify vaksinasi page' is present

2022-07-19 18:54:30 - [TEST_STEP][PASSED] - click(findTestObject("CITIZEN/Page_Vaksinasi GetVaccine/Search/search bar")): Object: 'Object Repository/CITIZEN/Page_Vaksinasi GetVaccine/Search/search bar' is clicked on

2022-07-19 18:54:31 - [MESSAGE][PASSED] - Object: 'Object Repository/CITIZEN/Page_Vaksinasi GetVaccine/Search/search bar' is clicked on

2022-07-19 18:54:31 - [TEST_STEP][PASSED] - clearText(findTestObject("CITIZEN/Page_Vaksinasi GetVaccine/Search/search bar")): Text of object 'Object Repository/CITIZEN/Page_Vaksinasi GetVaccine/Search/search bar' is cleared

2022-07-19 18:54:31 - [MESSAGE][PASSED] - Text of object 'Object Repository/CITIZEN/Page_Vaksinasi GetVaccine/Search/search bar' is cleared

2022-07-19 18:54:31 - [TEST_STEP][PASSED] - setText(findTestObject("CITIZEN/Page_Vaksinasi GetVaccine/Search/search bar"), findTestData("CITIZEN/Search Vaccine").getValue(1, i)): Text '1111' is set on object 'Object Repository/CITIZEN/Page_Vaksinasi GetVaccine/Search/search bar'

2022-07-19 18:54:32 - [MESSAGE][PASSED] - Text '1111' is set on object 'Object Repository/CITIZEN/Page_Vaksinasi GetVaccine/Search/search bar'

2022-07-19 18:54:32 - [TEST_STEP][PASSED] - click(findTestObject("CITIZEN/Page_Vaksinasi GetVaccine/Search/button search")): Object: 'Object Repository/CITIZEN/Page_Vaksinasi GetVaccine/Search/button search' is clicked on

2022-07-19 18:54:32 - [MESSAGE][PASSED] - Object: 'Object Repository/CITIZEN/Page_Vaksinasi GetVaccine/Search/button search' is clicked on

2022-07-19 18:54:32 - [TEST_STEP][PASSED] - if (i <= 3): Object 'Object Repository/CITIZEN/Page_Vaksinasi GetVaccine/Search/verify search gagal' is present

2022-07-19 18:54:32 - [TEST_STEP][PASSED] - verifyElementPresent(findTestObject("CITIZEN/Page_Vaksinasi GetVaccine/Search/verify search gagal"), 0): Object 'Object Repository/CITIZEN/Page_Vaksinasi GetVaccine/Search/verify search gagal' is present

2022-07-19 18:54:32 - [MESSAGE][WARNING] - Timeout '0' is invalid. Using default page load timeout: '30'

2022-07-19 18:54:33 - [MESSAGE][PASSED] - Object 'Object Repository/CITIZEN/Page_Vaksinasi GetVaccine/Search/verify search gagal' is present

2022-07-19 18:54:33 - [TEST_STEP][PASSED] - click(findTestObject("CITIZEN/Page_Home  GetVaccine/home menu")): Object: 'Object Repository/CITIZEN/Page_Home  GetVaccine/home menu' is clicked on

2022-07-19 18:54:33 - [MESSAGE][PASSED] - Object: 'Object Repository/CITIZEN/Page_Home  GetVaccine/home menu' is clicked on

2022-07-19 18:54:33 - [TEST_STEP][PASSED] - click(findTestObject("CITIZEN/Page_Home  GetVaccine/vaksinasi menu")): Object: 'Object Repository/CITIZEN/Page_Home  GetVaccine/vaksinasi menu' is clicked on

2022-07-19 18:54:37 - [MESSAGE][PASSED] - Object: 'Object Repository/CITIZEN/Page_Home  GetVaccine/vaksinasi menu' is clicked on

2022-07-19 18:54:37 - [TEST_STEP][PASSED] - verifyElementPresent(findTestObject("CITIZEN/Page_Vaksinasi GetVaccine/verify vaksinasi page"), 0): Object 'Object Repository/CITIZEN/Page_Vaksinasi GetVaccine/verify vaksinasi page' is present

2022-07-19 18:54:37 - [MESSAGE][WARNING] - Timeout '0' is invalid. Using default page load timeout: '30'

2022-07-19 18:54:39 - [MESSAGE][PASSED] - Object 'Object Repository/CITIZEN/Page_Vaksinasi GetVaccine/verify vaksinasi page' is present

2022-07-19 18:54:39 - [TEST_STEP][PASSED] - click(findTestObject("CITIZEN/Page_Vaksinasi GetVaccine/Search/search bar")): Object: 'Object Repository/CITIZEN/Page_Vaksinasi GetVaccine/Search/search bar' is clicked on

2022-07-19 18:54:39 - [MESSAGE][PASSED] - Object: 'Object Repository/CITIZEN/Page_Vaksinasi GetVaccine/Search/search bar' is clicked on

2022-07-19 18:54:39 - [TEST_STEP][PASSED] - clearText(findTestObject("CITIZEN/Page_Vaksinasi GetVaccine/Search/search bar")): Text of object 'Object Repository/CITIZEN/Page_Vaksinasi GetVaccine/Search/search bar' is cleared

2022-07-19 18:54:39 - [MESSAGE][PASSED] - Text of object 'Object Repository/CITIZEN/Page_Vaksinasi GetVaccine/Search/search bar' is cleared

2022-07-19 18:54:39 - [TEST_STEP][PASSED] - setText(findTestObject("CITIZEN/Page_Vaksinasi GetVaccine/Search/search bar"), findTestData("CITIZEN/Search Vaccine").getValue(1, i)): Text 'london' is set on object 'Object Repository/CITIZEN/Page_Vaksinasi GetVaccine/Search/search bar'

2022-07-19 18:54:40 - [MESSAGE][PASSED] - Text 'london' is set on object 'Object Repository/CITIZEN/Page_Vaksinasi GetVaccine/Search/search bar'

2022-07-19 18:54:40 - [TEST_STEP][PASSED] - click(findTestObject("CITIZEN/Page_Vaksinasi GetVaccine/Search/button search")): Object: 'Object Repository/CITIZEN/Page_Vaksinasi GetVaccine/Search/button search' is clicked on

2022-07-19 18:54:40 - [MESSAGE][PASSED] - Object: 'Object Repository/CITIZEN/Page_Vaksinasi GetVaccine/Search/button search' is clicked on

2022-07-19 18:54:40 - [TEST_STEP][PASSED] - if (i <= 3): Object 'Object Repository/CITIZEN/Page_Vaksinasi GetVaccine/Search/verify search gagal' is present

2022-07-19 18:54:40 - [TEST_STEP][PASSED] - verifyElementPresent(findTestObject("CITIZEN/Page_Vaksinasi GetVaccine/Search/verify search gagal"), 0): Object 'Object Repository/CITIZEN/Page_Vaksinasi GetVaccine/Search/verify search gagal' is present

2022-07-19 18:54:41 - [MESSAGE][WARNING] - Timeout '0' is invalid. Using default page load timeout: '30'

2022-07-19 18:54:41 - [MESSAGE][PASSED] - Object 'Object Repository/CITIZEN/Page_Vaksinasi GetVaccine/Search/verify search gagal' is present

2022-07-19 18:54:41 - [TEST_STEP][PASSED] - click(findTestObject("CITIZEN/Page_Home  GetVaccine/home menu")): Object: 'Object Repository/CITIZEN/Page_Home  GetVaccine/home menu' is clicked on

2022-07-19 18:54:42 - [MESSAGE][PASSED] - Object: 'Object Repository/CITIZEN/Page_Home  GetVaccine/home menu' is clicked on

2022-07-19 18:54:42 - [TEST_STEP][PASSED] - click(findTestObject("CITIZEN/Page_Home  GetVaccine/vaksinasi menu")): Object: 'Object Repository/CITIZEN/Page_Home  GetVaccine/vaksinasi menu' is clicked on

2022-07-19 18:54:44 - [MESSAGE][PASSED] - Object: 'Object Repository/CITIZEN/Page_Home  GetVaccine/vaksinasi menu' is clicked on

2022-07-19 18:54:44 - [TEST_STEP][PASSED] - verifyElementPresent(findTestObject("CITIZEN/Page_Vaksinasi GetVaccine/verify vaksinasi page"), 0): Object 'Object Repository/CITIZEN/Page_Vaksinasi GetVaccine/verify vaksinasi page' is present

2022-07-19 18:54:44 - [MESSAGE][WARNING] - Timeout '0' is invalid. Using default page load timeout: '30'

2022-07-19 18:54:47 - [MESSAGE][PASSED] - Object 'Object Repository/CITIZEN/Page_Vaksinasi GetVaccine/verify vaksinasi page' is present

2022-07-19 18:54:47 - [TEST_STEP][PASSED] - click(findTestObject("CITIZEN/Page_Vaksinasi GetVaccine/Search/search bar")): Object: 'Object Repository/CITIZEN/Page_Vaksinasi GetVaccine/Search/search bar' is clicked on

2022-07-19 18:54:47 - [MESSAGE][PASSED] - Object: 'Object Repository/CITIZEN/Page_Vaksinasi GetVaccine/Search/search bar' is clicked on

2022-07-19 18:54:47 - [TEST_STEP][PASSED] - clearText(findTestObject("CITIZEN/Page_Vaksinasi GetVaccine/Search/search bar")): Text of object 'Object Repository/CITIZEN/Page_Vaksinasi GetVaccine/Search/search bar' is cleared

2022-07-19 18:54:47 - [MESSAGE][PASSED] - Text of object 'Object Repository/CITIZEN/Page_Vaksinasi GetVaccine/Search/search bar' is cleared

2022-07-19 18:54:47 - [TEST_STEP][PASSED] - setText(findTestObject("CITIZEN/Page_Vaksinasi GetVaccine/Search/search bar"), findTestData("CITIZEN/Search Vaccine").getValue(1, i)): Text 'Jawa Barat' is set on object 'Object Repository/CITIZEN/Page_Vaksinasi GetVaccine/Search/search bar'

2022-07-19 18:54:48 - [MESSAGE][PASSED] - Text 'Jawa Barat' is set on object 'Object Repository/CITIZEN/Page_Vaksinasi GetVaccine/Search/search bar'

2022-07-19 18:54:48 - [TEST_STEP][PASSED] - click(findTestObject("CITIZEN/Page_Vaksinasi GetVaccine/Search/button search")): Object: 'Object Repository/CITIZEN/Page_Vaksinasi GetVaccine/Search/button search' is clicked on

2022-07-19 18:54:49 - [MESSAGE][PASSED] - Object: 'Object Repository/CITIZEN/Page_Vaksinasi GetVaccine/Search/button search' is clicked on

2022-07-19 18:54:49 - [TEST_STEP][PASSED] - if (i <= 3): null

2022-07-19 18:54:49 - [TEST_STEP][PASSED] - else if (i == 4 | i == 5 | i == 6): Object 'Object Repository/CITIZEN/Page_undefined  GetVaccine/yonkes' is present

2022-07-19 18:54:49 - [TEST_STEP][PASSED] - verifyElementPresent(findTestObject("CITIZEN/Page_undefined  GetVaccine/yonkes"), 0): Object 'Object Repository/CITIZEN/Page_undefined  GetVaccine/yonkes' is present

2022-07-19 18:54:49 - [MESSAGE][WARNING] - Timeout '0' is invalid. Using default page load timeout: '30'

2022-07-19 18:54:49 - [MESSAGE][PASSED] - Object 'Object Repository/CITIZEN/Page_undefined  GetVaccine/yonkes' is present

2022-07-19 18:54:49 - [TEST_STEP][PASSED] - click(findTestObject("CITIZEN/Page_Home  GetVaccine/home menu")): Object: 'Object Repository/CITIZEN/Page_Home  GetVaccine/home menu' is clicked on

2022-07-19 18:54:50 - [MESSAGE][PASSED] - Object: 'Object Repository/CITIZEN/Page_Home  GetVaccine/home menu' is clicked on

2022-07-19 18:54:50 - [TEST_STEP][PASSED] - click(findTestObject("CITIZEN/Page_Home  GetVaccine/vaksinasi menu")): Object: 'Object Repository/CITIZEN/Page_Home  GetVaccine/vaksinasi menu' is clicked on

2022-07-19 18:54:53 - [MESSAGE][PASSED] - Object: 'Object Repository/CITIZEN/Page_Home  GetVaccine/vaksinasi menu' is clicked on

2022-07-19 18:54:53 - [TEST_STEP][PASSED] - verifyElementPresent(findTestObject("CITIZEN/Page_Vaksinasi GetVaccine/verify vaksinasi page"), 0): Object 'Object Repository/CITIZEN/Page_Vaksinasi GetVaccine/verify vaksinasi page' is present

2022-07-19 18:54:53 - [MESSAGE][WARNING] - Timeout '0' is invalid. Using default page load timeout: '30'

2022-07-19 18:54:55 - [MESSAGE][PASSED] - Object 'Object Repository/CITIZEN/Page_Vaksinasi GetVaccine/verify vaksinasi page' is present

2022-07-19 18:54:55 - [TEST_STEP][PASSED] - click(findTestObject("CITIZEN/Page_Vaksinasi GetVaccine/Search/search bar")): Object: 'Object Repository/CITIZEN/Page_Vaksinasi GetVaccine/Search/search bar' is clicked on

2022-07-19 18:54:55 - [MESSAGE][PASSED] - Object: 'Object Repository/CITIZEN/Page_Vaksinasi GetVaccine/Search/search bar' is clicked on

2022-07-19 18:54:55 - [TEST_STEP][PASSED] - clearText(findTestObject("CITIZEN/Page_Vaksinasi GetVaccine/Search/search bar")): Text of object 'Object Repository/CITIZEN/Page_Vaksinasi GetVaccine/Search/search bar' is cleared

2022-07-19 18:54:56 - [MESSAGE][PASSED] - Text of object 'Object Repository/CITIZEN/Page_Vaksinasi GetVaccine/Search/search bar' is cleared

2022-07-19 18:54:56 - [TEST_STEP][PASSED] - setText(findTestObject("CITIZEN/Page_Vaksinasi GetVaccine/Search/search bar"), findTestData("CITIZEN/Search Vaccine").getValue(1, i)): Text 'Bogor' is set on object 'Object Repository/CITIZEN/Page_Vaksinasi GetVaccine/Search/search bar'

2022-07-19 18:54:57 - [MESSAGE][PASSED] - Text 'Bogor' is set on object 'Object Repository/CITIZEN/Page_Vaksinasi GetVaccine/Search/search bar'

2022-07-19 18:54:57 - [TEST_STEP][PASSED] - click(findTestObject("CITIZEN/Page_Vaksinasi GetVaccine/Search/button search")): Object: 'Object Repository/CITIZEN/Page_Vaksinasi GetVaccine/Search/button search' is clicked on

2022-07-19 18:54:57 - [MESSAGE][PASSED] - Object: 'Object Repository/CITIZEN/Page_Vaksinasi GetVaccine/Search/button search' is clicked on

2022-07-19 18:54:57 - [TEST_STEP][PASSED] - if (i <= 3): null

2022-07-19 18:54:57 - [TEST_STEP][PASSED] - else if (i == 4 | i == 5 | i == 6): Object 'Object Repository/CITIZEN/Page_undefined  GetVaccine/yonkes' is present

2022-07-19 18:54:57 - [TEST_STEP][PASSED] - verifyElementPresent(findTestObject("CITIZEN/Page_undefined  GetVaccine/yonkes"), 0): Object 'Object Repository/CITIZEN/Page_undefined  GetVaccine/yonkes' is present

2022-07-19 18:54:57 - [MESSAGE][WARNING] - Timeout '0' is invalid. Using default page load timeout: '30'

2022-07-19 18:54:57 - [MESSAGE][PASSED] - Object 'Object Repository/CITIZEN/Page_undefined  GetVaccine/yonkes' is present

2022-07-19 18:54:57 - [TEST_STEP][PASSED] - click(findTestObject("CITIZEN/Page_Home  GetVaccine/home menu")): Object: 'Object Repository/CITIZEN/Page_Home  GetVaccine/home menu' is clicked on

2022-07-19 18:54:58 - [MESSAGE][PASSED] - Object: 'Object Repository/CITIZEN/Page_Home  GetVaccine/home menu' is clicked on

2022-07-19 18:54:58 - [TEST_STEP][PASSED] - click(findTestObject("CITIZEN/Page_Home  GetVaccine/vaksinasi menu")): Object: 'Object Repository/CITIZEN/Page_Home  GetVaccine/vaksinasi menu' is clicked on

2022-07-19 18:55:00 - [MESSAGE][PASSED] - Object: 'Object Repository/CITIZEN/Page_Home  GetVaccine/vaksinasi menu' is clicked on

2022-07-19 18:55:00 - [TEST_STEP][PASSED] - verifyElementPresent(findTestObject("CITIZEN/Page_Vaksinasi GetVaccine/verify vaksinasi page"), 0): Object 'Object Repository/CITIZEN/Page_Vaksinasi GetVaccine/verify vaksinasi page' is present

2022-07-19 18:55:00 - [MESSAGE][WARNING] - Timeout '0' is invalid. Using default page load timeout: '30'

2022-07-19 18:55:01 - [MESSAGE][PASSED] - Object 'Object Repository/CITIZEN/Page_Vaksinasi GetVaccine/verify vaksinasi page' is present

2022-07-19 18:55:01 - [TEST_STEP][PASSED] - click(findTestObject("CITIZEN/Page_Vaksinasi GetVaccine/Search/search bar")): Object: 'Object Repository/CITIZEN/Page_Vaksinasi GetVaccine/Search/search bar' is clicked on

2022-07-19 18:55:02 - [MESSAGE][PASSED] - Object: 'Object Repository/CITIZEN/Page_Vaksinasi GetVaccine/Search/search bar' is clicked on

2022-07-19 18:55:02 - [TEST_STEP][PASSED] - clearText(findTestObject("CITIZEN/Page_Vaksinasi GetVaccine/Search/search bar")): Text of object 'Object Repository/CITIZEN/Page_Vaksinasi GetVaccine/Search/search bar' is cleared

2022-07-19 18:55:02 - [MESSAGE][PASSED] - Text of object 'Object Repository/CITIZEN/Page_Vaksinasi GetVaccine/Search/search bar' is cleared

2022-07-19 18:55:02 - [TEST_STEP][PASSED] - setText(findTestObject("CITIZEN/Page_Vaksinasi GetVaccine/Search/search bar"), findTestData("CITIZEN/Search Vaccine").getValue(1, i)): Text '16710' is set on object 'Object Repository/CITIZEN/Page_Vaksinasi GetVaccine/Search/search bar'

2022-07-19 18:55:03 - [MESSAGE][PASSED] - Text '16710' is set on object 'Object Repository/CITIZEN/Page_Vaksinasi GetVaccine/Search/search bar'

2022-07-19 18:55:03 - [TEST_STEP][PASSED] - click(findTestObject("CITIZEN/Page_Vaksinasi GetVaccine/Search/button search")): Object: 'Object Repository/CITIZEN/Page_Vaksinasi GetVaccine/Search/button search' is clicked on

2022-07-19 18:55:03 - [MESSAGE][PASSED] - Object: 'Object Repository/CITIZEN/Page_Vaksinasi GetVaccine/Search/button search' is clicked on

2022-07-19 18:55:03 - [TEST_STEP][PASSED] - if (i <= 3): null

2022-07-19 18:55:03 - [TEST_STEP][PASSED] - else if (i == 4 | i == 5 | i == 6): Object 'Object Repository/CITIZEN/Page_undefined  GetVaccine/yonkes' is present

2022-07-19 18:55:03 - [TEST_STEP][PASSED] - verifyElementPresent(findTestObject("CITIZEN/Page_undefined  GetVaccine/yonkes"), 0): Object 'Object Repository/CITIZEN/Page_undefined  GetVaccine/yonkes' is present

2022-07-19 18:55:04 - [MESSAGE][WARNING] - Timeout '0' is invalid. Using default page load timeout: '30'

2022-07-19 18:55:04 - [MESSAGE][PASSED] - Object 'Object Repository/CITIZEN/Page_undefined  GetVaccine/yonkes' is present

2022-07-19 18:55:04 - [TEST_STEP][PASSED] - click(findTestObject("CITIZEN/Page_Home  GetVaccine/home menu")): Object: 'Object Repository/CITIZEN/Page_Home  GetVaccine/home menu' is clicked on

2022-07-19 18:55:04 - [MESSAGE][PASSED] - Object: 'Object Repository/CITIZEN/Page_Home  GetVaccine/home menu' is clicked on

2022-07-19 18:55:04 - [TEST_STEP][PASSED] - click(findTestObject("CITIZEN/Page_Home  GetVaccine/vaksinasi menu")): Object: 'Object Repository/CITIZEN/Page_Home  GetVaccine/vaksinasi menu' is clicked on

2022-07-19 18:55:06 - [MESSAGE][PASSED] - Object: 'Object Repository/CITIZEN/Page_Home  GetVaccine/vaksinasi menu' is clicked on

2022-07-19 18:55:06 - [TEST_STEP][PASSED] - verifyElementPresent(findTestObject("CITIZEN/Page_Vaksinasi GetVaccine/verify vaksinasi page"), 0): Object 'Object Repository/CITIZEN/Page_Vaksinasi GetVaccine/verify vaksinasi page' is present

2022-07-19 18:55:06 - [MESSAGE][WARNING] - Timeout '0' is invalid. Using default page load timeout: '30'

2022-07-19 18:55:08 - [MESSAGE][PASSED] - Object 'Object Repository/CITIZEN/Page_Vaksinasi GetVaccine/verify vaksinasi page' is present

2022-07-19 18:55:08 - [TEST_STEP][PASSED] - click(findTestObject("CITIZEN/Page_Vaksinasi GetVaccine/Search/search bar")): Object: 'Object Repository/CITIZEN/Page_Vaksinasi GetVaccine/Search/search bar' is clicked on

2022-07-19 18:55:08 - [MESSAGE][PASSED] - Object: 'Object Repository/CITIZEN/Page_Vaksinasi GetVaccine/Search/search bar' is clicked on

2022-07-19 18:55:08 - [TEST_STEP][PASSED] - clearText(findTestObject("CITIZEN/Page_Vaksinasi GetVaccine/Search/search bar")): Text of object 'Object Repository/CITIZEN/Page_Vaksinasi GetVaccine/Search/search bar' is cleared

2022-07-19 18:55:09 - [MESSAGE][PASSED] - Text of object 'Object Repository/CITIZEN/Page_Vaksinasi GetVaccine/Search/search bar' is cleared

2022-07-19 18:55:09 - [TEST_STEP][PASSED] - setText(findTestObject("CITIZEN/Page_Vaksinasi GetVaccine/Search/search bar"), findTestData("CITIZEN/Search Vaccine").getValue(1, i)): Text 'Yonkes' is set on object 'Object Repository/CITIZEN/Page_Vaksinasi GetVaccine/Search/search bar'

2022-07-19 18:55:09 - [MESSAGE][PASSED] - Text 'Yonkes' is set on object 'Object Repository/CITIZEN/Page_Vaksinasi GetVaccine/Search/search bar'

2022-07-19 18:55:09 - [TEST_STEP][PASSED] - click(findTestObject("CITIZEN/Page_Vaksinasi GetVaccine/Search/button search")): Object: 'Object Repository/CITIZEN/Page_Vaksinasi GetVaccine/Search/button search' is clicked on

2022-07-19 18:55:10 - [MESSAGE][PASSED] - Object: 'Object Repository/CITIZEN/Page_Vaksinasi GetVaccine/Search/button search' is clicked on

2022-07-19 18:55:10 - [TEST_STEP][PASSED] - if (i <= 3): null

2022-07-19 18:55:10 - [TEST_STEP][PASSED] - else if (i == 4 | i == 5 | i == 6): null

2022-07-19 18:55:10 - [TEST_STEP][PASSED] - else: Object 'Object Repository/CITIZEN/Page_undefined  GetVaccine/yonkes' is present

2022-07-19 18:55:10 - [TEST_STEP][PASSED] - verifyElementPresent(findTestObject("CITIZEN/Page_undefined  GetVaccine/yonkes"), 0): Object 'Object Repository/CITIZEN/Page_undefined  GetVaccine/yonkes' is present

2022-07-19 18:55:10 - [MESSAGE][WARNING] - Timeout '0' is invalid. Using default page load timeout: '30'

2022-07-19 18:55:10 - [MESSAGE][PASSED] - Object 'Object Repository/CITIZEN/Page_undefined  GetVaccine/yonkes' is present]]></system-out>
         <system-err><![CDATA[]]></system-err>
      </testcase>
      <testcase name="Test Cases/CITIZEN/VAKSINASI/TC_Health Facility" time="2.208" classname="Test Cases/CITIZEN/VAKSINASI/TC_Health Facility" status="PASSED">
         <system-out><![CDATA[2022-07-19 18:55:10 - [TEST_CASE][PASSED] - Test Cases/CITIZEN/VAKSINASI/TC_Health Facility: Test Cases/CITIZEN/VAKSINASI/TC_Health Facility

2022-07-19 18:55:11 - [TEST_STEP][PASSED] - click(findTestObject("CITIZEN/Page_undefined  GetVaccine/yonkes")): Object: 'Object Repository/CITIZEN/Page_undefined  GetVaccine/yonkes' is clicked on

2022-07-19 18:55:11 - [MESSAGE][PASSED] - Object: 'Object Repository/CITIZEN/Page_undefined  GetVaccine/yonkes' is clicked on

2022-07-19 18:55:11 - [TEST_STEP][PASSED] - verifyElementPresent(findTestObject("CITIZEN/Page_undefined  GetVaccine/verify yonkes"), 0): Object 'Object Repository/CITIZEN/Page_undefined  GetVaccine/verify yonkes' is present

2022-07-19 18:55:12 - [MESSAGE][WARNING] - Timeout '0' is invalid. Using default page load timeout: '30'

2022-07-19 18:55:13 - [MESSAGE][PASSED] - Object 'Object Repository/CITIZEN/Page_undefined  GetVaccine/verify yonkes' is present]]></system-out>
         <system-err><![CDATA[]]></system-err>
      </testcase>
      <testcase name="Test Cases/CITIZEN/ANGGOTA/TC_Tambah Anggota" time="132.992" classname="Test Cases/CITIZEN/ANGGOTA/TC_Tambah Anggota" status="PASSED">
         <system-out><![CDATA[2022-07-19 18:55:13 - [TEST_CASE][PASSED] - Test Cases/CITIZEN/ANGGOTA/TC_Tambah Anggota: Test Cases/CITIZEN/ANGGOTA/TC_Tambah Anggota

2022-07-19 18:55:13 - [TEST_STEP][PASSED] - for ([i = 1, i <= 7, (i++)]): Object: 'Object Repository/CITIZEN/Page_Vaksinasi GetVaccine/Tambah Anggota/close' is clicked on

2022-07-19 18:55:13 - [TEST_STEP][PASSED] - click(findTestObject("CITIZEN/Page_Vaksinasi GetVaccine/Tambah Anggota/fasilitas kesehatan")): Object: 'Object Repository/CITIZEN/Page_Vaksinasi GetVaccine/Tambah Anggota/fasilitas kesehatan' is clicked on

2022-07-19 18:55:15 - [MESSAGE][PASSED] - Object: 'Object Repository/CITIZEN/Page_Vaksinasi GetVaccine/Tambah Anggota/fasilitas kesehatan' is clicked on

2022-07-19 18:55:15 - [TEST_STEP][PASSED] - click(findTestObject("CITIZEN/Page_Vaksinasi GetVaccine/Tambah Anggota/btn tambah anggota")): Object: 'Object Repository/CITIZEN/Page_Vaksinasi GetVaccine/Tambah Anggota/btn tambah anggota' is clicked on

2022-07-19 18:55:22 - [MESSAGE][PASSED] - Object: 'Object Repository/CITIZEN/Page_Vaksinasi GetVaccine/Tambah Anggota/btn tambah anggota' is clicked on

2022-07-19 18:55:22 - [TEST_STEP][PASSED] - setText(findTestObject("Object Repository/CITIZEN/Page_undefined  GetVaccine/input_NIK_add family member_NIK"), findTestData("CITIZEN/TambahAnggota").getValue(1, i)): Text 'AAAA' is set on object 'Object Repository/CITIZEN/Page_undefined  GetVaccine/input_NIK_add family member_NIK'

2022-07-19 18:55:23 - [MESSAGE][PASSED] - Text 'AAAA' is set on object 'Object Repository/CITIZEN/Page_undefined  GetVaccine/input_NIK_add family member_NIK'

2022-07-19 18:55:23 - [TEST_STEP][PASSED] - setText(findTestObject("Object Repository/CITIZEN/Page_undefined  GetVaccine/input_Nama Lengkap_add family member_name"), findTestData("CITIZEN/TambahAnggota").getValue(2, i)): Text 'Qian Kun' is set on object 'Object Repository/CITIZEN/Page_undefined  GetVaccine/input_Nama Lengkap_add family member_name'

2022-07-19 18:55:24 - [MESSAGE][PASSED] - Text 'Qian Kun' is set on object 'Object Repository/CITIZEN/Page_undefined  GetVaccine/input_Nama Lengkap_add family member_name'

2022-07-19 18:55:24 - [TEST_STEP][PASSED] - setText(findTestObject("Object Repository/CITIZEN/Page_undefined  GetVaccine/input_Tempat Lahir_add family member_place__8ffebd"), findTestData("CITIZEN/TambahAnggota").getValue(3, i)): Text 'China' is set on object 'Object Repository/CITIZEN/Page_undefined  GetVaccine/input_Tempat Lahir_add family member_place__8ffebd'

2022-07-19 18:55:25 - [MESSAGE][PASSED] - Text 'China' is set on object 'Object Repository/CITIZEN/Page_undefined  GetVaccine/input_Tempat Lahir_add family member_place__8ffebd'

2022-07-19 18:55:25 - [TEST_STEP][PASSED] - click(findTestObject("Object Repository/CITIZEN/Page_undefined  GetVaccine/div_Tanggal Lahir_ant-picker-input")): Object: 'Object Repository/CITIZEN/Page_undefined  GetVaccine/div_Tanggal Lahir_ant-picker-input' is clicked on

2022-07-19 18:55:26 - [MESSAGE][PASSED] - Object: 'Object Repository/CITIZEN/Page_undefined  GetVaccine/div_Tanggal Lahir_ant-picker-input' is clicked on

2022-07-19 18:55:26 - [TEST_STEP][PASSED] - click(findTestObject("CITIZEN/Page_Vaksinasi GetVaccine/Tambah Anggota/year")): Object: 'Object Repository/CITIZEN/Page_Vaksinasi GetVaccine/Tambah Anggota/year' is clicked on

2022-07-19 18:55:26 - [MESSAGE][PASSED] - Object: 'Object Repository/CITIZEN/Page_Vaksinasi GetVaccine/Tambah Anggota/year' is clicked on

2022-07-19 18:55:26 - [TEST_STEP][PASSED] - click(findTestObject("CITIZEN/Page_Vaksinasi GetVaccine/Tambah Anggota/prev year")): Object: 'Object Repository/CITIZEN/Page_Vaksinasi GetVaccine/Tambah Anggota/prev year' is clicked on

2022-07-19 18:55:27 - [MESSAGE][PASSED] - Object: 'Object Repository/CITIZEN/Page_Vaksinasi GetVaccine/Tambah Anggota/prev year' is clicked on

2022-07-19 18:55:27 - [TEST_STEP][PASSED] - click(findTestObject("CITIZEN/Page_Vaksinasi GetVaccine/Tambah Anggota/prev year")): Object: 'Object Repository/CITIZEN/Page_Vaksinasi GetVaccine/Tambah Anggota/prev year' is clicked on

2022-07-19 18:55:27 - [MESSAGE][PASSED] - Object: 'Object Repository/CITIZEN/Page_Vaksinasi GetVaccine/Tambah Anggota/prev year' is clicked on

2022-07-19 18:55:27 - [TEST_STEP][PASSED] - click(findTestObject("CITIZEN/Page_Vaksinasi GetVaccine/Tambah Anggota/prev year")): Object: 'Object Repository/CITIZEN/Page_Vaksinasi GetVaccine/Tambah Anggota/prev year' is clicked on

2022-07-19 18:55:28 - [MESSAGE][PASSED] - Object: 'Object Repository/CITIZEN/Page_Vaksinasi GetVaccine/Tambah Anggota/prev year' is clicked on

2022-07-19 18:55:28 - [TEST_STEP][PASSED] - click(findTestObject("CITIZEN/Page_Vaksinasi GetVaccine/Tambah Anggota/1996")): Object: 'Object Repository/CITIZEN/Page_Vaksinasi GetVaccine/Tambah Anggota/1996' is clicked on

2022-07-19 18:55:28 - [MESSAGE][PASSED] - Object: 'Object Repository/CITIZEN/Page_Vaksinasi GetVaccine/Tambah Anggota/1996' is clicked on

2022-07-19 18:55:28 - [TEST_STEP][PASSED] - click(findTestObject("CITIZEN/Page_Vaksinasi GetVaccine/Tambah Anggota/januari")): Object: 'Object Repository/CITIZEN/Page_Vaksinasi GetVaccine/Tambah Anggota/januari' is clicked on

2022-07-19 18:55:29 - [MESSAGE][PASSED] - Object: 'Object Repository/CITIZEN/Page_Vaksinasi GetVaccine/Tambah Anggota/januari' is clicked on

2022-07-19 18:55:29 - [TEST_STEP][PASSED] - click(findTestObject("CITIZEN/Page_Vaksinasi GetVaccine/Tambah Anggota/tgl 1")): Object: 'Object Repository/CITIZEN/Page_Vaksinasi GetVaccine/Tambah Anggota/tgl 1' is clicked on

2022-07-19 18:55:29 - [MESSAGE][PASSED] - Object: 'Object Repository/CITIZEN/Page_Vaksinasi GetVaccine/Tambah Anggota/tgl 1' is clicked on

2022-07-19 18:55:29 - [TEST_STEP][PASSED] - click(findTestObject("CITIZEN/Page_Vaksinasi GetVaccine/Tambah Anggota/jk sebelum")): Object: 'Object Repository/CITIZEN/Page_Vaksinasi GetVaccine/Tambah Anggota/jk sebelum' is clicked on

2022-07-19 18:55:30 - [MESSAGE][PASSED] - Object: 'Object Repository/CITIZEN/Page_Vaksinasi GetVaccine/Tambah Anggota/jk sebelum' is clicked on

2022-07-19 18:55:30 - [TEST_STEP][PASSED] - click(findTestObject("Object Repository/CITIZEN/Page_undefined  GetVaccine/div_Laki - Laki")): Object: 'Object Repository/CITIZEN/Page_undefined  GetVaccine/div_Laki - Laki' is clicked on

2022-07-19 18:55:30 - [MESSAGE][PASSED] - Object: 'Object Repository/CITIZEN/Page_undefined  GetVaccine/div_Laki - Laki' is clicked on

2022-07-19 18:55:30 - [TEST_STEP][PASSED] - click(findTestObject("CITIZEN/Page_Vaksinasi GetVaccine/Tambah Anggota/hubungan")): Object: 'Object Repository/CITIZEN/Page_Vaksinasi GetVaccine/Tambah Anggota/hubungan' is clicked on

2022-07-19 18:55:31 - [MESSAGE][PASSED] - Object: 'Object Repository/CITIZEN/Page_Vaksinasi GetVaccine/Tambah Anggota/hubungan' is clicked on

2022-07-19 18:55:31 - [TEST_STEP][PASSED] - click(findTestObject("Object Repository/CITIZEN/Page_undefined  GetVaccine/div_Saudara")): Object: 'Object Repository/CITIZEN/Page_undefined  GetVaccine/div_Saudara' is clicked on

2022-07-19 18:55:31 - [MESSAGE][PASSED] - Object: 'Object Repository/CITIZEN/Page_undefined  GetVaccine/div_Saudara' is clicked on

2022-07-19 18:55:31 - [TEST_STEP][PASSED] - setText(findTestObject("Object Repository/CITIZEN/Page_undefined  GetVaccine/input_Email_add family member_email"), findTestData("CITIZEN/TambahAnggota").getValue(4, i)): Text 'kun@nct.com' is set on object 'Object Repository/CITIZEN/Page_undefined  GetVaccine/input_Email_add family member_email'

2022-07-19 18:55:32 - [MESSAGE][PASSED] - Text 'kun@nct.com' is set on object 'Object Repository/CITIZEN/Page_undefined  GetVaccine/input_Email_add family member_email'

2022-07-19 18:55:32 - [TEST_STEP][PASSED] - setText(findTestObject("Object Repository/CITIZEN/Page_undefined  GetVaccine/input_Nomor Telepon_add family member_phone_number"), findTestData("CITIZEN/TambahAnggota").getValue(5, i)): Text '08822992200' is set on object 'Object Repository/CITIZEN/Page_undefined  GetVaccine/input_Nomor Telepon_add family member_phone_number'

2022-07-19 18:55:34 - [MESSAGE][PASSED] - Text '08822992200' is set on object 'Object Repository/CITIZEN/Page_undefined  GetVaccine/input_Nomor Telepon_add family member_phone_number'

2022-07-19 18:55:34 - [TEST_STEP][PASSED] - setText(findTestObject("Object Repository/CITIZEN/Page_undefined  GetVaccine/input_Alamat KTP_add family member_id_card_address"), findTestData("CITIZEN/TambahAnggota").getValue(6, i)): Text 'Jakarta' is set on object 'Object Repository/CITIZEN/Page_undefined  GetVaccine/input_Alamat KTP_add family member_id_card_address'

2022-07-19 18:55:35 - [MESSAGE][PASSED] - Text 'Jakarta' is set on object 'Object Repository/CITIZEN/Page_undefined  GetVaccine/input_Alamat KTP_add family member_id_card_address'

2022-07-19 18:55:35 - [TEST_STEP][PASSED] - setText(findTestObject("Object Repository/CITIZEN/Page_undefined  GetVaccine/input_Alamat Saat ini_add family member_res_c155da"), findTestData("CITIZEN/TambahAnggota").getValue(7, i)): Text 'Jakarta' is set on object 'Object Repository/CITIZEN/Page_undefined  GetVaccine/input_Alamat Saat ini_add family member_res_c155da'

2022-07-19 18:55:36 - [MESSAGE][PASSED] - Text 'Jakarta' is set on object 'Object Repository/CITIZEN/Page_undefined  GetVaccine/input_Alamat Saat ini_add family member_res_c155da'

2022-07-19 18:55:36 - [TEST_STEP][PASSED] - click(findTestObject("Object Repository/CITIZEN/Page_undefined  GetVaccine/span_Submit")): Object: 'Object Repository/CITIZEN/Page_undefined  GetVaccine/span_Submit' is clicked on

2022-07-19 18:55:36 - [MESSAGE][PASSED] - Object: 'Object Repository/CITIZEN/Page_undefined  GetVaccine/span_Submit' is clicked on

2022-07-19 18:55:36 - [TEST_STEP][PASSED] - if (i == 1): Object: 'Object Repository/CITIZEN/Page_Vaksinasi GetVaccine/Tambah Anggota/close' is clicked on

2022-07-19 18:55:36 - [TEST_STEP][PASSED] - verifyElementPresent(findTestObject("CITIZEN/Page_Vaksinasi GetVaccine/Tambah Anggota/alert inpputan harus angka"), 0): Object 'Object Repository/CITIZEN/Page_Vaksinasi GetVaccine/Tambah Anggota/alert inpputan harus angka' is present

2022-07-19 18:55:36 - [MESSAGE][WARNING] - Timeout '0' is invalid. Using default page load timeout: '30'

2022-07-19 18:55:37 - [MESSAGE][PASSED] - Object 'Object Repository/CITIZEN/Page_Vaksinasi GetVaccine/Tambah Anggota/alert inpputan harus angka' is present

2022-07-19 18:55:37 - [TEST_STEP][PASSED] - click(findTestObject("CITIZEN/Page_Vaksinasi GetVaccine/Tambah Anggota/close")): Object: 'Object Repository/CITIZEN/Page_Vaksinasi GetVaccine/Tambah Anggota/close' is clicked on

2022-07-19 18:55:37 - [MESSAGE][PASSED] - Object: 'Object Repository/CITIZEN/Page_Vaksinasi GetVaccine/Tambah Anggota/close' is clicked on

2022-07-19 18:55:37 - [TEST_STEP][PASSED] - click(findTestObject("CITIZEN/Page_Vaksinasi GetVaccine/Tambah Anggota/fasilitas kesehatan")): Object: 'Object Repository/CITIZEN/Page_Vaksinasi GetVaccine/Tambah Anggota/fasilitas kesehatan' is clicked on

2022-07-19 18:55:39 - [MESSAGE][PASSED] - Object: 'Object Repository/CITIZEN/Page_Vaksinasi GetVaccine/Tambah Anggota/fasilitas kesehatan' is clicked on

2022-07-19 18:55:39 - [TEST_STEP][PASSED] - click(findTestObject("CITIZEN/Page_Vaksinasi GetVaccine/Tambah Anggota/btn tambah anggota")): Object: 'Object Repository/CITIZEN/Page_Vaksinasi GetVaccine/Tambah Anggota/btn tambah anggota' is clicked on

2022-07-19 18:55:40 - [MESSAGE][PASSED] - Object: 'Object Repository/CITIZEN/Page_Vaksinasi GetVaccine/Tambah Anggota/btn tambah anggota' is clicked on

2022-07-19 18:55:40 - [TEST_STEP][PASSED] - setText(findTestObject("Object Repository/CITIZEN/Page_undefined  GetVaccine/input_NIK_add family member_NIK"), findTestData("CITIZEN/TambahAnggota").getValue(1, i)): Text '12345' is set on object 'Object Repository/CITIZEN/Page_undefined  GetVaccine/input_NIK_add family member_NIK'

2022-07-19 18:55:41 - [MESSAGE][PASSED] - Text '12345' is set on object 'Object Repository/CITIZEN/Page_undefined  GetVaccine/input_NIK_add family member_NIK'

2022-07-19 18:55:41 - [TEST_STEP][PASSED] - setText(findTestObject("Object Repository/CITIZEN/Page_undefined  GetVaccine/input_Nama Lengkap_add family member_name"), findTestData("CITIZEN/TambahAnggota").getValue(2, i)): Text 'Qian Kun' is set on object 'Object Repository/CITIZEN/Page_undefined  GetVaccine/input_Nama Lengkap_add family member_name'

2022-07-19 18:55:42 - [MESSAGE][PASSED] - Text 'Qian Kun' is set on object 'Object Repository/CITIZEN/Page_undefined  GetVaccine/input_Nama Lengkap_add family member_name'

2022-07-19 18:55:42 - [TEST_STEP][PASSED] - setText(findTestObject("Object Repository/CITIZEN/Page_undefined  GetVaccine/input_Tempat Lahir_add family member_place__8ffebd"), findTestData("CITIZEN/TambahAnggota").getValue(3, i)): Text 'China' is set on object 'Object Repository/CITIZEN/Page_undefined  GetVaccine/input_Tempat Lahir_add family member_place__8ffebd'

2022-07-19 18:55:43 - [MESSAGE][PASSED] - Text 'China' is set on object 'Object Repository/CITIZEN/Page_undefined  GetVaccine/input_Tempat Lahir_add family member_place__8ffebd'

2022-07-19 18:55:43 - [TEST_STEP][PASSED] - click(findTestObject("Object Repository/CITIZEN/Page_undefined  GetVaccine/div_Tanggal Lahir_ant-picker-input")): Object: 'Object Repository/CITIZEN/Page_undefined  GetVaccine/div_Tanggal Lahir_ant-picker-input' is clicked on

2022-07-19 18:55:44 - [MESSAGE][PASSED] - Object: 'Object Repository/CITIZEN/Page_undefined  GetVaccine/div_Tanggal Lahir_ant-picker-input' is clicked on

2022-07-19 18:55:44 - [TEST_STEP][PASSED] - click(findTestObject("CITIZEN/Page_Vaksinasi GetVaccine/Tambah Anggota/year")): Object: 'Object Repository/CITIZEN/Page_Vaksinasi GetVaccine/Tambah Anggota/year' is clicked on

2022-07-19 18:55:44 - [MESSAGE][PASSED] - Object: 'Object Repository/CITIZEN/Page_Vaksinasi GetVaccine/Tambah Anggota/year' is clicked on

2022-07-19 18:55:44 - [TEST_STEP][PASSED] - click(findTestObject("CITIZEN/Page_Vaksinasi GetVaccine/Tambah Anggota/prev year")): Object: 'Object Repository/CITIZEN/Page_Vaksinasi GetVaccine/Tambah Anggota/prev year' is clicked on

2022-07-19 18:55:45 - [MESSAGE][PASSED] - Object: 'Object Repository/CITIZEN/Page_Vaksinasi GetVaccine/Tambah Anggota/prev year' is clicked on

2022-07-19 18:55:45 - [TEST_STEP][PASSED] - click(findTestObject("CITIZEN/Page_Vaksinasi GetVaccine/Tambah Anggota/prev year")): Object: 'Object Repository/CITIZEN/Page_Vaksinasi GetVaccine/Tambah Anggota/prev year' is clicked on

2022-07-19 18:55:45 - [MESSAGE][PASSED] - Object: 'Object Repository/CITIZEN/Page_Vaksinasi GetVaccine/Tambah Anggota/prev year' is clicked on

2022-07-19 18:55:45 - [TEST_STEP][PASSED] - click(findTestObject("CITIZEN/Page_Vaksinasi GetVaccine/Tambah Anggota/prev year")): Object: 'Object Repository/CITIZEN/Page_Vaksinasi GetVaccine/Tambah Anggota/prev year' is clicked on

2022-07-19 18:55:46 - [MESSAGE][PASSED] - Object: 'Object Repository/CITIZEN/Page_Vaksinasi GetVaccine/Tambah Anggota/prev year' is clicked on

2022-07-19 18:55:46 - [TEST_STEP][PASSED] - click(findTestObject("CITIZEN/Page_Vaksinasi GetVaccine/Tambah Anggota/1996")): Object: 'Object Repository/CITIZEN/Page_Vaksinasi GetVaccine/Tambah Anggota/1996' is clicked on

2022-07-19 18:55:46 - [MESSAGE][PASSED] - Object: 'Object Repository/CITIZEN/Page_Vaksinasi GetVaccine/Tambah Anggota/1996' is clicked on

2022-07-19 18:55:46 - [TEST_STEP][PASSED] - click(findTestObject("CITIZEN/Page_Vaksinasi GetVaccine/Tambah Anggota/januari")): Object: 'Object Repository/CITIZEN/Page_Vaksinasi GetVaccine/Tambah Anggota/januari' is clicked on

2022-07-19 18:55:47 - [MESSAGE][PASSED] - Object: 'Object Repository/CITIZEN/Page_Vaksinasi GetVaccine/Tambah Anggota/januari' is clicked on

2022-07-19 18:55:47 - [TEST_STEP][PASSED] - click(findTestObject("CITIZEN/Page_Vaksinasi GetVaccine/Tambah Anggota/tgl 1")): Object: 'Object Repository/CITIZEN/Page_Vaksinasi GetVaccine/Tambah Anggota/tgl 1' is clicked on

2022-07-19 18:55:48 - [MESSAGE][PASSED] - Object: 'Object Repository/CITIZEN/Page_Vaksinasi GetVaccine/Tambah Anggota/tgl 1' is clicked on

2022-07-19 18:55:48 - [TEST_STEP][PASSED] - click(findTestObject("CITIZEN/Page_Vaksinasi GetVaccine/Tambah Anggota/jk sebelum")): Object: 'Object Repository/CITIZEN/Page_Vaksinasi GetVaccine/Tambah Anggota/jk sebelum' is clicked on

2022-07-19 18:55:48 - [MESSAGE][PASSED] - Object: 'Object Repository/CITIZEN/Page_Vaksinasi GetVaccine/Tambah Anggota/jk sebelum' is clicked on

2022-07-19 18:55:48 - [TEST_STEP][PASSED] - click(findTestObject("Object Repository/CITIZEN/Page_undefined  GetVaccine/div_Laki - Laki")): Object: 'Object Repository/CITIZEN/Page_undefined  GetVaccine/div_Laki - Laki' is clicked on

2022-07-19 18:55:49 - [MESSAGE][PASSED] - Object: 'Object Repository/CITIZEN/Page_undefined  GetVaccine/div_Laki - Laki' is clicked on

2022-07-19 18:55:49 - [TEST_STEP][PASSED] - click(findTestObject("CITIZEN/Page_Vaksinasi GetVaccine/Tambah Anggota/hubungan")): Object: 'Object Repository/CITIZEN/Page_Vaksinasi GetVaccine/Tambah Anggota/hubungan' is clicked on

2022-07-19 18:55:49 - [MESSAGE][PASSED] - Object: 'Object Repository/CITIZEN/Page_Vaksinasi GetVaccine/Tambah Anggota/hubungan' is clicked on

2022-07-19 18:55:49 - [TEST_STEP][PASSED] - click(findTestObject("Object Repository/CITIZEN/Page_undefined  GetVaccine/div_Saudara")): Object: 'Object Repository/CITIZEN/Page_undefined  GetVaccine/div_Saudara' is clicked on

2022-07-19 18:55:50 - [MESSAGE][PASSED] - Object: 'Object Repository/CITIZEN/Page_undefined  GetVaccine/div_Saudara' is clicked on

2022-07-19 18:55:50 - [TEST_STEP][PASSED] - setText(findTestObject("Object Repository/CITIZEN/Page_undefined  GetVaccine/input_Email_add family member_email"), findTestData("CITIZEN/TambahAnggota").getValue(4, i)): Text 'kun@nct.com' is set on object 'Object Repository/CITIZEN/Page_undefined  GetVaccine/input_Email_add family member_email'

2022-07-19 18:55:51 - [MESSAGE][PASSED] - Text 'kun@nct.com' is set on object 'Object Repository/CITIZEN/Page_undefined  GetVaccine/input_Email_add family member_email'

2022-07-19 18:55:51 - [TEST_STEP][PASSED] - setText(findTestObject("Object Repository/CITIZEN/Page_undefined  GetVaccine/input_Nomor Telepon_add family member_phone_number"), findTestData("CITIZEN/TambahAnggota").getValue(5, i)): Text '08822992200' is set on object 'Object Repository/CITIZEN/Page_undefined  GetVaccine/input_Nomor Telepon_add family member_phone_number'

2022-07-19 18:55:52 - [MESSAGE][PASSED] - Text '08822992200' is set on object 'Object Repository/CITIZEN/Page_undefined  GetVaccine/input_Nomor Telepon_add family member_phone_number'

2022-07-19 18:55:52 - [TEST_STEP][PASSED] - setText(findTestObject("Object Repository/CITIZEN/Page_undefined  GetVaccine/input_Alamat KTP_add family member_id_card_address"), findTestData("CITIZEN/TambahAnggota").getValue(6, i)): Text 'Jakarta' is set on object 'Object Repository/CITIZEN/Page_undefined  GetVaccine/input_Alamat KTP_add family member_id_card_address'

2022-07-19 18:55:53 - [MESSAGE][PASSED] - Text 'Jakarta' is set on object 'Object Repository/CITIZEN/Page_undefined  GetVaccine/input_Alamat KTP_add family member_id_card_address'

2022-07-19 18:55:53 - [TEST_STEP][PASSED] - setText(findTestObject("Object Repository/CITIZEN/Page_undefined  GetVaccine/input_Alamat Saat ini_add family member_res_c155da"), findTestData("CITIZEN/TambahAnggota").getValue(7, i)): Text 'Jakarta' is set on object 'Object Repository/CITIZEN/Page_undefined  GetVaccine/input_Alamat Saat ini_add family member_res_c155da'

2022-07-19 18:55:54 - [MESSAGE][PASSED] - Text 'Jakarta' is set on object 'Object Repository/CITIZEN/Page_undefined  GetVaccine/input_Alamat Saat ini_add family member_res_c155da'

2022-07-19 18:55:54 - [TEST_STEP][PASSED] - click(findTestObject("Object Repository/CITIZEN/Page_undefined  GetVaccine/span_Submit")): Object: 'Object Repository/CITIZEN/Page_undefined  GetVaccine/span_Submit' is clicked on

2022-07-19 18:55:54 - [MESSAGE][PASSED] - Object: 'Object Repository/CITIZEN/Page_undefined  GetVaccine/span_Submit' is clicked on

2022-07-19 18:55:54 - [TEST_STEP][PASSED] - if (i == 1): null

2022-07-19 18:55:54 - [TEST_STEP][PASSED] - else if (i == 2): Object: 'Object Repository/CITIZEN/Page_Vaksinasi GetVaccine/Tambah Anggota/close' is clicked on

2022-07-19 18:55:54 - [TEST_STEP][PASSED] - verifyElementPresent(findTestObject("CITIZEN/Page_Vaksinasi GetVaccine/Tambah Anggota/alert nik inputan harus 16"), 0): Object 'Object Repository/CITIZEN/Page_Vaksinasi GetVaccine/Tambah Anggota/alert nik inputan harus 16' is present

2022-07-19 18:55:55 - [MESSAGE][WARNING] - Timeout '0' is invalid. Using default page load timeout: '30'

2022-07-19 18:55:55 - [MESSAGE][PASSED] - Object 'Object Repository/CITIZEN/Page_Vaksinasi GetVaccine/Tambah Anggota/alert nik inputan harus 16' is present

2022-07-19 18:55:55 - [TEST_STEP][PASSED] - click(findTestObject("CITIZEN/Page_Vaksinasi GetVaccine/Tambah Anggota/close")): Object: 'Object Repository/CITIZEN/Page_Vaksinasi GetVaccine/Tambah Anggota/close' is clicked on

2022-07-19 18:55:56 - [MESSAGE][PASSED] - Object: 'Object Repository/CITIZEN/Page_Vaksinasi GetVaccine/Tambah Anggota/close' is clicked on

2022-07-19 18:55:56 - [TEST_STEP][PASSED] - click(findTestObject("CITIZEN/Page_Vaksinasi GetVaccine/Tambah Anggota/fasilitas kesehatan")): Object: 'Object Repository/CITIZEN/Page_Vaksinasi GetVaccine/Tambah Anggota/fasilitas kesehatan' is clicked on

2022-07-19 18:55:57 - [MESSAGE][PASSED] - Object: 'Object Repository/CITIZEN/Page_Vaksinasi GetVaccine/Tambah Anggota/fasilitas kesehatan' is clicked on

2022-07-19 18:55:57 - [TEST_STEP][PASSED] - click(findTestObject("CITIZEN/Page_Vaksinasi GetVaccine/Tambah Anggota/btn tambah anggota")): Object: 'Object Repository/CITIZEN/Page_Vaksinasi GetVaccine/Tambah Anggota/btn tambah anggota' is clicked on

2022-07-19 18:55:58 - [MESSAGE][PASSED] - Object: 'Object Repository/CITIZEN/Page_Vaksinasi GetVaccine/Tambah Anggota/btn tambah anggota' is clicked on

2022-07-19 18:55:58 - [TEST_STEP][PASSED] - setText(findTestObject("Object Repository/CITIZEN/Page_undefined  GetVaccine/input_NIK_add family member_NIK"), findTestData("CITIZEN/TambahAnggota").getValue(1, i)): Text '7890789078907890' is set on object 'Object Repository/CITIZEN/Page_undefined  GetVaccine/input_NIK_add family member_NIK'

2022-07-19 18:56:00 - [MESSAGE][PASSED] - Text '7890789078907890' is set on object 'Object Repository/CITIZEN/Page_undefined  GetVaccine/input_NIK_add family member_NIK'

2022-07-19 18:56:00 - [TEST_STEP][PASSED] - setText(findTestObject("Object Repository/CITIZEN/Page_undefined  GetVaccine/input_Nama Lengkap_add family member_name"), findTestData("CITIZEN/TambahAnggota").getValue(2, i)): Text 'Kun' is set on object 'Object Repository/CITIZEN/Page_undefined  GetVaccine/input_Nama Lengkap_add family member_name'

2022-07-19 18:56:01 - [MESSAGE][PASSED] - Text 'Kun' is set on object 'Object Repository/CITIZEN/Page_undefined  GetVaccine/input_Nama Lengkap_add family member_name'

2022-07-19 18:56:01 - [TEST_STEP][PASSED] - setText(findTestObject("Object Repository/CITIZEN/Page_undefined  GetVaccine/input_Tempat Lahir_add family member_place__8ffebd"), findTestData("CITIZEN/TambahAnggota").getValue(3, i)): Text 'China' is set on object 'Object Repository/CITIZEN/Page_undefined  GetVaccine/input_Tempat Lahir_add family member_place__8ffebd'

2022-07-19 18:56:02 - [MESSAGE][PASSED] - Text 'China' is set on object 'Object Repository/CITIZEN/Page_undefined  GetVaccine/input_Tempat Lahir_add family member_place__8ffebd'

2022-07-19 18:56:02 - [TEST_STEP][PASSED] - click(findTestObject("Object Repository/CITIZEN/Page_undefined  GetVaccine/div_Tanggal Lahir_ant-picker-input")): Object: 'Object Repository/CITIZEN/Page_undefined  GetVaccine/div_Tanggal Lahir_ant-picker-input' is clicked on

2022-07-19 18:56:02 - [MESSAGE][PASSED] - Object: 'Object Repository/CITIZEN/Page_undefined  GetVaccine/div_Tanggal Lahir_ant-picker-input' is clicked on

2022-07-19 18:56:02 - [TEST_STEP][PASSED] - click(findTestObject("CITIZEN/Page_Vaksinasi GetVaccine/Tambah Anggota/year")): Object: 'Object Repository/CITIZEN/Page_Vaksinasi GetVaccine/Tambah Anggota/year' is clicked on

2022-07-19 18:56:03 - [MESSAGE][PASSED] - Object: 'Object Repository/CITIZEN/Page_Vaksinasi GetVaccine/Tambah Anggota/year' is clicked on

2022-07-19 18:56:03 - [TEST_STEP][PASSED] - click(findTestObject("CITIZEN/Page_Vaksinasi GetVaccine/Tambah Anggota/prev year")): Object: 'Object Repository/CITIZEN/Page_Vaksinasi GetVaccine/Tambah Anggota/prev year' is clicked on

2022-07-19 18:56:03 - [MESSAGE][PASSED] - Object: 'Object Repository/CITIZEN/Page_Vaksinasi GetVaccine/Tambah Anggota/prev year' is clicked on

2022-07-19 18:56:03 - [TEST_STEP][PASSED] - click(findTestObject("CITIZEN/Page_Vaksinasi GetVaccine/Tambah Anggota/prev year")): Object: 'Object Repository/CITIZEN/Page_Vaksinasi GetVaccine/Tambah Anggota/prev year' is clicked on

2022-07-19 18:56:04 - [MESSAGE][PASSED] - Object: 'Object Repository/CITIZEN/Page_Vaksinasi GetVaccine/Tambah Anggota/prev year' is clicked on

2022-07-19 18:56:04 - [TEST_STEP][PASSED] - click(findTestObject("CITIZEN/Page_Vaksinasi GetVaccine/Tambah Anggota/prev year")): Object: 'Object Repository/CITIZEN/Page_Vaksinasi GetVaccine/Tambah Anggota/prev year' is clicked on

2022-07-19 18:56:04 - [MESSAGE][PASSED] - Object: 'Object Repository/CITIZEN/Page_Vaksinasi GetVaccine/Tambah Anggota/prev year' is clicked on

2022-07-19 18:56:04 - [TEST_STEP][PASSED] - click(findTestObject("CITIZEN/Page_Vaksinasi GetVaccine/Tambah Anggota/1996")): Object: 'Object Repository/CITIZEN/Page_Vaksinasi GetVaccine/Tambah Anggota/1996' is clicked on

2022-07-19 18:56:05 - [MESSAGE][PASSED] - Object: 'Object Repository/CITIZEN/Page_Vaksinasi GetVaccine/Tambah Anggota/1996' is clicked on

2022-07-19 18:56:05 - [TEST_STEP][PASSED] - click(findTestObject("CITIZEN/Page_Vaksinasi GetVaccine/Tambah Anggota/januari")): Object: 'Object Repository/CITIZEN/Page_Vaksinasi GetVaccine/Tambah Anggota/januari' is clicked on

2022-07-19 18:56:05 - [MESSAGE][PASSED] - Object: 'Object Repository/CITIZEN/Page_Vaksinasi GetVaccine/Tambah Anggota/januari' is clicked on

2022-07-19 18:56:05 - [TEST_STEP][PASSED] - click(findTestObject("CITIZEN/Page_Vaksinasi GetVaccine/Tambah Anggota/tgl 1")): Object: 'Object Repository/CITIZEN/Page_Vaksinasi GetVaccine/Tambah Anggota/tgl 1' is clicked on

2022-07-19 18:56:06 - [MESSAGE][PASSED] - Object: 'Object Repository/CITIZEN/Page_Vaksinasi GetVaccine/Tambah Anggota/tgl 1' is clicked on

2022-07-19 18:56:06 - [TEST_STEP][PASSED] - click(findTestObject("CITIZEN/Page_Vaksinasi GetVaccine/Tambah Anggota/jk sebelum")): Object: 'Object Repository/CITIZEN/Page_Vaksinasi GetVaccine/Tambah Anggota/jk sebelum' is clicked on

2022-07-19 18:56:06 - [MESSAGE][PASSED] - Object: 'Object Repository/CITIZEN/Page_Vaksinasi GetVaccine/Tambah Anggota/jk sebelum' is clicked on

2022-07-19 18:56:06 - [TEST_STEP][PASSED] - click(findTestObject("Object Repository/CITIZEN/Page_undefined  GetVaccine/div_Laki - Laki")): Object: 'Object Repository/CITIZEN/Page_undefined  GetVaccine/div_Laki - Laki' is clicked on

2022-07-19 18:56:07 - [MESSAGE][PASSED] - Object: 'Object Repository/CITIZEN/Page_undefined  GetVaccine/div_Laki - Laki' is clicked on

2022-07-19 18:56:07 - [TEST_STEP][PASSED] - click(findTestObject("CITIZEN/Page_Vaksinasi GetVaccine/Tambah Anggota/hubungan")): Object: 'Object Repository/CITIZEN/Page_Vaksinasi GetVaccine/Tambah Anggota/hubungan' is clicked on

2022-07-19 18:56:07 - [MESSAGE][PASSED] - Object: 'Object Repository/CITIZEN/Page_Vaksinasi GetVaccine/Tambah Anggota/hubungan' is clicked on

2022-07-19 18:56:07 - [TEST_STEP][PASSED] - click(findTestObject("Object Repository/CITIZEN/Page_undefined  GetVaccine/div_Saudara")): Object: 'Object Repository/CITIZEN/Page_undefined  GetVaccine/div_Saudara' is clicked on

2022-07-19 18:56:08 - [MESSAGE][PASSED] - Object: 'Object Repository/CITIZEN/Page_undefined  GetVaccine/div_Saudara' is clicked on

2022-07-19 18:56:08 - [TEST_STEP][PASSED] - setText(findTestObject("Object Repository/CITIZEN/Page_undefined  GetVaccine/input_Email_add family member_email"), findTestData("CITIZEN/TambahAnggota").getValue(4, i)): Text 'kun@nct.com' is set on object 'Object Repository/CITIZEN/Page_undefined  GetVaccine/input_Email_add family member_email'

2022-07-19 18:56:09 - [MESSAGE][PASSED] - Text 'kun@nct.com' is set on object 'Object Repository/CITIZEN/Page_undefined  GetVaccine/input_Email_add family member_email'

2022-07-19 18:56:09 - [TEST_STEP][PASSED] - setText(findTestObject("Object Repository/CITIZEN/Page_undefined  GetVaccine/input_Nomor Telepon_add family member_phone_number"), findTestData("CITIZEN/TambahAnggota").getValue(5, i)): Text '08822992200' is set on object 'Object Repository/CITIZEN/Page_undefined  GetVaccine/input_Nomor Telepon_add family member_phone_number'

2022-07-19 18:56:10 - [MESSAGE][PASSED] - Text '08822992200' is set on object 'Object Repository/CITIZEN/Page_undefined  GetVaccine/input_Nomor Telepon_add family member_phone_number'

2022-07-19 18:56:10 - [TEST_STEP][PASSED] - setText(findTestObject("Object Repository/CITIZEN/Page_undefined  GetVaccine/input_Alamat KTP_add family member_id_card_address"), findTestData("CITIZEN/TambahAnggota").getValue(6, i)): Text 'Jakarta' is set on object 'Object Repository/CITIZEN/Page_undefined  GetVaccine/input_Alamat KTP_add family member_id_card_address'

2022-07-19 18:56:11 - [MESSAGE][PASSED] - Text 'Jakarta' is set on object 'Object Repository/CITIZEN/Page_undefined  GetVaccine/input_Alamat KTP_add family member_id_card_address'

2022-07-19 18:56:11 - [TEST_STEP][PASSED] - setText(findTestObject("Object Repository/CITIZEN/Page_undefined  GetVaccine/input_Alamat Saat ini_add family member_res_c155da"), findTestData("CITIZEN/TambahAnggota").getValue(7, i)): Text 'Jakarta' is set on object 'Object Repository/CITIZEN/Page_undefined  GetVaccine/input_Alamat Saat ini_add family member_res_c155da'

2022-07-19 18:56:12 - [MESSAGE][PASSED] - Text 'Jakarta' is set on object 'Object Repository/CITIZEN/Page_undefined  GetVaccine/input_Alamat Saat ini_add family member_res_c155da'

2022-07-19 18:56:12 - [TEST_STEP][PASSED] - click(findTestObject("Object Repository/CITIZEN/Page_undefined  GetVaccine/span_Submit")): Object: 'Object Repository/CITIZEN/Page_undefined  GetVaccine/span_Submit' is clicked on

2022-07-19 18:56:13 - [MESSAGE][PASSED] - Object: 'Object Repository/CITIZEN/Page_undefined  GetVaccine/span_Submit' is clicked on

2022-07-19 18:56:13 - [TEST_STEP][PASSED] - if (i == 1): null

2022-07-19 18:56:13 - [TEST_STEP][PASSED] - else if (i == 2): null

2022-07-19 18:56:13 - [TEST_STEP][PASSED] - else if (i == 3): Object: 'Object Repository/CITIZEN/Page_Vaksinasi GetVaccine/Tambah Anggota/close' is clicked on

2022-07-19 18:56:13 - [TEST_STEP][PASSED] - verifyElementPresent(findTestObject("CITIZEN/Page_Vaksinasi GetVaccine/Tambah Anggota/alert nama lengkap kurang 4"), 0): Object 'Object Repository/CITIZEN/Page_Vaksinasi GetVaccine/Tambah Anggota/alert nama lengkap kurang 4' is present

2022-07-19 18:56:13 - [MESSAGE][WARNING] - Timeout '0' is invalid. Using default page load timeout: '30'

2022-07-19 18:56:13 - [MESSAGE][PASSED] - Object 'Object Repository/CITIZEN/Page_Vaksinasi GetVaccine/Tambah Anggota/alert nama lengkap kurang 4' is present

2022-07-19 18:56:13 - [TEST_STEP][PASSED] - click(findTestObject("CITIZEN/Page_Vaksinasi GetVaccine/Tambah Anggota/close")): Object: 'Object Repository/CITIZEN/Page_Vaksinasi GetVaccine/Tambah Anggota/close' is clicked on

2022-07-19 18:56:14 - [MESSAGE][PASSED] - Object: 'Object Repository/CITIZEN/Page_Vaksinasi GetVaccine/Tambah Anggota/close' is clicked on

2022-07-19 18:56:14 - [TEST_STEP][PASSED] - click(findTestObject("CITIZEN/Page_Vaksinasi GetVaccine/Tambah Anggota/fasilitas kesehatan")): Object: 'Object Repository/CITIZEN/Page_Vaksinasi GetVaccine/Tambah Anggota/fasilitas kesehatan' is clicked on

2022-07-19 18:56:15 - [MESSAGE][PASSED] - Object: 'Object Repository/CITIZEN/Page_Vaksinasi GetVaccine/Tambah Anggota/fasilitas kesehatan' is clicked on

2022-07-19 18:56:15 - [TEST_STEP][PASSED] - click(findTestObject("CITIZEN/Page_Vaksinasi GetVaccine/Tambah Anggota/btn tambah anggota")): Object: 'Object Repository/CITIZEN/Page_Vaksinasi GetVaccine/Tambah Anggota/btn tambah anggota' is clicked on

2022-07-19 18:56:16 - [MESSAGE][PASSED] - Object: 'Object Repository/CITIZEN/Page_Vaksinasi GetVaccine/Tambah Anggota/btn tambah anggota' is clicked on

2022-07-19 18:56:16 - [TEST_STEP][PASSED] - setText(findTestObject("Object Repository/CITIZEN/Page_undefined  GetVaccine/input_NIK_add family member_NIK"), findTestData("CITIZEN/TambahAnggota").getValue(1, i)): Text '7890789078907890' is set on object 'Object Repository/CITIZEN/Page_undefined  GetVaccine/input_NIK_add family member_NIK'

2022-07-19 18:56:18 - [MESSAGE][PASSED] - Text '7890789078907890' is set on object 'Object Repository/CITIZEN/Page_undefined  GetVaccine/input_NIK_add family member_NIK'

2022-07-19 18:56:18 - [TEST_STEP][PASSED] - setText(findTestObject("Object Repository/CITIZEN/Page_undefined  GetVaccine/input_Nama Lengkap_add family member_name"), findTestData("CITIZEN/TambahAnggota").getValue(2, i)): Text 'Qian Kun' is set on object 'Object Repository/CITIZEN/Page_undefined  GetVaccine/input_Nama Lengkap_add family member_name'

2022-07-19 18:56:19 - [MESSAGE][PASSED] - Text 'Qian Kun' is set on object 'Object Repository/CITIZEN/Page_undefined  GetVaccine/input_Nama Lengkap_add family member_name'

2022-07-19 18:56:19 - [TEST_STEP][PASSED] - setText(findTestObject("Object Repository/CITIZEN/Page_undefined  GetVaccine/input_Tempat Lahir_add family member_place__8ffebd"), findTestData("CITIZEN/TambahAnggota").getValue(3, i)): Text 'China' is set on object 'Object Repository/CITIZEN/Page_undefined  GetVaccine/input_Tempat Lahir_add family member_place__8ffebd'

2022-07-19 18:56:19 - [MESSAGE][PASSED] - Text 'China' is set on object 'Object Repository/CITIZEN/Page_undefined  GetVaccine/input_Tempat Lahir_add family member_place__8ffebd'

2022-07-19 18:56:19 - [TEST_STEP][PASSED] - click(findTestObject("Object Repository/CITIZEN/Page_undefined  GetVaccine/div_Tanggal Lahir_ant-picker-input")): Object: 'Object Repository/CITIZEN/Page_undefined  GetVaccine/div_Tanggal Lahir_ant-picker-input' is clicked on

2022-07-19 18:56:20 - [MESSAGE][PASSED] - Object: 'Object Repository/CITIZEN/Page_undefined  GetVaccine/div_Tanggal Lahir_ant-picker-input' is clicked on

2022-07-19 18:56:20 - [TEST_STEP][PASSED] - click(findTestObject("CITIZEN/Page_Vaksinasi GetVaccine/Tambah Anggota/year")): Object: 'Object Repository/CITIZEN/Page_Vaksinasi GetVaccine/Tambah Anggota/year' is clicked on

2022-07-19 18:56:20 - [MESSAGE][PASSED] - Object: 'Object Repository/CITIZEN/Page_Vaksinasi GetVaccine/Tambah Anggota/year' is clicked on

2022-07-19 18:56:20 - [TEST_STEP][PASSED] - click(findTestObject("CITIZEN/Page_Vaksinasi GetVaccine/Tambah Anggota/prev year")): Object: 'Object Repository/CITIZEN/Page_Vaksinasi GetVaccine/Tambah Anggota/prev year' is clicked on

2022-07-19 18:56:21 - [MESSAGE][PASSED] - Object: 'Object Repository/CITIZEN/Page_Vaksinasi GetVaccine/Tambah Anggota/prev year' is clicked on

2022-07-19 18:56:21 - [TEST_STEP][PASSED] - click(findTestObject("CITIZEN/Page_Vaksinasi GetVaccine/Tambah Anggota/prev year")): Object: 'Object Repository/CITIZEN/Page_Vaksinasi GetVaccine/Tambah Anggota/prev year' is clicked on

2022-07-19 18:56:22 - [MESSAGE][PASSED] - Object: 'Object Repository/CITIZEN/Page_Vaksinasi GetVaccine/Tambah Anggota/prev year' is clicked on

2022-07-19 18:56:22 - [TEST_STEP][PASSED] - click(findTestObject("CITIZEN/Page_Vaksinasi GetVaccine/Tambah Anggota/prev year")): Object: 'Object Repository/CITIZEN/Page_Vaksinasi GetVaccine/Tambah Anggota/prev year' is clicked on

2022-07-19 18:56:22 - [MESSAGE][PASSED] - Object: 'Object Repository/CITIZEN/Page_Vaksinasi GetVaccine/Tambah Anggota/prev year' is clicked on

2022-07-19 18:56:22 - [TEST_STEP][PASSED] - click(findTestObject("CITIZEN/Page_Vaksinasi GetVaccine/Tambah Anggota/1996")): Object: 'Object Repository/CITIZEN/Page_Vaksinasi GetVaccine/Tambah Anggota/1996' is clicked on

2022-07-19 18:56:23 - [MESSAGE][PASSED] - Object: 'Object Repository/CITIZEN/Page_Vaksinasi GetVaccine/Tambah Anggota/1996' is clicked on

2022-07-19 18:56:23 - [TEST_STEP][PASSED] - click(findTestObject("CITIZEN/Page_Vaksinasi GetVaccine/Tambah Anggota/januari")): Object: 'Object Repository/CITIZEN/Page_Vaksinasi GetVaccine/Tambah Anggota/januari' is clicked on

2022-07-19 18:56:23 - [MESSAGE][PASSED] - Object: 'Object Repository/CITIZEN/Page_Vaksinasi GetVaccine/Tambah Anggota/januari' is clicked on

2022-07-19 18:56:23 - [TEST_STEP][PASSED] - click(findTestObject("CITIZEN/Page_Vaksinasi GetVaccine/Tambah Anggota/tgl 1")): Object: 'Object Repository/CITIZEN/Page_Vaksinasi GetVaccine/Tambah Anggota/tgl 1' is clicked on

2022-07-19 18:56:24 - [MESSAGE][PASSED] - Object: 'Object Repository/CITIZEN/Page_Vaksinasi GetVaccine/Tambah Anggota/tgl 1' is clicked on

2022-07-19 18:56:24 - [TEST_STEP][PASSED] - click(findTestObject("CITIZEN/Page_Vaksinasi GetVaccine/Tambah Anggota/jk sebelum")): Object: 'Object Repository/CITIZEN/Page_Vaksinasi GetVaccine/Tambah Anggota/jk sebelum' is clicked on

2022-07-19 18:56:24 - [MESSAGE][PASSED] - Object: 'Object Repository/CITIZEN/Page_Vaksinasi GetVaccine/Tambah Anggota/jk sebelum' is clicked on

2022-07-19 18:56:24 - [TEST_STEP][PASSED] - click(findTestObject("Object Repository/CITIZEN/Page_undefined  GetVaccine/div_Laki - Laki")): Object: 'Object Repository/CITIZEN/Page_undefined  GetVaccine/div_Laki - Laki' is clicked on

2022-07-19 18:56:25 - [MESSAGE][PASSED] - Object: 'Object Repository/CITIZEN/Page_undefined  GetVaccine/div_Laki - Laki' is clicked on

2022-07-19 18:56:25 - [TEST_STEP][PASSED] - click(findTestObject("CITIZEN/Page_Vaksinasi GetVaccine/Tambah Anggota/hubungan")): Object: 'Object Repository/CITIZEN/Page_Vaksinasi GetVaccine/Tambah Anggota/hubungan' is clicked on

2022-07-19 18:56:25 - [MESSAGE][PASSED] - Object: 'Object Repository/CITIZEN/Page_Vaksinasi GetVaccine/Tambah Anggota/hubungan' is clicked on

2022-07-19 18:56:25 - [TEST_STEP][PASSED] - click(findTestObject("Object Repository/CITIZEN/Page_undefined  GetVaccine/div_Saudara")): Object: 'Object Repository/CITIZEN/Page_undefined  GetVaccine/div_Saudara' is clicked on

2022-07-19 18:56:26 - [MESSAGE][PASSED] - Object: 'Object Repository/CITIZEN/Page_undefined  GetVaccine/div_Saudara' is clicked on

2022-07-19 18:56:26 - [TEST_STEP][PASSED] - setText(findTestObject("Object Repository/CITIZEN/Page_undefined  GetVaccine/input_Email_add family member_email"), findTestData("CITIZEN/TambahAnggota").getValue(4, i)): Text 'kunnct.com' is set on object 'Object Repository/CITIZEN/Page_undefined  GetVaccine/input_Email_add family member_email'

2022-07-19 18:56:27 - [MESSAGE][PASSED] - Text 'kunnct.com' is set on object 'Object Repository/CITIZEN/Page_undefined  GetVaccine/input_Email_add family member_email'

2022-07-19 18:56:27 - [TEST_STEP][PASSED] - setText(findTestObject("Object Repository/CITIZEN/Page_undefined  GetVaccine/input_Nomor Telepon_add family member_phone_number"), findTestData("CITIZEN/TambahAnggota").getValue(5, i)): Text '08822992200' is set on object 'Object Repository/CITIZEN/Page_undefined  GetVaccine/input_Nomor Telepon_add family member_phone_number'

2022-07-19 18:56:28 - [MESSAGE][PASSED] - Text '08822992200' is set on object 'Object Repository/CITIZEN/Page_undefined  GetVaccine/input_Nomor Telepon_add family member_phone_number'

2022-07-19 18:56:28 - [TEST_STEP][PASSED] - setText(findTestObject("Object Repository/CITIZEN/Page_undefined  GetVaccine/input_Alamat KTP_add family member_id_card_address"), findTestData("CITIZEN/TambahAnggota").getValue(6, i)): Text 'Jakarta' is set on object 'Object Repository/CITIZEN/Page_undefined  GetVaccine/input_Alamat KTP_add family member_id_card_address'

2022-07-19 18:56:29 - [MESSAGE][PASSED] - Text 'Jakarta' is set on object 'Object Repository/CITIZEN/Page_undefined  GetVaccine/input_Alamat KTP_add family member_id_card_address'

2022-07-19 18:56:29 - [TEST_STEP][PASSED] - setText(findTestObject("Object Repository/CITIZEN/Page_undefined  GetVaccine/input_Alamat Saat ini_add family member_res_c155da"), findTestData("CITIZEN/TambahAnggota").getValue(7, i)): Text 'akarta' is set on object 'Object Repository/CITIZEN/Page_undefined  GetVaccine/input_Alamat Saat ini_add family member_res_c155da'

2022-07-19 18:56:30 - [MESSAGE][PASSED] - Text 'akarta' is set on object 'Object Repository/CITIZEN/Page_undefined  GetVaccine/input_Alamat Saat ini_add family member_res_c155da'

2022-07-19 18:56:30 - [TEST_STEP][PASSED] - click(findTestObject("Object Repository/CITIZEN/Page_undefined  GetVaccine/span_Submit")): Object: 'Object Repository/CITIZEN/Page_undefined  GetVaccine/span_Submit' is clicked on

2022-07-19 18:56:30 - [MESSAGE][PASSED] - Object: 'Object Repository/CITIZEN/Page_undefined  GetVaccine/span_Submit' is clicked on

2022-07-19 18:56:30 - [TEST_STEP][PASSED] - if (i == 1): null

2022-07-19 18:56:30 - [TEST_STEP][PASSED] - else if (i == 2): null

2022-07-19 18:56:30 - [TEST_STEP][PASSED] - else if (i == 3): null

2022-07-19 18:56:30 - [TEST_STEP][PASSED] - else if (i == 4): Object: 'Object Repository/CITIZEN/Page_Vaksinasi GetVaccine/Tambah Anggota/close' is clicked on

2022-07-19 18:56:30 - [TEST_STEP][PASSED] - verifyElementPresent(findTestObject("CITIZEN/Page_Vaksinasi GetVaccine/Tambah Anggota/alert email"), 0): Object 'Object Repository/CITIZEN/Page_Vaksinasi GetVaccine/Tambah Anggota/alert email' is present

2022-07-19 18:56:31 - [MESSAGE][WARNING] - Timeout '0' is invalid. Using default page load timeout: '30'

2022-07-19 18:56:31 - [MESSAGE][PASSED] - Object 'Object Repository/CITIZEN/Page_Vaksinasi GetVaccine/Tambah Anggota/alert email' is present

2022-07-19 18:56:31 - [TEST_STEP][PASSED] - click(findTestObject("CITIZEN/Page_Vaksinasi GetVaccine/Tambah Anggota/close")): Object: 'Object Repository/CITIZEN/Page_Vaksinasi GetVaccine/Tambah Anggota/close' is clicked on

2022-07-19 18:56:31 - [MESSAGE][PASSED] - Object: 'Object Repository/CITIZEN/Page_Vaksinasi GetVaccine/Tambah Anggota/close' is clicked on

2022-07-19 18:56:31 - [TEST_STEP][PASSED] - click(findTestObject("CITIZEN/Page_Vaksinasi GetVaccine/Tambah Anggota/fasilitas kesehatan")): Object: 'Object Repository/CITIZEN/Page_Vaksinasi GetVaccine/Tambah Anggota/fasilitas kesehatan' is clicked on

2022-07-19 18:56:33 - [MESSAGE][PASSED] - Object: 'Object Repository/CITIZEN/Page_Vaksinasi GetVaccine/Tambah Anggota/fasilitas kesehatan' is clicked on

2022-07-19 18:56:33 - [TEST_STEP][PASSED] - click(findTestObject("CITIZEN/Page_Vaksinasi GetVaccine/Tambah Anggota/btn tambah anggota")): Object: 'Object Repository/CITIZEN/Page_Vaksinasi GetVaccine/Tambah Anggota/btn tambah anggota' is clicked on

2022-07-19 18:56:34 - [MESSAGE][PASSED] - Object: 'Object Repository/CITIZEN/Page_Vaksinasi GetVaccine/Tambah Anggota/btn tambah anggota' is clicked on

2022-07-19 18:56:34 - [TEST_STEP][PASSED] - setText(findTestObject("Object Repository/CITIZEN/Page_undefined  GetVaccine/input_NIK_add family member_NIK"), findTestData("CITIZEN/TambahAnggota").getValue(1, i)): Text '7890789078907890' is set on object 'Object Repository/CITIZEN/Page_undefined  GetVaccine/input_NIK_add family member_NIK'

2022-07-19 18:56:35 - [MESSAGE][PASSED] - Text '7890789078907890' is set on object 'Object Repository/CITIZEN/Page_undefined  GetVaccine/input_NIK_add family member_NIK'

2022-07-19 18:56:35 - [TEST_STEP][PASSED] - setText(findTestObject("Object Repository/CITIZEN/Page_undefined  GetVaccine/input_Nama Lengkap_add family member_name"), findTestData("CITIZEN/TambahAnggota").getValue(2, i)): Text 'Qian Kun' is set on object 'Object Repository/CITIZEN/Page_undefined  GetVaccine/input_Nama Lengkap_add family member_name'

2022-07-19 18:56:36 - [MESSAGE][PASSED] - Text 'Qian Kun' is set on object 'Object Repository/CITIZEN/Page_undefined  GetVaccine/input_Nama Lengkap_add family member_name'

2022-07-19 18:56:36 - [TEST_STEP][PASSED] - setText(findTestObject("Object Repository/CITIZEN/Page_undefined  GetVaccine/input_Tempat Lahir_add family member_place__8ffebd"), findTestData("CITIZEN/TambahAnggota").getValue(3, i)): Text 'China' is set on object 'Object Repository/CITIZEN/Page_undefined  GetVaccine/input_Tempat Lahir_add family member_place__8ffebd'

2022-07-19 18:56:37 - [MESSAGE][PASSED] - Text 'China' is set on object 'Object Repository/CITIZEN/Page_undefined  GetVaccine/input_Tempat Lahir_add family member_place__8ffebd'

2022-07-19 18:56:37 - [TEST_STEP][PASSED] - click(findTestObject("Object Repository/CITIZEN/Page_undefined  GetVaccine/div_Tanggal Lahir_ant-picker-input")): Object: 'Object Repository/CITIZEN/Page_undefined  GetVaccine/div_Tanggal Lahir_ant-picker-input' is clicked on

2022-07-19 18:56:38 - [MESSAGE][PASSED] - Object: 'Object Repository/CITIZEN/Page_undefined  GetVaccine/div_Tanggal Lahir_ant-picker-input' is clicked on

2022-07-19 18:56:38 - [TEST_STEP][PASSED] - click(findTestObject("CITIZEN/Page_Vaksinasi GetVaccine/Tambah Anggota/year")): Object: 'Object Repository/CITIZEN/Page_Vaksinasi GetVaccine/Tambah Anggota/year' is clicked on

2022-07-19 18:56:38 - [MESSAGE][PASSED] - Object: 'Object Repository/CITIZEN/Page_Vaksinasi GetVaccine/Tambah Anggota/year' is clicked on

2022-07-19 18:56:38 - [TEST_STEP][PASSED] - click(findTestObject("CITIZEN/Page_Vaksinasi GetVaccine/Tambah Anggota/prev year")): Object: 'Object Repository/CITIZEN/Page_Vaksinasi GetVaccine/Tambah Anggota/prev year' is clicked on

2022-07-19 18:56:39 - [MESSAGE][PASSED] - Object: 'Object Repository/CITIZEN/Page_Vaksinasi GetVaccine/Tambah Anggota/prev year' is clicked on

2022-07-19 18:56:39 - [TEST_STEP][PASSED] - click(findTestObject("CITIZEN/Page_Vaksinasi GetVaccine/Tambah Anggota/prev year")): Object: 'Object Repository/CITIZEN/Page_Vaksinasi GetVaccine/Tambah Anggota/prev year' is clicked on

2022-07-19 18:56:39 - [MESSAGE][PASSED] - Object: 'Object Repository/CITIZEN/Page_Vaksinasi GetVaccine/Tambah Anggota/prev year' is clicked on

2022-07-19 18:56:39 - [TEST_STEP][PASSED] - click(findTestObject("CITIZEN/Page_Vaksinasi GetVaccine/Tambah Anggota/prev year")): Object: 'Object Repository/CITIZEN/Page_Vaksinasi GetVaccine/Tambah Anggota/prev year' is clicked on

2022-07-19 18:56:40 - [MESSAGE][PASSED] - Object: 'Object Repository/CITIZEN/Page_Vaksinasi GetVaccine/Tambah Anggota/prev year' is clicked on

2022-07-19 18:56:40 - [TEST_STEP][PASSED] - click(findTestObject("CITIZEN/Page_Vaksinasi GetVaccine/Tambah Anggota/1996")): Object: 'Object Repository/CITIZEN/Page_Vaksinasi GetVaccine/Tambah Anggota/1996' is clicked on

2022-07-19 18:56:40 - [MESSAGE][PASSED] - Object: 'Object Repository/CITIZEN/Page_Vaksinasi GetVaccine/Tambah Anggota/1996' is clicked on

2022-07-19 18:56:40 - [TEST_STEP][PASSED] - click(findTestObject("CITIZEN/Page_Vaksinasi GetVaccine/Tambah Anggota/januari")): Object: 'Object Repository/CITIZEN/Page_Vaksinasi GetVaccine/Tambah Anggota/januari' is clicked on

2022-07-19 18:56:41 - [MESSAGE][PASSED] - Object: 'Object Repository/CITIZEN/Page_Vaksinasi GetVaccine/Tambah Anggota/januari' is clicked on

2022-07-19 18:56:41 - [TEST_STEP][PASSED] - click(findTestObject("CITIZEN/Page_Vaksinasi GetVaccine/Tambah Anggota/tgl 1")): Object: 'Object Repository/CITIZEN/Page_Vaksinasi GetVaccine/Tambah Anggota/tgl 1' is clicked on

2022-07-19 18:56:42 - [MESSAGE][PASSED] - Object: 'Object Repository/CITIZEN/Page_Vaksinasi GetVaccine/Tambah Anggota/tgl 1' is clicked on

2022-07-19 18:56:42 - [TEST_STEP][PASSED] - click(findTestObject("CITIZEN/Page_Vaksinasi GetVaccine/Tambah Anggota/jk sebelum")): Object: 'Object Repository/CITIZEN/Page_Vaksinasi GetVaccine/Tambah Anggota/jk sebelum' is clicked on

2022-07-19 18:56:42 - [MESSAGE][PASSED] - Object: 'Object Repository/CITIZEN/Page_Vaksinasi GetVaccine/Tambah Anggota/jk sebelum' is clicked on

2022-07-19 18:56:42 - [TEST_STEP][PASSED] - click(findTestObject("Object Repository/CITIZEN/Page_undefined  GetVaccine/div_Laki - Laki")): Object: 'Object Repository/CITIZEN/Page_undefined  GetVaccine/div_Laki - Laki' is clicked on

2022-07-19 18:56:43 - [MESSAGE][PASSED] - Object: 'Object Repository/CITIZEN/Page_undefined  GetVaccine/div_Laki - Laki' is clicked on

2022-07-19 18:56:43 - [TEST_STEP][PASSED] - click(findTestObject("CITIZEN/Page_Vaksinasi GetVaccine/Tambah Anggota/hubungan")): Object: 'Object Repository/CITIZEN/Page_Vaksinasi GetVaccine/Tambah Anggota/hubungan' is clicked on

2022-07-19 18:56:43 - [MESSAGE][PASSED] - Object: 'Object Repository/CITIZEN/Page_Vaksinasi GetVaccine/Tambah Anggota/hubungan' is clicked on

2022-07-19 18:56:43 - [TEST_STEP][PASSED] - click(findTestObject("Object Repository/CITIZEN/Page_undefined  GetVaccine/div_Saudara")): Object: 'Object Repository/CITIZEN/Page_undefined  GetVaccine/div_Saudara' is clicked on

2022-07-19 18:56:44 - [MESSAGE][PASSED] - Object: 'Object Repository/CITIZEN/Page_undefined  GetVaccine/div_Saudara' is clicked on

2022-07-19 18:56:44 - [TEST_STEP][PASSED] - setText(findTestObject("Object Repository/CITIZEN/Page_undefined  GetVaccine/input_Email_add family member_email"), findTestData("CITIZEN/TambahAnggota").getValue(4, i)): Text 'kun@nct.com' is set on object 'Object Repository/CITIZEN/Page_undefined  GetVaccine/input_Email_add family member_email'

2022-07-19 18:56:45 - [MESSAGE][PASSED] - Text 'kun@nct.com' is set on object 'Object Repository/CITIZEN/Page_undefined  GetVaccine/input_Email_add family member_email'

2022-07-19 18:56:45 - [TEST_STEP][PASSED] - setText(findTestObject("Object Repository/CITIZEN/Page_undefined  GetVaccine/input_Nomor Telepon_add family member_phone_number"), findTestData("CITIZEN/TambahAnggota").getValue(5, i)): Text '0882299A' is set on object 'Object Repository/CITIZEN/Page_undefined  GetVaccine/input_Nomor Telepon_add family member_phone_number'

2022-07-19 18:56:46 - [MESSAGE][PASSED] - Text '0882299A' is set on object 'Object Repository/CITIZEN/Page_undefined  GetVaccine/input_Nomor Telepon_add family member_phone_number'

2022-07-19 18:56:46 - [TEST_STEP][PASSED] - setText(findTestObject("Object Repository/CITIZEN/Page_undefined  GetVaccine/input_Alamat KTP_add family member_id_card_address"), findTestData("CITIZEN/TambahAnggota").getValue(6, i)): Text 'Jakarta' is set on object 'Object Repository/CITIZEN/Page_undefined  GetVaccine/input_Alamat KTP_add family member_id_card_address'

2022-07-19 18:56:47 - [MESSAGE][PASSED] - Text 'Jakarta' is set on object 'Object Repository/CITIZEN/Page_undefined  GetVaccine/input_Alamat KTP_add family member_id_card_address'

2022-07-19 18:56:47 - [TEST_STEP][PASSED] - setText(findTestObject("Object Repository/CITIZEN/Page_undefined  GetVaccine/input_Alamat Saat ini_add family member_res_c155da"), findTestData("CITIZEN/TambahAnggota").getValue(7, i)): Text 'Jakarta' is set on object 'Object Repository/CITIZEN/Page_undefined  GetVaccine/input_Alamat Saat ini_add family member_res_c155da'

2022-07-19 18:56:48 - [MESSAGE][PASSED] - Text 'Jakarta' is set on object 'Object Repository/CITIZEN/Page_undefined  GetVaccine/input_Alamat Saat ini_add family member_res_c155da'

2022-07-19 18:56:48 - [TEST_STEP][PASSED] - click(findTestObject("Object Repository/CITIZEN/Page_undefined  GetVaccine/span_Submit")): Object: 'Object Repository/CITIZEN/Page_undefined  GetVaccine/span_Submit' is clicked on

2022-07-19 18:56:48 - [MESSAGE][PASSED] - Object: 'Object Repository/CITIZEN/Page_undefined  GetVaccine/span_Submit' is clicked on

2022-07-19 18:56:48 - [TEST_STEP][PASSED] - if (i == 1): null

2022-07-19 18:56:48 - [TEST_STEP][PASSED] - else if (i == 2): null

2022-07-19 18:56:48 - [TEST_STEP][PASSED] - else if (i == 3): null

2022-07-19 18:56:48 - [TEST_STEP][PASSED] - else if (i == 4): null

2022-07-19 18:56:48 - [TEST_STEP][PASSED] - else if (i == 5): Object: 'Object Repository/CITIZEN/Page_Vaksinasi GetVaccine/Tambah Anggota/close' is clicked on

2022-07-19 18:56:48 - [TEST_STEP][PASSED] - verifyElementPresent(findTestObject("CITIZEN/Page_Vaksinasi GetVaccine/Tambah Anggota/alert telp huruf"), 0): Object 'Object Repository/CITIZEN/Page_Vaksinasi GetVaccine/Tambah Anggota/alert telp huruf' is present

2022-07-19 18:56:48 - [MESSAGE][WARNING] - Timeout '0' is invalid. Using default page load timeout: '30'

2022-07-19 18:56:49 - [MESSAGE][PASSED] - Object 'Object Repository/CITIZEN/Page_Vaksinasi GetVaccine/Tambah Anggota/alert telp huruf' is present

2022-07-19 18:56:49 - [TEST_STEP][PASSED] - verifyElementPresent(findTestObject("CITIZEN/Page_Vaksinasi GetVaccine/Tambah Anggota/alert telp kurang"), 0): Object 'Object Repository/CITIZEN/Page_Vaksinasi GetVaccine/Tambah Anggota/alert telp kurang' is present

2022-07-19 18:56:49 - [MESSAGE][WARNING] - Timeout '0' is invalid. Using default page load timeout: '30'

2022-07-19 18:56:49 - [MESSAGE][PASSED] - Object 'Object Repository/CITIZEN/Page_Vaksinasi GetVaccine/Tambah Anggota/alert telp kurang' is present

2022-07-19 18:56:49 - [TEST_STEP][PASSED] - click(findTestObject("CITIZEN/Page_Vaksinasi GetVaccine/Tambah Anggota/close")): Object: 'Object Repository/CITIZEN/Page_Vaksinasi GetVaccine/Tambah Anggota/close' is clicked on

2022-07-19 18:56:50 - [MESSAGE][PASSED] - Object: 'Object Repository/CITIZEN/Page_Vaksinasi GetVaccine/Tambah Anggota/close' is clicked on

2022-07-19 18:56:50 - [TEST_STEP][PASSED] - click(findTestObject("CITIZEN/Page_Vaksinasi GetVaccine/Tambah Anggota/fasilitas kesehatan")): Object: 'Object Repository/CITIZEN/Page_Vaksinasi GetVaccine/Tambah Anggota/fasilitas kesehatan' is clicked on

2022-07-19 18:56:51 - [MESSAGE][PASSED] - Object: 'Object Repository/CITIZEN/Page_Vaksinasi GetVaccine/Tambah Anggota/fasilitas kesehatan' is clicked on

2022-07-19 18:56:51 - [TEST_STEP][PASSED] - click(findTestObject("CITIZEN/Page_Vaksinasi GetVaccine/Tambah Anggota/btn tambah anggota")): Object: 'Object Repository/CITIZEN/Page_Vaksinasi GetVaccine/Tambah Anggota/btn tambah anggota' is clicked on

2022-07-19 18:56:52 - [MESSAGE][PASSED] - Object: 'Object Repository/CITIZEN/Page_Vaksinasi GetVaccine/Tambah Anggota/btn tambah anggota' is clicked on

2022-07-19 18:56:52 - [TEST_STEP][PASSED] - setText(findTestObject("Object Repository/CITIZEN/Page_undefined  GetVaccine/input_NIK_add family member_NIK"), findTestData("CITIZEN/TambahAnggota").getValue(1, i)): Text '7890789078907890' is set on object 'Object Repository/CITIZEN/Page_undefined  GetVaccine/input_NIK_add family member_NIK'

2022-07-19 18:56:53 - [MESSAGE][PASSED] - Text '7890789078907890' is set on object 'Object Repository/CITIZEN/Page_undefined  GetVaccine/input_NIK_add family member_NIK'

2022-07-19 18:56:53 - [TEST_STEP][PASSED] - setText(findTestObject("Object Repository/CITIZEN/Page_undefined  GetVaccine/input_Nama Lengkap_add family member_name"), findTestData("CITIZEN/TambahAnggota").getValue(2, i)): Text 'Qian Kun' is set on object 'Object Repository/CITIZEN/Page_undefined  GetVaccine/input_Nama Lengkap_add family member_name'

2022-07-19 18:56:54 - [MESSAGE][PASSED] - Text 'Qian Kun' is set on object 'Object Repository/CITIZEN/Page_undefined  GetVaccine/input_Nama Lengkap_add family member_name'

2022-07-19 18:56:54 - [TEST_STEP][PASSED] - setText(findTestObject("Object Repository/CITIZEN/Page_undefined  GetVaccine/input_Tempat Lahir_add family member_place__8ffebd"), findTestData("CITIZEN/TambahAnggota").getValue(3, i)): Text 'China' is set on object 'Object Repository/CITIZEN/Page_undefined  GetVaccine/input_Tempat Lahir_add family member_place__8ffebd'

2022-07-19 18:56:55 - [MESSAGE][PASSED] - Text 'China' is set on object 'Object Repository/CITIZEN/Page_undefined  GetVaccine/input_Tempat Lahir_add family member_place__8ffebd'

2022-07-19 18:56:55 - [TEST_STEP][PASSED] - click(findTestObject("Object Repository/CITIZEN/Page_undefined  GetVaccine/div_Tanggal Lahir_ant-picker-input")): Object: 'Object Repository/CITIZEN/Page_undefined  GetVaccine/div_Tanggal Lahir_ant-picker-input' is clicked on

2022-07-19 18:56:56 - [MESSAGE][PASSED] - Object: 'Object Repository/CITIZEN/Page_undefined  GetVaccine/div_Tanggal Lahir_ant-picker-input' is clicked on

2022-07-19 18:56:56 - [TEST_STEP][PASSED] - click(findTestObject("CITIZEN/Page_Vaksinasi GetVaccine/Tambah Anggota/year")): Object: 'Object Repository/CITIZEN/Page_Vaksinasi GetVaccine/Tambah Anggota/year' is clicked on

2022-07-19 18:56:56 - [MESSAGE][PASSED] - Object: 'Object Repository/CITIZEN/Page_Vaksinasi GetVaccine/Tambah Anggota/year' is clicked on

2022-07-19 18:56:56 - [TEST_STEP][PASSED] - click(findTestObject("CITIZEN/Page_Vaksinasi GetVaccine/Tambah Anggota/prev year")): Object: 'Object Repository/CITIZEN/Page_Vaksinasi GetVaccine/Tambah Anggota/prev year' is clicked on

2022-07-19 18:56:57 - [MESSAGE][PASSED] - Object: 'Object Repository/CITIZEN/Page_Vaksinasi GetVaccine/Tambah Anggota/prev year' is clicked on

2022-07-19 18:56:57 - [TEST_STEP][PASSED] - click(findTestObject("CITIZEN/Page_Vaksinasi GetVaccine/Tambah Anggota/prev year")): Object: 'Object Repository/CITIZEN/Page_Vaksinasi GetVaccine/Tambah Anggota/prev year' is clicked on

2022-07-19 18:56:57 - [MESSAGE][PASSED] - Object: 'Object Repository/CITIZEN/Page_Vaksinasi GetVaccine/Tambah Anggota/prev year' is clicked on

2022-07-19 18:56:57 - [TEST_STEP][PASSED] - click(findTestObject("CITIZEN/Page_Vaksinasi GetVaccine/Tambah Anggota/prev year")): Object: 'Object Repository/CITIZEN/Page_Vaksinasi GetVaccine/Tambah Anggota/prev year' is clicked on

2022-07-19 18:56:58 - [MESSAGE][PASSED] - Object: 'Object Repository/CITIZEN/Page_Vaksinasi GetVaccine/Tambah Anggota/prev year' is clicked on

2022-07-19 18:56:58 - [TEST_STEP][PASSED] - click(findTestObject("CITIZEN/Page_Vaksinasi GetVaccine/Tambah Anggota/1996")): Object: 'Object Repository/CITIZEN/Page_Vaksinasi GetVaccine/Tambah Anggota/1996' is clicked on

2022-07-19 18:56:58 - [MESSAGE][PASSED] - Object: 'Object Repository/CITIZEN/Page_Vaksinasi GetVaccine/Tambah Anggota/1996' is clicked on

2022-07-19 18:56:58 - [TEST_STEP][PASSED] - click(findTestObject("CITIZEN/Page_Vaksinasi GetVaccine/Tambah Anggota/januari")): Object: 'Object Repository/CITIZEN/Page_Vaksinasi GetVaccine/Tambah Anggota/januari' is clicked on

2022-07-19 18:56:59 - [MESSAGE][PASSED] - Object: 'Object Repository/CITIZEN/Page_Vaksinasi GetVaccine/Tambah Anggota/januari' is clicked on

2022-07-19 18:56:59 - [TEST_STEP][PASSED] - click(findTestObject("CITIZEN/Page_Vaksinasi GetVaccine/Tambah Anggota/tgl 1")): Object: 'Object Repository/CITIZEN/Page_Vaksinasi GetVaccine/Tambah Anggota/tgl 1' is clicked on

2022-07-19 18:57:00 - [MESSAGE][PASSED] - Object: 'Object Repository/CITIZEN/Page_Vaksinasi GetVaccine/Tambah Anggota/tgl 1' is clicked on

2022-07-19 18:57:00 - [TEST_STEP][PASSED] - click(findTestObject("CITIZEN/Page_Vaksinasi GetVaccine/Tambah Anggota/jk sebelum")): Object: 'Object Repository/CITIZEN/Page_Vaksinasi GetVaccine/Tambah Anggota/jk sebelum' is clicked on

2022-07-19 18:57:00 - [MESSAGE][PASSED] - Object: 'Object Repository/CITIZEN/Page_Vaksinasi GetVaccine/Tambah Anggota/jk sebelum' is clicked on

2022-07-19 18:57:00 - [TEST_STEP][PASSED] - click(findTestObject("Object Repository/CITIZEN/Page_undefined  GetVaccine/div_Laki - Laki")): Object: 'Object Repository/CITIZEN/Page_undefined  GetVaccine/div_Laki - Laki' is clicked on

2022-07-19 18:57:01 - [MESSAGE][PASSED] - Object: 'Object Repository/CITIZEN/Page_undefined  GetVaccine/div_Laki - Laki' is clicked on

2022-07-19 18:57:01 - [TEST_STEP][PASSED] - click(findTestObject("CITIZEN/Page_Vaksinasi GetVaccine/Tambah Anggota/hubungan")): Object: 'Object Repository/CITIZEN/Page_Vaksinasi GetVaccine/Tambah Anggota/hubungan' is clicked on

2022-07-19 18:57:01 - [MESSAGE][PASSED] - Object: 'Object Repository/CITIZEN/Page_Vaksinasi GetVaccine/Tambah Anggota/hubungan' is clicked on

2022-07-19 18:57:01 - [TEST_STEP][PASSED] - click(findTestObject("Object Repository/CITIZEN/Page_undefined  GetVaccine/div_Saudara")): Object: 'Object Repository/CITIZEN/Page_undefined  GetVaccine/div_Saudara' is clicked on

2022-07-19 18:57:02 - [MESSAGE][PASSED] - Object: 'Object Repository/CITIZEN/Page_undefined  GetVaccine/div_Saudara' is clicked on

2022-07-19 18:57:02 - [TEST_STEP][PASSED] - setText(findTestObject("Object Repository/CITIZEN/Page_undefined  GetVaccine/input_Email_add family member_email"), findTestData("CITIZEN/TambahAnggota").getValue(4, i)): Text 'kun@nct.com' is set on object 'Object Repository/CITIZEN/Page_undefined  GetVaccine/input_Email_add family member_email'

2022-07-19 18:57:03 - [MESSAGE][PASSED] - Text 'kun@nct.com' is set on object 'Object Repository/CITIZEN/Page_undefined  GetVaccine/input_Email_add family member_email'

2022-07-19 18:57:03 - [TEST_STEP][PASSED] - setText(findTestObject("Object Repository/CITIZEN/Page_undefined  GetVaccine/input_Nomor Telepon_add family member_phone_number"), findTestData("CITIZEN/TambahAnggota").getValue(5, i)): Text '08822992200' is set on object 'Object Repository/CITIZEN/Page_undefined  GetVaccine/input_Nomor Telepon_add family member_phone_number'

2022-07-19 18:57:04 - [MESSAGE][PASSED] - Text '08822992200' is set on object 'Object Repository/CITIZEN/Page_undefined  GetVaccine/input_Nomor Telepon_add family member_phone_number'

2022-07-19 18:57:04 - [TEST_STEP][PASSED] - setText(findTestObject("Object Repository/CITIZEN/Page_undefined  GetVaccine/input_Alamat KTP_add family member_id_card_address"), findTestData("CITIZEN/TambahAnggota").getValue(6, i)): Text '11' is set on object 'Object Repository/CITIZEN/Page_undefined  GetVaccine/input_Alamat KTP_add family member_id_card_address'

2022-07-19 18:57:05 - [MESSAGE][PASSED] - Text '11' is set on object 'Object Repository/CITIZEN/Page_undefined  GetVaccine/input_Alamat KTP_add family member_id_card_address'

2022-07-19 18:57:05 - [TEST_STEP][PASSED] - setText(findTestObject("Object Repository/CITIZEN/Page_undefined  GetVaccine/input_Alamat Saat ini_add family member_res_c155da"), findTestData("CITIZEN/TambahAnggota").getValue(7, i)): Text '22' is set on object 'Object Repository/CITIZEN/Page_undefined  GetVaccine/input_Alamat Saat ini_add family member_res_c155da'

2022-07-19 18:57:06 - [MESSAGE][PASSED] - Text '22' is set on object 'Object Repository/CITIZEN/Page_undefined  GetVaccine/input_Alamat Saat ini_add family member_res_c155da'

2022-07-19 18:57:06 - [TEST_STEP][PASSED] - click(findTestObject("Object Repository/CITIZEN/Page_undefined  GetVaccine/span_Submit")): Object: 'Object Repository/CITIZEN/Page_undefined  GetVaccine/span_Submit' is clicked on

2022-07-19 18:57:06 - [MESSAGE][PASSED] - Object: 'Object Repository/CITIZEN/Page_undefined  GetVaccine/span_Submit' is clicked on

2022-07-19 18:57:06 - [TEST_STEP][PASSED] - if (i == 1): null

2022-07-19 18:57:06 - [TEST_STEP][PASSED] - else if (i == 2): null

2022-07-19 18:57:06 - [TEST_STEP][PASSED] - else if (i == 3): null

2022-07-19 18:57:06 - [TEST_STEP][PASSED] - else if (i == 4): null

2022-07-19 18:57:06 - [TEST_STEP][PASSED] - else if (i == 5): null

2022-07-19 18:57:06 - [TEST_STEP][PASSED] - else if (i == 6): Object: 'Object Repository/CITIZEN/Page_Vaksinasi GetVaccine/Tambah Anggota/close' is clicked on

2022-07-19 18:57:06 - [TEST_STEP][PASSED] - verifyElementPresent(findTestObject("CITIZEN/Page_Vaksinasi GetVaccine/Tambah Anggota/alert alamat"), 0): Object 'Object Repository/CITIZEN/Page_Vaksinasi GetVaccine/Tambah Anggota/alert alamat' is present

2022-07-19 18:57:07 - [MESSAGE][WARNING] - Timeout '0' is invalid. Using default page load timeout: '30'

2022-07-19 18:57:07 - [MESSAGE][PASSED] - Object 'Object Repository/CITIZEN/Page_Vaksinasi GetVaccine/Tambah Anggota/alert alamat' is present

2022-07-19 18:57:07 - [TEST_STEP][PASSED] - verifyElementPresent(findTestObject("CITIZEN/Page_Vaksinasi GetVaccine/Tambah Anggota/alert dom"), 0): Object 'Object Repository/CITIZEN/Page_Vaksinasi GetVaccine/Tambah Anggota/alert dom' is present

2022-07-19 18:57:07 - [MESSAGE][WARNING] - Timeout '0' is invalid. Using default page load timeout: '30'

2022-07-19 18:57:07 - [MESSAGE][PASSED] - Object 'Object Repository/CITIZEN/Page_Vaksinasi GetVaccine/Tambah Anggota/alert dom' is present

2022-07-19 18:57:07 - [TEST_STEP][PASSED] - click(findTestObject("CITIZEN/Page_Vaksinasi GetVaccine/Tambah Anggota/close")): Object: 'Object Repository/CITIZEN/Page_Vaksinasi GetVaccine/Tambah Anggota/close' is clicked on

2022-07-19 18:57:08 - [MESSAGE][PASSED] - Object: 'Object Repository/CITIZEN/Page_Vaksinasi GetVaccine/Tambah Anggota/close' is clicked on

2022-07-19 18:57:08 - [TEST_STEP][PASSED] - click(findTestObject("CITIZEN/Page_Vaksinasi GetVaccine/Tambah Anggota/fasilitas kesehatan")): Object: 'Object Repository/CITIZEN/Page_Vaksinasi GetVaccine/Tambah Anggota/fasilitas kesehatan' is clicked on

2022-07-19 18:57:09 - [MESSAGE][PASSED] - Object: 'Object Repository/CITIZEN/Page_Vaksinasi GetVaccine/Tambah Anggota/fasilitas kesehatan' is clicked on

2022-07-19 18:57:09 - [TEST_STEP][PASSED] - click(findTestObject("CITIZEN/Page_Vaksinasi GetVaccine/Tambah Anggota/btn tambah anggota")): Object: 'Object Repository/CITIZEN/Page_Vaksinasi GetVaccine/Tambah Anggota/btn tambah anggota' is clicked on

2022-07-19 18:57:10 - [MESSAGE][PASSED] - Object: 'Object Repository/CITIZEN/Page_Vaksinasi GetVaccine/Tambah Anggota/btn tambah anggota' is clicked on

2022-07-19 18:57:10 - [TEST_STEP][PASSED] - setText(findTestObject("Object Repository/CITIZEN/Page_undefined  GetVaccine/input_NIK_add family member_NIK"), findTestData("CITIZEN/TambahAnggota").getValue(1, i)): Text '7890789078907890' is set on object 'Object Repository/CITIZEN/Page_undefined  GetVaccine/input_NIK_add family member_NIK'

2022-07-19 18:57:12 - [MESSAGE][PASSED] - Text '7890789078907890' is set on object 'Object Repository/CITIZEN/Page_undefined  GetVaccine/input_NIK_add family member_NIK'

2022-07-19 18:57:12 - [TEST_STEP][PASSED] - setText(findTestObject("Object Repository/CITIZEN/Page_undefined  GetVaccine/input_Nama Lengkap_add family member_name"), findTestData("CITIZEN/TambahAnggota").getValue(2, i)): Text '' is set on object 'Object Repository/CITIZEN/Page_undefined  GetVaccine/input_Nama Lengkap_add family member_name'

2022-07-19 18:57:13 - [MESSAGE][PASSED] - Text '' is set on object 'Object Repository/CITIZEN/Page_undefined  GetVaccine/input_Nama Lengkap_add family member_name'

2022-07-19 18:57:13 - [TEST_STEP][PASSED] - setText(findTestObject("Object Repository/CITIZEN/Page_undefined  GetVaccine/input_Tempat Lahir_add family member_place__8ffebd"), findTestData("CITIZEN/TambahAnggota").getValue(3, i)): Text 'China' is set on object 'Object Repository/CITIZEN/Page_undefined  GetVaccine/input_Tempat Lahir_add family member_place__8ffebd'

2022-07-19 18:57:14 - [MESSAGE][PASSED] - Text 'China' is set on object 'Object Repository/CITIZEN/Page_undefined  GetVaccine/input_Tempat Lahir_add family member_place__8ffebd'

2022-07-19 18:57:14 - [TEST_STEP][PASSED] - click(findTestObject("Object Repository/CITIZEN/Page_undefined  GetVaccine/div_Tanggal Lahir_ant-picker-input")): Object: 'Object Repository/CITIZEN/Page_undefined  GetVaccine/div_Tanggal Lahir_ant-picker-input' is clicked on

2022-07-19 18:57:14 - [MESSAGE][PASSED] - Object: 'Object Repository/CITIZEN/Page_undefined  GetVaccine/div_Tanggal Lahir_ant-picker-input' is clicked on

2022-07-19 18:57:14 - [TEST_STEP][PASSED] - click(findTestObject("CITIZEN/Page_Vaksinasi GetVaccine/Tambah Anggota/year")): Object: 'Object Repository/CITIZEN/Page_Vaksinasi GetVaccine/Tambah Anggota/year' is clicked on

2022-07-19 18:57:15 - [MESSAGE][PASSED] - Object: 'Object Repository/CITIZEN/Page_Vaksinasi GetVaccine/Tambah Anggota/year' is clicked on

2022-07-19 18:57:15 - [TEST_STEP][PASSED] - click(findTestObject("CITIZEN/Page_Vaksinasi GetVaccine/Tambah Anggota/prev year")): Object: 'Object Repository/CITIZEN/Page_Vaksinasi GetVaccine/Tambah Anggota/prev year' is clicked on

2022-07-19 18:57:15 - [MESSAGE][PASSED] - Object: 'Object Repository/CITIZEN/Page_Vaksinasi GetVaccine/Tambah Anggota/prev year' is clicked on

2022-07-19 18:57:15 - [TEST_STEP][PASSED] - click(findTestObject("CITIZEN/Page_Vaksinasi GetVaccine/Tambah Anggota/prev year")): Object: 'Object Repository/CITIZEN/Page_Vaksinasi GetVaccine/Tambah Anggota/prev year' is clicked on

2022-07-19 18:57:16 - [MESSAGE][PASSED] - Object: 'Object Repository/CITIZEN/Page_Vaksinasi GetVaccine/Tambah Anggota/prev year' is clicked on

2022-07-19 18:57:16 - [TEST_STEP][PASSED] - click(findTestObject("CITIZEN/Page_Vaksinasi GetVaccine/Tambah Anggota/prev year")): Object: 'Object Repository/CITIZEN/Page_Vaksinasi GetVaccine/Tambah Anggota/prev year' is clicked on

2022-07-19 18:57:16 - [MESSAGE][PASSED] - Object: 'Object Repository/CITIZEN/Page_Vaksinasi GetVaccine/Tambah Anggota/prev year' is clicked on

2022-07-19 18:57:16 - [TEST_STEP][PASSED] - click(findTestObject("CITIZEN/Page_Vaksinasi GetVaccine/Tambah Anggota/1996")): Object: 'Object Repository/CITIZEN/Page_Vaksinasi GetVaccine/Tambah Anggota/1996' is clicked on

2022-07-19 18:57:17 - [MESSAGE][PASSED] - Object: 'Object Repository/CITIZEN/Page_Vaksinasi GetVaccine/Tambah Anggota/1996' is clicked on

2022-07-19 18:57:17 - [TEST_STEP][PASSED] - click(findTestObject("CITIZEN/Page_Vaksinasi GetVaccine/Tambah Anggota/januari")): Object: 'Object Repository/CITIZEN/Page_Vaksinasi GetVaccine/Tambah Anggota/januari' is clicked on

2022-07-19 18:57:17 - [MESSAGE][PASSED] - Object: 'Object Repository/CITIZEN/Page_Vaksinasi GetVaccine/Tambah Anggota/januari' is clicked on

2022-07-19 18:57:17 - [TEST_STEP][PASSED] - click(findTestObject("CITIZEN/Page_Vaksinasi GetVaccine/Tambah Anggota/tgl 1")): Object: 'Object Repository/CITIZEN/Page_Vaksinasi GetVaccine/Tambah Anggota/tgl 1' is clicked on

2022-07-19 18:57:18 - [MESSAGE][PASSED] - Object: 'Object Repository/CITIZEN/Page_Vaksinasi GetVaccine/Tambah Anggota/tgl 1' is clicked on

2022-07-19 18:57:18 - [TEST_STEP][PASSED] - click(findTestObject("CITIZEN/Page_Vaksinasi GetVaccine/Tambah Anggota/jk sebelum")): Object: 'Object Repository/CITIZEN/Page_Vaksinasi GetVaccine/Tambah Anggota/jk sebelum' is clicked on

2022-07-19 18:57:18 - [MESSAGE][PASSED] - Object: 'Object Repository/CITIZEN/Page_Vaksinasi GetVaccine/Tambah Anggota/jk sebelum' is clicked on

2022-07-19 18:57:18 - [TEST_STEP][PASSED] - click(findTestObject("Object Repository/CITIZEN/Page_undefined  GetVaccine/div_Laki - Laki")): Object: 'Object Repository/CITIZEN/Page_undefined  GetVaccine/div_Laki - Laki' is clicked on

2022-07-19 18:57:19 - [MESSAGE][PASSED] - Object: 'Object Repository/CITIZEN/Page_undefined  GetVaccine/div_Laki - Laki' is clicked on

2022-07-19 18:57:19 - [TEST_STEP][PASSED] - click(findTestObject("CITIZEN/Page_Vaksinasi GetVaccine/Tambah Anggota/hubungan")): Object: 'Object Repository/CITIZEN/Page_Vaksinasi GetVaccine/Tambah Anggota/hubungan' is clicked on

2022-07-19 18:57:19 - [MESSAGE][PASSED] - Object: 'Object Repository/CITIZEN/Page_Vaksinasi GetVaccine/Tambah Anggota/hubungan' is clicked on

2022-07-19 18:57:19 - [TEST_STEP][PASSED] - click(findTestObject("Object Repository/CITIZEN/Page_undefined  GetVaccine/div_Saudara")): Object: 'Object Repository/CITIZEN/Page_undefined  GetVaccine/div_Saudara' is clicked on

2022-07-19 18:57:20 - [MESSAGE][PASSED] - Object: 'Object Repository/CITIZEN/Page_undefined  GetVaccine/div_Saudara' is clicked on

2022-07-19 18:57:20 - [TEST_STEP][PASSED] - setText(findTestObject("Object Repository/CITIZEN/Page_undefined  GetVaccine/input_Email_add family member_email"), findTestData("CITIZEN/TambahAnggota").getValue(4, i)): Text 'kun@nct.com' is set on object 'Object Repository/CITIZEN/Page_undefined  GetVaccine/input_Email_add family member_email'

2022-07-19 18:57:21 - [MESSAGE][PASSED] - Text 'kun@nct.com' is set on object 'Object Repository/CITIZEN/Page_undefined  GetVaccine/input_Email_add family member_email'

2022-07-19 18:57:21 - [TEST_STEP][PASSED] - setText(findTestObject("Object Repository/CITIZEN/Page_undefined  GetVaccine/input_Nomor Telepon_add family member_phone_number"), findTestData("CITIZEN/TambahAnggota").getValue(5, i)): Text '08822992200' is set on object 'Object Repository/CITIZEN/Page_undefined  GetVaccine/input_Nomor Telepon_add family member_phone_number'

2022-07-19 18:57:22 - [MESSAGE][PASSED] - Text '08822992200' is set on object 'Object Repository/CITIZEN/Page_undefined  GetVaccine/input_Nomor Telepon_add family member_phone_number'

2022-07-19 18:57:22 - [TEST_STEP][PASSED] - setText(findTestObject("Object Repository/CITIZEN/Page_undefined  GetVaccine/input_Alamat KTP_add family member_id_card_address"), findTestData("CITIZEN/TambahAnggota").getValue(6, i)): Text 'Jakarta' is set on object 'Object Repository/CITIZEN/Page_undefined  GetVaccine/input_Alamat KTP_add family member_id_card_address'

2022-07-19 18:57:23 - [MESSAGE][PASSED] - Text 'Jakarta' is set on object 'Object Repository/CITIZEN/Page_undefined  GetVaccine/input_Alamat KTP_add family member_id_card_address'

2022-07-19 18:57:23 - [TEST_STEP][PASSED] - setText(findTestObject("Object Repository/CITIZEN/Page_undefined  GetVaccine/input_Alamat Saat ini_add family member_res_c155da"), findTestData("CITIZEN/TambahAnggota").getValue(7, i)): Text 'Jakarta' is set on object 'Object Repository/CITIZEN/Page_undefined  GetVaccine/input_Alamat Saat ini_add family member_res_c155da'

2022-07-19 18:57:24 - [MESSAGE][PASSED] - Text 'Jakarta' is set on object 'Object Repository/CITIZEN/Page_undefined  GetVaccine/input_Alamat Saat ini_add family member_res_c155da'

2022-07-19 18:57:24 - [TEST_STEP][PASSED] - click(findTestObject("Object Repository/CITIZEN/Page_undefined  GetVaccine/span_Submit")): Object: 'Object Repository/CITIZEN/Page_undefined  GetVaccine/span_Submit' is clicked on

2022-07-19 18:57:25 - [MESSAGE][PASSED] - Object: 'Object Repository/CITIZEN/Page_undefined  GetVaccine/span_Submit' is clicked on

2022-07-19 18:57:25 - [TEST_STEP][PASSED] - if (i == 1): null

2022-07-19 18:57:25 - [TEST_STEP][PASSED] - else if (i == 2): null

2022-07-19 18:57:25 - [TEST_STEP][PASSED] - else if (i == 3): null

2022-07-19 18:57:25 - [TEST_STEP][PASSED] - else if (i == 4): null

2022-07-19 18:57:25 - [TEST_STEP][PASSED] - else if (i == 5): null

2022-07-19 18:57:25 - [TEST_STEP][PASSED] - else if (i == 6): null

2022-07-19 18:57:25 - [TEST_STEP][PASSED] - else if (i == 7): Object: 'Object Repository/CITIZEN/Page_Vaksinasi GetVaccine/Tambah Anggota/close' is clicked on

2022-07-19 18:57:25 - [TEST_STEP][PASSED] - verifyElementPresent(findTestObject("CITIZEN/Page_Vaksinasi GetVaccine/Tambah Anggota/alert nama kosong"), 0): Object 'Object Repository/CITIZEN/Page_Vaksinasi GetVaccine/Tambah Anggota/alert nama kosong' is present

2022-07-19 18:57:25 - [MESSAGE][WARNING] - Timeout '0' is invalid. Using default page load timeout: '30'

2022-07-19 18:57:25 - [MESSAGE][PASSED] - Object 'Object Repository/CITIZEN/Page_Vaksinasi GetVaccine/Tambah Anggota/alert nama kosong' is present

2022-07-19 18:57:25 - [TEST_STEP][PASSED] - click(findTestObject("CITIZEN/Page_Vaksinasi GetVaccine/Tambah Anggota/close")): Object: 'Object Repository/CITIZEN/Page_Vaksinasi GetVaccine/Tambah Anggota/close' is clicked on

2022-07-19 18:57:26 - [MESSAGE][PASSED] - Object: 'Object Repository/CITIZEN/Page_Vaksinasi GetVaccine/Tambah Anggota/close' is clicked on]]></system-out>
         <system-err><![CDATA[]]></system-err>
      </testcase>
      <testcase name="Test Cases/CITIZEN/ANGGOTA/TC_View Detail Anggota" time="18.03" classname="Test Cases/CITIZEN/ANGGOTA/TC_View Detail Anggota" status="PASSED">
         <system-out><![CDATA[2022-07-19 18:57:26 - [TEST_CASE][PASSED] - Test Cases/CITIZEN/ANGGOTA/TC_View Detail Anggota: Test Cases/CITIZEN/ANGGOTA/TC_View Detail Anggota

2022-07-19 18:57:26 - [TEST_STEP][PASSED] - click(findTestObject("CITIZEN/Page_Home  GetVaccine/home menu")): Object: 'Object Repository/CITIZEN/Page_Home  GetVaccine/home menu' is clicked on

2022-07-19 18:57:27 - [MESSAGE][PASSED] - Object: 'Object Repository/CITIZEN/Page_Home  GetVaccine/home menu' is clicked on

2022-07-19 18:57:27 - [TEST_STEP][PASSED] - click(findTestObject("CITIZEN/Page_Home  GetVaccine/a_Vaksinasi")): Object: 'Object Repository/CITIZEN/Page_Home  GetVaccine/a_Vaksinasi' is clicked on

2022-07-19 18:57:28 - [MESSAGE][PASSED] - Object: 'Object Repository/CITIZEN/Page_Home  GetVaccine/a_Vaksinasi' is clicked on

2022-07-19 18:57:28 - [TEST_STEP][PASSED] - click(findTestObject("CITIZEN/Page_undefined  GetVaccine/yonkes")): Object: 'Object Repository/CITIZEN/Page_undefined  GetVaccine/yonkes' is clicked on

2022-07-19 18:57:30 - [MESSAGE][PASSED] - Object: 'Object Repository/CITIZEN/Page_undefined  GetVaccine/yonkes' is clicked on

2022-07-19 18:57:30 - [TEST_STEP][PASSED] - verifyElementPresent(findTestObject("CITIZEN/Page_Vaksinasi GetVaccine/Detail Health Facility dan Pesan Vaksinasi/edit nama disable"), 0): Object 'Object Repository/CITIZEN/Page_Vaksinasi GetVaccine/Detail Health Facility dan Pesan Vaksinasi/edit nama disable' is present

2022-07-19 18:57:30 - [MESSAGE][WARNING] - Timeout '0' is invalid. Using default page load timeout: '30'

2022-07-19 18:57:43 - [MESSAGE][PASSED] - Object 'Object Repository/CITIZEN/Page_Vaksinasi GetVaccine/Detail Health Facility dan Pesan Vaksinasi/edit nama disable' is present

2022-07-19 18:57:43 - [TEST_STEP][PASSED] - click(findTestObject("Page_Detail Fasilitas Kesehatan  GetVaccine/button_Cancel")): Object: 'Object Repository/Page_Detail Fasilitas Kesehatan  GetVaccine/button_Cancel' is clicked on

2022-07-19 18:57:44 - [MESSAGE][PASSED] - Object: 'Object Repository/Page_Detail Fasilitas Kesehatan  GetVaccine/button_Cancel' is clicked on]]></system-out>
         <system-err><![CDATA[]]></system-err>
      </testcase>
      <testcase name="Test Cases/CITIZEN/ANGGOTA/TC_Edit Anggota" time="13.994" classname="Test Cases/CITIZEN/ANGGOTA/TC_Edit Anggota" status="PASSED">
         <system-out><![CDATA[2022-07-19 18:57:44 - [TEST_CASE][PASSED] - Test Cases/CITIZEN/ANGGOTA/TC_Edit Anggota: Test Cases/CITIZEN/ANGGOTA/TC_Edit Anggota

2022-07-19 18:57:44 - [TEST_STEP][PASSED] - click(findTestObject("CITIZEN/Page_Home  GetVaccine/home menu")): Object: 'Object Repository/CITIZEN/Page_Home  GetVaccine/home menu' is clicked on

2022-07-19 18:57:45 - [MESSAGE][PASSED] - Object: 'Object Repository/CITIZEN/Page_Home  GetVaccine/home menu' is clicked on

2022-07-19 18:57:45 - [TEST_STEP][PASSED] - click(findTestObject("CITIZEN/Page_Home  GetVaccine/a_Vaksinasi")): Object: 'Object Repository/CITIZEN/Page_Home  GetVaccine/a_Vaksinasi' is clicked on

2022-07-19 18:57:46 - [MESSAGE][PASSED] - Object: 'Object Repository/CITIZEN/Page_Home  GetVaccine/a_Vaksinasi' is clicked on

2022-07-19 18:57:46 - [TEST_STEP][PASSED] - click(findTestObject("CITIZEN/Page_undefined  GetVaccine/yonkes")): Object: 'Object Repository/CITIZEN/Page_undefined  GetVaccine/yonkes' is clicked on

2022-07-19 18:57:48 - [MESSAGE][PASSED] - Object: 'Object Repository/CITIZEN/Page_undefined  GetVaccine/yonkes' is clicked on

2022-07-19 18:57:48 - [TEST_STEP][PASSED] - click(findTestObject("Page_Detail Fasilitas Kesehatan  GetVaccine/button_ANAK_ant-btn ant-btn-default CustomB_6459a1")): Object: 'Object Repository/Page_Detail Fasilitas Kesehatan  GetVaccine/button_ANAK_ant-btn ant-btn-default CustomB_6459a1' is clicked on

2022-07-19 18:57:49 - [MESSAGE][PASSED] - Object: 'Object Repository/Page_Detail Fasilitas Kesehatan  GetVaccine/button_ANAK_ant-btn ant-btn-default CustomB_6459a1' is clicked on

2022-07-19 18:57:49 - [TEST_STEP][PASSED] - click(findTestObject("Object Repository/Page_Detail Fasilitas Kesehatan  GetVaccine/button_Edit")): Object: 'Object Repository/Page_Detail Fasilitas Kesehatan  GetVaccine/button_Edit' is clicked on

2022-07-19 18:57:49 - [MESSAGE][PASSED] - Object: 'Object Repository/Page_Detail Fasilitas Kesehatan  GetVaccine/button_Edit' is clicked on

2022-07-19 18:57:49 - [TEST_STEP][PASSED] - click(findTestObject("Object Repository/Page_Detail Fasilitas Kesehatan  GetVaccine/button_Submit")): Object: 'Object Repository/Page_Detail Fasilitas Kesehatan  GetVaccine/button_Submit' is clicked on

2022-07-19 18:57:50 - [MESSAGE][PASSED] - Object: 'Object Repository/Page_Detail Fasilitas Kesehatan  GetVaccine/button_Submit' is clicked on

2022-07-19 18:57:50 - [TEST_STEP][PASSED] - click(findTestObject("Object Repository/Page_Detail Fasilitas Kesehatan  GetVaccine/div_place_of_birth is required")): Object: 'Object Repository/Page_Detail Fasilitas Kesehatan  GetVaccine/div_place_of_birth is required' is clicked on

2022-07-19 18:57:51 - [MESSAGE][PASSED] - Object: 'Object Repository/Page_Detail Fasilitas Kesehatan  GetVaccine/div_place_of_birth is required' is clicked on

2022-07-19 18:57:51 - [TEST_STEP][PASSED] - click(findTestObject("Object Repository/Page_Detail Fasilitas Kesehatan  GetVaccine/button_Cancel")): Object: 'Object Repository/Page_Detail Fasilitas Kesehatan  GetVaccine/button_Cancel' is clicked on

2022-07-19 18:57:51 - [MESSAGE][PASSED] - Object: 'Object Repository/Page_Detail Fasilitas Kesehatan  GetVaccine/button_Cancel' is clicked on

2022-07-19 18:57:51 - [TEST_STEP][PASSED] - click(findTestObject("CITIZEN/Page_undefined  GetVaccine/a_Fasilitas Kesehatan")): Object: 'Object Repository/CITIZEN/Page_undefined  GetVaccine/a_Fasilitas Kesehatan' is clicked on

2022-07-19 18:57:52 - [MESSAGE][PASSED] - Object: 'Object Repository/CITIZEN/Page_undefined  GetVaccine/a_Fasilitas Kesehatan' is clicked on

2022-07-19 18:57:52 - [TEST_STEP][PASSED] - click(findTestObject("CITIZEN/Page_Detail Fasilitas Kesehatan  GetVaccine/detail haechan")): Object: 'Object Repository/CITIZEN/Page_Detail Fasilitas Kesehatan  GetVaccine/detail haechan' is clicked on

2022-07-19 18:57:54 - [MESSAGE][PASSED] - Object: 'Object Repository/CITIZEN/Page_Detail Fasilitas Kesehatan  GetVaccine/detail haechan' is clicked on

2022-07-19 18:57:54 - [TEST_STEP][PASSED] - click(findTestObject("Page_Detail Fasilitas Kesehatan  GetVaccine/button_Edit")): Object: 'Object Repository/Page_Detail Fasilitas Kesehatan  GetVaccine/button_Edit' is clicked on

2022-07-19 18:57:54 - [MESSAGE][PASSED] - Object: 'Object Repository/Page_Detail Fasilitas Kesehatan  GetVaccine/button_Edit' is clicked on

2022-07-19 18:57:54 - [TEST_STEP][PASSED] - click(findTestObject("Page_Detail Fasilitas Kesehatan  GetVaccine/edit haechan")): Object: 'Object Repository/Page_Detail Fasilitas Kesehatan  GetVaccine/edit haechan' is clicked on

2022-07-19 18:57:55 - [MESSAGE][PASSED] - Object: 'Object Repository/Page_Detail Fasilitas Kesehatan  GetVaccine/edit haechan' is clicked on

2022-07-19 18:57:55 - [TEST_STEP][PASSED] - setText(findTestObject("Page_Detail Fasilitas Kesehatan  GetVaccine/edit haechan"), " Lee"): Text ' Lee' is set on object 'Object Repository/Page_Detail Fasilitas Kesehatan  GetVaccine/edit haechan'

2022-07-19 18:57:56 - [MESSAGE][PASSED] - Text ' Lee' is set on object 'Object Repository/Page_Detail Fasilitas Kesehatan  GetVaccine/edit haechan'

2022-07-19 18:57:56 - [TEST_STEP][PASSED] - click(findTestObject("Object Repository/Page_Detail Fasilitas Kesehatan  GetVaccine/button_Submit")): Object: 'Object Repository/Page_Detail Fasilitas Kesehatan  GetVaccine/button_Submit' is clicked on

2022-07-19 18:57:56 - [MESSAGE][PASSED] - Object: 'Object Repository/Page_Detail Fasilitas Kesehatan  GetVaccine/button_Submit' is clicked on

2022-07-19 18:57:56 - [TEST_STEP][PASSED] - click(findTestObject("Object Repository/Page_Detail Fasilitas Kesehatan  GetVaccine/span_Data telah berhasil diupdate")): Object: 'Object Repository/Page_Detail Fasilitas Kesehatan  GetVaccine/span_Data telah berhasil diupdate' is clicked on

2022-07-19 18:57:58 - [MESSAGE][PASSED] - Object: 'Object Repository/Page_Detail Fasilitas Kesehatan  GetVaccine/span_Data telah berhasil diupdate' is clicked on]]></system-out>
         <system-err><![CDATA[]]></system-err>
      </testcase>
      <testcase name="Test Cases/CITIZEN/VAKSINASI/TC_Pesan Vaksinasi" time="12.33" classname="Test Cases/CITIZEN/VAKSINASI/TC_Pesan Vaksinasi" status="PASSED">
         <system-out><![CDATA[2022-07-19 18:57:58 - [TEST_CASE][PASSED] - Test Cases/CITIZEN/VAKSINASI/TC_Pesan Vaksinasi: Test Cases/CITIZEN/VAKSINASI/TC_Pesan Vaksinasi

2022-07-19 18:57:58 - [TEST_STEP][PASSED] - click(findTestObject("Object Repository/Page_Detail Fasilitas Kesehatan  GetVaccine/input")): Object: 'Object Repository/Page_Detail Fasilitas Kesehatan  GetVaccine/input' is clicked on

2022-07-19 18:57:59 - [MESSAGE][PASSED] - Object: 'Object Repository/Page_Detail Fasilitas Kesehatan  GetVaccine/input' is clicked on

2022-07-19 18:57:59 - [TEST_STEP][PASSED] - click(findTestObject("Object Repository/Page_Detail Fasilitas Kesehatan  GetVaccine/div_22")): Object: 'Object Repository/Page_Detail Fasilitas Kesehatan  GetVaccine/div_22' is clicked on

2022-07-19 18:57:59 - [MESSAGE][PASSED] - Object: 'Object Repository/Page_Detail Fasilitas Kesehatan  GetVaccine/div_22' is clicked on

2022-07-19 18:57:59 - [TEST_STEP][PASSED] - click(findTestObject("Object Repository/Page_Detail Fasilitas Kesehatan  GetVaccine/div_083142 - 163142SINOPHARMDOSIS_1200")): Object: 'Object Repository/Page_Detail Fasilitas Kesehatan  GetVaccine/div_083142 - 163142SINOPHARMDOSIS_1200' is clicked on

2022-07-19 18:58:00 - [MESSAGE][PASSED] - Object: 'Object Repository/Page_Detail Fasilitas Kesehatan  GetVaccine/div_083142 - 163142SINOPHARMDOSIS_1200' is clicked on

2022-07-19 18:58:00 - [TEST_STEP][PASSED] - click(findTestObject("CITIZEN/Page_Vaksinasi GetVaccine/Detail Health Facility dan Pesan Vaksinasi/card haechan")): Object: 'Object Repository/CITIZEN/Page_Vaksinasi GetVaccine/Detail Health Facility dan Pesan Vaksinasi/card haechan' is clicked on

2022-07-19 18:58:00 - [MESSAGE][PASSED] - Object: 'Object Repository/CITIZEN/Page_Vaksinasi GetVaccine/Detail Health Facility dan Pesan Vaksinasi/card haechan' is clicked on

2022-07-19 18:58:00 - [TEST_STEP][PASSED] - click(findTestObject("CITIZEN/Page_undefined  GetVaccine/btn-pesan vaksinasi")): Object: 'Object Repository/CITIZEN/Page_undefined  GetVaccine/btn-pesan vaksinasi' is clicked on

2022-07-19 18:58:01 - [MESSAGE][PASSED] - Object: 'Object Repository/CITIZEN/Page_undefined  GetVaccine/btn-pesan vaksinasi' is clicked on

2022-07-19 18:58:01 - [TEST_STEP][PASSED] - click(findTestObject("CITIZEN/Page_Vaksinasi GetVaccine/Detail Health Facility dan Pesan Vaksinasi/btn lanjutkan")): Object: 'Object Repository/CITIZEN/Page_Vaksinasi GetVaccine/Detail Health Facility dan Pesan Vaksinasi/btn lanjutkan' is clicked on

2022-07-19 18:58:06 - [MESSAGE][PASSED] - Object: 'Object Repository/CITIZEN/Page_Vaksinasi GetVaccine/Detail Health Facility dan Pesan Vaksinasi/btn lanjutkan' is clicked on

2022-07-19 18:58:06 - [TEST_STEP][PASSED] - verifyElementPresent(findTestObject("CITIZEN/Page_undefined  GetVaccine/tiket page"), 0): Object 'Object Repository/CITIZEN/Page_undefined  GetVaccine/tiket page' is present

2022-07-19 18:58:06 - [MESSAGE][WARNING] - Timeout '0' is invalid. Using default page load timeout: '30'

2022-07-19 18:58:10 - [MESSAGE][PASSED] - Object 'Object Repository/CITIZEN/Page_undefined  GetVaccine/tiket page' is present]]></system-out>
         <system-err><![CDATA[]]></system-err>
      </testcase>
      <testcase name="Test Cases/CITIZEN/TIKET/TC_View Tiket" time="2.888" classname="Test Cases/CITIZEN/TIKET/TC_View Tiket" status="PASSED">
         <system-out><![CDATA[2022-07-19 18:58:10 - [TEST_CASE][PASSED] - Test Cases/CITIZEN/TIKET/TC_View Tiket: Test Cases/CITIZEN/TIKET/TC_View Tiket

2022-07-19 18:58:10 - [TEST_STEP][PASSED] - click(findTestObject("CITIZEN/Page_Home  GetVaccine/Tiket Menu")): Object: 'Object Repository/CITIZEN/Page_Home  GetVaccine/Tiket Menu' is clicked on

2022-07-19 18:58:11 - [MESSAGE][PASSED] - Object: 'Object Repository/CITIZEN/Page_Home  GetVaccine/Tiket Menu' is clicked on

2022-07-19 18:58:11 - [TEST_STEP][PASSED] - verifyElementPresent(findTestObject("CITIZEN/Page_Tiket/verify tiket page"), 0): Object 'Object Repository/CITIZEN/Page_Tiket/verify tiket page' is present

2022-07-19 18:58:11 - [MESSAGE][WARNING] - Timeout '0' is invalid. Using default page load timeout: '30'

2022-07-19 18:58:11 - [MESSAGE][PASSED] - Object 'Object Repository/CITIZEN/Page_Tiket/verify tiket page' is present

2022-07-19 18:58:11 - [TEST_STEP][PASSED] - click(findTestObject("CITIZEN/Page_Tiket/Detail Tiket")): Object: 'Object Repository/CITIZEN/Page_Tiket/Detail Tiket' is clicked on

2022-07-19 18:58:12 - [MESSAGE][PASSED] - Object: 'Object Repository/CITIZEN/Page_Tiket/Detail Tiket' is clicked on

2022-07-19 18:58:12 - [TEST_STEP][PASSED] - click(findTestObject("CITIZEN/Page_Tiket/close detail")): Object: 'Object Repository/CITIZEN/Page_Tiket/close detail' is clicked on

2022-07-19 18:58:12 - [MESSAGE][PASSED] - Object: 'Object Repository/CITIZEN/Page_Tiket/close detail' is clicked on

2022-07-19 18:58:12 - [TEST_STEP][PASSED] - verifyElementPresent(findTestObject("CITIZEN/Page_Tiket/verify tiket page"), 0): Object 'Object Repository/CITIZEN/Page_Tiket/verify tiket page' is present

2022-07-19 18:58:12 - [MESSAGE][WARNING] - Timeout '0' is invalid. Using default page load timeout: '30'

2022-07-19 18:58:13 - [MESSAGE][PASSED] - Object 'Object Repository/CITIZEN/Page_Tiket/verify tiket page' is present]]></system-out>
         <system-err><![CDATA[]]></system-err>
      </testcase>
      <testcase name="Test Cases/CITIZEN/AUTH/Logout" time="18.922" classname="Test Cases/CITIZEN/AUTH/Logout" status="PASSED">
         <system-out><![CDATA[2022-07-19 18:58:13 - [TEST_CASE][PASSED] - Test Cases/CITIZEN/AUTH/Logout: Test Cases/CITIZEN/AUTH/Logout

2022-07-19 18:58:13 - [TEST_STEP][PASSED] - click(findTestObject("Object Repository/CITIZEN/Page_Tiket Vaksin  GetVaccine/svg_Tiket_ant-dropdown-trigger ant-dropdown_754753")): Object: 'Object Repository/CITIZEN/Page_Tiket Vaksin  GetVaccine/svg_Tiket_ant-dropdown-trigger ant-dropdown_754753' is clicked on

2022-07-19 18:58:14 - [MESSAGE][PASSED] - Object: 'Object Repository/CITIZEN/Page_Tiket Vaksin  GetVaccine/svg_Tiket_ant-dropdown-trigger ant-dropdown_754753' is clicked on

2022-07-19 18:58:14 - [TEST_STEP][PASSED] - click(findTestObject("Object Repository/CITIZEN/Page_Tiket Vaksin  GetVaccine/span_Logout")): Object: 'Object Repository/CITIZEN/Page_Tiket Vaksin  GetVaccine/span_Logout' is clicked on

2022-07-19 18:58:31 - [MESSAGE][PASSED] - Object: 'Object Repository/CITIZEN/Page_Tiket Vaksin  GetVaccine/span_Logout' is clicked on

2022-07-19 18:58:31 - [TEST_STEP][PASSED] - verifyElementPresent(findTestObject("CITIZEN/Page_Home  GetVaccine/a_Login"), 0): Object 'Object Repository/CITIZEN/Page_Home  GetVaccine/a_Login' is present

2022-07-19 18:58:31 - [MESSAGE][WARNING] - Timeout '0' is invalid. Using default page load timeout: '30'

2022-07-19 18:58:32 - [MESSAGE][PASSED] - Object 'Object Repository/CITIZEN/Page_Home  GetVaccine/a_Login' is present]]></system-out>
         <system-err><![CDATA[]]></system-err>
      </testcase>
      <system-out><![CDATA[2022-07-19 18:44:11 - [TEST_SUITE][PASSED] - TS_CITIZEN: Test Cases/CITIZEN/AUTH/Logout]]></system-out>
      <system-err><![CDATA[]]></system-err>
   </testsuite>
</testsuites>
