<?xml version="1.0" encoding="UTF-8"?>
<testsuites name="TS_CITIZEN" time="758.487" tests="8" failures="1" errors="0">
   <testsuite name="TS_CITIZEN" tests="8" failures="1" errors="0" time="758.487" skipped="0" timestamp="2022-07-18 19:52:07" hostname="Thinkpad X260 - DESKTOP-D9B57TC" id="Test Suites/TS_CITIZEN">
      <properties>
         <property name="deviceName" value=""/>
         <property name="devicePlatform" value=""/>
         <property name="logFolder" value="C:\\Users\\Thinkpad X260\\git\\CapstoneWEBSITE\\Reports\\20220718_195202\\TS_CITIZEN\\20220718_195203"/>
         <property name="logFiles" value="C:\\Users\\Thinkpad X260\\git\\CapstoneWEBSITE\\Reports\\20220718_195202\\TS_CITIZEN\\20220718_195203\\execution0.log"/>
         <property name="attachments" value="C:\\Users\\Thinkpad X260\\git\\CapstoneWEBSITE\\Reports\\20220718_195202\\TS_CITIZEN\\20220718_195203\\1658149481038.png"/>
         <property name="hostName" value="Thinkpad X260 - DESKTOP-D9B57TC"/>
         <property name="os" value="Windows 10 64bit"/>
         <property name="katalonVersion" value="8.2.5.208"/>
         <property name="browser" value="Chrome 103.0.5060.114"/>
         <property name="hostAddress" value="192.168.100.66"/>
         <property name="sessionId" value="3f01dea834f71fa2d3695ea73620f067"/>
         <property name="seleniumVersion" value="3.141.59"/>
         <property name="proxyInformation" value="ProxyInformation { proxyOption=NO_PROXY, proxyServerType=HTTP, username=, password=********, proxyServerAddress=, proxyServerPort=0, executionList=&quot;&quot;, isApplyToDesiredCapabilities=true }"/>
         <property name="platform" value="Windows 10"/>
      </properties>
      <testcase name="Test Cases/CITIZEN/AUTH/TC_Register" time="279.567" classname="Test Cases/CITIZEN/AUTH/TC_Register" status="PASSED">
         <system-out><![CDATA[2022-07-18 19:52:08 - [TEST_CASE][PASSED] - Test Cases/CITIZEN/AUTH/TC_Register: Test Cases/CITIZEN/AUTH/TC_Register

2022-07-18 19:52:09 - [TEST_STEP][PASSED] - for ([i = 1, i <= 6, (i++)]): Browser is closed

2022-07-18 19:52:09 - [TEST_STEP][PASSED] - openBrowser(""): Browser is opened with url: ''

2022-07-18 19:52:09 - [MESSAGE][INFO] - Starting 'Chrome' driver

2022-07-18 19:52:09 - [MESSAGE][INFO] - Action delay is set to 0 milliseconds

2022-07-18 19:52:12 - [MESSAGE][PASSED] - Browser is opened with url: ''

2022-07-18 19:52:12 - [TEST_STEP][PASSED] - maximizeWindow(): Current window maximized

2022-07-18 19:52:12 - [MESSAGE][PASSED] - Current window maximized

2022-07-18 19:52:12 - [TEST_STEP][PASSED] - navigateToUrl("https://dev-getvaccine-16.netlify.app/"): Navigate to 'https://dev-getvaccine-16.netlify.app/' successfully

2022-07-18 19:52:34 - [MESSAGE][PASSED] - Navigate to 'https://dev-getvaccine-16.netlify.app/' successfully

2022-07-18 19:52:34 - [TEST_STEP][PASSED] - click(findTestObject("CITIZEN/Page_Home  GetVaccine/a_Register")): Object: 'Object Repository/CITIZEN/Page_Home  GetVaccine/a_Register' is clicked on

2022-07-18 19:52:35 - [MESSAGE][PASSED] - Object: 'Object Repository/CITIZEN/Page_Home  GetVaccine/a_Register' is clicked on

2022-07-18 19:52:35 - [TEST_STEP][PASSED] - verifyElementVisible(findTestObject("CITIZEN/Page_Registrasi  GetVaccine/h2_Register")): Object 'Object Repository/CITIZEN/Page_Registrasi  GetVaccine/h2_Register' is visible

2022-07-18 19:52:36 - [MESSAGE][PASSED] - Object 'Object Repository/CITIZEN/Page_Registrasi  GetVaccine/h2_Register' is visible

2022-07-18 19:52:36 - [TEST_STEP][PASSED] - setText(findTestObject("CITIZEN/Page_Registrasi  GetVaccine/input_NIK_basic_nik"), findTestData("CITIZEN/Register").getValue(1, i)): Text '1234' is set on object 'Object Repository/CITIZEN/Page_Registrasi  GetVaccine/input_NIK_basic_nik'

2022-07-18 19:52:37 - [MESSAGE][PASSED] - Text '1234' is set on object 'Object Repository/CITIZEN/Page_Registrasi  GetVaccine/input_NIK_basic_nik'

2022-07-18 19:52:37 - [TEST_STEP][PASSED] - setText(findTestObject("CITIZEN/Page_Registrasi  GetVaccine/input_Nama Lengkap_basic_fullname"), findTestData("CITIZEN/Register").getValue(2, i)): Text 'Harnanada' is set on object 'Object Repository/CITIZEN/Page_Registrasi  GetVaccine/input_Nama Lengkap_basic_fullname'

2022-07-18 19:52:38 - [MESSAGE][PASSED] - Text 'Harnanada' is set on object 'Object Repository/CITIZEN/Page_Registrasi  GetVaccine/input_Nama Lengkap_basic_fullname'

2022-07-18 19:52:38 - [TEST_STEP][PASSED] - setText(findTestObject("CITIZEN/Page_Registrasi  GetVaccine/input_Email_basic_email"), findTestData("CITIZEN/Register").getValue(3, i)): Text 'harnanda@email.com' is set on object 'Object Repository/CITIZEN/Page_Registrasi  GetVaccine/input_Email_basic_email'

2022-07-18 19:52:39 - [MESSAGE][PASSED] - Text 'harnanda@email.com' is set on object 'Object Repository/CITIZEN/Page_Registrasi  GetVaccine/input_Email_basic_email'

2022-07-18 19:52:39 - [TEST_STEP][PASSED] - setText(findTestObject("CITIZEN/Page_Registrasi  GetVaccine/input_Password_basic_password"), findTestData("CITIZEN/Register").getValue(4, i)): Text 'Haha1234' is set on object 'Object Repository/CITIZEN/Page_Registrasi  GetVaccine/input_Password_basic_password'

2022-07-18 19:52:40 - [MESSAGE][PASSED] - Text 'Haha1234' is set on object 'Object Repository/CITIZEN/Page_Registrasi  GetVaccine/input_Password_basic_password'

2022-07-18 19:52:40 - [TEST_STEP][PASSED] - click(findTestObject("CITIZEN/Page_Login  GetVaccine/eye")): Object: 'Object Repository/CITIZEN/Page_Login  GetVaccine/eye' is clicked on

2022-07-18 19:52:40 - [MESSAGE][PASSED] - Object: 'Object Repository/CITIZEN/Page_Login  GetVaccine/eye' is clicked on

2022-07-18 19:52:40 - [TEST_STEP][PASSED] - setText(findTestObject("CITIZEN/Page_Registrasi  GetVaccine/input_Confirm Password_basic_confirmPassword"), findTestData("CITIZEN/Register").getValue(5, i)): Text 'Haha1234' is set on object 'Object Repository/CITIZEN/Page_Registrasi  GetVaccine/input_Confirm Password_basic_confirmPassword'

2022-07-18 19:52:41 - [MESSAGE][PASSED] - Text 'Haha1234' is set on object 'Object Repository/CITIZEN/Page_Registrasi  GetVaccine/input_Confirm Password_basic_confirmPassword'

2022-07-18 19:52:41 - [TEST_STEP][PASSED] - click(findTestObject("CITIZEN/Page_Login  GetVaccine/eye")): Object: 'Object Repository/CITIZEN/Page_Login  GetVaccine/eye' is clicked on

2022-07-18 19:52:42 - [MESSAGE][PASSED] - Object: 'Object Repository/CITIZEN/Page_Login  GetVaccine/eye' is clicked on

2022-07-18 19:52:42 - [TEST_STEP][PASSED] - click(findTestObject("CITIZEN/Page_Registrasi  GetVaccine/button_Register")): Object: 'Object Repository/CITIZEN/Page_Registrasi  GetVaccine/button_Register' is clicked on

2022-07-18 19:52:42 - [MESSAGE][PASSED] - Object: 'Object Repository/CITIZEN/Page_Registrasi  GetVaccine/button_Register' is clicked on

2022-07-18 19:52:42 - [TEST_STEP][PASSED] - if (i == 1): Object 'Object Repository/CITIZEN/Page_Registrasi  GetVaccine/div_Masukkan minimal 16 karakter' is visible

2022-07-18 19:52:42 - [TEST_STEP][PASSED] - verifyElementVisible(findTestObject("CITIZEN/Page_Registrasi  GetVaccine/div_Masukkan minimal 16 karakter"), CONTINUE_ON_FAILURE): Object 'Object Repository/CITIZEN/Page_Registrasi  GetVaccine/div_Masukkan minimal 16 karakter' is visible

2022-07-18 19:52:43 - [MESSAGE][PASSED] - Object 'Object Repository/CITIZEN/Page_Registrasi  GetVaccine/div_Masukkan minimal 16 karakter' is visible

2022-07-18 19:52:43 - [TEST_STEP][PASSED] - closeBrowser(): Browser is closed

2022-07-18 19:52:44 - [MESSAGE][PASSED] - Browser is closed

2022-07-18 19:52:44 - [TEST_STEP][PASSED] - openBrowser(""): Browser is opened with url: ''

2022-07-18 19:52:44 - [MESSAGE][INFO] - Starting 'Chrome' driver

2022-07-18 19:52:44 - [MESSAGE][INFO] - Action delay is set to 0 milliseconds

2022-07-18 19:52:45 - [MESSAGE][PASSED] - Browser is opened with url: ''

2022-07-18 19:52:45 - [TEST_STEP][PASSED] - maximizeWindow(): Current window maximized

2022-07-18 19:52:45 - [MESSAGE][PASSED] - Current window maximized

2022-07-18 19:52:45 - [TEST_STEP][PASSED] - navigateToUrl("https://dev-getvaccine-16.netlify.app/"): Navigate to 'https://dev-getvaccine-16.netlify.app/' successfully

2022-07-18 19:52:51 - [MESSAGE][PASSED] - Navigate to 'https://dev-getvaccine-16.netlify.app/' successfully

2022-07-18 19:52:51 - [TEST_STEP][PASSED] - click(findTestObject("CITIZEN/Page_Home  GetVaccine/a_Register")): Object: 'Object Repository/CITIZEN/Page_Home  GetVaccine/a_Register' is clicked on

2022-07-18 19:53:16 - [MESSAGE][PASSED] - Object: 'Object Repository/CITIZEN/Page_Home  GetVaccine/a_Register' is clicked on

2022-07-18 19:53:16 - [TEST_STEP][PASSED] - verifyElementVisible(findTestObject("CITIZEN/Page_Registrasi  GetVaccine/h2_Register")): Object 'Object Repository/CITIZEN/Page_Registrasi  GetVaccine/h2_Register' is visible

2022-07-18 19:53:16 - [MESSAGE][PASSED] - Object 'Object Repository/CITIZEN/Page_Registrasi  GetVaccine/h2_Register' is visible

2022-07-18 19:53:16 - [TEST_STEP][PASSED] - setText(findTestObject("CITIZEN/Page_Registrasi  GetVaccine/input_NIK_basic_nik"), findTestData("CITIZEN/Register").getValue(1, i)): Text '1234A' is set on object 'Object Repository/CITIZEN/Page_Registrasi  GetVaccine/input_NIK_basic_nik'

2022-07-18 19:53:17 - [MESSAGE][PASSED] - Text '1234A' is set on object 'Object Repository/CITIZEN/Page_Registrasi  GetVaccine/input_NIK_basic_nik'

2022-07-18 19:53:17 - [TEST_STEP][PASSED] - setText(findTestObject("CITIZEN/Page_Registrasi  GetVaccine/input_Nama Lengkap_basic_fullname"), findTestData("CITIZEN/Register").getValue(2, i)): Text 'Harnanda' is set on object 'Object Repository/CITIZEN/Page_Registrasi  GetVaccine/input_Nama Lengkap_basic_fullname'

2022-07-18 19:53:18 - [MESSAGE][PASSED] - Text 'Harnanda' is set on object 'Object Repository/CITIZEN/Page_Registrasi  GetVaccine/input_Nama Lengkap_basic_fullname'

2022-07-18 19:53:18 - [TEST_STEP][PASSED] - setText(findTestObject("CITIZEN/Page_Registrasi  GetVaccine/input_Email_basic_email"), findTestData("CITIZEN/Register").getValue(3, i)): Text 'harnanda@email.com' is set on object 'Object Repository/CITIZEN/Page_Registrasi  GetVaccine/input_Email_basic_email'

2022-07-18 19:53:19 - [MESSAGE][PASSED] - Text 'harnanda@email.com' is set on object 'Object Repository/CITIZEN/Page_Registrasi  GetVaccine/input_Email_basic_email'

2022-07-18 19:53:19 - [TEST_STEP][PASSED] - setText(findTestObject("CITIZEN/Page_Registrasi  GetVaccine/input_Password_basic_password"), findTestData("CITIZEN/Register").getValue(4, i)): Text 'Haha1234' is set on object 'Object Repository/CITIZEN/Page_Registrasi  GetVaccine/input_Password_basic_password'

2022-07-18 19:53:20 - [MESSAGE][PASSED] - Text 'Haha1234' is set on object 'Object Repository/CITIZEN/Page_Registrasi  GetVaccine/input_Password_basic_password'

2022-07-18 19:53:20 - [TEST_STEP][PASSED] - click(findTestObject("CITIZEN/Page_Login  GetVaccine/eye")): Object: 'Object Repository/CITIZEN/Page_Login  GetVaccine/eye' is clicked on

2022-07-18 19:53:21 - [MESSAGE][PASSED] - Object: 'Object Repository/CITIZEN/Page_Login  GetVaccine/eye' is clicked on

2022-07-18 19:53:21 - [TEST_STEP][PASSED] - setText(findTestObject("CITIZEN/Page_Registrasi  GetVaccine/input_Confirm Password_basic_confirmPassword"), findTestData("CITIZEN/Register").getValue(5, i)): Text 'Haha1234' is set on object 'Object Repository/CITIZEN/Page_Registrasi  GetVaccine/input_Confirm Password_basic_confirmPassword'

2022-07-18 19:53:22 - [MESSAGE][PASSED] - Text 'Haha1234' is set on object 'Object Repository/CITIZEN/Page_Registrasi  GetVaccine/input_Confirm Password_basic_confirmPassword'

2022-07-18 19:53:22 - [TEST_STEP][PASSED] - click(findTestObject("CITIZEN/Page_Login  GetVaccine/eye")): Object: 'Object Repository/CITIZEN/Page_Login  GetVaccine/eye' is clicked on

2022-07-18 19:53:22 - [MESSAGE][PASSED] - Object: 'Object Repository/CITIZEN/Page_Login  GetVaccine/eye' is clicked on

2022-07-18 19:53:22 - [TEST_STEP][PASSED] - click(findTestObject("CITIZEN/Page_Registrasi  GetVaccine/button_Register")): Object: 'Object Repository/CITIZEN/Page_Registrasi  GetVaccine/button_Register' is clicked on

2022-07-18 19:53:23 - [MESSAGE][PASSED] - Object: 'Object Repository/CITIZEN/Page_Registrasi  GetVaccine/button_Register' is clicked on

2022-07-18 19:53:23 - [TEST_STEP][PASSED] - if (i == 1): null

2022-07-18 19:53:23 - [TEST_STEP][PASSED] - else if (i == 2): Object 'Object Repository/CITIZEN/Page_Registrasi  GetVaccine/div_Inputan Harus Berupa Angka' is visible

2022-07-18 19:53:23 - [TEST_STEP][PASSED] - verifyElementVisible(findTestObject("CITIZEN/Page_Registrasi  GetVaccine/div_Inputan Harus Berupa Angka"), CONTINUE_ON_FAILURE): Object 'Object Repository/CITIZEN/Page_Registrasi  GetVaccine/div_Inputan Harus Berupa Angka' is visible

2022-07-18 19:53:24 - [MESSAGE][PASSED] - Object 'Object Repository/CITIZEN/Page_Registrasi  GetVaccine/div_Inputan Harus Berupa Angka' is visible

2022-07-18 19:53:24 - [TEST_STEP][PASSED] - closeBrowser(): Browser is closed

2022-07-18 19:53:24 - [MESSAGE][PASSED] - Browser is closed

2022-07-18 19:53:24 - [TEST_STEP][PASSED] - openBrowser(""): Browser is opened with url: ''

2022-07-18 19:53:25 - [MESSAGE][INFO] - Starting 'Chrome' driver

2022-07-18 19:53:25 - [MESSAGE][INFO] - Action delay is set to 0 milliseconds

2022-07-18 19:53:26 - [MESSAGE][PASSED] - Browser is opened with url: ''

2022-07-18 19:53:26 - [TEST_STEP][PASSED] - maximizeWindow(): Current window maximized

2022-07-18 19:53:26 - [MESSAGE][PASSED] - Current window maximized

2022-07-18 19:53:26 - [TEST_STEP][PASSED] - navigateToUrl("https://dev-getvaccine-16.netlify.app/"): Navigate to 'https://dev-getvaccine-16.netlify.app/' successfully

2022-07-18 19:53:40 - [MESSAGE][PASSED] - Navigate to 'https://dev-getvaccine-16.netlify.app/' successfully

2022-07-18 19:53:40 - [TEST_STEP][PASSED] - click(findTestObject("CITIZEN/Page_Home  GetVaccine/a_Register")): Object: 'Object Repository/CITIZEN/Page_Home  GetVaccine/a_Register' is clicked on

2022-07-18 19:53:40 - [MESSAGE][PASSED] - Object: 'Object Repository/CITIZEN/Page_Home  GetVaccine/a_Register' is clicked on

2022-07-18 19:53:40 - [TEST_STEP][PASSED] - verifyElementVisible(findTestObject("CITIZEN/Page_Registrasi  GetVaccine/h2_Register")): Object 'Object Repository/CITIZEN/Page_Registrasi  GetVaccine/h2_Register' is visible

2022-07-18 19:53:41 - [MESSAGE][PASSED] - Object 'Object Repository/CITIZEN/Page_Registrasi  GetVaccine/h2_Register' is visible

2022-07-18 19:53:41 - [TEST_STEP][PASSED] - setText(findTestObject("CITIZEN/Page_Registrasi  GetVaccine/input_NIK_basic_nik"), findTestData("CITIZEN/Register").getValue(1, i)): Text '1234567890123456' is set on object 'Object Repository/CITIZEN/Page_Registrasi  GetVaccine/input_NIK_basic_nik'

2022-07-18 19:53:42 - [MESSAGE][PASSED] - Text '1234567890123456' is set on object 'Object Repository/CITIZEN/Page_Registrasi  GetVaccine/input_NIK_basic_nik'

2022-07-18 19:53:42 - [TEST_STEP][PASSED] - setText(findTestObject("CITIZEN/Page_Registrasi  GetVaccine/input_Nama Lengkap_basic_fullname"), findTestData("CITIZEN/Register").getValue(2, i)): Text 'Harnanda1' is set on object 'Object Repository/CITIZEN/Page_Registrasi  GetVaccine/input_Nama Lengkap_basic_fullname'

2022-07-18 19:53:43 - [MESSAGE][PASSED] - Text 'Harnanda1' is set on object 'Object Repository/CITIZEN/Page_Registrasi  GetVaccine/input_Nama Lengkap_basic_fullname'

2022-07-18 19:53:43 - [TEST_STEP][PASSED] - setText(findTestObject("CITIZEN/Page_Registrasi  GetVaccine/input_Email_basic_email"), findTestData("CITIZEN/Register").getValue(3, i)): Text 'harnanda@email.com' is set on object 'Object Repository/CITIZEN/Page_Registrasi  GetVaccine/input_Email_basic_email'

2022-07-18 19:53:44 - [MESSAGE][PASSED] - Text 'harnanda@email.com' is set on object 'Object Repository/CITIZEN/Page_Registrasi  GetVaccine/input_Email_basic_email'

2022-07-18 19:53:44 - [TEST_STEP][PASSED] - setText(findTestObject("CITIZEN/Page_Registrasi  GetVaccine/input_Password_basic_password"), findTestData("CITIZEN/Register").getValue(4, i)): Text 'Haha1234' is set on object 'Object Repository/CITIZEN/Page_Registrasi  GetVaccine/input_Password_basic_password'

2022-07-18 19:53:45 - [MESSAGE][PASSED] - Text 'Haha1234' is set on object 'Object Repository/CITIZEN/Page_Registrasi  GetVaccine/input_Password_basic_password'

2022-07-18 19:53:45 - [TEST_STEP][PASSED] - click(findTestObject("CITIZEN/Page_Login  GetVaccine/eye")): Object: 'Object Repository/CITIZEN/Page_Login  GetVaccine/eye' is clicked on

2022-07-18 19:53:46 - [MESSAGE][PASSED] - Object: 'Object Repository/CITIZEN/Page_Login  GetVaccine/eye' is clicked on

2022-07-18 19:53:46 - [TEST_STEP][PASSED] - setText(findTestObject("CITIZEN/Page_Registrasi  GetVaccine/input_Confirm Password_basic_confirmPassword"), findTestData("CITIZEN/Register").getValue(5, i)): Text 'Haha1234' is set on object 'Object Repository/CITIZEN/Page_Registrasi  GetVaccine/input_Confirm Password_basic_confirmPassword'

2022-07-18 19:53:46 - [MESSAGE][PASSED] - Text 'Haha1234' is set on object 'Object Repository/CITIZEN/Page_Registrasi  GetVaccine/input_Confirm Password_basic_confirmPassword'

2022-07-18 19:53:46 - [TEST_STEP][PASSED] - click(findTestObject("CITIZEN/Page_Login  GetVaccine/eye")): Object: 'Object Repository/CITIZEN/Page_Login  GetVaccine/eye' is clicked on

2022-07-18 19:53:47 - [MESSAGE][PASSED] - Object: 'Object Repository/CITIZEN/Page_Login  GetVaccine/eye' is clicked on

2022-07-18 19:53:47 - [TEST_STEP][PASSED] - click(findTestObject("CITIZEN/Page_Registrasi  GetVaccine/button_Register")): Object: 'Object Repository/CITIZEN/Page_Registrasi  GetVaccine/button_Register' is clicked on

2022-07-18 19:53:48 - [MESSAGE][PASSED] - Object: 'Object Repository/CITIZEN/Page_Registrasi  GetVaccine/button_Register' is clicked on

2022-07-18 19:53:48 - [TEST_STEP][PASSED] - if (i == 1): null

2022-07-18 19:53:48 - [TEST_STEP][PASSED] - else if (i == 2): null

2022-07-18 19:53:48 - [TEST_STEP][PASSED] - else if (i == 3): Object 'Object Repository/CITIZEN/Page_Registrasi  GetVaccine/div_Karakter yang diizinkan spasi, huruf ka_922eed' is visible

2022-07-18 19:53:48 - [TEST_STEP][PASSED] - verifyElementVisible(findTestObject("CITIZEN/Page_Registrasi  GetVaccine/div_Karakter yang diizinkan spasi, huruf ka_922eed"), CONTINUE_ON_FAILURE): Object 'Object Repository/CITIZEN/Page_Registrasi  GetVaccine/div_Karakter yang diizinkan spasi, huruf ka_922eed' is visible

2022-07-18 19:53:48 - [MESSAGE][PASSED] - Object 'Object Repository/CITIZEN/Page_Registrasi  GetVaccine/div_Karakter yang diizinkan spasi, huruf ka_922eed' is visible

2022-07-18 19:53:48 - [TEST_STEP][PASSED] - closeBrowser(): Browser is closed

2022-07-18 19:53:49 - [MESSAGE][PASSED] - Browser is closed

2022-07-18 19:53:49 - [TEST_STEP][PASSED] - openBrowser(""): Browser is opened with url: ''

2022-07-18 19:53:49 - [MESSAGE][INFO] - Starting 'Chrome' driver

2022-07-18 19:53:49 - [MESSAGE][INFO] - Action delay is set to 0 milliseconds

2022-07-18 19:53:50 - [MESSAGE][PASSED] - Browser is opened with url: ''

2022-07-18 19:53:50 - [TEST_STEP][PASSED] - maximizeWindow(): Current window maximized

2022-07-18 19:53:51 - [MESSAGE][PASSED] - Current window maximized

2022-07-18 19:53:51 - [TEST_STEP][PASSED] - navigateToUrl("https://dev-getvaccine-16.netlify.app/"): Navigate to 'https://dev-getvaccine-16.netlify.app/' successfully

2022-07-18 19:54:02 - [MESSAGE][PASSED] - Navigate to 'https://dev-getvaccine-16.netlify.app/' successfully

2022-07-18 19:54:02 - [TEST_STEP][PASSED] - click(findTestObject("CITIZEN/Page_Home  GetVaccine/a_Register")): Object: 'Object Repository/CITIZEN/Page_Home  GetVaccine/a_Register' is clicked on

2022-07-18 19:54:02 - [MESSAGE][PASSED] - Object: 'Object Repository/CITIZEN/Page_Home  GetVaccine/a_Register' is clicked on

2022-07-18 19:54:02 - [TEST_STEP][PASSED] - verifyElementVisible(findTestObject("CITIZEN/Page_Registrasi  GetVaccine/h2_Register")): Object 'Object Repository/CITIZEN/Page_Registrasi  GetVaccine/h2_Register' is visible

2022-07-18 19:54:03 - [MESSAGE][PASSED] - Object 'Object Repository/CITIZEN/Page_Registrasi  GetVaccine/h2_Register' is visible

2022-07-18 19:54:03 - [TEST_STEP][PASSED] - setText(findTestObject("CITIZEN/Page_Registrasi  GetVaccine/input_NIK_basic_nik"), findTestData("CITIZEN/Register").getValue(1, i)): Text '1234567890123456' is set on object 'Object Repository/CITIZEN/Page_Registrasi  GetVaccine/input_NIK_basic_nik'

2022-07-18 19:54:04 - [MESSAGE][PASSED] - Text '1234567890123456' is set on object 'Object Repository/CITIZEN/Page_Registrasi  GetVaccine/input_NIK_basic_nik'

2022-07-18 19:54:04 - [TEST_STEP][PASSED] - setText(findTestObject("CITIZEN/Page_Registrasi  GetVaccine/input_Nama Lengkap_basic_fullname"), findTestData("CITIZEN/Register").getValue(2, i)): Text 'Harnanda' is set on object 'Object Repository/CITIZEN/Page_Registrasi  GetVaccine/input_Nama Lengkap_basic_fullname'

2022-07-18 19:54:05 - [MESSAGE][PASSED] - Text 'Harnanda' is set on object 'Object Repository/CITIZEN/Page_Registrasi  GetVaccine/input_Nama Lengkap_basic_fullname'

2022-07-18 19:54:05 - [TEST_STEP][PASSED] - setText(findTestObject("CITIZEN/Page_Registrasi  GetVaccine/input_Email_basic_email"), findTestData("CITIZEN/Register").getValue(3, i)): Text 'harnanda' is set on object 'Object Repository/CITIZEN/Page_Registrasi  GetVaccine/input_Email_basic_email'

2022-07-18 19:54:06 - [MESSAGE][PASSED] - Text 'harnanda' is set on object 'Object Repository/CITIZEN/Page_Registrasi  GetVaccine/input_Email_basic_email'

2022-07-18 19:54:06 - [TEST_STEP][PASSED] - setText(findTestObject("CITIZEN/Page_Registrasi  GetVaccine/input_Password_basic_password"), findTestData("CITIZEN/Register").getValue(4, i)): Text 'Haha1234' is set on object 'Object Repository/CITIZEN/Page_Registrasi  GetVaccine/input_Password_basic_password'

2022-07-18 19:54:06 - [MESSAGE][PASSED] - Text 'Haha1234' is set on object 'Object Repository/CITIZEN/Page_Registrasi  GetVaccine/input_Password_basic_password'

2022-07-18 19:54:06 - [TEST_STEP][PASSED] - click(findTestObject("CITIZEN/Page_Login  GetVaccine/eye")): Object: 'Object Repository/CITIZEN/Page_Login  GetVaccine/eye' is clicked on

2022-07-18 19:54:07 - [MESSAGE][PASSED] - Object: 'Object Repository/CITIZEN/Page_Login  GetVaccine/eye' is clicked on

2022-07-18 19:54:07 - [TEST_STEP][PASSED] - setText(findTestObject("CITIZEN/Page_Registrasi  GetVaccine/input_Confirm Password_basic_confirmPassword"), findTestData("CITIZEN/Register").getValue(5, i)): Text 'Haha1234' is set on object 'Object Repository/CITIZEN/Page_Registrasi  GetVaccine/input_Confirm Password_basic_confirmPassword'

2022-07-18 19:54:08 - [MESSAGE][PASSED] - Text 'Haha1234' is set on object 'Object Repository/CITIZEN/Page_Registrasi  GetVaccine/input_Confirm Password_basic_confirmPassword'

2022-07-18 19:54:08 - [TEST_STEP][PASSED] - click(findTestObject("CITIZEN/Page_Login  GetVaccine/eye")): Object: 'Object Repository/CITIZEN/Page_Login  GetVaccine/eye' is clicked on

2022-07-18 19:54:09 - [MESSAGE][PASSED] - Object: 'Object Repository/CITIZEN/Page_Login  GetVaccine/eye' is clicked on

2022-07-18 19:54:09 - [TEST_STEP][PASSED] - click(findTestObject("CITIZEN/Page_Registrasi  GetVaccine/button_Register")): Object: 'Object Repository/CITIZEN/Page_Registrasi  GetVaccine/button_Register' is clicked on

2022-07-18 19:54:09 - [MESSAGE][PASSED] - Object: 'Object Repository/CITIZEN/Page_Registrasi  GetVaccine/button_Register' is clicked on

2022-07-18 19:54:09 - [TEST_STEP][PASSED] - if (i == 1): null

2022-07-18 19:54:09 - [TEST_STEP][PASSED] - else if (i == 2): null

2022-07-18 19:54:09 - [TEST_STEP][PASSED] - else if (i == 3): null

2022-07-18 19:54:09 - [TEST_STEP][PASSED] - else if (i == 4): Object 'Object Repository/CITIZEN/Page_Registrasi  GetVaccine/div_Format Email tidak valid' is visible

2022-07-18 19:54:09 - [TEST_STEP][PASSED] - verifyElementVisible(findTestObject("CITIZEN/Page_Registrasi  GetVaccine/div_Format Email tidak valid"), CONTINUE_ON_FAILURE): Object 'Object Repository/CITIZEN/Page_Registrasi  GetVaccine/div_Format Email tidak valid' is visible

2022-07-18 19:54:10 - [MESSAGE][PASSED] - Object 'Object Repository/CITIZEN/Page_Registrasi  GetVaccine/div_Format Email tidak valid' is visible

2022-07-18 19:54:10 - [TEST_STEP][PASSED] - closeBrowser(): Browser is closed

2022-07-18 19:54:11 - [MESSAGE][PASSED] - Browser is closed

2022-07-18 19:54:11 - [TEST_STEP][PASSED] - openBrowser(""): Browser is opened with url: ''

2022-07-18 19:54:11 - [MESSAGE][INFO] - Starting 'Chrome' driver

2022-07-18 19:54:11 - [MESSAGE][INFO] - Action delay is set to 0 milliseconds

2022-07-18 19:54:12 - [MESSAGE][PASSED] - Browser is opened with url: ''

2022-07-18 19:54:12 - [TEST_STEP][PASSED] - maximizeWindow(): Current window maximized

2022-07-18 19:54:12 - [MESSAGE][PASSED] - Current window maximized

2022-07-18 19:54:12 - [TEST_STEP][PASSED] - navigateToUrl("https://dev-getvaccine-16.netlify.app/"): Navigate to 'https://dev-getvaccine-16.netlify.app/' successfully

2022-07-18 19:54:21 - [MESSAGE][PASSED] - Navigate to 'https://dev-getvaccine-16.netlify.app/' successfully

2022-07-18 19:54:21 - [TEST_STEP][PASSED] - click(findTestObject("CITIZEN/Page_Home  GetVaccine/a_Register")): Object: 'Object Repository/CITIZEN/Page_Home  GetVaccine/a_Register' is clicked on

2022-07-18 19:54:21 - [MESSAGE][PASSED] - Object: 'Object Repository/CITIZEN/Page_Home  GetVaccine/a_Register' is clicked on

2022-07-18 19:54:21 - [TEST_STEP][PASSED] - verifyElementVisible(findTestObject("CITIZEN/Page_Registrasi  GetVaccine/h2_Register")): Object 'Object Repository/CITIZEN/Page_Registrasi  GetVaccine/h2_Register' is visible

2022-07-18 19:54:22 - [MESSAGE][PASSED] - Object 'Object Repository/CITIZEN/Page_Registrasi  GetVaccine/h2_Register' is visible

2022-07-18 19:54:22 - [TEST_STEP][PASSED] - setText(findTestObject("CITIZEN/Page_Registrasi  GetVaccine/input_NIK_basic_nik"), findTestData("CITIZEN/Register").getValue(1, i)): Text '1234567890123456' is set on object 'Object Repository/CITIZEN/Page_Registrasi  GetVaccine/input_NIK_basic_nik'

2022-07-18 19:54:23 - [MESSAGE][PASSED] - Text '1234567890123456' is set on object 'Object Repository/CITIZEN/Page_Registrasi  GetVaccine/input_NIK_basic_nik'

2022-07-18 19:54:23 - [TEST_STEP][PASSED] - setText(findTestObject("CITIZEN/Page_Registrasi  GetVaccine/input_Nama Lengkap_basic_fullname"), findTestData("CITIZEN/Register").getValue(2, i)): Text 'Harnanda' is set on object 'Object Repository/CITIZEN/Page_Registrasi  GetVaccine/input_Nama Lengkap_basic_fullname'

2022-07-18 19:54:24 - [MESSAGE][PASSED] - Text 'Harnanda' is set on object 'Object Repository/CITIZEN/Page_Registrasi  GetVaccine/input_Nama Lengkap_basic_fullname'

2022-07-18 19:54:24 - [TEST_STEP][PASSED] - setText(findTestObject("CITIZEN/Page_Registrasi  GetVaccine/input_Email_basic_email"), findTestData("CITIZEN/Register").getValue(3, i)): Text 'harnanda@email.com' is set on object 'Object Repository/CITIZEN/Page_Registrasi  GetVaccine/input_Email_basic_email'

2022-07-18 19:54:25 - [MESSAGE][PASSED] - Text 'harnanda@email.com' is set on object 'Object Repository/CITIZEN/Page_Registrasi  GetVaccine/input_Email_basic_email'

2022-07-18 19:54:25 - [TEST_STEP][PASSED] - setText(findTestObject("CITIZEN/Page_Registrasi  GetVaccine/input_Password_basic_password"), findTestData("CITIZEN/Register").getValue(4, i)): Text 'haha123' is set on object 'Object Repository/CITIZEN/Page_Registrasi  GetVaccine/input_Password_basic_password'

2022-07-18 19:54:26 - [MESSAGE][PASSED] - Text 'haha123' is set on object 'Object Repository/CITIZEN/Page_Registrasi  GetVaccine/input_Password_basic_password'

2022-07-18 19:54:26 - [TEST_STEP][PASSED] - click(findTestObject("CITIZEN/Page_Login  GetVaccine/eye")): Object: 'Object Repository/CITIZEN/Page_Login  GetVaccine/eye' is clicked on

2022-07-18 19:54:26 - [MESSAGE][PASSED] - Object: 'Object Repository/CITIZEN/Page_Login  GetVaccine/eye' is clicked on

2022-07-18 19:54:26 - [TEST_STEP][PASSED] - setText(findTestObject("CITIZEN/Page_Registrasi  GetVaccine/input_Confirm Password_basic_confirmPassword"), findTestData("CITIZEN/Register").getValue(5, i)): Text 'Haha1234' is set on object 'Object Repository/CITIZEN/Page_Registrasi  GetVaccine/input_Confirm Password_basic_confirmPassword'

2022-07-18 19:54:27 - [MESSAGE][PASSED] - Text 'Haha1234' is set on object 'Object Repository/CITIZEN/Page_Registrasi  GetVaccine/input_Confirm Password_basic_confirmPassword'

2022-07-18 19:54:27 - [TEST_STEP][PASSED] - click(findTestObject("CITIZEN/Page_Login  GetVaccine/eye")): Object: 'Object Repository/CITIZEN/Page_Login  GetVaccine/eye' is clicked on

2022-07-18 19:54:28 - [MESSAGE][PASSED] - Object: 'Object Repository/CITIZEN/Page_Login  GetVaccine/eye' is clicked on

2022-07-18 19:54:28 - [TEST_STEP][PASSED] - click(findTestObject("CITIZEN/Page_Registrasi  GetVaccine/button_Register")): Object: 'Object Repository/CITIZEN/Page_Registrasi  GetVaccine/button_Register' is clicked on

2022-07-18 19:54:28 - [MESSAGE][PASSED] - Object: 'Object Repository/CITIZEN/Page_Registrasi  GetVaccine/button_Register' is clicked on

2022-07-18 19:54:28 - [TEST_STEP][PASSED] - if (i == 1): null

2022-07-18 19:54:28 - [TEST_STEP][PASSED] - else if (i == 2): null

2022-07-18 19:54:28 - [TEST_STEP][PASSED] - else if (i == 3): null

2022-07-18 19:54:28 - [TEST_STEP][PASSED] - else if (i == 4): null

2022-07-18 19:54:28 - [TEST_STEP][PASSED] - else if (i == 5): Object 'Object Repository/CITIZEN/Page_Registrasi  GetVaccine/div_Password yang dimasukkan tidak sama den_ea25f1' is visible

2022-07-18 19:54:28 - [TEST_STEP][PASSED] - verifyElementVisible(findTestObject("CITIZEN/Page_Registrasi  GetVaccine/div_Password harus berupa kombinasi huruf b_9d7790"), CONTINUE_ON_FAILURE): Object 'Object Repository/CITIZEN/Page_Registrasi  GetVaccine/div_Password harus berupa kombinasi huruf b_9d7790' is visible

2022-07-18 19:54:29 - [MESSAGE][PASSED] - Object 'Object Repository/CITIZEN/Page_Registrasi  GetVaccine/div_Password harus berupa kombinasi huruf b_9d7790' is visible

2022-07-18 19:54:29 - [TEST_STEP][PASSED] - verifyElementVisible(findTestObject("CITIZEN/Page_Registrasi  GetVaccine/div_Password minimal 8 karakter"), CONTINUE_ON_FAILURE): Object 'Object Repository/CITIZEN/Page_Registrasi  GetVaccine/div_Password minimal 8 karakter' is visible

2022-07-18 19:54:29 - [MESSAGE][PASSED] - Object 'Object Repository/CITIZEN/Page_Registrasi  GetVaccine/div_Password minimal 8 karakter' is visible

2022-07-18 19:54:29 - [TEST_STEP][PASSED] - verifyElementVisible(findTestObject("CITIZEN/Page_Registrasi  GetVaccine/div_Password yang dimasukkan tidak sama den_ea25f1"), CONTINUE_ON_FAILURE): Object 'Object Repository/CITIZEN/Page_Registrasi  GetVaccine/div_Password yang dimasukkan tidak sama den_ea25f1' is visible

2022-07-18 19:54:30 - [MESSAGE][PASSED] - Object 'Object Repository/CITIZEN/Page_Registrasi  GetVaccine/div_Password yang dimasukkan tidak sama den_ea25f1' is visible

2022-07-18 19:54:30 - [TEST_STEP][PASSED] - closeBrowser(): Browser is closed

2022-07-18 19:54:31 - [MESSAGE][PASSED] - Browser is closed

2022-07-18 19:54:31 - [TEST_STEP][PASSED] - openBrowser(""): Browser is opened with url: ''

2022-07-18 19:54:31 - [MESSAGE][INFO] - Starting 'Chrome' driver

2022-07-18 19:54:31 - [MESSAGE][INFO] - Action delay is set to 0 milliseconds

2022-07-18 19:54:32 - [MESSAGE][PASSED] - Browser is opened with url: ''

2022-07-18 19:54:32 - [TEST_STEP][PASSED] - maximizeWindow(): Current window maximized

2022-07-18 19:54:32 - [MESSAGE][PASSED] - Current window maximized

2022-07-18 19:54:32 - [TEST_STEP][PASSED] - navigateToUrl("https://dev-getvaccine-16.netlify.app/"): Navigate to 'https://dev-getvaccine-16.netlify.app/' successfully

2022-07-18 19:55:49 - [MESSAGE][PASSED] - Navigate to 'https://dev-getvaccine-16.netlify.app/' successfully

2022-07-18 19:55:49 - [TEST_STEP][PASSED] - click(findTestObject("CITIZEN/Page_Home  GetVaccine/a_Register")): Object: 'Object Repository/CITIZEN/Page_Home  GetVaccine/a_Register' is clicked on

2022-07-18 19:55:49 - [MESSAGE][PASSED] - Object: 'Object Repository/CITIZEN/Page_Home  GetVaccine/a_Register' is clicked on

2022-07-18 19:55:49 - [TEST_STEP][PASSED] - verifyElementVisible(findTestObject("CITIZEN/Page_Registrasi  GetVaccine/h2_Register")): Object 'Object Repository/CITIZEN/Page_Registrasi  GetVaccine/h2_Register' is visible

2022-07-18 19:55:50 - [MESSAGE][PASSED] - Object 'Object Repository/CITIZEN/Page_Registrasi  GetVaccine/h2_Register' is visible

2022-07-18 19:55:50 - [TEST_STEP][PASSED] - setText(findTestObject("CITIZEN/Page_Registrasi  GetVaccine/input_NIK_basic_nik"), findTestData("CITIZEN/Register").getValue(1, i)): Text '' is set on object 'Object Repository/CITIZEN/Page_Registrasi  GetVaccine/input_NIK_basic_nik'

2022-07-18 19:55:51 - [MESSAGE][PASSED] - Text '' is set on object 'Object Repository/CITIZEN/Page_Registrasi  GetVaccine/input_NIK_basic_nik'

2022-07-18 19:55:51 - [TEST_STEP][PASSED] - setText(findTestObject("CITIZEN/Page_Registrasi  GetVaccine/input_Nama Lengkap_basic_fullname"), findTestData("CITIZEN/Register").getValue(2, i)): Text 'Harnanda' is set on object 'Object Repository/CITIZEN/Page_Registrasi  GetVaccine/input_Nama Lengkap_basic_fullname'

2022-07-18 19:55:52 - [MESSAGE][PASSED] - Text 'Harnanda' is set on object 'Object Repository/CITIZEN/Page_Registrasi  GetVaccine/input_Nama Lengkap_basic_fullname'

2022-07-18 19:55:52 - [TEST_STEP][PASSED] - setText(findTestObject("CITIZEN/Page_Registrasi  GetVaccine/input_Email_basic_email"), findTestData("CITIZEN/Register").getValue(3, i)): Text 'harnanda@email.com' is set on object 'Object Repository/CITIZEN/Page_Registrasi  GetVaccine/input_Email_basic_email'

2022-07-18 19:55:53 - [MESSAGE][PASSED] - Text 'harnanda@email.com' is set on object 'Object Repository/CITIZEN/Page_Registrasi  GetVaccine/input_Email_basic_email'

2022-07-18 19:55:53 - [TEST_STEP][PASSED] - setText(findTestObject("CITIZEN/Page_Registrasi  GetVaccine/input_Password_basic_password"), findTestData("CITIZEN/Register").getValue(4, i)): Text 'Haha1234' is set on object 'Object Repository/CITIZEN/Page_Registrasi  GetVaccine/input_Password_basic_password'

2022-07-18 19:55:54 - [MESSAGE][PASSED] - Text 'Haha1234' is set on object 'Object Repository/CITIZEN/Page_Registrasi  GetVaccine/input_Password_basic_password'

2022-07-18 19:55:54 - [TEST_STEP][PASSED] - click(findTestObject("CITIZEN/Page_Login  GetVaccine/eye")): Object: 'Object Repository/CITIZEN/Page_Login  GetVaccine/eye' is clicked on

2022-07-18 19:55:54 - [MESSAGE][PASSED] - Object: 'Object Repository/CITIZEN/Page_Login  GetVaccine/eye' is clicked on

2022-07-18 19:55:54 - [TEST_STEP][PASSED] - setText(findTestObject("CITIZEN/Page_Registrasi  GetVaccine/input_Confirm Password_basic_confirmPassword"), findTestData("CITIZEN/Register").getValue(5, i)): Text 'Haha1234' is set on object 'Object Repository/CITIZEN/Page_Registrasi  GetVaccine/input_Confirm Password_basic_confirmPassword'

2022-07-18 19:55:55 - [MESSAGE][PASSED] - Text 'Haha1234' is set on object 'Object Repository/CITIZEN/Page_Registrasi  GetVaccine/input_Confirm Password_basic_confirmPassword'

2022-07-18 19:55:55 - [TEST_STEP][PASSED] - click(findTestObject("CITIZEN/Page_Login  GetVaccine/eye")): Object: 'Object Repository/CITIZEN/Page_Login  GetVaccine/eye' is clicked on

2022-07-18 19:55:56 - [MESSAGE][PASSED] - Object: 'Object Repository/CITIZEN/Page_Login  GetVaccine/eye' is clicked on

2022-07-18 19:55:56 - [TEST_STEP][PASSED] - click(findTestObject("CITIZEN/Page_Registrasi  GetVaccine/button_Register")): Object: 'Object Repository/CITIZEN/Page_Registrasi  GetVaccine/button_Register' is clicked on

2022-07-18 19:55:56 - [MESSAGE][PASSED] - Object: 'Object Repository/CITIZEN/Page_Registrasi  GetVaccine/button_Register' is clicked on

2022-07-18 19:55:56 - [TEST_STEP][PASSED] - if (i == 1): null

2022-07-18 19:55:56 - [TEST_STEP][PASSED] - else if (i == 2): null

2022-07-18 19:55:56 - [TEST_STEP][PASSED] - else if (i == 3): null

2022-07-18 19:55:56 - [TEST_STEP][PASSED] - else if (i == 4): null

2022-07-18 19:55:56 - [TEST_STEP][PASSED] - else if (i == 5): null

2022-07-18 19:55:56 - [TEST_STEP][PASSED] - else: Object 'Object Repository/CITIZEN/Page_Registrasi  GetVaccine/div_NIK Tidak Boleh Kosong' is visible

2022-07-18 19:55:56 - [TEST_STEP][PASSED] - verifyElementVisible(findTestObject("CITIZEN/Page_Registrasi  GetVaccine/div_NIK Tidak Boleh Kosong"), CONTINUE_ON_FAILURE): Object 'Object Repository/CITIZEN/Page_Registrasi  GetVaccine/div_NIK Tidak Boleh Kosong' is visible

2022-07-18 19:55:57 - [MESSAGE][PASSED] - Object 'Object Repository/CITIZEN/Page_Registrasi  GetVaccine/div_NIK Tidak Boleh Kosong' is visible

2022-07-18 19:55:57 - [TEST_STEP][PASSED] - closeBrowser(): Browser is closed

2022-07-18 19:55:58 - [MESSAGE][PASSED] - Browser is closed

2022-07-18 19:55:58 - [TEST_STEP][PASSED] - for ([i = 7, i <= 9, (i++)]): Browser is closed

2022-07-18 19:55:58 - [TEST_STEP][PASSED] - openBrowser(""): Browser is opened with url: ''

2022-07-18 19:55:58 - [MESSAGE][INFO] - Starting 'Chrome' driver

2022-07-18 19:55:58 - [MESSAGE][INFO] - Action delay is set to 0 milliseconds

2022-07-18 19:55:59 - [MESSAGE][PASSED] - Browser is opened with url: ''

2022-07-18 19:55:59 - [TEST_STEP][PASSED] - maximizeWindow(): Current window maximized

2022-07-18 19:55:59 - [MESSAGE][PASSED] - Current window maximized

2022-07-18 19:55:59 - [TEST_STEP][PASSED] - navigateToUrl("https://dev-getvaccine-16.netlify.app/"): Navigate to 'https://dev-getvaccine-16.netlify.app/' successfully

2022-07-18 19:56:10 - [MESSAGE][PASSED] - Navigate to 'https://dev-getvaccine-16.netlify.app/' successfully

2022-07-18 19:56:10 - [TEST_STEP][PASSED] - click(findTestObject("CITIZEN/Page_Home  GetVaccine/a_Register")): Object: 'Object Repository/CITIZEN/Page_Home  GetVaccine/a_Register' is clicked on

2022-07-18 19:56:10 - [MESSAGE][PASSED] - Object: 'Object Repository/CITIZEN/Page_Home  GetVaccine/a_Register' is clicked on

2022-07-18 19:56:10 - [TEST_STEP][PASSED] - verifyElementVisible(findTestObject("CITIZEN/Page_Registrasi  GetVaccine/h2_Register")): Object 'Object Repository/CITIZEN/Page_Registrasi  GetVaccine/h2_Register' is visible

2022-07-18 19:56:11 - [MESSAGE][PASSED] - Object 'Object Repository/CITIZEN/Page_Registrasi  GetVaccine/h2_Register' is visible

2022-07-18 19:56:11 - [TEST_STEP][PASSED] - setText(findTestObject("CITIZEN/Page_Registrasi  GetVaccine/input_NIK_basic_nik"), findTestData("CITIZEN/Register").getValue(1, i)): Text '' is set on object 'Object Repository/CITIZEN/Page_Registrasi  GetVaccine/input_NIK_basic_nik'

2022-07-18 19:56:12 - [MESSAGE][PASSED] - Text '' is set on object 'Object Repository/CITIZEN/Page_Registrasi  GetVaccine/input_NIK_basic_nik'

2022-07-18 19:56:12 - [TEST_STEP][PASSED] - setText(findTestObject("CITIZEN/Page_Registrasi  GetVaccine/input_Nama Lengkap_basic_fullname"), findTestData("CITIZEN/Register").getValue(2, i)): Text '' is set on object 'Object Repository/CITIZEN/Page_Registrasi  GetVaccine/input_Nama Lengkap_basic_fullname'

2022-07-18 19:56:12 - [MESSAGE][PASSED] - Text '' is set on object 'Object Repository/CITIZEN/Page_Registrasi  GetVaccine/input_Nama Lengkap_basic_fullname'

2022-07-18 19:56:12 - [TEST_STEP][PASSED] - setText(findTestObject("CITIZEN/Page_Registrasi  GetVaccine/input_Email_basic_email"), findTestData("CITIZEN/Register").getValue(3, i)): Text '' is set on object 'Object Repository/CITIZEN/Page_Registrasi  GetVaccine/input_Email_basic_email'

2022-07-18 19:56:13 - [MESSAGE][PASSED] - Text '' is set on object 'Object Repository/CITIZEN/Page_Registrasi  GetVaccine/input_Email_basic_email'

2022-07-18 19:56:13 - [TEST_STEP][PASSED] - setText(findTestObject("CITIZEN/Page_Registrasi  GetVaccine/input_Password_basic_password"), findTestData("CITIZEN/Register").getValue(4, i)): Text '' is set on object 'Object Repository/CITIZEN/Page_Registrasi  GetVaccine/input_Password_basic_password'

2022-07-18 19:56:14 - [MESSAGE][PASSED] - Text '' is set on object 'Object Repository/CITIZEN/Page_Registrasi  GetVaccine/input_Password_basic_password'

2022-07-18 19:56:14 - [TEST_STEP][PASSED] - setText(findTestObject("CITIZEN/Page_Registrasi  GetVaccine/input_Confirm Password_basic_confirmPassword"), findTestData("CITIZEN/Register").getValue(5, i)): Text '' is set on object 'Object Repository/CITIZEN/Page_Registrasi  GetVaccine/input_Confirm Password_basic_confirmPassword'

2022-07-18 19:56:15 - [MESSAGE][PASSED] - Text '' is set on object 'Object Repository/CITIZEN/Page_Registrasi  GetVaccine/input_Confirm Password_basic_confirmPassword'

2022-07-18 19:56:15 - [TEST_STEP][PASSED] - click(findTestObject("CITIZEN/Page_Registrasi  GetVaccine/button_Register")): Object: 'Object Repository/CITIZEN/Page_Registrasi  GetVaccine/button_Register' is clicked on

2022-07-18 19:56:15 - [MESSAGE][PASSED] - Object: 'Object Repository/CITIZEN/Page_Registrasi  GetVaccine/button_Register' is clicked on

2022-07-18 19:56:15 - [TEST_STEP][PASSED] - if (i == 7): Object 'Object Repository/CITIZEN/Page_Registrasi  GetVaccine/alert blank field' is visible

2022-07-18 19:56:15 - [TEST_STEP][PASSED] - verifyElementVisible(findTestObject("CITIZEN/Page_Registrasi  GetVaccine/alert blank field"), CONTINUE_ON_FAILURE): Object 'Object Repository/CITIZEN/Page_Registrasi  GetVaccine/alert blank field' is visible

2022-07-18 19:56:16 - [MESSAGE][PASSED] - Object 'Object Repository/CITIZEN/Page_Registrasi  GetVaccine/alert blank field' is visible

2022-07-18 19:56:16 - [TEST_STEP][PASSED] - closeBrowser(): Browser is closed

2022-07-18 19:56:17 - [MESSAGE][PASSED] - Browser is closed

2022-07-18 19:56:17 - [TEST_STEP][PASSED] - openBrowser(""): Browser is opened with url: ''

2022-07-18 19:56:17 - [MESSAGE][INFO] - Starting 'Chrome' driver

2022-07-18 19:56:17 - [MESSAGE][INFO] - Action delay is set to 0 milliseconds

2022-07-18 19:56:18 - [MESSAGE][PASSED] - Browser is opened with url: ''

2022-07-18 19:56:18 - [TEST_STEP][PASSED] - maximizeWindow(): Current window maximized

2022-07-18 19:56:18 - [MESSAGE][PASSED] - Current window maximized

2022-07-18 19:56:18 - [TEST_STEP][PASSED] - navigateToUrl("https://dev-getvaccine-16.netlify.app/"): Navigate to 'https://dev-getvaccine-16.netlify.app/' successfully

2022-07-18 19:56:24 - [MESSAGE][PASSED] - Navigate to 'https://dev-getvaccine-16.netlify.app/' successfully

2022-07-18 19:56:24 - [TEST_STEP][PASSED] - click(findTestObject("CITIZEN/Page_Home  GetVaccine/a_Register")): Object: 'Object Repository/CITIZEN/Page_Home  GetVaccine/a_Register' is clicked on

2022-07-18 19:56:24 - [MESSAGE][PASSED] - Object: 'Object Repository/CITIZEN/Page_Home  GetVaccine/a_Register' is clicked on

2022-07-18 19:56:24 - [TEST_STEP][PASSED] - verifyElementVisible(findTestObject("CITIZEN/Page_Registrasi  GetVaccine/h2_Register")): Object 'Object Repository/CITIZEN/Page_Registrasi  GetVaccine/h2_Register' is visible

2022-07-18 19:56:25 - [MESSAGE][PASSED] - Object 'Object Repository/CITIZEN/Page_Registrasi  GetVaccine/h2_Register' is visible

2022-07-18 19:56:25 - [TEST_STEP][PASSED] - setText(findTestObject("CITIZEN/Page_Registrasi  GetVaccine/input_NIK_basic_nik"), findTestData("CITIZEN/Register").getValue(1, i)): Text '1234567890123456' is set on object 'Object Repository/CITIZEN/Page_Registrasi  GetVaccine/input_NIK_basic_nik'

2022-07-18 19:56:26 - [MESSAGE][PASSED] - Text '1234567890123456' is set on object 'Object Repository/CITIZEN/Page_Registrasi  GetVaccine/input_NIK_basic_nik'

2022-07-18 19:56:26 - [TEST_STEP][PASSED] - setText(findTestObject("CITIZEN/Page_Registrasi  GetVaccine/input_Nama Lengkap_basic_fullname"), findTestData("CITIZEN/Register").getValue(2, i)): Text 'Harnanda' is set on object 'Object Repository/CITIZEN/Page_Registrasi  GetVaccine/input_Nama Lengkap_basic_fullname'

2022-07-18 19:56:27 - [MESSAGE][PASSED] - Text 'Harnanda' is set on object 'Object Repository/CITIZEN/Page_Registrasi  GetVaccine/input_Nama Lengkap_basic_fullname'

2022-07-18 19:56:27 - [TEST_STEP][PASSED] - setText(findTestObject("CITIZEN/Page_Registrasi  GetVaccine/input_Email_basic_email"), findTestData("CITIZEN/Register").getValue(3, i)): Text 'harnanda@email.com' is set on object 'Object Repository/CITIZEN/Page_Registrasi  GetVaccine/input_Email_basic_email'

2022-07-18 19:56:28 - [MESSAGE][PASSED] - Text 'harnanda@email.com' is set on object 'Object Repository/CITIZEN/Page_Registrasi  GetVaccine/input_Email_basic_email'

2022-07-18 19:56:28 - [TEST_STEP][PASSED] - setText(findTestObject("CITIZEN/Page_Registrasi  GetVaccine/input_Password_basic_password"), findTestData("CITIZEN/Register").getValue(4, i)): Text 'Haha1234' is set on object 'Object Repository/CITIZEN/Page_Registrasi  GetVaccine/input_Password_basic_password'

2022-07-18 19:56:29 - [MESSAGE][PASSED] - Text 'Haha1234' is set on object 'Object Repository/CITIZEN/Page_Registrasi  GetVaccine/input_Password_basic_password'

2022-07-18 19:56:29 - [TEST_STEP][PASSED] - setText(findTestObject("CITIZEN/Page_Registrasi  GetVaccine/input_Confirm Password_basic_confirmPassword"), findTestData("CITIZEN/Register").getValue(5, i)): Text 'Haha1234' is set on object 'Object Repository/CITIZEN/Page_Registrasi  GetVaccine/input_Confirm Password_basic_confirmPassword'

2022-07-18 19:56:30 - [MESSAGE][PASSED] - Text 'Haha1234' is set on object 'Object Repository/CITIZEN/Page_Registrasi  GetVaccine/input_Confirm Password_basic_confirmPassword'

2022-07-18 19:56:30 - [TEST_STEP][PASSED] - click(findTestObject("CITIZEN/Page_Registrasi  GetVaccine/button_Register")): Object: 'Object Repository/CITIZEN/Page_Registrasi  GetVaccine/button_Register' is clicked on

2022-07-18 19:56:30 - [MESSAGE][PASSED] - Object: 'Object Repository/CITIZEN/Page_Registrasi  GetVaccine/button_Register' is clicked on

2022-07-18 19:56:30 - [TEST_STEP][PASSED] - if (i == 7): null

2022-07-18 19:56:30 - [TEST_STEP][PASSED] - else if (i == 8): Object 'Object Repository/CITIZEN/Page_Registrasi  GetVaccine/nik exist' is visible

2022-07-18 19:56:30 - [TEST_STEP][PASSED] - verifyElementVisible(findTestObject("CITIZEN/Page_Registrasi  GetVaccine/nik exist"), CONTINUE_ON_FAILURE): Object 'Object Repository/CITIZEN/Page_Registrasi  GetVaccine/nik exist' is visible

2022-07-18 19:56:32 - [MESSAGE][PASSED] - Object 'Object Repository/CITIZEN/Page_Registrasi  GetVaccine/nik exist' is visible

2022-07-18 19:56:32 - [TEST_STEP][PASSED] - closeBrowser(): Browser is closed

2022-07-18 19:56:32 - [MESSAGE][PASSED] - Browser is closed

2022-07-18 19:56:32 - [TEST_STEP][PASSED] - openBrowser(""): Browser is opened with url: ''

2022-07-18 19:56:32 - [MESSAGE][INFO] - Starting 'Chrome' driver

2022-07-18 19:56:32 - [MESSAGE][INFO] - Action delay is set to 0 milliseconds

2022-07-18 19:56:34 - [MESSAGE][PASSED] - Browser is opened with url: ''

2022-07-18 19:56:34 - [TEST_STEP][PASSED] - maximizeWindow(): Current window maximized

2022-07-18 19:56:34 - [MESSAGE][PASSED] - Current window maximized

2022-07-18 19:56:34 - [TEST_STEP][PASSED] - navigateToUrl("https://dev-getvaccine-16.netlify.app/"): Navigate to 'https://dev-getvaccine-16.netlify.app/' successfully

2022-07-18 19:56:38 - [MESSAGE][PASSED] - Navigate to 'https://dev-getvaccine-16.netlify.app/' successfully

2022-07-18 19:56:38 - [TEST_STEP][PASSED] - click(findTestObject("CITIZEN/Page_Home  GetVaccine/a_Register")): Object: 'Object Repository/CITIZEN/Page_Home  GetVaccine/a_Register' is clicked on

2022-07-18 19:56:39 - [MESSAGE][PASSED] - Object: 'Object Repository/CITIZEN/Page_Home  GetVaccine/a_Register' is clicked on

2022-07-18 19:56:39 - [TEST_STEP][PASSED] - verifyElementVisible(findTestObject("CITIZEN/Page_Registrasi  GetVaccine/h2_Register")): Object 'Object Repository/CITIZEN/Page_Registrasi  GetVaccine/h2_Register' is visible

2022-07-18 19:56:40 - [MESSAGE][PASSED] - Object 'Object Repository/CITIZEN/Page_Registrasi  GetVaccine/h2_Register' is visible

2022-07-18 19:56:40 - [TEST_STEP][PASSED] - setText(findTestObject("CITIZEN/Page_Registrasi  GetVaccine/input_NIK_basic_nik"), findTestData("CITIZEN/Register").getValue(1, i)): Text '1234567890123456' is set on object 'Object Repository/CITIZEN/Page_Registrasi  GetVaccine/input_NIK_basic_nik'

2022-07-18 19:56:40 - [MESSAGE][PASSED] - Text '1234567890123456' is set on object 'Object Repository/CITIZEN/Page_Registrasi  GetVaccine/input_NIK_basic_nik'

2022-07-18 19:56:40 - [TEST_STEP][PASSED] - setText(findTestObject("CITIZEN/Page_Registrasi  GetVaccine/input_Nama Lengkap_basic_fullname"), findTestData("CITIZEN/Register").getValue(2, i)): Text 'Embun' is set on object 'Object Repository/CITIZEN/Page_Registrasi  GetVaccine/input_Nama Lengkap_basic_fullname'

2022-07-18 19:56:41 - [MESSAGE][PASSED] - Text 'Embun' is set on object 'Object Repository/CITIZEN/Page_Registrasi  GetVaccine/input_Nama Lengkap_basic_fullname'

2022-07-18 19:56:41 - [TEST_STEP][PASSED] - setText(findTestObject("CITIZEN/Page_Registrasi  GetVaccine/input_Email_basic_email"), findTestData("CITIZEN/Register").getValue(3, i)): Text 'regitae@email.com' is set on object 'Object Repository/CITIZEN/Page_Registrasi  GetVaccine/input_Email_basic_email'

2022-07-18 19:56:42 - [MESSAGE][PASSED] - Text 'regitae@email.com' is set on object 'Object Repository/CITIZEN/Page_Registrasi  GetVaccine/input_Email_basic_email'

2022-07-18 19:56:42 - [TEST_STEP][PASSED] - setText(findTestObject("CITIZEN/Page_Registrasi  GetVaccine/input_Password_basic_password"), findTestData("CITIZEN/Register").getValue(4, i)): Text 'Regita1234' is set on object 'Object Repository/CITIZEN/Page_Registrasi  GetVaccine/input_Password_basic_password'

2022-07-18 19:56:43 - [MESSAGE][PASSED] - Text 'Regita1234' is set on object 'Object Repository/CITIZEN/Page_Registrasi  GetVaccine/input_Password_basic_password'

2022-07-18 19:56:43 - [TEST_STEP][PASSED] - setText(findTestObject("CITIZEN/Page_Registrasi  GetVaccine/input_Confirm Password_basic_confirmPassword"), findTestData("CITIZEN/Register").getValue(5, i)): Text 'Regita1234' is set on object 'Object Repository/CITIZEN/Page_Registrasi  GetVaccine/input_Confirm Password_basic_confirmPassword'

2022-07-18 19:56:44 - [MESSAGE][PASSED] - Text 'Regita1234' is set on object 'Object Repository/CITIZEN/Page_Registrasi  GetVaccine/input_Confirm Password_basic_confirmPassword'

2022-07-18 19:56:44 - [TEST_STEP][PASSED] - click(findTestObject("CITIZEN/Page_Registrasi  GetVaccine/button_Register")): Object: 'Object Repository/CITIZEN/Page_Registrasi  GetVaccine/button_Register' is clicked on

2022-07-18 19:56:45 - [MESSAGE][PASSED] - Object: 'Object Repository/CITIZEN/Page_Registrasi  GetVaccine/button_Register' is clicked on

2022-07-18 19:56:45 - [TEST_STEP][PASSED] - if (i == 7): null

2022-07-18 19:56:45 - [TEST_STEP][PASSED] - else if (i == 8): null

2022-07-18 19:56:45 - [TEST_STEP][PASSED] - else: Object 'Object Repository/CITIZEN/Page_Login  GetVaccine/VerifyLoginPage' is visible

2022-07-18 19:56:45 - [TEST_STEP][PASSED] - verifyElementVisible(findTestObject("CITIZEN/Page_Login  GetVaccine/VerifyLoginPage"), CONTINUE_ON_FAILURE): Object 'Object Repository/CITIZEN/Page_Login  GetVaccine/VerifyLoginPage' is visible

2022-07-18 19:56:46 - [MESSAGE][PASSED] - Object 'Object Repository/CITIZEN/Page_Login  GetVaccine/VerifyLoginPage' is visible

2022-07-18 19:56:46 - [TEST_STEP][PASSED] - closeBrowser(): Browser is closed

2022-07-18 19:56:47 - [MESSAGE][PASSED] - Browser is closed]]></system-out>
         <system-err><![CDATA[]]></system-err>
      </testcase>
      <testcase name="Test Cases/CITIZEN/AUTH/TC_Login" time="104.897" classname="Test Cases/CITIZEN/AUTH/TC_Login" status="PASSED">
         <system-out><![CDATA[2022-07-18 19:56:47 - [TEST_CASE][PASSED] - Test Cases/CITIZEN/AUTH/TC_Login: Test Cases/CITIZEN/AUTH/TC_Login

2022-07-18 19:56:48 - [TEST_STEP][PASSED] - for ([i = 1, i <= 5, (i++)]): Browser is closed

2022-07-18 19:56:48 - [TEST_STEP][PASSED] - openBrowser(""): Browser is opened with url: ''

2022-07-18 19:56:48 - [MESSAGE][INFO] - Starting 'Chrome' driver

2022-07-18 19:56:48 - [MESSAGE][INFO] - Action delay is set to 0 milliseconds

2022-07-18 19:56:49 - [MESSAGE][PASSED] - Browser is opened with url: ''

2022-07-18 19:56:49 - [TEST_STEP][PASSED] - maximizeWindow(): Current window maximized

2022-07-18 19:56:49 - [MESSAGE][PASSED] - Current window maximized

2022-07-18 19:56:49 - [TEST_STEP][PASSED] - navigateToUrl("https://dev-getvaccine-16.netlify.app/"): Navigate to 'https://dev-getvaccine-16.netlify.app/' successfully

2022-07-18 19:56:55 - [MESSAGE][PASSED] - Navigate to 'https://dev-getvaccine-16.netlify.app/' successfully

2022-07-18 19:56:55 - [TEST_STEP][PASSED] - click(findTestObject("CITIZEN/Page_Home  GetVaccine/login btn")): Object: 'Object Repository/CITIZEN/Page_Home  GetVaccine/login btn' is clicked on

2022-07-18 19:56:56 - [MESSAGE][PASSED] - Object: 'Object Repository/CITIZEN/Page_Home  GetVaccine/login btn' is clicked on

2022-07-18 19:56:56 - [TEST_STEP][PASSED] - verifyElementVisible(findTestObject("CITIZEN/Page_Login  GetVaccine/VerifyLoginPage")): Object 'Object Repository/CITIZEN/Page_Login  GetVaccine/VerifyLoginPage' is visible

2022-07-18 19:56:56 - [MESSAGE][PASSED] - Object 'Object Repository/CITIZEN/Page_Login  GetVaccine/VerifyLoginPage' is visible

2022-07-18 19:56:56 - [TEST_STEP][PASSED] - setText(findTestObject("CITIZEN/Page_Login  GetVaccine/input_NIK_basic_nik"), findTestData("CITIZEN/Login").getValue(1, i)): Text '1234A' is set on object 'Object Repository/CITIZEN/Page_Login  GetVaccine/input_NIK_basic_nik'

2022-07-18 19:56:57 - [MESSAGE][PASSED] - Text '1234A' is set on object 'Object Repository/CITIZEN/Page_Login  GetVaccine/input_NIK_basic_nik'

2022-07-18 19:56:57 - [TEST_STEP][PASSED] - setText(findTestObject("CITIZEN/Page_Registrasi  GetVaccine/password"), findTestData("CITIZEN/Login").getValue(2, i)): Text 'Haha1234' is set on object 'Object Repository/CITIZEN/Page_Registrasi  GetVaccine/password'

2022-07-18 19:56:58 - [MESSAGE][PASSED] - Text 'Haha1234' is set on object 'Object Repository/CITIZEN/Page_Registrasi  GetVaccine/password'

2022-07-18 19:56:58 - [TEST_STEP][PASSED] - click(findTestObject("CITIZEN/Page_Login  GetVaccine/eye")): Object: 'Object Repository/CITIZEN/Page_Login  GetVaccine/eye' is clicked on

2022-07-18 19:56:59 - [MESSAGE][PASSED] - Object: 'Object Repository/CITIZEN/Page_Login  GetVaccine/eye' is clicked on

2022-07-18 19:56:59 - [TEST_STEP][PASSED] - click(findTestObject("CITIZEN/Page_Login  GetVaccine/button_Login")): Object: 'Object Repository/CITIZEN/Page_Login  GetVaccine/button_Login' is clicked on

2022-07-18 19:56:59 - [MESSAGE][PASSED] - Object: 'Object Repository/CITIZEN/Page_Login  GetVaccine/button_Login' is clicked on

2022-07-18 19:56:59 - [TEST_STEP][PASSED] - if (i == 1): Object 'Object Repository/CITIZEN/Page_Login  GetVaccine/div_Input harus berupa angka' is present

2022-07-18 19:56:59 - [TEST_STEP][PASSED] - verifyElementPresent(findTestObject("CITIZEN/Page_Login  GetVaccine/div_Input harus berupa angka"), 0): Object 'Object Repository/CITIZEN/Page_Login  GetVaccine/div_Input harus berupa angka' is present

2022-07-18 19:57:00 - [MESSAGE][WARNING] - Timeout '0' is invalid. Using default page load timeout: '30'

2022-07-18 19:57:00 - [MESSAGE][PASSED] - Object 'Object Repository/CITIZEN/Page_Login  GetVaccine/div_Input harus berupa angka' is present

2022-07-18 19:57:00 - [TEST_STEP][PASSED] - closeBrowser(): Browser is closed

2022-07-18 19:57:01 - [MESSAGE][PASSED] - Browser is closed

2022-07-18 19:57:01 - [TEST_STEP][PASSED] - openBrowser(""): Browser is opened with url: ''

2022-07-18 19:57:01 - [MESSAGE][INFO] - Starting 'Chrome' driver

2022-07-18 19:57:01 - [MESSAGE][INFO] - Action delay is set to 0 milliseconds

2022-07-18 19:57:02 - [MESSAGE][PASSED] - Browser is opened with url: ''

2022-07-18 19:57:02 - [TEST_STEP][PASSED] - maximizeWindow(): Current window maximized

2022-07-18 19:57:02 - [MESSAGE][PASSED] - Current window maximized

2022-07-18 19:57:02 - [TEST_STEP][PASSED] - navigateToUrl("https://dev-getvaccine-16.netlify.app/"): Navigate to 'https://dev-getvaccine-16.netlify.app/' successfully

2022-07-18 19:57:38 - [MESSAGE][PASSED] - Navigate to 'https://dev-getvaccine-16.netlify.app/' successfully

2022-07-18 19:57:38 - [TEST_STEP][PASSED] - click(findTestObject("CITIZEN/Page_Home  GetVaccine/login btn")): Object: 'Object Repository/CITIZEN/Page_Home  GetVaccine/login btn' is clicked on

2022-07-18 19:57:39 - [MESSAGE][PASSED] - Object: 'Object Repository/CITIZEN/Page_Home  GetVaccine/login btn' is clicked on

2022-07-18 19:57:39 - [TEST_STEP][PASSED] - verifyElementVisible(findTestObject("CITIZEN/Page_Login  GetVaccine/VerifyLoginPage")): Object 'Object Repository/CITIZEN/Page_Login  GetVaccine/VerifyLoginPage' is visible

2022-07-18 19:57:39 - [MESSAGE][PASSED] - Object 'Object Repository/CITIZEN/Page_Login  GetVaccine/VerifyLoginPage' is visible

2022-07-18 19:57:39 - [TEST_STEP][PASSED] - setText(findTestObject("CITIZEN/Page_Login  GetVaccine/input_NIK_basic_nik"), findTestData("CITIZEN/Login").getValue(1, i)): Text '1234567890123456' is set on object 'Object Repository/CITIZEN/Page_Login  GetVaccine/input_NIK_basic_nik'

2022-07-18 19:57:40 - [MESSAGE][PASSED] - Text '1234567890123456' is set on object 'Object Repository/CITIZEN/Page_Login  GetVaccine/input_NIK_basic_nik'

2022-07-18 19:57:40 - [TEST_STEP][PASSED] - setText(findTestObject("CITIZEN/Page_Registrasi  GetVaccine/password"), findTestData("CITIZEN/Login").getValue(2, i)): Text 'Haha1234' is set on object 'Object Repository/CITIZEN/Page_Registrasi  GetVaccine/password'

2022-07-18 19:57:41 - [MESSAGE][PASSED] - Text 'Haha1234' is set on object 'Object Repository/CITIZEN/Page_Registrasi  GetVaccine/password'

2022-07-18 19:57:41 - [TEST_STEP][PASSED] - click(findTestObject("CITIZEN/Page_Login  GetVaccine/eye")): Object: 'Object Repository/CITIZEN/Page_Login  GetVaccine/eye' is clicked on

2022-07-18 19:57:41 - [MESSAGE][PASSED] - Object: 'Object Repository/CITIZEN/Page_Login  GetVaccine/eye' is clicked on

2022-07-18 19:57:41 - [TEST_STEP][PASSED] - click(findTestObject("CITIZEN/Page_Login  GetVaccine/button_Login")): Object: 'Object Repository/CITIZEN/Page_Login  GetVaccine/button_Login' is clicked on

2022-07-18 19:57:42 - [MESSAGE][PASSED] - Object: 'Object Repository/CITIZEN/Page_Login  GetVaccine/button_Login' is clicked on

2022-07-18 19:57:42 - [TEST_STEP][PASSED] - if (i == 1): null

2022-07-18 19:57:42 - [TEST_STEP][PASSED] - else if (i == 2): Object 'Object Repository/CITIZEN/Page_Login  GetVaccine/div_NIK atau Password Salah' is present

2022-07-18 19:57:42 - [TEST_STEP][PASSED] - verifyElementPresent(findTestObject("CITIZEN/Page_Login  GetVaccine/div_NIK atau Password Salah"), 0): Object 'Object Repository/CITIZEN/Page_Login  GetVaccine/div_NIK atau Password Salah' is present

2022-07-18 19:57:42 - [MESSAGE][WARNING] - Timeout '0' is invalid. Using default page load timeout: '30'

2022-07-18 19:57:52 - [MESSAGE][PASSED] - Object 'Object Repository/CITIZEN/Page_Login  GetVaccine/div_NIK atau Password Salah' is present

2022-07-18 19:57:52 - [TEST_STEP][PASSED] - closeBrowser(): Browser is closed

2022-07-18 19:57:53 - [MESSAGE][PASSED] - Browser is closed

2022-07-18 19:57:53 - [TEST_STEP][PASSED] - openBrowser(""): Browser is opened with url: ''

2022-07-18 19:57:53 - [MESSAGE][INFO] - Starting 'Chrome' driver

2022-07-18 19:57:53 - [MESSAGE][INFO] - Action delay is set to 0 milliseconds

2022-07-18 19:57:55 - [MESSAGE][PASSED] - Browser is opened with url: ''

2022-07-18 19:57:55 - [TEST_STEP][PASSED] - maximizeWindow(): Current window maximized

2022-07-18 19:57:55 - [MESSAGE][PASSED] - Current window maximized

2022-07-18 19:57:55 - [TEST_STEP][PASSED] - navigateToUrl("https://dev-getvaccine-16.netlify.app/"): Navigate to 'https://dev-getvaccine-16.netlify.app/' successfully

2022-07-18 19:57:58 - [MESSAGE][PASSED] - Navigate to 'https://dev-getvaccine-16.netlify.app/' successfully

2022-07-18 19:57:58 - [TEST_STEP][PASSED] - click(findTestObject("CITIZEN/Page_Home  GetVaccine/login btn")): Object: 'Object Repository/CITIZEN/Page_Home  GetVaccine/login btn' is clicked on

2022-07-18 19:57:58 - [MESSAGE][PASSED] - Object: 'Object Repository/CITIZEN/Page_Home  GetVaccine/login btn' is clicked on

2022-07-18 19:57:58 - [TEST_STEP][PASSED] - verifyElementVisible(findTestObject("CITIZEN/Page_Login  GetVaccine/VerifyLoginPage")): Object 'Object Repository/CITIZEN/Page_Login  GetVaccine/VerifyLoginPage' is visible

2022-07-18 19:57:59 - [MESSAGE][PASSED] - Object 'Object Repository/CITIZEN/Page_Login  GetVaccine/VerifyLoginPage' is visible

2022-07-18 19:57:59 - [TEST_STEP][PASSED] - setText(findTestObject("CITIZEN/Page_Login  GetVaccine/input_NIK_basic_nik"), findTestData("CITIZEN/Login").getValue(1, i)): Text '' is set on object 'Object Repository/CITIZEN/Page_Login  GetVaccine/input_NIK_basic_nik'

2022-07-18 19:58:00 - [MESSAGE][PASSED] - Text '' is set on object 'Object Repository/CITIZEN/Page_Login  GetVaccine/input_NIK_basic_nik'

2022-07-18 19:58:00 - [TEST_STEP][PASSED] - setText(findTestObject("CITIZEN/Page_Registrasi  GetVaccine/password"), findTestData("CITIZEN/Login").getValue(2, i)): Text 'Haha1234' is set on object 'Object Repository/CITIZEN/Page_Registrasi  GetVaccine/password'

2022-07-18 19:58:01 - [MESSAGE][PASSED] - Text 'Haha1234' is set on object 'Object Repository/CITIZEN/Page_Registrasi  GetVaccine/password'

2022-07-18 19:58:01 - [TEST_STEP][PASSED] - click(findTestObject("CITIZEN/Page_Login  GetVaccine/eye")): Object: 'Object Repository/CITIZEN/Page_Login  GetVaccine/eye' is clicked on

2022-07-18 19:58:01 - [MESSAGE][PASSED] - Object: 'Object Repository/CITIZEN/Page_Login  GetVaccine/eye' is clicked on

2022-07-18 19:58:01 - [TEST_STEP][PASSED] - click(findTestObject("CITIZEN/Page_Login  GetVaccine/button_Login")): Object: 'Object Repository/CITIZEN/Page_Login  GetVaccine/button_Login' is clicked on

2022-07-18 19:58:02 - [MESSAGE][PASSED] - Object: 'Object Repository/CITIZEN/Page_Login  GetVaccine/button_Login' is clicked on

2022-07-18 19:58:02 - [TEST_STEP][PASSED] - if (i == 1): null

2022-07-18 19:58:02 - [TEST_STEP][PASSED] - else if (i == 2): null

2022-07-18 19:58:02 - [TEST_STEP][PASSED] - else if (i == 3): Object 'Object Repository/CITIZEN/Page_Login  GetVaccine/alert nik kosong' is present

2022-07-18 19:58:02 - [TEST_STEP][PASSED] - verifyElementPresent(findTestObject("CITIZEN/Page_Login  GetVaccine/alert nik kosong"), 0): Object 'Object Repository/CITIZEN/Page_Login  GetVaccine/alert nik kosong' is present

2022-07-18 19:58:02 - [MESSAGE][WARNING] - Timeout '0' is invalid. Using default page load timeout: '30'

2022-07-18 19:58:02 - [MESSAGE][PASSED] - Object 'Object Repository/CITIZEN/Page_Login  GetVaccine/alert nik kosong' is present

2022-07-18 19:58:02 - [TEST_STEP][PASSED] - closeBrowser(): Browser is closed

2022-07-18 19:58:03 - [MESSAGE][PASSED] - Browser is closed

2022-07-18 19:58:03 - [TEST_STEP][PASSED] - openBrowser(""): Browser is opened with url: ''

2022-07-18 19:58:03 - [MESSAGE][INFO] - Starting 'Chrome' driver

2022-07-18 19:58:03 - [MESSAGE][INFO] - Action delay is set to 0 milliseconds

2022-07-18 19:58:04 - [MESSAGE][PASSED] - Browser is opened with url: ''

2022-07-18 19:58:04 - [TEST_STEP][PASSED] - maximizeWindow(): Current window maximized

2022-07-18 19:58:05 - [MESSAGE][PASSED] - Current window maximized

2022-07-18 19:58:05 - [TEST_STEP][PASSED] - navigateToUrl("https://dev-getvaccine-16.netlify.app/"): Navigate to 'https://dev-getvaccine-16.netlify.app/' successfully

2022-07-18 19:58:06 - [MESSAGE][PASSED] - Navigate to 'https://dev-getvaccine-16.netlify.app/' successfully

2022-07-18 19:58:06 - [TEST_STEP][PASSED] - click(findTestObject("CITIZEN/Page_Home  GetVaccine/login btn")): Object: 'Object Repository/CITIZEN/Page_Home  GetVaccine/login btn' is clicked on

2022-07-18 19:58:07 - [MESSAGE][PASSED] - Object: 'Object Repository/CITIZEN/Page_Home  GetVaccine/login btn' is clicked on

2022-07-18 19:58:07 - [TEST_STEP][PASSED] - verifyElementVisible(findTestObject("CITIZEN/Page_Login  GetVaccine/VerifyLoginPage")): Object 'Object Repository/CITIZEN/Page_Login  GetVaccine/VerifyLoginPage' is visible

2022-07-18 19:58:07 - [MESSAGE][PASSED] - Object 'Object Repository/CITIZEN/Page_Login  GetVaccine/VerifyLoginPage' is visible

2022-07-18 19:58:07 - [TEST_STEP][PASSED] - setText(findTestObject("CITIZEN/Page_Login  GetVaccine/input_NIK_basic_nik"), findTestData("CITIZEN/Login").getValue(1, i)): Text '' is set on object 'Object Repository/CITIZEN/Page_Login  GetVaccine/input_NIK_basic_nik'

2022-07-18 19:58:08 - [MESSAGE][PASSED] - Text '' is set on object 'Object Repository/CITIZEN/Page_Login  GetVaccine/input_NIK_basic_nik'

2022-07-18 19:58:08 - [TEST_STEP][PASSED] - setText(findTestObject("CITIZEN/Page_Registrasi  GetVaccine/password"), findTestData("CITIZEN/Login").getValue(2, i)): Text '' is set on object 'Object Repository/CITIZEN/Page_Registrasi  GetVaccine/password'

2022-07-18 19:58:09 - [MESSAGE][PASSED] - Text '' is set on object 'Object Repository/CITIZEN/Page_Registrasi  GetVaccine/password'

2022-07-18 19:58:09 - [TEST_STEP][PASSED] - click(findTestObject("CITIZEN/Page_Login  GetVaccine/eye")): Object: 'Object Repository/CITIZEN/Page_Login  GetVaccine/eye' is clicked on

2022-07-18 19:58:09 - [MESSAGE][PASSED] - Object: 'Object Repository/CITIZEN/Page_Login  GetVaccine/eye' is clicked on

2022-07-18 19:58:09 - [TEST_STEP][PASSED] - click(findTestObject("CITIZEN/Page_Login  GetVaccine/button_Login")): Object: 'Object Repository/CITIZEN/Page_Login  GetVaccine/button_Login' is clicked on

2022-07-18 19:58:10 - [MESSAGE][PASSED] - Object: 'Object Repository/CITIZEN/Page_Login  GetVaccine/button_Login' is clicked on

2022-07-18 19:58:10 - [TEST_STEP][PASSED] - if (i == 1): null

2022-07-18 19:58:10 - [TEST_STEP][PASSED] - else if (i == 2): null

2022-07-18 19:58:10 - [TEST_STEP][PASSED] - else if (i == 3): null

2022-07-18 19:58:10 - [TEST_STEP][PASSED] - else if (i == 4): Object 'Object Repository/CITIZEN/Page_Login  GetVaccine/alert pass kosong' is present

2022-07-18 19:58:10 - [TEST_STEP][PASSED] - verifyElementPresent(findTestObject("CITIZEN/Page_Login  GetVaccine/alert nik kosong"), 0): Object 'Object Repository/CITIZEN/Page_Login  GetVaccine/alert nik kosong' is present

2022-07-18 19:58:10 - [MESSAGE][WARNING] - Timeout '0' is invalid. Using default page load timeout: '30'

2022-07-18 19:58:10 - [MESSAGE][PASSED] - Object 'Object Repository/CITIZEN/Page_Login  GetVaccine/alert nik kosong' is present

2022-07-18 19:58:10 - [TEST_STEP][PASSED] - verifyElementPresent(findTestObject("CITIZEN/Page_Login  GetVaccine/alert pass kosong"), 0): Object 'Object Repository/CITIZEN/Page_Login  GetVaccine/alert pass kosong' is present

2022-07-18 19:58:11 - [MESSAGE][WARNING] - Timeout '0' is invalid. Using default page load timeout: '30'

2022-07-18 19:58:11 - [MESSAGE][PASSED] - Object 'Object Repository/CITIZEN/Page_Login  GetVaccine/alert pass kosong' is present

2022-07-18 19:58:11 - [TEST_STEP][PASSED] - closeBrowser(): Browser is closed

2022-07-18 19:58:12 - [MESSAGE][PASSED] - Browser is closed

2022-07-18 19:58:12 - [TEST_STEP][PASSED] - openBrowser(""): Browser is opened with url: ''

2022-07-18 19:58:12 - [MESSAGE][INFO] - Starting 'Chrome' driver

2022-07-18 19:58:12 - [MESSAGE][INFO] - Action delay is set to 0 milliseconds

2022-07-18 19:58:14 - [MESSAGE][PASSED] - Browser is opened with url: ''

2022-07-18 19:58:14 - [TEST_STEP][PASSED] - maximizeWindow(): Current window maximized

2022-07-18 19:58:14 - [MESSAGE][PASSED] - Current window maximized

2022-07-18 19:58:14 - [TEST_STEP][PASSED] - navigateToUrl("https://dev-getvaccine-16.netlify.app/"): Navigate to 'https://dev-getvaccine-16.netlify.app/' successfully

2022-07-18 19:58:25 - [MESSAGE][PASSED] - Navigate to 'https://dev-getvaccine-16.netlify.app/' successfully

2022-07-18 19:58:25 - [TEST_STEP][PASSED] - click(findTestObject("CITIZEN/Page_Home  GetVaccine/login btn")): Object: 'Object Repository/CITIZEN/Page_Home  GetVaccine/login btn' is clicked on

2022-07-18 19:58:26 - [MESSAGE][PASSED] - Object: 'Object Repository/CITIZEN/Page_Home  GetVaccine/login btn' is clicked on

2022-07-18 19:58:26 - [TEST_STEP][PASSED] - verifyElementVisible(findTestObject("CITIZEN/Page_Login  GetVaccine/VerifyLoginPage")): Object 'Object Repository/CITIZEN/Page_Login  GetVaccine/VerifyLoginPage' is visible

2022-07-18 19:58:26 - [MESSAGE][PASSED] - Object 'Object Repository/CITIZEN/Page_Login  GetVaccine/VerifyLoginPage' is visible

2022-07-18 19:58:26 - [TEST_STEP][PASSED] - setText(findTestObject("CITIZEN/Page_Login  GetVaccine/input_NIK_basic_nik"), findTestData("CITIZEN/Login").getValue(1, i)): Text '7890789078907890' is set on object 'Object Repository/CITIZEN/Page_Login  GetVaccine/input_NIK_basic_nik'

2022-07-18 19:58:27 - [MESSAGE][PASSED] - Text '7890789078907890' is set on object 'Object Repository/CITIZEN/Page_Login  GetVaccine/input_NIK_basic_nik'

2022-07-18 19:58:27 - [TEST_STEP][PASSED] - setText(findTestObject("CITIZEN/Page_Registrasi  GetVaccine/password"), findTestData("CITIZEN/Login").getValue(2, i)): Text 'Haechan123' is set on object 'Object Repository/CITIZEN/Page_Registrasi  GetVaccine/password'

2022-07-18 19:58:28 - [MESSAGE][PASSED] - Text 'Haechan123' is set on object 'Object Repository/CITIZEN/Page_Registrasi  GetVaccine/password'

2022-07-18 19:58:28 - [TEST_STEP][PASSED] - click(findTestObject("CITIZEN/Page_Login  GetVaccine/eye")): Object: 'Object Repository/CITIZEN/Page_Login  GetVaccine/eye' is clicked on

2022-07-18 19:58:29 - [MESSAGE][PASSED] - Object: 'Object Repository/CITIZEN/Page_Login  GetVaccine/eye' is clicked on

2022-07-18 19:58:29 - [TEST_STEP][PASSED] - click(findTestObject("CITIZEN/Page_Login  GetVaccine/button_Login")): Object: 'Object Repository/CITIZEN/Page_Login  GetVaccine/button_Login' is clicked on

2022-07-18 19:58:29 - [MESSAGE][PASSED] - Object: 'Object Repository/CITIZEN/Page_Login  GetVaccine/button_Login' is clicked on

2022-07-18 19:58:29 - [TEST_STEP][PASSED] - if (i == 1): null

2022-07-18 19:58:29 - [TEST_STEP][PASSED] - else if (i == 2): null

2022-07-18 19:58:29 - [TEST_STEP][PASSED] - else if (i == 3): null

2022-07-18 19:58:29 - [TEST_STEP][PASSED] - else if (i == 4): null

2022-07-18 19:58:29 - [TEST_STEP][PASSED] - else: Object 'Object Repository/CITIZEN/Page_Home  GetVaccine/Verify Home' is present

2022-07-18 19:58:29 - [TEST_STEP][PASSED] - verifyElementPresent(findTestObject("CITIZEN/Page_Home  GetVaccine/Verify Home"), 0): Object 'Object Repository/CITIZEN/Page_Home  GetVaccine/Verify Home' is present

2022-07-18 19:58:29 - [MESSAGE][WARNING] - Timeout '0' is invalid. Using default page load timeout: '30'

2022-07-18 19:58:31 - [MESSAGE][PASSED] - Object 'Object Repository/CITIZEN/Page_Home  GetVaccine/Verify Home' is present

2022-07-18 19:58:31 - [TEST_STEP][PASSED] - closeBrowser(): Browser is closed

2022-07-18 19:58:32 - [MESSAGE][PASSED] - Browser is closed]]></system-out>
         <system-err><![CDATA[]]></system-err>
      </testcase>
      <testcase name="Test Cases/CITIZEN/AUTH/Login" time="63.262" classname="Test Cases/CITIZEN/AUTH/Login" status="PASSED">
         <system-out><![CDATA[2022-07-18 19:58:32 - [TEST_CASE][PASSED] - Test Cases/CITIZEN/AUTH/Login: Test Cases/CITIZEN/AUTH/Login

2022-07-18 19:58:33 - [TEST_STEP][PASSED] - openBrowser(""): Browser is opened with url: ''

2022-07-18 19:58:33 - [MESSAGE][INFO] - Starting 'Chrome' driver

2022-07-18 19:58:33 - [MESSAGE][INFO] - Action delay is set to 0 milliseconds

2022-07-18 19:58:34 - [MESSAGE][PASSED] - Browser is opened with url: ''

2022-07-18 19:58:34 - [TEST_STEP][PASSED] - maximizeWindow(): Current window maximized

2022-07-18 19:58:34 - [MESSAGE][PASSED] - Current window maximized

2022-07-18 19:58:34 - [TEST_STEP][PASSED] - navigateToUrl("https://dev-getvaccine-16.netlify.app/"): Navigate to 'https://dev-getvaccine-16.netlify.app/' successfully

2022-07-18 19:59:27 - [MESSAGE][PASSED] - Navigate to 'https://dev-getvaccine-16.netlify.app/' successfully

2022-07-18 19:59:27 - [TEST_STEP][PASSED] - click(findTestObject("CITIZEN/Page_Home  GetVaccine/login btn")): Object: 'Object Repository/CITIZEN/Page_Home  GetVaccine/login btn' is clicked on

2022-07-18 19:59:27 - [MESSAGE][PASSED] - Object: 'Object Repository/CITIZEN/Page_Home  GetVaccine/login btn' is clicked on

2022-07-18 19:59:27 - [TEST_STEP][PASSED] - verifyElementVisible(findTestObject("CITIZEN/Page_Login  GetVaccine/VerifyLoginPage")): Object 'Object Repository/CITIZEN/Page_Login  GetVaccine/VerifyLoginPage' is visible

2022-07-18 19:59:28 - [MESSAGE][PASSED] - Object 'Object Repository/CITIZEN/Page_Login  GetVaccine/VerifyLoginPage' is visible

2022-07-18 19:59:28 - [TEST_STEP][PASSED] - setText(findTestObject("CITIZEN/Page_Login  GetVaccine/input_NIK_basic_nik"), "7890789078907890"): Text '7890789078907890' is set on object 'Object Repository/CITIZEN/Page_Login  GetVaccine/input_NIK_basic_nik'

2022-07-18 19:59:29 - [MESSAGE][PASSED] - Text '7890789078907890' is set on object 'Object Repository/CITIZEN/Page_Login  GetVaccine/input_NIK_basic_nik'

2022-07-18 19:59:29 - [TEST_STEP][PASSED] - setText(findTestObject("CITIZEN/Page_Login  GetVaccine/input_Password_basic_password"), "Haechan123"): Text 'Haechan123' is set on object 'Object Repository/CITIZEN/Page_Login  GetVaccine/input_Password_basic_password'

2022-07-18 19:59:29 - [MESSAGE][PASSED] - Text 'Haechan123' is set on object 'Object Repository/CITIZEN/Page_Login  GetVaccine/input_Password_basic_password'

2022-07-18 19:59:29 - [TEST_STEP][PASSED] - click(findTestObject("CITIZEN/Page_Login  GetVaccine/eye")): Object: 'Object Repository/CITIZEN/Page_Login  GetVaccine/eye' is clicked on

2022-07-18 19:59:30 - [MESSAGE][PASSED] - Object: 'Object Repository/CITIZEN/Page_Login  GetVaccine/eye' is clicked on

2022-07-18 19:59:30 - [TEST_STEP][PASSED] - click(findTestObject("CITIZEN/Page_Login  GetVaccine/button_Login")): Object: 'Object Repository/CITIZEN/Page_Login  GetVaccine/button_Login' is clicked on

2022-07-18 19:59:31 - [MESSAGE][PASSED] - Object: 'Object Repository/CITIZEN/Page_Login  GetVaccine/button_Login' is clicked on

2022-07-18 19:59:31 - [TEST_STEP][PASSED] - verifyElementPresent(findTestObject("CITIZEN/Page_Home  GetVaccine/navbar"), 0, STOP_ON_FAILURE): Object 'Object Repository/CITIZEN/Page_Home  GetVaccine/navbar' is present

2022-07-18 19:59:31 - [MESSAGE][WARNING] - Timeout '0' is invalid. Using default page load timeout: '30'

2022-07-18 19:59:36 - [MESSAGE][PASSED] - Object 'Object Repository/CITIZEN/Page_Home  GetVaccine/navbar' is present]]></system-out>
         <system-err><![CDATA[]]></system-err>
      </testcase>
      <testcase name="Test Cases/CITIZEN/VAKSINASI/TC_Search" time="45.138" classname="Test Cases/CITIZEN/VAKSINASI/TC_Search" status="PASSED">
         <system-out><![CDATA[2022-07-18 19:59:36 - [TEST_CASE][PASSED] - Test Cases/CITIZEN/VAKSINASI/TC_Search: Test Cases/CITIZEN/VAKSINASI/TC_Search

2022-07-18 19:59:36 - [TEST_STEP][PASSED] - for ([i = 1, i <= 7, (i++)]): Object 'Object Repository/CITIZEN/Page_undefined  GetVaccine/yonkes' is present

2022-07-18 19:59:36 - [TEST_STEP][PASSED] - click(findTestObject("CITIZEN/Page_Home  GetVaccine/home menu")): Object: 'Object Repository/CITIZEN/Page_Home  GetVaccine/home menu' is clicked on

2022-07-18 19:59:37 - [MESSAGE][PASSED] - Object: 'Object Repository/CITIZEN/Page_Home  GetVaccine/home menu' is clicked on

2022-07-18 19:59:37 - [TEST_STEP][PASSED] - click(findTestObject("CITIZEN/Page_Home  GetVaccine/vaksinasi menu")): Object: 'Object Repository/CITIZEN/Page_Home  GetVaccine/vaksinasi menu' is clicked on

2022-07-18 19:59:37 - [MESSAGE][PASSED] - Object: 'Object Repository/CITIZEN/Page_Home  GetVaccine/vaksinasi menu' is clicked on

2022-07-18 19:59:37 - [TEST_STEP][PASSED] - verifyElementPresent(findTestObject("CITIZEN/Page_Vaksinasi GetVaccine/verify vaksinasi page"), 0): Object 'Object Repository/CITIZEN/Page_Vaksinasi GetVaccine/verify vaksinasi page' is present

2022-07-18 19:59:37 - [MESSAGE][WARNING] - Timeout '0' is invalid. Using default page load timeout: '30'

2022-07-18 19:59:40 - [MESSAGE][PASSED] - Object 'Object Repository/CITIZEN/Page_Vaksinasi GetVaccine/verify vaksinasi page' is present

2022-07-18 19:59:40 - [TEST_STEP][PASSED] - click(findTestObject("CITIZEN/Page_Vaksinasi GetVaccine/Search/search bar")): Object: 'Object Repository/CITIZEN/Page_Vaksinasi GetVaccine/Search/search bar' is clicked on

2022-07-18 19:59:41 - [MESSAGE][PASSED] - Object: 'Object Repository/CITIZEN/Page_Vaksinasi GetVaccine/Search/search bar' is clicked on

2022-07-18 19:59:41 - [TEST_STEP][PASSED] - clearText(findTestObject("CITIZEN/Page_Vaksinasi GetVaccine/Search/search bar")): Text of object 'Object Repository/CITIZEN/Page_Vaksinasi GetVaccine/Search/search bar' is cleared

2022-07-18 19:59:41 - [MESSAGE][PASSED] - Text of object 'Object Repository/CITIZEN/Page_Vaksinasi GetVaccine/Search/search bar' is cleared

2022-07-18 19:59:41 - [TEST_STEP][PASSED] - setText(findTestObject("CITIZEN/Page_Vaksinasi GetVaccine/Search/search bar"), findTestData("CITIZEN/Search Vaccine").getValue(1, i)): Text '' is set on object 'Object Repository/CITIZEN/Page_Vaksinasi GetVaccine/Search/search bar'

2022-07-18 19:59:42 - [MESSAGE][PASSED] - Text '' is set on object 'Object Repository/CITIZEN/Page_Vaksinasi GetVaccine/Search/search bar'

2022-07-18 19:59:42 - [TEST_STEP][PASSED] - click(findTestObject("CITIZEN/Page_Vaksinasi GetVaccine/Search/button search")): Object: 'Object Repository/CITIZEN/Page_Vaksinasi GetVaccine/Search/button search' is clicked on

2022-07-18 19:59:42 - [MESSAGE][PASSED] - Object: 'Object Repository/CITIZEN/Page_Vaksinasi GetVaccine/Search/button search' is clicked on

2022-07-18 19:59:42 - [TEST_STEP][PASSED] - if (i <= 3): Object 'Object Repository/CITIZEN/Page_Vaksinasi GetVaccine/Search/verify search gagal' is present

2022-07-18 19:59:42 - [TEST_STEP][PASSED] - verifyElementPresent(findTestObject("CITIZEN/Page_Vaksinasi GetVaccine/Search/verify search gagal"), 0): Object 'Object Repository/CITIZEN/Page_Vaksinasi GetVaccine/Search/verify search gagal' is present

2022-07-18 19:59:42 - [MESSAGE][WARNING] - Timeout '0' is invalid. Using default page load timeout: '30'

2022-07-18 19:59:43 - [MESSAGE][PASSED] - Object 'Object Repository/CITIZEN/Page_Vaksinasi GetVaccine/Search/verify search gagal' is present

2022-07-18 19:59:43 - [TEST_STEP][PASSED] - click(findTestObject("CITIZEN/Page_Home  GetVaccine/home menu")): Object: 'Object Repository/CITIZEN/Page_Home  GetVaccine/home menu' is clicked on

2022-07-18 19:59:43 - [MESSAGE][PASSED] - Object: 'Object Repository/CITIZEN/Page_Home  GetVaccine/home menu' is clicked on

2022-07-18 19:59:43 - [TEST_STEP][PASSED] - click(findTestObject("CITIZEN/Page_Home  GetVaccine/vaksinasi menu")): Object: 'Object Repository/CITIZEN/Page_Home  GetVaccine/vaksinasi menu' is clicked on

2022-07-18 19:59:44 - [MESSAGE][PASSED] - Object: 'Object Repository/CITIZEN/Page_Home  GetVaccine/vaksinasi menu' is clicked on

2022-07-18 19:59:44 - [TEST_STEP][PASSED] - verifyElementPresent(findTestObject("CITIZEN/Page_Vaksinasi GetVaccine/verify vaksinasi page"), 0): Object 'Object Repository/CITIZEN/Page_Vaksinasi GetVaccine/verify vaksinasi page' is present

2022-07-18 19:59:45 - [MESSAGE][WARNING] - Timeout '0' is invalid. Using default page load timeout: '30'

2022-07-18 19:59:47 - [MESSAGE][PASSED] - Object 'Object Repository/CITIZEN/Page_Vaksinasi GetVaccine/verify vaksinasi page' is present

2022-07-18 19:59:47 - [TEST_STEP][PASSED] - click(findTestObject("CITIZEN/Page_Vaksinasi GetVaccine/Search/search bar")): Object: 'Object Repository/CITIZEN/Page_Vaksinasi GetVaccine/Search/search bar' is clicked on

2022-07-18 19:59:47 - [MESSAGE][PASSED] - Object: 'Object Repository/CITIZEN/Page_Vaksinasi GetVaccine/Search/search bar' is clicked on

2022-07-18 19:59:47 - [TEST_STEP][PASSED] - clearText(findTestObject("CITIZEN/Page_Vaksinasi GetVaccine/Search/search bar")): Text of object 'Object Repository/CITIZEN/Page_Vaksinasi GetVaccine/Search/search bar' is cleared

2022-07-18 19:59:47 - [MESSAGE][PASSED] - Text of object 'Object Repository/CITIZEN/Page_Vaksinasi GetVaccine/Search/search bar' is cleared

2022-07-18 19:59:47 - [TEST_STEP][PASSED] - setText(findTestObject("CITIZEN/Page_Vaksinasi GetVaccine/Search/search bar"), findTestData("CITIZEN/Search Vaccine").getValue(1, i)): Text '1111' is set on object 'Object Repository/CITIZEN/Page_Vaksinasi GetVaccine/Search/search bar'

2022-07-18 19:59:48 - [MESSAGE][PASSED] - Text '1111' is set on object 'Object Repository/CITIZEN/Page_Vaksinasi GetVaccine/Search/search bar'

2022-07-18 19:59:48 - [TEST_STEP][PASSED] - click(findTestObject("CITIZEN/Page_Vaksinasi GetVaccine/Search/button search")): Object: 'Object Repository/CITIZEN/Page_Vaksinasi GetVaccine/Search/button search' is clicked on

2022-07-18 19:59:49 - [MESSAGE][PASSED] - Object: 'Object Repository/CITIZEN/Page_Vaksinasi GetVaccine/Search/button search' is clicked on

2022-07-18 19:59:49 - [TEST_STEP][PASSED] - if (i <= 3): Object 'Object Repository/CITIZEN/Page_Vaksinasi GetVaccine/Search/verify search gagal' is present

2022-07-18 19:59:49 - [TEST_STEP][PASSED] - verifyElementPresent(findTestObject("CITIZEN/Page_Vaksinasi GetVaccine/Search/verify search gagal"), 0): Object 'Object Repository/CITIZEN/Page_Vaksinasi GetVaccine/Search/verify search gagal' is present

2022-07-18 19:59:49 - [MESSAGE][WARNING] - Timeout '0' is invalid. Using default page load timeout: '30'

2022-07-18 19:59:49 - [MESSAGE][PASSED] - Object 'Object Repository/CITIZEN/Page_Vaksinasi GetVaccine/Search/verify search gagal' is present

2022-07-18 19:59:49 - [TEST_STEP][PASSED] - click(findTestObject("CITIZEN/Page_Home  GetVaccine/home menu")): Object: 'Object Repository/CITIZEN/Page_Home  GetVaccine/home menu' is clicked on

2022-07-18 19:59:49 - [MESSAGE][PASSED] - Object: 'Object Repository/CITIZEN/Page_Home  GetVaccine/home menu' is clicked on

2022-07-18 19:59:49 - [TEST_STEP][PASSED] - click(findTestObject("CITIZEN/Page_Home  GetVaccine/vaksinasi menu")): Object: 'Object Repository/CITIZEN/Page_Home  GetVaccine/vaksinasi menu' is clicked on

2022-07-18 19:59:52 - [MESSAGE][PASSED] - Object: 'Object Repository/CITIZEN/Page_Home  GetVaccine/vaksinasi menu' is clicked on

2022-07-18 19:59:52 - [TEST_STEP][PASSED] - verifyElementPresent(findTestObject("CITIZEN/Page_Vaksinasi GetVaccine/verify vaksinasi page"), 0): Object 'Object Repository/CITIZEN/Page_Vaksinasi GetVaccine/verify vaksinasi page' is present

2022-07-18 19:59:52 - [MESSAGE][WARNING] - Timeout '0' is invalid. Using default page load timeout: '30'

2022-07-18 19:59:53 - [MESSAGE][PASSED] - Object 'Object Repository/CITIZEN/Page_Vaksinasi GetVaccine/verify vaksinasi page' is present

2022-07-18 19:59:53 - [TEST_STEP][PASSED] - click(findTestObject("CITIZEN/Page_Vaksinasi GetVaccine/Search/search bar")): Object: 'Object Repository/CITIZEN/Page_Vaksinasi GetVaccine/Search/search bar' is clicked on

2022-07-18 19:59:54 - [MESSAGE][PASSED] - Object: 'Object Repository/CITIZEN/Page_Vaksinasi GetVaccine/Search/search bar' is clicked on

2022-07-18 19:59:54 - [TEST_STEP][PASSED] - clearText(findTestObject("CITIZEN/Page_Vaksinasi GetVaccine/Search/search bar")): Text of object 'Object Repository/CITIZEN/Page_Vaksinasi GetVaccine/Search/search bar' is cleared

2022-07-18 19:59:54 - [MESSAGE][PASSED] - Text of object 'Object Repository/CITIZEN/Page_Vaksinasi GetVaccine/Search/search bar' is cleared

2022-07-18 19:59:54 - [TEST_STEP][PASSED] - setText(findTestObject("CITIZEN/Page_Vaksinasi GetVaccine/Search/search bar"), findTestData("CITIZEN/Search Vaccine").getValue(1, i)): Text 'london' is set on object 'Object Repository/CITIZEN/Page_Vaksinasi GetVaccine/Search/search bar'

2022-07-18 19:59:55 - [MESSAGE][PASSED] - Text 'london' is set on object 'Object Repository/CITIZEN/Page_Vaksinasi GetVaccine/Search/search bar'

2022-07-18 19:59:55 - [TEST_STEP][PASSED] - click(findTestObject("CITIZEN/Page_Vaksinasi GetVaccine/Search/button search")): Object: 'Object Repository/CITIZEN/Page_Vaksinasi GetVaccine/Search/button search' is clicked on

2022-07-18 19:59:55 - [MESSAGE][PASSED] - Object: 'Object Repository/CITIZEN/Page_Vaksinasi GetVaccine/Search/button search' is clicked on

2022-07-18 19:59:55 - [TEST_STEP][PASSED] - if (i <= 3): Object 'Object Repository/CITIZEN/Page_Vaksinasi GetVaccine/Search/verify search gagal' is present

2022-07-18 19:59:55 - [TEST_STEP][PASSED] - verifyElementPresent(findTestObject("CITIZEN/Page_Vaksinasi GetVaccine/Search/verify search gagal"), 0): Object 'Object Repository/CITIZEN/Page_Vaksinasi GetVaccine/Search/verify search gagal' is present

2022-07-18 19:59:55 - [MESSAGE][WARNING] - Timeout '0' is invalid. Using default page load timeout: '30'

2022-07-18 19:59:56 - [MESSAGE][PASSED] - Object 'Object Repository/CITIZEN/Page_Vaksinasi GetVaccine/Search/verify search gagal' is present

2022-07-18 19:59:56 - [TEST_STEP][PASSED] - click(findTestObject("CITIZEN/Page_Home  GetVaccine/home menu")): Object: 'Object Repository/CITIZEN/Page_Home  GetVaccine/home menu' is clicked on

2022-07-18 19:59:56 - [MESSAGE][PASSED] - Object: 'Object Repository/CITIZEN/Page_Home  GetVaccine/home menu' is clicked on

2022-07-18 19:59:56 - [TEST_STEP][PASSED] - click(findTestObject("CITIZEN/Page_Home  GetVaccine/vaksinasi menu")): Object: 'Object Repository/CITIZEN/Page_Home  GetVaccine/vaksinasi menu' is clicked on

2022-07-18 19:59:58 - [MESSAGE][PASSED] - Object: 'Object Repository/CITIZEN/Page_Home  GetVaccine/vaksinasi menu' is clicked on

2022-07-18 19:59:58 - [TEST_STEP][PASSED] - verifyElementPresent(findTestObject("CITIZEN/Page_Vaksinasi GetVaccine/verify vaksinasi page"), 0): Object 'Object Repository/CITIZEN/Page_Vaksinasi GetVaccine/verify vaksinasi page' is present

2022-07-18 19:59:58 - [MESSAGE][WARNING] - Timeout '0' is invalid. Using default page load timeout: '30'

2022-07-18 20:00:00 - [MESSAGE][PASSED] - Object 'Object Repository/CITIZEN/Page_Vaksinasi GetVaccine/verify vaksinasi page' is present

2022-07-18 20:00:00 - [TEST_STEP][PASSED] - click(findTestObject("CITIZEN/Page_Vaksinasi GetVaccine/Search/search bar")): Object: 'Object Repository/CITIZEN/Page_Vaksinasi GetVaccine/Search/search bar' is clicked on

2022-07-18 20:00:00 - [MESSAGE][PASSED] - Object: 'Object Repository/CITIZEN/Page_Vaksinasi GetVaccine/Search/search bar' is clicked on

2022-07-18 20:00:00 - [TEST_STEP][PASSED] - clearText(findTestObject("CITIZEN/Page_Vaksinasi GetVaccine/Search/search bar")): Text of object 'Object Repository/CITIZEN/Page_Vaksinasi GetVaccine/Search/search bar' is cleared

2022-07-18 20:00:01 - [MESSAGE][PASSED] - Text of object 'Object Repository/CITIZEN/Page_Vaksinasi GetVaccine/Search/search bar' is cleared

2022-07-18 20:00:01 - [TEST_STEP][PASSED] - setText(findTestObject("CITIZEN/Page_Vaksinasi GetVaccine/Search/search bar"), findTestData("CITIZEN/Search Vaccine").getValue(1, i)): Text 'Jawa Barat' is set on object 'Object Repository/CITIZEN/Page_Vaksinasi GetVaccine/Search/search bar'

2022-07-18 20:00:01 - [MESSAGE][PASSED] - Text 'Jawa Barat' is set on object 'Object Repository/CITIZEN/Page_Vaksinasi GetVaccine/Search/search bar'

2022-07-18 20:00:01 - [TEST_STEP][PASSED] - click(findTestObject("CITIZEN/Page_Vaksinasi GetVaccine/Search/button search")): Object: 'Object Repository/CITIZEN/Page_Vaksinasi GetVaccine/Search/button search' is clicked on

2022-07-18 20:00:02 - [MESSAGE][PASSED] - Object: 'Object Repository/CITIZEN/Page_Vaksinasi GetVaccine/Search/button search' is clicked on

2022-07-18 20:00:02 - [TEST_STEP][PASSED] - if (i <= 3): null

2022-07-18 20:00:02 - [TEST_STEP][PASSED] - else if (i == 4 | i == 5 | i == 6): Object 'Object Repository/CITIZEN/Page_undefined  GetVaccine/yonkes' is present

2022-07-18 20:00:02 - [TEST_STEP][PASSED] - verifyElementPresent(findTestObject("CITIZEN/Page_undefined  GetVaccine/yonkes"), 0): Object 'Object Repository/CITIZEN/Page_undefined  GetVaccine/yonkes' is present

2022-07-18 20:00:02 - [MESSAGE][WARNING] - Timeout '0' is invalid. Using default page load timeout: '30'

2022-07-18 20:00:02 - [MESSAGE][PASSED] - Object 'Object Repository/CITIZEN/Page_undefined  GetVaccine/yonkes' is present

2022-07-18 20:00:02 - [TEST_STEP][PASSED] - click(findTestObject("CITIZEN/Page_Home  GetVaccine/home menu")): Object: 'Object Repository/CITIZEN/Page_Home  GetVaccine/home menu' is clicked on

2022-07-18 20:00:03 - [MESSAGE][PASSED] - Object: 'Object Repository/CITIZEN/Page_Home  GetVaccine/home menu' is clicked on

2022-07-18 20:00:03 - [TEST_STEP][PASSED] - click(findTestObject("CITIZEN/Page_Home  GetVaccine/vaksinasi menu")): Object: 'Object Repository/CITIZEN/Page_Home  GetVaccine/vaksinasi menu' is clicked on

2022-07-18 20:00:04 - [MESSAGE][PASSED] - Object: 'Object Repository/CITIZEN/Page_Home  GetVaccine/vaksinasi menu' is clicked on

2022-07-18 20:00:04 - [TEST_STEP][PASSED] - verifyElementPresent(findTestObject("CITIZEN/Page_Vaksinasi GetVaccine/verify vaksinasi page"), 0): Object 'Object Repository/CITIZEN/Page_Vaksinasi GetVaccine/verify vaksinasi page' is present

2022-07-18 20:00:04 - [MESSAGE][WARNING] - Timeout '0' is invalid. Using default page load timeout: '30'

2022-07-18 20:00:06 - [MESSAGE][PASSED] - Object 'Object Repository/CITIZEN/Page_Vaksinasi GetVaccine/verify vaksinasi page' is present

2022-07-18 20:00:06 - [TEST_STEP][PASSED] - click(findTestObject("CITIZEN/Page_Vaksinasi GetVaccine/Search/search bar")): Object: 'Object Repository/CITIZEN/Page_Vaksinasi GetVaccine/Search/search bar' is clicked on

2022-07-18 20:00:06 - [MESSAGE][PASSED] - Object: 'Object Repository/CITIZEN/Page_Vaksinasi GetVaccine/Search/search bar' is clicked on

2022-07-18 20:00:06 - [TEST_STEP][PASSED] - clearText(findTestObject("CITIZEN/Page_Vaksinasi GetVaccine/Search/search bar")): Text of object 'Object Repository/CITIZEN/Page_Vaksinasi GetVaccine/Search/search bar' is cleared

2022-07-18 20:00:07 - [MESSAGE][PASSED] - Text of object 'Object Repository/CITIZEN/Page_Vaksinasi GetVaccine/Search/search bar' is cleared

2022-07-18 20:00:07 - [TEST_STEP][PASSED] - setText(findTestObject("CITIZEN/Page_Vaksinasi GetVaccine/Search/search bar"), findTestData("CITIZEN/Search Vaccine").getValue(1, i)): Text 'Bogor' is set on object 'Object Repository/CITIZEN/Page_Vaksinasi GetVaccine/Search/search bar'

2022-07-18 20:00:07 - [MESSAGE][PASSED] - Text 'Bogor' is set on object 'Object Repository/CITIZEN/Page_Vaksinasi GetVaccine/Search/search bar'

2022-07-18 20:00:07 - [TEST_STEP][PASSED] - click(findTestObject("CITIZEN/Page_Vaksinasi GetVaccine/Search/button search")): Object: 'Object Repository/CITIZEN/Page_Vaksinasi GetVaccine/Search/button search' is clicked on

2022-07-18 20:00:08 - [MESSAGE][PASSED] - Object: 'Object Repository/CITIZEN/Page_Vaksinasi GetVaccine/Search/button search' is clicked on

2022-07-18 20:00:08 - [TEST_STEP][PASSED] - if (i <= 3): null

2022-07-18 20:00:08 - [TEST_STEP][PASSED] - else if (i == 4 | i == 5 | i == 6): Object 'Object Repository/CITIZEN/Page_undefined  GetVaccine/yonkes' is present

2022-07-18 20:00:08 - [TEST_STEP][PASSED] - verifyElementPresent(findTestObject("CITIZEN/Page_undefined  GetVaccine/yonkes"), 0): Object 'Object Repository/CITIZEN/Page_undefined  GetVaccine/yonkes' is present

2022-07-18 20:00:08 - [MESSAGE][WARNING] - Timeout '0' is invalid. Using default page load timeout: '30'

2022-07-18 20:00:08 - [MESSAGE][PASSED] - Object 'Object Repository/CITIZEN/Page_undefined  GetVaccine/yonkes' is present

2022-07-18 20:00:08 - [TEST_STEP][PASSED] - click(findTestObject("CITIZEN/Page_Home  GetVaccine/home menu")): Object: 'Object Repository/CITIZEN/Page_Home  GetVaccine/home menu' is clicked on

2022-07-18 20:00:09 - [MESSAGE][PASSED] - Object: 'Object Repository/CITIZEN/Page_Home  GetVaccine/home menu' is clicked on

2022-07-18 20:00:09 - [TEST_STEP][PASSED] - click(findTestObject("CITIZEN/Page_Home  GetVaccine/vaksinasi menu")): Object: 'Object Repository/CITIZEN/Page_Home  GetVaccine/vaksinasi menu' is clicked on

2022-07-18 20:00:10 - [MESSAGE][PASSED] - Object: 'Object Repository/CITIZEN/Page_Home  GetVaccine/vaksinasi menu' is clicked on

2022-07-18 20:00:10 - [TEST_STEP][PASSED] - verifyElementPresent(findTestObject("CITIZEN/Page_Vaksinasi GetVaccine/verify vaksinasi page"), 0): Object 'Object Repository/CITIZEN/Page_Vaksinasi GetVaccine/verify vaksinasi page' is present

2022-07-18 20:00:10 - [MESSAGE][WARNING] - Timeout '0' is invalid. Using default page load timeout: '30'

2022-07-18 20:00:12 - [MESSAGE][PASSED] - Object 'Object Repository/CITIZEN/Page_Vaksinasi GetVaccine/verify vaksinasi page' is present

2022-07-18 20:00:12 - [TEST_STEP][PASSED] - click(findTestObject("CITIZEN/Page_Vaksinasi GetVaccine/Search/search bar")): Object: 'Object Repository/CITIZEN/Page_Vaksinasi GetVaccine/Search/search bar' is clicked on

2022-07-18 20:00:12 - [MESSAGE][PASSED] - Object: 'Object Repository/CITIZEN/Page_Vaksinasi GetVaccine/Search/search bar' is clicked on

2022-07-18 20:00:12 - [TEST_STEP][PASSED] - clearText(findTestObject("CITIZEN/Page_Vaksinasi GetVaccine/Search/search bar")): Text of object 'Object Repository/CITIZEN/Page_Vaksinasi GetVaccine/Search/search bar' is cleared

2022-07-18 20:00:13 - [MESSAGE][PASSED] - Text of object 'Object Repository/CITIZEN/Page_Vaksinasi GetVaccine/Search/search bar' is cleared

2022-07-18 20:00:13 - [TEST_STEP][PASSED] - setText(findTestObject("CITIZEN/Page_Vaksinasi GetVaccine/Search/search bar"), findTestData("CITIZEN/Search Vaccine").getValue(1, i)): Text '16710' is set on object 'Object Repository/CITIZEN/Page_Vaksinasi GetVaccine/Search/search bar'

2022-07-18 20:00:14 - [MESSAGE][PASSED] - Text '16710' is set on object 'Object Repository/CITIZEN/Page_Vaksinasi GetVaccine/Search/search bar'

2022-07-18 20:00:14 - [TEST_STEP][PASSED] - click(findTestObject("CITIZEN/Page_Vaksinasi GetVaccine/Search/button search")): Object: 'Object Repository/CITIZEN/Page_Vaksinasi GetVaccine/Search/button search' is clicked on

2022-07-18 20:00:14 - [MESSAGE][PASSED] - Object: 'Object Repository/CITIZEN/Page_Vaksinasi GetVaccine/Search/button search' is clicked on

2022-07-18 20:00:14 - [TEST_STEP][PASSED] - if (i <= 3): null

2022-07-18 20:00:14 - [TEST_STEP][PASSED] - else if (i == 4 | i == 5 | i == 6): Object 'Object Repository/CITIZEN/Page_undefined  GetVaccine/yonkes' is present

2022-07-18 20:00:14 - [TEST_STEP][PASSED] - verifyElementPresent(findTestObject("CITIZEN/Page_undefined  GetVaccine/yonkes"), 0): Object 'Object Repository/CITIZEN/Page_undefined  GetVaccine/yonkes' is present

2022-07-18 20:00:14 - [MESSAGE][WARNING] - Timeout '0' is invalid. Using default page load timeout: '30'

2022-07-18 20:00:14 - [MESSAGE][PASSED] - Object 'Object Repository/CITIZEN/Page_undefined  GetVaccine/yonkes' is present

2022-07-18 20:00:14 - [TEST_STEP][PASSED] - click(findTestObject("CITIZEN/Page_Home  GetVaccine/home menu")): Object: 'Object Repository/CITIZEN/Page_Home  GetVaccine/home menu' is clicked on

2022-07-18 20:00:15 - [MESSAGE][PASSED] - Object: 'Object Repository/CITIZEN/Page_Home  GetVaccine/home menu' is clicked on

2022-07-18 20:00:15 - [TEST_STEP][PASSED] - click(findTestObject("CITIZEN/Page_Home  GetVaccine/vaksinasi menu")): Object: 'Object Repository/CITIZEN/Page_Home  GetVaccine/vaksinasi menu' is clicked on

2022-07-18 20:00:16 - [MESSAGE][PASSED] - Object: 'Object Repository/CITIZEN/Page_Home  GetVaccine/vaksinasi menu' is clicked on

2022-07-18 20:00:16 - [TEST_STEP][PASSED] - verifyElementPresent(findTestObject("CITIZEN/Page_Vaksinasi GetVaccine/verify vaksinasi page"), 0): Object 'Object Repository/CITIZEN/Page_Vaksinasi GetVaccine/verify vaksinasi page' is present

2022-07-18 20:00:16 - [MESSAGE][WARNING] - Timeout '0' is invalid. Using default page load timeout: '30'

2022-07-18 20:00:18 - [MESSAGE][PASSED] - Object 'Object Repository/CITIZEN/Page_Vaksinasi GetVaccine/verify vaksinasi page' is present

2022-07-18 20:00:18 - [TEST_STEP][PASSED] - click(findTestObject("CITIZEN/Page_Vaksinasi GetVaccine/Search/search bar")): Object: 'Object Repository/CITIZEN/Page_Vaksinasi GetVaccine/Search/search bar' is clicked on

2022-07-18 20:00:19 - [MESSAGE][PASSED] - Object: 'Object Repository/CITIZEN/Page_Vaksinasi GetVaccine/Search/search bar' is clicked on

2022-07-18 20:00:19 - [TEST_STEP][PASSED] - clearText(findTestObject("CITIZEN/Page_Vaksinasi GetVaccine/Search/search bar")): Text of object 'Object Repository/CITIZEN/Page_Vaksinasi GetVaccine/Search/search bar' is cleared

2022-07-18 20:00:19 - [MESSAGE][PASSED] - Text of object 'Object Repository/CITIZEN/Page_Vaksinasi GetVaccine/Search/search bar' is cleared

2022-07-18 20:00:19 - [TEST_STEP][PASSED] - setText(findTestObject("CITIZEN/Page_Vaksinasi GetVaccine/Search/search bar"), findTestData("CITIZEN/Search Vaccine").getValue(1, i)): Text 'Yonkes' is set on object 'Object Repository/CITIZEN/Page_Vaksinasi GetVaccine/Search/search bar'

2022-07-18 20:00:20 - [MESSAGE][PASSED] - Text 'Yonkes' is set on object 'Object Repository/CITIZEN/Page_Vaksinasi GetVaccine/Search/search bar'

2022-07-18 20:00:20 - [TEST_STEP][PASSED] - click(findTestObject("CITIZEN/Page_Vaksinasi GetVaccine/Search/button search")): Object: 'Object Repository/CITIZEN/Page_Vaksinasi GetVaccine/Search/button search' is clicked on

2022-07-18 20:00:20 - [MESSAGE][PASSED] - Object: 'Object Repository/CITIZEN/Page_Vaksinasi GetVaccine/Search/button search' is clicked on

2022-07-18 20:00:20 - [TEST_STEP][PASSED] - if (i <= 3): null

2022-07-18 20:00:20 - [TEST_STEP][PASSED] - else if (i == 4 | i == 5 | i == 6): null

2022-07-18 20:00:20 - [TEST_STEP][PASSED] - else: Object 'Object Repository/CITIZEN/Page_undefined  GetVaccine/yonkes' is present

2022-07-18 20:00:20 - [TEST_STEP][PASSED] - verifyElementPresent(findTestObject("CITIZEN/Page_undefined  GetVaccine/yonkes"), 0): Object 'Object Repository/CITIZEN/Page_undefined  GetVaccine/yonkes' is present

2022-07-18 20:00:20 - [MESSAGE][WARNING] - Timeout '0' is invalid. Using default page load timeout: '30'

2022-07-18 20:00:21 - [MESSAGE][PASSED] - Object 'Object Repository/CITIZEN/Page_undefined  GetVaccine/yonkes' is present]]></system-out>
         <system-err><![CDATA[]]></system-err>
      </testcase>
      <testcase name="Test Cases/CITIZEN/VAKSINASI/TC_Health Facility" time="2.307" classname="Test Cases/CITIZEN/VAKSINASI/TC_Health Facility" status="PASSED">
         <system-out><![CDATA[2022-07-18 20:00:21 - [TEST_CASE][PASSED] - Test Cases/CITIZEN/VAKSINASI/TC_Health Facility: Test Cases/CITIZEN/VAKSINASI/TC_Health Facility

2022-07-18 20:00:21 - [TEST_STEP][PASSED] - click(findTestObject("CITIZEN/Page_undefined  GetVaccine/yonkes")): Object: 'Object Repository/CITIZEN/Page_undefined  GetVaccine/yonkes' is clicked on

2022-07-18 20:00:22 - [MESSAGE][PASSED] - Object: 'Object Repository/CITIZEN/Page_undefined  GetVaccine/yonkes' is clicked on

2022-07-18 20:00:22 - [TEST_STEP][PASSED] - verifyElementPresent(findTestObject("CITIZEN/Page_undefined  GetVaccine/verify yonkes"), 0): Object 'Object Repository/CITIZEN/Page_undefined  GetVaccine/verify yonkes' is present

2022-07-18 20:00:22 - [MESSAGE][WARNING] - Timeout '0' is invalid. Using default page load timeout: '30'

2022-07-18 20:00:23 - [MESSAGE][PASSED] - Object 'Object Repository/CITIZEN/Page_undefined  GetVaccine/verify yonkes' is present]]></system-out>
         <system-err><![CDATA[]]></system-err>
      </testcase>
      <testcase name="Test Cases/CITIZEN/VAKSINASI/TC_Tambah Anggota" time="225.252" classname="Test Cases/CITIZEN/VAKSINASI/TC_Tambah Anggota" status="PASSED">
         <system-out><![CDATA[2022-07-18 20:00:23 - [TEST_CASE][PASSED] - Test Cases/CITIZEN/VAKSINASI/TC_Tambah Anggota: Test Cases/CITIZEN/VAKSINASI/TC_Tambah Anggota

2022-07-18 20:00:23 - [TEST_STEP][PASSED] - for ([i = 1, i <= 7, (i++)]): Object: 'Object Repository/CITIZEN/Page_Vaksinasi GetVaccine/Tambah Anggota/close' is clicked on

2022-07-18 20:00:23 - [TEST_STEP][PASSED] - click(findTestObject("CITIZEN/Page_Vaksinasi GetVaccine/Tambah Anggota/fasilitas kesehatan")): Object: 'Object Repository/CITIZEN/Page_Vaksinasi GetVaccine/Tambah Anggota/fasilitas kesehatan' is clicked on

2022-07-18 20:00:25 - [MESSAGE][PASSED] - Object: 'Object Repository/CITIZEN/Page_Vaksinasi GetVaccine/Tambah Anggota/fasilitas kesehatan' is clicked on

2022-07-18 20:00:25 - [TEST_STEP][PASSED] - click(findTestObject("CITIZEN/Page_Vaksinasi GetVaccine/Tambah Anggota/btn tambah anggota")): Object: 'Object Repository/CITIZEN/Page_Vaksinasi GetVaccine/Tambah Anggota/btn tambah anggota' is clicked on

2022-07-18 20:00:26 - [MESSAGE][PASSED] - Object: 'Object Repository/CITIZEN/Page_Vaksinasi GetVaccine/Tambah Anggota/btn tambah anggota' is clicked on

2022-07-18 20:00:26 - [TEST_STEP][PASSED] - setText(findTestObject("Object Repository/CITIZEN/Page_undefined  GetVaccine/input_NIK_add family member_NIK"), findTestData("CITIZEN/TambahAnggota").getValue(1, i)): Text 'AAAA' is set on object 'Object Repository/CITIZEN/Page_undefined  GetVaccine/input_NIK_add family member_NIK'

2022-07-18 20:00:28 - [MESSAGE][PASSED] - Text 'AAAA' is set on object 'Object Repository/CITIZEN/Page_undefined  GetVaccine/input_NIK_add family member_NIK'

2022-07-18 20:00:28 - [TEST_STEP][PASSED] - setText(findTestObject("Object Repository/CITIZEN/Page_undefined  GetVaccine/input_Nama Lengkap_add family member_name"), findTestData("CITIZEN/TambahAnggota").getValue(2, i)): Text 'Qian Kun' is set on object 'Object Repository/CITIZEN/Page_undefined  GetVaccine/input_Nama Lengkap_add family member_name'

2022-07-18 20:00:29 - [MESSAGE][PASSED] - Text 'Qian Kun' is set on object 'Object Repository/CITIZEN/Page_undefined  GetVaccine/input_Nama Lengkap_add family member_name'

2022-07-18 20:00:29 - [TEST_STEP][PASSED] - setText(findTestObject("Object Repository/CITIZEN/Page_undefined  GetVaccine/input_Tempat Lahir_add family member_place__8ffebd"), findTestData("CITIZEN/TambahAnggota").getValue(3, i)): Text 'China' is set on object 'Object Repository/CITIZEN/Page_undefined  GetVaccine/input_Tempat Lahir_add family member_place__8ffebd'

2022-07-18 20:00:30 - [MESSAGE][PASSED] - Text 'China' is set on object 'Object Repository/CITIZEN/Page_undefined  GetVaccine/input_Tempat Lahir_add family member_place__8ffebd'

2022-07-18 20:00:30 - [TEST_STEP][PASSED] - click(findTestObject("Object Repository/CITIZEN/Page_undefined  GetVaccine/div_Tanggal Lahir_ant-picker-input")): Object: 'Object Repository/CITIZEN/Page_undefined  GetVaccine/div_Tanggal Lahir_ant-picker-input' is clicked on

2022-07-18 20:00:30 - [MESSAGE][PASSED] - Object: 'Object Repository/CITIZEN/Page_undefined  GetVaccine/div_Tanggal Lahir_ant-picker-input' is clicked on

2022-07-18 20:00:30 - [TEST_STEP][PASSED] - click(findTestObject("CITIZEN/Page_Vaksinasi GetVaccine/Tambah Anggota/year")): Object: 'Object Repository/CITIZEN/Page_Vaksinasi GetVaccine/Tambah Anggota/year' is clicked on

2022-07-18 20:00:31 - [MESSAGE][PASSED] - Object: 'Object Repository/CITIZEN/Page_Vaksinasi GetVaccine/Tambah Anggota/year' is clicked on

2022-07-18 20:00:31 - [TEST_STEP][PASSED] - click(findTestObject("CITIZEN/Page_Vaksinasi GetVaccine/Tambah Anggota/prev year")): Object: 'Object Repository/CITIZEN/Page_Vaksinasi GetVaccine/Tambah Anggota/prev year' is clicked on

2022-07-18 20:00:31 - [MESSAGE][PASSED] - Object: 'Object Repository/CITIZEN/Page_Vaksinasi GetVaccine/Tambah Anggota/prev year' is clicked on

2022-07-18 20:00:31 - [TEST_STEP][PASSED] - click(findTestObject("CITIZEN/Page_Vaksinasi GetVaccine/Tambah Anggota/prev year")): Object: 'Object Repository/CITIZEN/Page_Vaksinasi GetVaccine/Tambah Anggota/prev year' is clicked on

2022-07-18 20:00:32 - [MESSAGE][PASSED] - Object: 'Object Repository/CITIZEN/Page_Vaksinasi GetVaccine/Tambah Anggota/prev year' is clicked on

2022-07-18 20:00:32 - [TEST_STEP][PASSED] - click(findTestObject("CITIZEN/Page_Vaksinasi GetVaccine/Tambah Anggota/prev year")): Object: 'Object Repository/CITIZEN/Page_Vaksinasi GetVaccine/Tambah Anggota/prev year' is clicked on

2022-07-18 20:00:32 - [MESSAGE][PASSED] - Object: 'Object Repository/CITIZEN/Page_Vaksinasi GetVaccine/Tambah Anggota/prev year' is clicked on

2022-07-18 20:00:32 - [TEST_STEP][PASSED] - click(findTestObject("CITIZEN/Page_Vaksinasi GetVaccine/Tambah Anggota/1996")): Object: 'Object Repository/CITIZEN/Page_Vaksinasi GetVaccine/Tambah Anggota/1996' is clicked on

2022-07-18 20:00:33 - [MESSAGE][PASSED] - Object: 'Object Repository/CITIZEN/Page_Vaksinasi GetVaccine/Tambah Anggota/1996' is clicked on

2022-07-18 20:00:33 - [TEST_STEP][PASSED] - click(findTestObject("CITIZEN/Page_Vaksinasi GetVaccine/Tambah Anggota/januari")): Object: 'Object Repository/CITIZEN/Page_Vaksinasi GetVaccine/Tambah Anggota/januari' is clicked on

2022-07-18 20:00:33 - [MESSAGE][PASSED] - Object: 'Object Repository/CITIZEN/Page_Vaksinasi GetVaccine/Tambah Anggota/januari' is clicked on

2022-07-18 20:00:33 - [TEST_STEP][PASSED] - click(findTestObject("CITIZEN/Page_Vaksinasi GetVaccine/Tambah Anggota/tgl 1")): Object: 'Object Repository/CITIZEN/Page_Vaksinasi GetVaccine/Tambah Anggota/tgl 1' is clicked on

2022-07-18 20:00:34 - [MESSAGE][PASSED] - Object: 'Object Repository/CITIZEN/Page_Vaksinasi GetVaccine/Tambah Anggota/tgl 1' is clicked on

2022-07-18 20:00:34 - [TEST_STEP][PASSED] - click(findTestObject("CITIZEN/Page_Vaksinasi GetVaccine/Tambah Anggota/jk sebelum")): Object: 'Object Repository/CITIZEN/Page_Vaksinasi GetVaccine/Tambah Anggota/jk sebelum' is clicked on

2022-07-18 20:00:35 - [MESSAGE][PASSED] - Object: 'Object Repository/CITIZEN/Page_Vaksinasi GetVaccine/Tambah Anggota/jk sebelum' is clicked on

2022-07-18 20:00:35 - [TEST_STEP][PASSED] - click(findTestObject("Object Repository/CITIZEN/Page_undefined  GetVaccine/div_Laki - Laki")): Object: 'Object Repository/CITIZEN/Page_undefined  GetVaccine/div_Laki - Laki' is clicked on

2022-07-18 20:00:35 - [MESSAGE][PASSED] - Object: 'Object Repository/CITIZEN/Page_undefined  GetVaccine/div_Laki - Laki' is clicked on

2022-07-18 20:00:35 - [TEST_STEP][PASSED] - click(findTestObject("CITIZEN/Page_Vaksinasi GetVaccine/Tambah Anggota/hubungan")): Object: 'Object Repository/CITIZEN/Page_Vaksinasi GetVaccine/Tambah Anggota/hubungan' is clicked on

2022-07-18 20:00:36 - [MESSAGE][PASSED] - Object: 'Object Repository/CITIZEN/Page_Vaksinasi GetVaccine/Tambah Anggota/hubungan' is clicked on

2022-07-18 20:00:36 - [TEST_STEP][PASSED] - click(findTestObject("Object Repository/CITIZEN/Page_undefined  GetVaccine/div_Saudara")): Object: 'Object Repository/CITIZEN/Page_undefined  GetVaccine/div_Saudara' is clicked on

2022-07-18 20:00:36 - [MESSAGE][PASSED] - Object: 'Object Repository/CITIZEN/Page_undefined  GetVaccine/div_Saudara' is clicked on

2022-07-18 20:00:36 - [TEST_STEP][PASSED] - setText(findTestObject("Object Repository/CITIZEN/Page_undefined  GetVaccine/input_Email_add family member_email"), findTestData("CITIZEN/TambahAnggota").getValue(4, i)): Text 'kun@nct.com' is set on object 'Object Repository/CITIZEN/Page_undefined  GetVaccine/input_Email_add family member_email'

2022-07-18 20:00:37 - [MESSAGE][PASSED] - Text 'kun@nct.com' is set on object 'Object Repository/CITIZEN/Page_undefined  GetVaccine/input_Email_add family member_email'

2022-07-18 20:00:37 - [TEST_STEP][PASSED] - setText(findTestObject("Object Repository/CITIZEN/Page_undefined  GetVaccine/input_Nomor Telepon_add family member_phone_number"), findTestData("CITIZEN/TambahAnggota").getValue(5, i)): Text '08822992200' is set on object 'Object Repository/CITIZEN/Page_undefined  GetVaccine/input_Nomor Telepon_add family member_phone_number'

2022-07-18 20:00:39 - [MESSAGE][PASSED] - Text '08822992200' is set on object 'Object Repository/CITIZEN/Page_undefined  GetVaccine/input_Nomor Telepon_add family member_phone_number'

2022-07-18 20:00:39 - [TEST_STEP][PASSED] - setText(findTestObject("Object Repository/CITIZEN/Page_undefined  GetVaccine/input_Alamat KTP_add family member_id_card_address"), findTestData("CITIZEN/TambahAnggota").getValue(6, i)): Text 'Jakarta' is set on object 'Object Repository/CITIZEN/Page_undefined  GetVaccine/input_Alamat KTP_add family member_id_card_address'

2022-07-18 20:00:39 - [MESSAGE][PASSED] - Text 'Jakarta' is set on object 'Object Repository/CITIZEN/Page_undefined  GetVaccine/input_Alamat KTP_add family member_id_card_address'

2022-07-18 20:00:39 - [TEST_STEP][PASSED] - setText(findTestObject("Object Repository/CITIZEN/Page_undefined  GetVaccine/input_Alamat Saat ini_add family member_res_c155da"), findTestData("CITIZEN/TambahAnggota").getValue(7, i)): Text 'Jakarta' is set on object 'Object Repository/CITIZEN/Page_undefined  GetVaccine/input_Alamat Saat ini_add family member_res_c155da'

2022-07-18 20:00:40 - [MESSAGE][PASSED] - Text 'Jakarta' is set on object 'Object Repository/CITIZEN/Page_undefined  GetVaccine/input_Alamat Saat ini_add family member_res_c155da'

2022-07-18 20:00:40 - [TEST_STEP][PASSED] - click(findTestObject("Object Repository/CITIZEN/Page_undefined  GetVaccine/span_Submit")): Object: 'Object Repository/CITIZEN/Page_undefined  GetVaccine/span_Submit' is clicked on

2022-07-18 20:00:41 - [MESSAGE][PASSED] - Object: 'Object Repository/CITIZEN/Page_undefined  GetVaccine/span_Submit' is clicked on

2022-07-18 20:00:41 - [TEST_STEP][PASSED] - if (i == 1): Object: 'Object Repository/CITIZEN/Page_Vaksinasi GetVaccine/Tambah Anggota/close' is clicked on

2022-07-18 20:00:41 - [TEST_STEP][PASSED] - verifyElementPresent(findTestObject("CITIZEN/Page_Vaksinasi GetVaccine/Tambah Anggota/alert inpputan harus angka"), 0): Object 'Object Repository/CITIZEN/Page_Vaksinasi GetVaccine/Tambah Anggota/alert inpputan harus angka' is present

2022-07-18 20:00:41 - [MESSAGE][WARNING] - Timeout '0' is invalid. Using default page load timeout: '30'

2022-07-18 20:00:42 - [MESSAGE][PASSED] - Object 'Object Repository/CITIZEN/Page_Vaksinasi GetVaccine/Tambah Anggota/alert inpputan harus angka' is present

2022-07-18 20:00:42 - [TEST_STEP][PASSED] - click(findTestObject("CITIZEN/Page_Vaksinasi GetVaccine/Tambah Anggota/close")): Object: 'Object Repository/CITIZEN/Page_Vaksinasi GetVaccine/Tambah Anggota/close' is clicked on

2022-07-18 20:00:42 - [MESSAGE][PASSED] - Object: 'Object Repository/CITIZEN/Page_Vaksinasi GetVaccine/Tambah Anggota/close' is clicked on

2022-07-18 20:00:42 - [TEST_STEP][PASSED] - click(findTestObject("CITIZEN/Page_Vaksinasi GetVaccine/Tambah Anggota/fasilitas kesehatan")): Object: 'Object Repository/CITIZEN/Page_Vaksinasi GetVaccine/Tambah Anggota/fasilitas kesehatan' is clicked on

2022-07-18 20:00:43 - [MESSAGE][PASSED] - Object: 'Object Repository/CITIZEN/Page_Vaksinasi GetVaccine/Tambah Anggota/fasilitas kesehatan' is clicked on

2022-07-18 20:00:43 - [TEST_STEP][PASSED] - click(findTestObject("CITIZEN/Page_Vaksinasi GetVaccine/Tambah Anggota/btn tambah anggota")): Object: 'Object Repository/CITIZEN/Page_Vaksinasi GetVaccine/Tambah Anggota/btn tambah anggota' is clicked on

2022-07-18 20:00:45 - [MESSAGE][PASSED] - Object: 'Object Repository/CITIZEN/Page_Vaksinasi GetVaccine/Tambah Anggota/btn tambah anggota' is clicked on

2022-07-18 20:00:45 - [TEST_STEP][PASSED] - setText(findTestObject("Object Repository/CITIZEN/Page_undefined  GetVaccine/input_NIK_add family member_NIK"), findTestData("CITIZEN/TambahAnggota").getValue(1, i)): Text '12345' is set on object 'Object Repository/CITIZEN/Page_undefined  GetVaccine/input_NIK_add family member_NIK'

2022-07-18 20:00:46 - [MESSAGE][PASSED] - Text '12345' is set on object 'Object Repository/CITIZEN/Page_undefined  GetVaccine/input_NIK_add family member_NIK'

2022-07-18 20:00:46 - [TEST_STEP][PASSED] - setText(findTestObject("Object Repository/CITIZEN/Page_undefined  GetVaccine/input_Nama Lengkap_add family member_name"), findTestData("CITIZEN/TambahAnggota").getValue(2, i)): Text 'Qian Kun' is set on object 'Object Repository/CITIZEN/Page_undefined  GetVaccine/input_Nama Lengkap_add family member_name'

2022-07-18 20:00:47 - [MESSAGE][PASSED] - Text 'Qian Kun' is set on object 'Object Repository/CITIZEN/Page_undefined  GetVaccine/input_Nama Lengkap_add family member_name'

2022-07-18 20:00:47 - [TEST_STEP][PASSED] - setText(findTestObject("Object Repository/CITIZEN/Page_undefined  GetVaccine/input_Tempat Lahir_add family member_place__8ffebd"), findTestData("CITIZEN/TambahAnggota").getValue(3, i)): Text 'China' is set on object 'Object Repository/CITIZEN/Page_undefined  GetVaccine/input_Tempat Lahir_add family member_place__8ffebd'

2022-07-18 20:00:48 - [MESSAGE][PASSED] - Text 'China' is set on object 'Object Repository/CITIZEN/Page_undefined  GetVaccine/input_Tempat Lahir_add family member_place__8ffebd'

2022-07-18 20:00:48 - [TEST_STEP][PASSED] - click(findTestObject("Object Repository/CITIZEN/Page_undefined  GetVaccine/div_Tanggal Lahir_ant-picker-input")): Object: 'Object Repository/CITIZEN/Page_undefined  GetVaccine/div_Tanggal Lahir_ant-picker-input' is clicked on

2022-07-18 20:00:49 - [MESSAGE][PASSED] - Object: 'Object Repository/CITIZEN/Page_undefined  GetVaccine/div_Tanggal Lahir_ant-picker-input' is clicked on

2022-07-18 20:00:49 - [TEST_STEP][PASSED] - click(findTestObject("CITIZEN/Page_Vaksinasi GetVaccine/Tambah Anggota/year")): Object: 'Object Repository/CITIZEN/Page_Vaksinasi GetVaccine/Tambah Anggota/year' is clicked on

2022-07-18 20:00:49 - [MESSAGE][PASSED] - Object: 'Object Repository/CITIZEN/Page_Vaksinasi GetVaccine/Tambah Anggota/year' is clicked on

2022-07-18 20:00:49 - [TEST_STEP][PASSED] - click(findTestObject("CITIZEN/Page_Vaksinasi GetVaccine/Tambah Anggota/prev year")): Object: 'Object Repository/CITIZEN/Page_Vaksinasi GetVaccine/Tambah Anggota/prev year' is clicked on

2022-07-18 20:00:50 - [MESSAGE][PASSED] - Object: 'Object Repository/CITIZEN/Page_Vaksinasi GetVaccine/Tambah Anggota/prev year' is clicked on

2022-07-18 20:00:50 - [TEST_STEP][PASSED] - click(findTestObject("CITIZEN/Page_Vaksinasi GetVaccine/Tambah Anggota/prev year")): Object: 'Object Repository/CITIZEN/Page_Vaksinasi GetVaccine/Tambah Anggota/prev year' is clicked on

2022-07-18 20:00:50 - [MESSAGE][PASSED] - Object: 'Object Repository/CITIZEN/Page_Vaksinasi GetVaccine/Tambah Anggota/prev year' is clicked on

2022-07-18 20:00:50 - [TEST_STEP][PASSED] - click(findTestObject("CITIZEN/Page_Vaksinasi GetVaccine/Tambah Anggota/prev year")): Object: 'Object Repository/CITIZEN/Page_Vaksinasi GetVaccine/Tambah Anggota/prev year' is clicked on

2022-07-18 20:00:51 - [MESSAGE][PASSED] - Object: 'Object Repository/CITIZEN/Page_Vaksinasi GetVaccine/Tambah Anggota/prev year' is clicked on

2022-07-18 20:00:51 - [TEST_STEP][PASSED] - click(findTestObject("CITIZEN/Page_Vaksinasi GetVaccine/Tambah Anggota/1996")): Object: 'Object Repository/CITIZEN/Page_Vaksinasi GetVaccine/Tambah Anggota/1996' is clicked on

2022-07-18 20:00:51 - [MESSAGE][PASSED] - Object: 'Object Repository/CITIZEN/Page_Vaksinasi GetVaccine/Tambah Anggota/1996' is clicked on

2022-07-18 20:00:51 - [TEST_STEP][PASSED] - click(findTestObject("CITIZEN/Page_Vaksinasi GetVaccine/Tambah Anggota/januari")): Object: 'Object Repository/CITIZEN/Page_Vaksinasi GetVaccine/Tambah Anggota/januari' is clicked on

2022-07-18 20:00:52 - [MESSAGE][PASSED] - Object: 'Object Repository/CITIZEN/Page_Vaksinasi GetVaccine/Tambah Anggota/januari' is clicked on

2022-07-18 20:00:52 - [TEST_STEP][PASSED] - click(findTestObject("CITIZEN/Page_Vaksinasi GetVaccine/Tambah Anggota/tgl 1")): Object: 'Object Repository/CITIZEN/Page_Vaksinasi GetVaccine/Tambah Anggota/tgl 1' is clicked on

2022-07-18 20:00:52 - [MESSAGE][PASSED] - Object: 'Object Repository/CITIZEN/Page_Vaksinasi GetVaccine/Tambah Anggota/tgl 1' is clicked on

2022-07-18 20:00:52 - [TEST_STEP][PASSED] - click(findTestObject("CITIZEN/Page_Vaksinasi GetVaccine/Tambah Anggota/jk sebelum")): Object: 'Object Repository/CITIZEN/Page_Vaksinasi GetVaccine/Tambah Anggota/jk sebelum' is clicked on

2022-07-18 20:00:53 - [MESSAGE][PASSED] - Object: 'Object Repository/CITIZEN/Page_Vaksinasi GetVaccine/Tambah Anggota/jk sebelum' is clicked on

2022-07-18 20:00:53 - [TEST_STEP][PASSED] - click(findTestObject("Object Repository/CITIZEN/Page_undefined  GetVaccine/div_Laki - Laki")): Object: 'Object Repository/CITIZEN/Page_undefined  GetVaccine/div_Laki - Laki' is clicked on

2022-07-18 20:00:54 - [MESSAGE][PASSED] - Object: 'Object Repository/CITIZEN/Page_undefined  GetVaccine/div_Laki - Laki' is clicked on

2022-07-18 20:00:54 - [TEST_STEP][PASSED] - click(findTestObject("CITIZEN/Page_Vaksinasi GetVaccine/Tambah Anggota/hubungan")): Object: 'Object Repository/CITIZEN/Page_Vaksinasi GetVaccine/Tambah Anggota/hubungan' is clicked on

2022-07-18 20:00:54 - [MESSAGE][PASSED] - Object: 'Object Repository/CITIZEN/Page_Vaksinasi GetVaccine/Tambah Anggota/hubungan' is clicked on

2022-07-18 20:00:54 - [TEST_STEP][PASSED] - click(findTestObject("Object Repository/CITIZEN/Page_undefined  GetVaccine/div_Saudara")): Object: 'Object Repository/CITIZEN/Page_undefined  GetVaccine/div_Saudara' is clicked on

2022-07-18 20:00:55 - [MESSAGE][PASSED] - Object: 'Object Repository/CITIZEN/Page_undefined  GetVaccine/div_Saudara' is clicked on

2022-07-18 20:00:55 - [TEST_STEP][PASSED] - setText(findTestObject("Object Repository/CITIZEN/Page_undefined  GetVaccine/input_Email_add family member_email"), findTestData("CITIZEN/TambahAnggota").getValue(4, i)): Text 'kun@nct.com' is set on object 'Object Repository/CITIZEN/Page_undefined  GetVaccine/input_Email_add family member_email'

2022-07-18 20:00:56 - [MESSAGE][PASSED] - Text 'kun@nct.com' is set on object 'Object Repository/CITIZEN/Page_undefined  GetVaccine/input_Email_add family member_email'

2022-07-18 20:00:56 - [TEST_STEP][PASSED] - setText(findTestObject("Object Repository/CITIZEN/Page_undefined  GetVaccine/input_Nomor Telepon_add family member_phone_number"), findTestData("CITIZEN/TambahAnggota").getValue(5, i)): Text '08822992200' is set on object 'Object Repository/CITIZEN/Page_undefined  GetVaccine/input_Nomor Telepon_add family member_phone_number'

2022-07-18 20:00:57 - [MESSAGE][PASSED] - Text '08822992200' is set on object 'Object Repository/CITIZEN/Page_undefined  GetVaccine/input_Nomor Telepon_add family member_phone_number'

2022-07-18 20:00:57 - [TEST_STEP][PASSED] - setText(findTestObject("Object Repository/CITIZEN/Page_undefined  GetVaccine/input_Alamat KTP_add family member_id_card_address"), findTestData("CITIZEN/TambahAnggota").getValue(6, i)): Text 'Jakarta' is set on object 'Object Repository/CITIZEN/Page_undefined  GetVaccine/input_Alamat KTP_add family member_id_card_address'

2022-07-18 20:00:58 - [MESSAGE][PASSED] - Text 'Jakarta' is set on object 'Object Repository/CITIZEN/Page_undefined  GetVaccine/input_Alamat KTP_add family member_id_card_address'

2022-07-18 20:00:58 - [TEST_STEP][PASSED] - setText(findTestObject("Object Repository/CITIZEN/Page_undefined  GetVaccine/input_Alamat Saat ini_add family member_res_c155da"), findTestData("CITIZEN/TambahAnggota").getValue(7, i)): Text 'Jakarta' is set on object 'Object Repository/CITIZEN/Page_undefined  GetVaccine/input_Alamat Saat ini_add family member_res_c155da'

2022-07-18 20:00:59 - [MESSAGE][PASSED] - Text 'Jakarta' is set on object 'Object Repository/CITIZEN/Page_undefined  GetVaccine/input_Alamat Saat ini_add family member_res_c155da'

2022-07-18 20:00:59 - [TEST_STEP][PASSED] - click(findTestObject("Object Repository/CITIZEN/Page_undefined  GetVaccine/span_Submit")): Object: 'Object Repository/CITIZEN/Page_undefined  GetVaccine/span_Submit' is clicked on

2022-07-18 20:00:59 - [MESSAGE][PASSED] - Object: 'Object Repository/CITIZEN/Page_undefined  GetVaccine/span_Submit' is clicked on

2022-07-18 20:00:59 - [TEST_STEP][PASSED] - if (i == 1): null

2022-07-18 20:00:59 - [TEST_STEP][PASSED] - else if (i == 2): Object: 'Object Repository/CITIZEN/Page_Vaksinasi GetVaccine/Tambah Anggota/close' is clicked on

2022-07-18 20:00:59 - [TEST_STEP][PASSED] - verifyElementPresent(findTestObject("CITIZEN/Page_Vaksinasi GetVaccine/Tambah Anggota/alert nik inputan harus 16"), 0): Object 'Object Repository/CITIZEN/Page_Vaksinasi GetVaccine/Tambah Anggota/alert nik inputan harus 16' is present

2022-07-18 20:00:59 - [MESSAGE][WARNING] - Timeout '0' is invalid. Using default page load timeout: '30'

2022-07-18 20:01:00 - [MESSAGE][PASSED] - Object 'Object Repository/CITIZEN/Page_Vaksinasi GetVaccine/Tambah Anggota/alert nik inputan harus 16' is present

2022-07-18 20:01:00 - [TEST_STEP][PASSED] - click(findTestObject("CITIZEN/Page_Vaksinasi GetVaccine/Tambah Anggota/close")): Object: 'Object Repository/CITIZEN/Page_Vaksinasi GetVaccine/Tambah Anggota/close' is clicked on

2022-07-18 20:01:00 - [MESSAGE][PASSED] - Object: 'Object Repository/CITIZEN/Page_Vaksinasi GetVaccine/Tambah Anggota/close' is clicked on

2022-07-18 20:01:00 - [TEST_STEP][PASSED] - click(findTestObject("CITIZEN/Page_Vaksinasi GetVaccine/Tambah Anggota/fasilitas kesehatan")): Object: 'Object Repository/CITIZEN/Page_Vaksinasi GetVaccine/Tambah Anggota/fasilitas kesehatan' is clicked on

2022-07-18 20:01:01 - [MESSAGE][PASSED] - Object: 'Object Repository/CITIZEN/Page_Vaksinasi GetVaccine/Tambah Anggota/fasilitas kesehatan' is clicked on

2022-07-18 20:01:01 - [TEST_STEP][PASSED] - click(findTestObject("CITIZEN/Page_Vaksinasi GetVaccine/Tambah Anggota/btn tambah anggota")): Object: 'Object Repository/CITIZEN/Page_Vaksinasi GetVaccine/Tambah Anggota/btn tambah anggota' is clicked on

2022-07-18 20:01:03 - [MESSAGE][PASSED] - Object: 'Object Repository/CITIZEN/Page_Vaksinasi GetVaccine/Tambah Anggota/btn tambah anggota' is clicked on

2022-07-18 20:01:03 - [TEST_STEP][PASSED] - setText(findTestObject("Object Repository/CITIZEN/Page_undefined  GetVaccine/input_NIK_add family member_NIK"), findTestData("CITIZEN/TambahAnggota").getValue(1, i)): Text '7890789078907890' is set on object 'Object Repository/CITIZEN/Page_undefined  GetVaccine/input_NIK_add family member_NIK'

2022-07-18 20:01:04 - [MESSAGE][PASSED] - Text '7890789078907890' is set on object 'Object Repository/CITIZEN/Page_undefined  GetVaccine/input_NIK_add family member_NIK'

2022-07-18 20:01:04 - [TEST_STEP][PASSED] - setText(findTestObject("Object Repository/CITIZEN/Page_undefined  GetVaccine/input_Nama Lengkap_add family member_name"), findTestData("CITIZEN/TambahAnggota").getValue(2, i)): Text 'Kun' is set on object 'Object Repository/CITIZEN/Page_undefined  GetVaccine/input_Nama Lengkap_add family member_name'

2022-07-18 20:01:05 - [MESSAGE][PASSED] - Text 'Kun' is set on object 'Object Repository/CITIZEN/Page_undefined  GetVaccine/input_Nama Lengkap_add family member_name'

2022-07-18 20:01:05 - [TEST_STEP][PASSED] - setText(findTestObject("Object Repository/CITIZEN/Page_undefined  GetVaccine/input_Tempat Lahir_add family member_place__8ffebd"), findTestData("CITIZEN/TambahAnggota").getValue(3, i)): Text 'China' is set on object 'Object Repository/CITIZEN/Page_undefined  GetVaccine/input_Tempat Lahir_add family member_place__8ffebd'

2022-07-18 20:01:06 - [MESSAGE][PASSED] - Text 'China' is set on object 'Object Repository/CITIZEN/Page_undefined  GetVaccine/input_Tempat Lahir_add family member_place__8ffebd'

2022-07-18 20:01:06 - [TEST_STEP][PASSED] - click(findTestObject("Object Repository/CITIZEN/Page_undefined  GetVaccine/div_Tanggal Lahir_ant-picker-input")): Object: 'Object Repository/CITIZEN/Page_undefined  GetVaccine/div_Tanggal Lahir_ant-picker-input' is clicked on

2022-07-18 20:01:07 - [MESSAGE][PASSED] - Object: 'Object Repository/CITIZEN/Page_undefined  GetVaccine/div_Tanggal Lahir_ant-picker-input' is clicked on

2022-07-18 20:01:07 - [TEST_STEP][PASSED] - click(findTestObject("CITIZEN/Page_Vaksinasi GetVaccine/Tambah Anggota/year")): Object: 'Object Repository/CITIZEN/Page_Vaksinasi GetVaccine/Tambah Anggota/year' is clicked on

2022-07-18 20:01:07 - [MESSAGE][PASSED] - Object: 'Object Repository/CITIZEN/Page_Vaksinasi GetVaccine/Tambah Anggota/year' is clicked on

2022-07-18 20:01:07 - [TEST_STEP][PASSED] - click(findTestObject("CITIZEN/Page_Vaksinasi GetVaccine/Tambah Anggota/prev year")): Object: 'Object Repository/CITIZEN/Page_Vaksinasi GetVaccine/Tambah Anggota/prev year' is clicked on

2022-07-18 20:01:08 - [MESSAGE][PASSED] - Object: 'Object Repository/CITIZEN/Page_Vaksinasi GetVaccine/Tambah Anggota/prev year' is clicked on

2022-07-18 20:01:08 - [TEST_STEP][PASSED] - click(findTestObject("CITIZEN/Page_Vaksinasi GetVaccine/Tambah Anggota/prev year")): Object: 'Object Repository/CITIZEN/Page_Vaksinasi GetVaccine/Tambah Anggota/prev year' is clicked on

2022-07-18 20:01:08 - [MESSAGE][PASSED] - Object: 'Object Repository/CITIZEN/Page_Vaksinasi GetVaccine/Tambah Anggota/prev year' is clicked on

2022-07-18 20:01:08 - [TEST_STEP][PASSED] - click(findTestObject("CITIZEN/Page_Vaksinasi GetVaccine/Tambah Anggota/prev year")): Object: 'Object Repository/CITIZEN/Page_Vaksinasi GetVaccine/Tambah Anggota/prev year' is clicked on

2022-07-18 20:01:09 - [MESSAGE][PASSED] - Object: 'Object Repository/CITIZEN/Page_Vaksinasi GetVaccine/Tambah Anggota/prev year' is clicked on

2022-07-18 20:01:09 - [TEST_STEP][PASSED] - click(findTestObject("CITIZEN/Page_Vaksinasi GetVaccine/Tambah Anggota/1996")): Object: 'Object Repository/CITIZEN/Page_Vaksinasi GetVaccine/Tambah Anggota/1996' is clicked on

2022-07-18 20:01:09 - [MESSAGE][PASSED] - Object: 'Object Repository/CITIZEN/Page_Vaksinasi GetVaccine/Tambah Anggota/1996' is clicked on

2022-07-18 20:01:09 - [TEST_STEP][PASSED] - click(findTestObject("CITIZEN/Page_Vaksinasi GetVaccine/Tambah Anggota/januari")): Object: 'Object Repository/CITIZEN/Page_Vaksinasi GetVaccine/Tambah Anggota/januari' is clicked on

2022-07-18 20:01:10 - [MESSAGE][PASSED] - Object: 'Object Repository/CITIZEN/Page_Vaksinasi GetVaccine/Tambah Anggota/januari' is clicked on

2022-07-18 20:01:10 - [TEST_STEP][PASSED] - click(findTestObject("CITIZEN/Page_Vaksinasi GetVaccine/Tambah Anggota/tgl 1")): Object: 'Object Repository/CITIZEN/Page_Vaksinasi GetVaccine/Tambah Anggota/tgl 1' is clicked on

2022-07-18 20:01:10 - [MESSAGE][PASSED] - Object: 'Object Repository/CITIZEN/Page_Vaksinasi GetVaccine/Tambah Anggota/tgl 1' is clicked on

2022-07-18 20:01:10 - [TEST_STEP][PASSED] - click(findTestObject("CITIZEN/Page_Vaksinasi GetVaccine/Tambah Anggota/jk sebelum")): Object: 'Object Repository/CITIZEN/Page_Vaksinasi GetVaccine/Tambah Anggota/jk sebelum' is clicked on

2022-07-18 20:01:11 - [MESSAGE][PASSED] - Object: 'Object Repository/CITIZEN/Page_Vaksinasi GetVaccine/Tambah Anggota/jk sebelum' is clicked on

2022-07-18 20:01:11 - [TEST_STEP][PASSED] - click(findTestObject("Object Repository/CITIZEN/Page_undefined  GetVaccine/div_Laki - Laki")): Object: 'Object Repository/CITIZEN/Page_undefined  GetVaccine/div_Laki - Laki' is clicked on

2022-07-18 20:01:11 - [MESSAGE][PASSED] - Object: 'Object Repository/CITIZEN/Page_undefined  GetVaccine/div_Laki - Laki' is clicked on

2022-07-18 20:01:11 - [TEST_STEP][PASSED] - click(findTestObject("CITIZEN/Page_Vaksinasi GetVaccine/Tambah Anggota/hubungan")): Object: 'Object Repository/CITIZEN/Page_Vaksinasi GetVaccine/Tambah Anggota/hubungan' is clicked on

2022-07-18 20:01:12 - [MESSAGE][PASSED] - Object: 'Object Repository/CITIZEN/Page_Vaksinasi GetVaccine/Tambah Anggota/hubungan' is clicked on

2022-07-18 20:01:12 - [TEST_STEP][PASSED] - click(findTestObject("Object Repository/CITIZEN/Page_undefined  GetVaccine/div_Saudara")): Object: 'Object Repository/CITIZEN/Page_undefined  GetVaccine/div_Saudara' is clicked on

2022-07-18 20:01:13 - [MESSAGE][PASSED] - Object: 'Object Repository/CITIZEN/Page_undefined  GetVaccine/div_Saudara' is clicked on

2022-07-18 20:01:13 - [TEST_STEP][PASSED] - setText(findTestObject("Object Repository/CITIZEN/Page_undefined  GetVaccine/input_Email_add family member_email"), findTestData("CITIZEN/TambahAnggota").getValue(4, i)): Text 'kun@nct.com' is set on object 'Object Repository/CITIZEN/Page_undefined  GetVaccine/input_Email_add family member_email'

2022-07-18 20:01:14 - [MESSAGE][PASSED] - Text 'kun@nct.com' is set on object 'Object Repository/CITIZEN/Page_undefined  GetVaccine/input_Email_add family member_email'

2022-07-18 20:01:14 - [TEST_STEP][PASSED] - setText(findTestObject("Object Repository/CITIZEN/Page_undefined  GetVaccine/input_Nomor Telepon_add family member_phone_number"), findTestData("CITIZEN/TambahAnggota").getValue(5, i)): Text '08822992200' is set on object 'Object Repository/CITIZEN/Page_undefined  GetVaccine/input_Nomor Telepon_add family member_phone_number'

2022-07-18 20:01:15 - [MESSAGE][PASSED] - Text '08822992200' is set on object 'Object Repository/CITIZEN/Page_undefined  GetVaccine/input_Nomor Telepon_add family member_phone_number'

2022-07-18 20:01:15 - [TEST_STEP][PASSED] - setText(findTestObject("Object Repository/CITIZEN/Page_undefined  GetVaccine/input_Alamat KTP_add family member_id_card_address"), findTestData("CITIZEN/TambahAnggota").getValue(6, i)): Text 'Jakarta' is set on object 'Object Repository/CITIZEN/Page_undefined  GetVaccine/input_Alamat KTP_add family member_id_card_address'

2022-07-18 20:01:16 - [MESSAGE][PASSED] - Text 'Jakarta' is set on object 'Object Repository/CITIZEN/Page_undefined  GetVaccine/input_Alamat KTP_add family member_id_card_address'

2022-07-18 20:01:16 - [TEST_STEP][PASSED] - setText(findTestObject("Object Repository/CITIZEN/Page_undefined  GetVaccine/input_Alamat Saat ini_add family member_res_c155da"), findTestData("CITIZEN/TambahAnggota").getValue(7, i)): Text 'Jakarta' is set on object 'Object Repository/CITIZEN/Page_undefined  GetVaccine/input_Alamat Saat ini_add family member_res_c155da'

2022-07-18 20:01:17 - [MESSAGE][PASSED] - Text 'Jakarta' is set on object 'Object Repository/CITIZEN/Page_undefined  GetVaccine/input_Alamat Saat ini_add family member_res_c155da'

2022-07-18 20:01:17 - [TEST_STEP][PASSED] - click(findTestObject("Object Repository/CITIZEN/Page_undefined  GetVaccine/span_Submit")): Object: 'Object Repository/CITIZEN/Page_undefined  GetVaccine/span_Submit' is clicked on

2022-07-18 20:01:17 - [MESSAGE][PASSED] - Object: 'Object Repository/CITIZEN/Page_undefined  GetVaccine/span_Submit' is clicked on

2022-07-18 20:01:17 - [TEST_STEP][PASSED] - if (i == 1): null

2022-07-18 20:01:17 - [TEST_STEP][PASSED] - else if (i == 2): null

2022-07-18 20:01:17 - [TEST_STEP][PASSED] - else if (i == 3): Object: 'Object Repository/CITIZEN/Page_Vaksinasi GetVaccine/Tambah Anggota/close' is clicked on

2022-07-18 20:01:17 - [TEST_STEP][PASSED] - verifyElementPresent(findTestObject("CITIZEN/Page_Vaksinasi GetVaccine/Tambah Anggota/alert nama lengkap kurang 4"), 0): Object 'Object Repository/CITIZEN/Page_Vaksinasi GetVaccine/Tambah Anggota/alert nama lengkap kurang 4' is present

2022-07-18 20:01:17 - [MESSAGE][WARNING] - Timeout '0' is invalid. Using default page load timeout: '30'

2022-07-18 20:01:18 - [MESSAGE][PASSED] - Object 'Object Repository/CITIZEN/Page_Vaksinasi GetVaccine/Tambah Anggota/alert nama lengkap kurang 4' is present

2022-07-18 20:01:18 - [TEST_STEP][PASSED] - click(findTestObject("CITIZEN/Page_Vaksinasi GetVaccine/Tambah Anggota/close")): Object: 'Object Repository/CITIZEN/Page_Vaksinasi GetVaccine/Tambah Anggota/close' is clicked on

2022-07-18 20:01:18 - [MESSAGE][PASSED] - Object: 'Object Repository/CITIZEN/Page_Vaksinasi GetVaccine/Tambah Anggota/close' is clicked on

2022-07-18 20:01:18 - [TEST_STEP][PASSED] - click(findTestObject("CITIZEN/Page_Vaksinasi GetVaccine/Tambah Anggota/fasilitas kesehatan")): Object: 'Object Repository/CITIZEN/Page_Vaksinasi GetVaccine/Tambah Anggota/fasilitas kesehatan' is clicked on

2022-07-18 20:01:19 - [MESSAGE][PASSED] - Object: 'Object Repository/CITIZEN/Page_Vaksinasi GetVaccine/Tambah Anggota/fasilitas kesehatan' is clicked on

2022-07-18 20:01:19 - [TEST_STEP][PASSED] - click(findTestObject("CITIZEN/Page_Vaksinasi GetVaccine/Tambah Anggota/btn tambah anggota")): Object: 'Object Repository/CITIZEN/Page_Vaksinasi GetVaccine/Tambah Anggota/btn tambah anggota' is clicked on

2022-07-18 20:01:24 - [MESSAGE][PASSED] - Object: 'Object Repository/CITIZEN/Page_Vaksinasi GetVaccine/Tambah Anggota/btn tambah anggota' is clicked on

2022-07-18 20:01:24 - [TEST_STEP][PASSED] - setText(findTestObject("Object Repository/CITIZEN/Page_undefined  GetVaccine/input_NIK_add family member_NIK"), findTestData("CITIZEN/TambahAnggota").getValue(1, i)): Text '7890789078907890' is set on object 'Object Repository/CITIZEN/Page_undefined  GetVaccine/input_NIK_add family member_NIK'

2022-07-18 20:01:25 - [MESSAGE][PASSED] - Text '7890789078907890' is set on object 'Object Repository/CITIZEN/Page_undefined  GetVaccine/input_NIK_add family member_NIK'

2022-07-18 20:01:25 - [TEST_STEP][PASSED] - setText(findTestObject("Object Repository/CITIZEN/Page_undefined  GetVaccine/input_Nama Lengkap_add family member_name"), findTestData("CITIZEN/TambahAnggota").getValue(2, i)): Text 'Qian Kun' is set on object 'Object Repository/CITIZEN/Page_undefined  GetVaccine/input_Nama Lengkap_add family member_name'

2022-07-18 20:01:26 - [MESSAGE][PASSED] - Text 'Qian Kun' is set on object 'Object Repository/CITIZEN/Page_undefined  GetVaccine/input_Nama Lengkap_add family member_name'

2022-07-18 20:01:26 - [TEST_STEP][PASSED] - setText(findTestObject("Object Repository/CITIZEN/Page_undefined  GetVaccine/input_Tempat Lahir_add family member_place__8ffebd"), findTestData("CITIZEN/TambahAnggota").getValue(3, i)): Text 'China' is set on object 'Object Repository/CITIZEN/Page_undefined  GetVaccine/input_Tempat Lahir_add family member_place__8ffebd'

2022-07-18 20:01:27 - [MESSAGE][PASSED] - Text 'China' is set on object 'Object Repository/CITIZEN/Page_undefined  GetVaccine/input_Tempat Lahir_add family member_place__8ffebd'

2022-07-18 20:01:27 - [TEST_STEP][PASSED] - click(findTestObject("Object Repository/CITIZEN/Page_undefined  GetVaccine/div_Tanggal Lahir_ant-picker-input")): Object: 'Object Repository/CITIZEN/Page_undefined  GetVaccine/div_Tanggal Lahir_ant-picker-input' is clicked on

2022-07-18 20:01:28 - [MESSAGE][PASSED] - Object: 'Object Repository/CITIZEN/Page_undefined  GetVaccine/div_Tanggal Lahir_ant-picker-input' is clicked on

2022-07-18 20:01:28 - [TEST_STEP][PASSED] - click(findTestObject("CITIZEN/Page_Vaksinasi GetVaccine/Tambah Anggota/year")): Object: 'Object Repository/CITIZEN/Page_Vaksinasi GetVaccine/Tambah Anggota/year' is clicked on

2022-07-18 20:01:28 - [MESSAGE][PASSED] - Object: 'Object Repository/CITIZEN/Page_Vaksinasi GetVaccine/Tambah Anggota/year' is clicked on

2022-07-18 20:01:28 - [TEST_STEP][PASSED] - click(findTestObject("CITIZEN/Page_Vaksinasi GetVaccine/Tambah Anggota/prev year")): Object: 'Object Repository/CITIZEN/Page_Vaksinasi GetVaccine/Tambah Anggota/prev year' is clicked on

2022-07-18 20:01:29 - [MESSAGE][PASSED] - Object: 'Object Repository/CITIZEN/Page_Vaksinasi GetVaccine/Tambah Anggota/prev year' is clicked on

2022-07-18 20:01:29 - [TEST_STEP][PASSED] - click(findTestObject("CITIZEN/Page_Vaksinasi GetVaccine/Tambah Anggota/prev year")): Object: 'Object Repository/CITIZEN/Page_Vaksinasi GetVaccine/Tambah Anggota/prev year' is clicked on

2022-07-18 20:01:29 - [MESSAGE][PASSED] - Object: 'Object Repository/CITIZEN/Page_Vaksinasi GetVaccine/Tambah Anggota/prev year' is clicked on

2022-07-18 20:01:29 - [TEST_STEP][PASSED] - click(findTestObject("CITIZEN/Page_Vaksinasi GetVaccine/Tambah Anggota/prev year")): Object: 'Object Repository/CITIZEN/Page_Vaksinasi GetVaccine/Tambah Anggota/prev year' is clicked on

2022-07-18 20:01:30 - [MESSAGE][PASSED] - Object: 'Object Repository/CITIZEN/Page_Vaksinasi GetVaccine/Tambah Anggota/prev year' is clicked on

2022-07-18 20:01:30 - [TEST_STEP][PASSED] - click(findTestObject("CITIZEN/Page_Vaksinasi GetVaccine/Tambah Anggota/1996")): Object: 'Object Repository/CITIZEN/Page_Vaksinasi GetVaccine/Tambah Anggota/1996' is clicked on

2022-07-18 20:01:30 - [MESSAGE][PASSED] - Object: 'Object Repository/CITIZEN/Page_Vaksinasi GetVaccine/Tambah Anggota/1996' is clicked on

2022-07-18 20:01:30 - [TEST_STEP][PASSED] - click(findTestObject("CITIZEN/Page_Vaksinasi GetVaccine/Tambah Anggota/januari")): Object: 'Object Repository/CITIZEN/Page_Vaksinasi GetVaccine/Tambah Anggota/januari' is clicked on

2022-07-18 20:01:31 - [MESSAGE][PASSED] - Object: 'Object Repository/CITIZEN/Page_Vaksinasi GetVaccine/Tambah Anggota/januari' is clicked on

2022-07-18 20:01:31 - [TEST_STEP][PASSED] - click(findTestObject("CITIZEN/Page_Vaksinasi GetVaccine/Tambah Anggota/tgl 1")): Object: 'Object Repository/CITIZEN/Page_Vaksinasi GetVaccine/Tambah Anggota/tgl 1' is clicked on

2022-07-18 20:01:32 - [MESSAGE][PASSED] - Object: 'Object Repository/CITIZEN/Page_Vaksinasi GetVaccine/Tambah Anggota/tgl 1' is clicked on

2022-07-18 20:01:32 - [TEST_STEP][PASSED] - click(findTestObject("CITIZEN/Page_Vaksinasi GetVaccine/Tambah Anggota/jk sebelum")): Object: 'Object Repository/CITIZEN/Page_Vaksinasi GetVaccine/Tambah Anggota/jk sebelum' is clicked on

2022-07-18 20:01:32 - [MESSAGE][PASSED] - Object: 'Object Repository/CITIZEN/Page_Vaksinasi GetVaccine/Tambah Anggota/jk sebelum' is clicked on

2022-07-18 20:01:32 - [TEST_STEP][PASSED] - click(findTestObject("Object Repository/CITIZEN/Page_undefined  GetVaccine/div_Laki - Laki")): Object: 'Object Repository/CITIZEN/Page_undefined  GetVaccine/div_Laki - Laki' is clicked on

2022-07-18 20:01:33 - [MESSAGE][PASSED] - Object: 'Object Repository/CITIZEN/Page_undefined  GetVaccine/div_Laki - Laki' is clicked on

2022-07-18 20:01:33 - [TEST_STEP][PASSED] - click(findTestObject("CITIZEN/Page_Vaksinasi GetVaccine/Tambah Anggota/hubungan")): Object: 'Object Repository/CITIZEN/Page_Vaksinasi GetVaccine/Tambah Anggota/hubungan' is clicked on

2022-07-18 20:01:33 - [MESSAGE][PASSED] - Object: 'Object Repository/CITIZEN/Page_Vaksinasi GetVaccine/Tambah Anggota/hubungan' is clicked on

2022-07-18 20:01:33 - [TEST_STEP][PASSED] - click(findTestObject("Object Repository/CITIZEN/Page_undefined  GetVaccine/div_Saudara")): Object: 'Object Repository/CITIZEN/Page_undefined  GetVaccine/div_Saudara' is clicked on

2022-07-18 20:01:34 - [MESSAGE][PASSED] - Object: 'Object Repository/CITIZEN/Page_undefined  GetVaccine/div_Saudara' is clicked on

2022-07-18 20:01:34 - [TEST_STEP][PASSED] - setText(findTestObject("Object Repository/CITIZEN/Page_undefined  GetVaccine/input_Email_add family member_email"), findTestData("CITIZEN/TambahAnggota").getValue(4, i)): Text 'kunnct.com' is set on object 'Object Repository/CITIZEN/Page_undefined  GetVaccine/input_Email_add family member_email'

2022-07-18 20:01:35 - [MESSAGE][PASSED] - Text 'kunnct.com' is set on object 'Object Repository/CITIZEN/Page_undefined  GetVaccine/input_Email_add family member_email'

2022-07-18 20:01:35 - [TEST_STEP][PASSED] - setText(findTestObject("Object Repository/CITIZEN/Page_undefined  GetVaccine/input_Nomor Telepon_add family member_phone_number"), findTestData("CITIZEN/TambahAnggota").getValue(5, i)): Text '08822992200' is set on object 'Object Repository/CITIZEN/Page_undefined  GetVaccine/input_Nomor Telepon_add family member_phone_number'

2022-07-18 20:01:36 - [MESSAGE][PASSED] - Text '08822992200' is set on object 'Object Repository/CITIZEN/Page_undefined  GetVaccine/input_Nomor Telepon_add family member_phone_number'

2022-07-18 20:01:36 - [TEST_STEP][PASSED] - setText(findTestObject("Object Repository/CITIZEN/Page_undefined  GetVaccine/input_Alamat KTP_add family member_id_card_address"), findTestData("CITIZEN/TambahAnggota").getValue(6, i)): Text 'Jakarta' is set on object 'Object Repository/CITIZEN/Page_undefined  GetVaccine/input_Alamat KTP_add family member_id_card_address'

2022-07-18 20:01:37 - [MESSAGE][PASSED] - Text 'Jakarta' is set on object 'Object Repository/CITIZEN/Page_undefined  GetVaccine/input_Alamat KTP_add family member_id_card_address'

2022-07-18 20:01:37 - [TEST_STEP][PASSED] - setText(findTestObject("Object Repository/CITIZEN/Page_undefined  GetVaccine/input_Alamat Saat ini_add family member_res_c155da"), findTestData("CITIZEN/TambahAnggota").getValue(7, i)): Text 'akarta' is set on object 'Object Repository/CITIZEN/Page_undefined  GetVaccine/input_Alamat Saat ini_add family member_res_c155da'

2022-07-18 20:01:38 - [MESSAGE][PASSED] - Text 'akarta' is set on object 'Object Repository/CITIZEN/Page_undefined  GetVaccine/input_Alamat Saat ini_add family member_res_c155da'

2022-07-18 20:01:38 - [TEST_STEP][PASSED] - click(findTestObject("Object Repository/CITIZEN/Page_undefined  GetVaccine/span_Submit")): Object: 'Object Repository/CITIZEN/Page_undefined  GetVaccine/span_Submit' is clicked on

2022-07-18 20:01:39 - [MESSAGE][PASSED] - Object: 'Object Repository/CITIZEN/Page_undefined  GetVaccine/span_Submit' is clicked on

2022-07-18 20:01:39 - [TEST_STEP][PASSED] - if (i == 1): null

2022-07-18 20:01:39 - [TEST_STEP][PASSED] - else if (i == 2): null

2022-07-18 20:01:39 - [TEST_STEP][PASSED] - else if (i == 3): null

2022-07-18 20:01:39 - [TEST_STEP][PASSED] - else if (i == 4): Object: 'Object Repository/CITIZEN/Page_Vaksinasi GetVaccine/Tambah Anggota/close' is clicked on

2022-07-18 20:01:39 - [TEST_STEP][PASSED] - verifyElementPresent(findTestObject("CITIZEN/Page_Vaksinasi GetVaccine/Tambah Anggota/alert email"), 0): Object 'Object Repository/CITIZEN/Page_Vaksinasi GetVaccine/Tambah Anggota/alert email' is present

2022-07-18 20:01:39 - [MESSAGE][WARNING] - Timeout '0' is invalid. Using default page load timeout: '30'

2022-07-18 20:01:39 - [MESSAGE][PASSED] - Object 'Object Repository/CITIZEN/Page_Vaksinasi GetVaccine/Tambah Anggota/alert email' is present

2022-07-18 20:01:39 - [TEST_STEP][PASSED] - click(findTestObject("CITIZEN/Page_Vaksinasi GetVaccine/Tambah Anggota/close")): Object: 'Object Repository/CITIZEN/Page_Vaksinasi GetVaccine/Tambah Anggota/close' is clicked on

2022-07-18 20:01:40 - [MESSAGE][PASSED] - Object: 'Object Repository/CITIZEN/Page_Vaksinasi GetVaccine/Tambah Anggota/close' is clicked on

2022-07-18 20:01:40 - [TEST_STEP][PASSED] - click(findTestObject("CITIZEN/Page_Vaksinasi GetVaccine/Tambah Anggota/fasilitas kesehatan")): Object: 'Object Repository/CITIZEN/Page_Vaksinasi GetVaccine/Tambah Anggota/fasilitas kesehatan' is clicked on

2022-07-18 20:01:42 - [MESSAGE][PASSED] - Object: 'Object Repository/CITIZEN/Page_Vaksinasi GetVaccine/Tambah Anggota/fasilitas kesehatan' is clicked on

2022-07-18 20:01:42 - [TEST_STEP][PASSED] - click(findTestObject("CITIZEN/Page_Vaksinasi GetVaccine/Tambah Anggota/btn tambah anggota")): Object: 'Object Repository/CITIZEN/Page_Vaksinasi GetVaccine/Tambah Anggota/btn tambah anggota' is clicked on

2022-07-18 20:02:09 - [MESSAGE][PASSED] - Object: 'Object Repository/CITIZEN/Page_Vaksinasi GetVaccine/Tambah Anggota/btn tambah anggota' is clicked on

2022-07-18 20:02:09 - [TEST_STEP][PASSED] - setText(findTestObject("Object Repository/CITIZEN/Page_undefined  GetVaccine/input_NIK_add family member_NIK"), findTestData("CITIZEN/TambahAnggota").getValue(1, i)): Text '7890789078907890' is set on object 'Object Repository/CITIZEN/Page_undefined  GetVaccine/input_NIK_add family member_NIK'

2022-07-18 20:02:10 - [MESSAGE][PASSED] - Text '7890789078907890' is set on object 'Object Repository/CITIZEN/Page_undefined  GetVaccine/input_NIK_add family member_NIK'

2022-07-18 20:02:10 - [TEST_STEP][PASSED] - setText(findTestObject("Object Repository/CITIZEN/Page_undefined  GetVaccine/input_Nama Lengkap_add family member_name"), findTestData("CITIZEN/TambahAnggota").getValue(2, i)): Text 'Qian Kun' is set on object 'Object Repository/CITIZEN/Page_undefined  GetVaccine/input_Nama Lengkap_add family member_name'

2022-07-18 20:02:11 - [MESSAGE][PASSED] - Text 'Qian Kun' is set on object 'Object Repository/CITIZEN/Page_undefined  GetVaccine/input_Nama Lengkap_add family member_name'

2022-07-18 20:02:11 - [TEST_STEP][PASSED] - setText(findTestObject("Object Repository/CITIZEN/Page_undefined  GetVaccine/input_Tempat Lahir_add family member_place__8ffebd"), findTestData("CITIZEN/TambahAnggota").getValue(3, i)): Text 'China' is set on object 'Object Repository/CITIZEN/Page_undefined  GetVaccine/input_Tempat Lahir_add family member_place__8ffebd'

2022-07-18 20:02:12 - [MESSAGE][PASSED] - Text 'China' is set on object 'Object Repository/CITIZEN/Page_undefined  GetVaccine/input_Tempat Lahir_add family member_place__8ffebd'

2022-07-18 20:02:12 - [TEST_STEP][PASSED] - click(findTestObject("Object Repository/CITIZEN/Page_undefined  GetVaccine/div_Tanggal Lahir_ant-picker-input")): Object: 'Object Repository/CITIZEN/Page_undefined  GetVaccine/div_Tanggal Lahir_ant-picker-input' is clicked on

2022-07-18 20:02:12 - [MESSAGE][PASSED] - Object: 'Object Repository/CITIZEN/Page_undefined  GetVaccine/div_Tanggal Lahir_ant-picker-input' is clicked on

2022-07-18 20:02:12 - [TEST_STEP][PASSED] - click(findTestObject("CITIZEN/Page_Vaksinasi GetVaccine/Tambah Anggota/year")): Object: 'Object Repository/CITIZEN/Page_Vaksinasi GetVaccine/Tambah Anggota/year' is clicked on

2022-07-18 20:02:13 - [MESSAGE][PASSED] - Object: 'Object Repository/CITIZEN/Page_Vaksinasi GetVaccine/Tambah Anggota/year' is clicked on

2022-07-18 20:02:13 - [TEST_STEP][PASSED] - click(findTestObject("CITIZEN/Page_Vaksinasi GetVaccine/Tambah Anggota/prev year")): Object: 'Object Repository/CITIZEN/Page_Vaksinasi GetVaccine/Tambah Anggota/prev year' is clicked on

2022-07-18 20:02:14 - [MESSAGE][PASSED] - Object: 'Object Repository/CITIZEN/Page_Vaksinasi GetVaccine/Tambah Anggota/prev year' is clicked on

2022-07-18 20:02:14 - [TEST_STEP][PASSED] - click(findTestObject("CITIZEN/Page_Vaksinasi GetVaccine/Tambah Anggota/prev year")): Object: 'Object Repository/CITIZEN/Page_Vaksinasi GetVaccine/Tambah Anggota/prev year' is clicked on

2022-07-18 20:02:14 - [MESSAGE][PASSED] - Object: 'Object Repository/CITIZEN/Page_Vaksinasi GetVaccine/Tambah Anggota/prev year' is clicked on

2022-07-18 20:02:14 - [TEST_STEP][PASSED] - click(findTestObject("CITIZEN/Page_Vaksinasi GetVaccine/Tambah Anggota/prev year")): Object: 'Object Repository/CITIZEN/Page_Vaksinasi GetVaccine/Tambah Anggota/prev year' is clicked on

2022-07-18 20:02:15 - [MESSAGE][PASSED] - Object: 'Object Repository/CITIZEN/Page_Vaksinasi GetVaccine/Tambah Anggota/prev year' is clicked on

2022-07-18 20:02:15 - [TEST_STEP][PASSED] - click(findTestObject("CITIZEN/Page_Vaksinasi GetVaccine/Tambah Anggota/1996")): Object: 'Object Repository/CITIZEN/Page_Vaksinasi GetVaccine/Tambah Anggota/1996' is clicked on

2022-07-18 20:02:15 - [MESSAGE][PASSED] - Object: 'Object Repository/CITIZEN/Page_Vaksinasi GetVaccine/Tambah Anggota/1996' is clicked on

2022-07-18 20:02:15 - [TEST_STEP][PASSED] - click(findTestObject("CITIZEN/Page_Vaksinasi GetVaccine/Tambah Anggota/januari")): Object: 'Object Repository/CITIZEN/Page_Vaksinasi GetVaccine/Tambah Anggota/januari' is clicked on

2022-07-18 20:02:16 - [MESSAGE][PASSED] - Object: 'Object Repository/CITIZEN/Page_Vaksinasi GetVaccine/Tambah Anggota/januari' is clicked on

2022-07-18 20:02:16 - [TEST_STEP][PASSED] - click(findTestObject("CITIZEN/Page_Vaksinasi GetVaccine/Tambah Anggota/tgl 1")): Object: 'Object Repository/CITIZEN/Page_Vaksinasi GetVaccine/Tambah Anggota/tgl 1' is clicked on

2022-07-18 20:02:16 - [MESSAGE][PASSED] - Object: 'Object Repository/CITIZEN/Page_Vaksinasi GetVaccine/Tambah Anggota/tgl 1' is clicked on

2022-07-18 20:02:16 - [TEST_STEP][PASSED] - click(findTestObject("CITIZEN/Page_Vaksinasi GetVaccine/Tambah Anggota/jk sebelum")): Object: 'Object Repository/CITIZEN/Page_Vaksinasi GetVaccine/Tambah Anggota/jk sebelum' is clicked on

2022-07-18 20:02:17 - [MESSAGE][PASSED] - Object: 'Object Repository/CITIZEN/Page_Vaksinasi GetVaccine/Tambah Anggota/jk sebelum' is clicked on

2022-07-18 20:02:17 - [TEST_STEP][PASSED] - click(findTestObject("Object Repository/CITIZEN/Page_undefined  GetVaccine/div_Laki - Laki")): Object: 'Object Repository/CITIZEN/Page_undefined  GetVaccine/div_Laki - Laki' is clicked on

2022-07-18 20:02:17 - [MESSAGE][PASSED] - Object: 'Object Repository/CITIZEN/Page_undefined  GetVaccine/div_Laki - Laki' is clicked on

2022-07-18 20:02:17 - [TEST_STEP][PASSED] - click(findTestObject("CITIZEN/Page_Vaksinasi GetVaccine/Tambah Anggota/hubungan")): Object: 'Object Repository/CITIZEN/Page_Vaksinasi GetVaccine/Tambah Anggota/hubungan' is clicked on

2022-07-18 20:02:18 - [MESSAGE][PASSED] - Object: 'Object Repository/CITIZEN/Page_Vaksinasi GetVaccine/Tambah Anggota/hubungan' is clicked on

2022-07-18 20:02:18 - [TEST_STEP][PASSED] - click(findTestObject("Object Repository/CITIZEN/Page_undefined  GetVaccine/div_Saudara")): Object: 'Object Repository/CITIZEN/Page_undefined  GetVaccine/div_Saudara' is clicked on

2022-07-18 20:02:18 - [MESSAGE][PASSED] - Object: 'Object Repository/CITIZEN/Page_undefined  GetVaccine/div_Saudara' is clicked on

2022-07-18 20:02:18 - [TEST_STEP][PASSED] - setText(findTestObject("Object Repository/CITIZEN/Page_undefined  GetVaccine/input_Email_add family member_email"), findTestData("CITIZEN/TambahAnggota").getValue(4, i)): Text 'kun@nct.com' is set on object 'Object Repository/CITIZEN/Page_undefined  GetVaccine/input_Email_add family member_email'

2022-07-18 20:02:19 - [MESSAGE][PASSED] - Text 'kun@nct.com' is set on object 'Object Repository/CITIZEN/Page_undefined  GetVaccine/input_Email_add family member_email'

2022-07-18 20:02:19 - [TEST_STEP][PASSED] - setText(findTestObject("Object Repository/CITIZEN/Page_undefined  GetVaccine/input_Nomor Telepon_add family member_phone_number"), findTestData("CITIZEN/TambahAnggota").getValue(5, i)): Text '0882299A' is set on object 'Object Repository/CITIZEN/Page_undefined  GetVaccine/input_Nomor Telepon_add family member_phone_number'

2022-07-18 20:02:20 - [MESSAGE][PASSED] - Text '0882299A' is set on object 'Object Repository/CITIZEN/Page_undefined  GetVaccine/input_Nomor Telepon_add family member_phone_number'

2022-07-18 20:02:20 - [TEST_STEP][PASSED] - setText(findTestObject("Object Repository/CITIZEN/Page_undefined  GetVaccine/input_Alamat KTP_add family member_id_card_address"), findTestData("CITIZEN/TambahAnggota").getValue(6, i)): Text 'Jakarta' is set on object 'Object Repository/CITIZEN/Page_undefined  GetVaccine/input_Alamat KTP_add family member_id_card_address'

2022-07-18 20:02:21 - [MESSAGE][PASSED] - Text 'Jakarta' is set on object 'Object Repository/CITIZEN/Page_undefined  GetVaccine/input_Alamat KTP_add family member_id_card_address'

2022-07-18 20:02:21 - [TEST_STEP][PASSED] - setText(findTestObject("Object Repository/CITIZEN/Page_undefined  GetVaccine/input_Alamat Saat ini_add family member_res_c155da"), findTestData("CITIZEN/TambahAnggota").getValue(7, i)): Text 'Jakarta' is set on object 'Object Repository/CITIZEN/Page_undefined  GetVaccine/input_Alamat Saat ini_add family member_res_c155da'

2022-07-18 20:02:22 - [MESSAGE][PASSED] - Text 'Jakarta' is set on object 'Object Repository/CITIZEN/Page_undefined  GetVaccine/input_Alamat Saat ini_add family member_res_c155da'

2022-07-18 20:02:22 - [TEST_STEP][PASSED] - click(findTestObject("Object Repository/CITIZEN/Page_undefined  GetVaccine/span_Submit")): Object: 'Object Repository/CITIZEN/Page_undefined  GetVaccine/span_Submit' is clicked on

2022-07-18 20:02:23 - [MESSAGE][PASSED] - Object: 'Object Repository/CITIZEN/Page_undefined  GetVaccine/span_Submit' is clicked on

2022-07-18 20:02:23 - [TEST_STEP][PASSED] - if (i == 1): null

2022-07-18 20:02:23 - [TEST_STEP][PASSED] - else if (i == 2): null

2022-07-18 20:02:23 - [TEST_STEP][PASSED] - else if (i == 3): null

2022-07-18 20:02:23 - [TEST_STEP][PASSED] - else if (i == 4): null

2022-07-18 20:02:23 - [TEST_STEP][PASSED] - else if (i == 5): Object: 'Object Repository/CITIZEN/Page_Vaksinasi GetVaccine/Tambah Anggota/close' is clicked on

2022-07-18 20:02:23 - [TEST_STEP][PASSED] - verifyElementPresent(findTestObject("CITIZEN/Page_Vaksinasi GetVaccine/Tambah Anggota/alert telp huruf"), 0): Object 'Object Repository/CITIZEN/Page_Vaksinasi GetVaccine/Tambah Anggota/alert telp huruf' is present

2022-07-18 20:02:23 - [MESSAGE][WARNING] - Timeout '0' is invalid. Using default page load timeout: '30'

2022-07-18 20:02:23 - [MESSAGE][PASSED] - Object 'Object Repository/CITIZEN/Page_Vaksinasi GetVaccine/Tambah Anggota/alert telp huruf' is present

2022-07-18 20:02:23 - [TEST_STEP][PASSED] - verifyElementPresent(findTestObject("CITIZEN/Page_Vaksinasi GetVaccine/Tambah Anggota/alert telp kurang"), 0): Object 'Object Repository/CITIZEN/Page_Vaksinasi GetVaccine/Tambah Anggota/alert telp kurang' is present

2022-07-18 20:02:24 - [MESSAGE][WARNING] - Timeout '0' is invalid. Using default page load timeout: '30'

2022-07-18 20:02:24 - [MESSAGE][PASSED] - Object 'Object Repository/CITIZEN/Page_Vaksinasi GetVaccine/Tambah Anggota/alert telp kurang' is present

2022-07-18 20:02:24 - [TEST_STEP][PASSED] - click(findTestObject("CITIZEN/Page_Vaksinasi GetVaccine/Tambah Anggota/close")): Object: 'Object Repository/CITIZEN/Page_Vaksinasi GetVaccine/Tambah Anggota/close' is clicked on

2022-07-18 20:02:24 - [MESSAGE][PASSED] - Object: 'Object Repository/CITIZEN/Page_Vaksinasi GetVaccine/Tambah Anggota/close' is clicked on

2022-07-18 20:02:24 - [TEST_STEP][PASSED] - click(findTestObject("CITIZEN/Page_Vaksinasi GetVaccine/Tambah Anggota/fasilitas kesehatan")): Object: 'Object Repository/CITIZEN/Page_Vaksinasi GetVaccine/Tambah Anggota/fasilitas kesehatan' is clicked on

2022-07-18 20:02:26 - [MESSAGE][PASSED] - Object: 'Object Repository/CITIZEN/Page_Vaksinasi GetVaccine/Tambah Anggota/fasilitas kesehatan' is clicked on

2022-07-18 20:02:26 - [TEST_STEP][PASSED] - click(findTestObject("CITIZEN/Page_Vaksinasi GetVaccine/Tambah Anggota/btn tambah anggota")): Object: 'Object Repository/CITIZEN/Page_Vaksinasi GetVaccine/Tambah Anggota/btn tambah anggota' is clicked on

2022-07-18 20:02:27 - [MESSAGE][PASSED] - Object: 'Object Repository/CITIZEN/Page_Vaksinasi GetVaccine/Tambah Anggota/btn tambah anggota' is clicked on

2022-07-18 20:02:27 - [TEST_STEP][PASSED] - setText(findTestObject("Object Repository/CITIZEN/Page_undefined  GetVaccine/input_NIK_add family member_NIK"), findTestData("CITIZEN/TambahAnggota").getValue(1, i)): Text '7890789078907890' is set on object 'Object Repository/CITIZEN/Page_undefined  GetVaccine/input_NIK_add family member_NIK'

2022-07-18 20:02:29 - [MESSAGE][PASSED] - Text '7890789078907890' is set on object 'Object Repository/CITIZEN/Page_undefined  GetVaccine/input_NIK_add family member_NIK'

2022-07-18 20:02:29 - [TEST_STEP][PASSED] - setText(findTestObject("Object Repository/CITIZEN/Page_undefined  GetVaccine/input_Nama Lengkap_add family member_name"), findTestData("CITIZEN/TambahAnggota").getValue(2, i)): Text 'Qian Kun' is set on object 'Object Repository/CITIZEN/Page_undefined  GetVaccine/input_Nama Lengkap_add family member_name'

2022-07-18 20:02:30 - [MESSAGE][PASSED] - Text 'Qian Kun' is set on object 'Object Repository/CITIZEN/Page_undefined  GetVaccine/input_Nama Lengkap_add family member_name'

2022-07-18 20:02:30 - [TEST_STEP][PASSED] - setText(findTestObject("Object Repository/CITIZEN/Page_undefined  GetVaccine/input_Tempat Lahir_add family member_place__8ffebd"), findTestData("CITIZEN/TambahAnggota").getValue(3, i)): Text 'China' is set on object 'Object Repository/CITIZEN/Page_undefined  GetVaccine/input_Tempat Lahir_add family member_place__8ffebd'

2022-07-18 20:02:31 - [MESSAGE][PASSED] - Text 'China' is set on object 'Object Repository/CITIZEN/Page_undefined  GetVaccine/input_Tempat Lahir_add family member_place__8ffebd'

2022-07-18 20:02:31 - [TEST_STEP][PASSED] - click(findTestObject("Object Repository/CITIZEN/Page_undefined  GetVaccine/div_Tanggal Lahir_ant-picker-input")): Object: 'Object Repository/CITIZEN/Page_undefined  GetVaccine/div_Tanggal Lahir_ant-picker-input' is clicked on

2022-07-18 20:02:31 - [MESSAGE][PASSED] - Object: 'Object Repository/CITIZEN/Page_undefined  GetVaccine/div_Tanggal Lahir_ant-picker-input' is clicked on

2022-07-18 20:02:31 - [TEST_STEP][PASSED] - click(findTestObject("CITIZEN/Page_Vaksinasi GetVaccine/Tambah Anggota/year")): Object: 'Object Repository/CITIZEN/Page_Vaksinasi GetVaccine/Tambah Anggota/year' is clicked on

2022-07-18 20:02:32 - [MESSAGE][PASSED] - Object: 'Object Repository/CITIZEN/Page_Vaksinasi GetVaccine/Tambah Anggota/year' is clicked on

2022-07-18 20:02:32 - [TEST_STEP][PASSED] - click(findTestObject("CITIZEN/Page_Vaksinasi GetVaccine/Tambah Anggota/prev year")): Object: 'Object Repository/CITIZEN/Page_Vaksinasi GetVaccine/Tambah Anggota/prev year' is clicked on

2022-07-18 20:02:32 - [MESSAGE][PASSED] - Object: 'Object Repository/CITIZEN/Page_Vaksinasi GetVaccine/Tambah Anggota/prev year' is clicked on

2022-07-18 20:02:32 - [TEST_STEP][PASSED] - click(findTestObject("CITIZEN/Page_Vaksinasi GetVaccine/Tambah Anggota/prev year")): Object: 'Object Repository/CITIZEN/Page_Vaksinasi GetVaccine/Tambah Anggota/prev year' is clicked on

2022-07-18 20:02:33 - [MESSAGE][PASSED] - Object: 'Object Repository/CITIZEN/Page_Vaksinasi GetVaccine/Tambah Anggota/prev year' is clicked on

2022-07-18 20:02:33 - [TEST_STEP][PASSED] - click(findTestObject("CITIZEN/Page_Vaksinasi GetVaccine/Tambah Anggota/prev year")): Object: 'Object Repository/CITIZEN/Page_Vaksinasi GetVaccine/Tambah Anggota/prev year' is clicked on

2022-07-18 20:02:33 - [MESSAGE][PASSED] - Object: 'Object Repository/CITIZEN/Page_Vaksinasi GetVaccine/Tambah Anggota/prev year' is clicked on

2022-07-18 20:02:33 - [TEST_STEP][PASSED] - click(findTestObject("CITIZEN/Page_Vaksinasi GetVaccine/Tambah Anggota/1996")): Object: 'Object Repository/CITIZEN/Page_Vaksinasi GetVaccine/Tambah Anggota/1996' is clicked on

2022-07-18 20:02:34 - [MESSAGE][PASSED] - Object: 'Object Repository/CITIZEN/Page_Vaksinasi GetVaccine/Tambah Anggota/1996' is clicked on

2022-07-18 20:02:34 - [TEST_STEP][PASSED] - click(findTestObject("CITIZEN/Page_Vaksinasi GetVaccine/Tambah Anggota/januari")): Object: 'Object Repository/CITIZEN/Page_Vaksinasi GetVaccine/Tambah Anggota/januari' is clicked on

2022-07-18 20:02:34 - [MESSAGE][PASSED] - Object: 'Object Repository/CITIZEN/Page_Vaksinasi GetVaccine/Tambah Anggota/januari' is clicked on

2022-07-18 20:02:34 - [TEST_STEP][PASSED] - click(findTestObject("CITIZEN/Page_Vaksinasi GetVaccine/Tambah Anggota/tgl 1")): Object: 'Object Repository/CITIZEN/Page_Vaksinasi GetVaccine/Tambah Anggota/tgl 1' is clicked on

2022-07-18 20:02:35 - [MESSAGE][PASSED] - Object: 'Object Repository/CITIZEN/Page_Vaksinasi GetVaccine/Tambah Anggota/tgl 1' is clicked on

2022-07-18 20:02:35 - [TEST_STEP][PASSED] - click(findTestObject("CITIZEN/Page_Vaksinasi GetVaccine/Tambah Anggota/jk sebelum")): Object: 'Object Repository/CITIZEN/Page_Vaksinasi GetVaccine/Tambah Anggota/jk sebelum' is clicked on

2022-07-18 20:02:35 - [MESSAGE][PASSED] - Object: 'Object Repository/CITIZEN/Page_Vaksinasi GetVaccine/Tambah Anggota/jk sebelum' is clicked on

2022-07-18 20:02:35 - [TEST_STEP][PASSED] - click(findTestObject("Object Repository/CITIZEN/Page_undefined  GetVaccine/div_Laki - Laki")): Object: 'Object Repository/CITIZEN/Page_undefined  GetVaccine/div_Laki - Laki' is clicked on

2022-07-18 20:02:36 - [MESSAGE][PASSED] - Object: 'Object Repository/CITIZEN/Page_undefined  GetVaccine/div_Laki - Laki' is clicked on

2022-07-18 20:02:36 - [TEST_STEP][PASSED] - click(findTestObject("CITIZEN/Page_Vaksinasi GetVaccine/Tambah Anggota/hubungan")): Object: 'Object Repository/CITIZEN/Page_Vaksinasi GetVaccine/Tambah Anggota/hubungan' is clicked on

2022-07-18 20:02:36 - [MESSAGE][PASSED] - Object: 'Object Repository/CITIZEN/Page_Vaksinasi GetVaccine/Tambah Anggota/hubungan' is clicked on

2022-07-18 20:02:36 - [TEST_STEP][PASSED] - click(findTestObject("Object Repository/CITIZEN/Page_undefined  GetVaccine/div_Saudara")): Object: 'Object Repository/CITIZEN/Page_undefined  GetVaccine/div_Saudara' is clicked on

2022-07-18 20:02:37 - [MESSAGE][PASSED] - Object: 'Object Repository/CITIZEN/Page_undefined  GetVaccine/div_Saudara' is clicked on

2022-07-18 20:02:37 - [TEST_STEP][PASSED] - setText(findTestObject("Object Repository/CITIZEN/Page_undefined  GetVaccine/input_Email_add family member_email"), findTestData("CITIZEN/TambahAnggota").getValue(4, i)): Text 'kun@nct.com' is set on object 'Object Repository/CITIZEN/Page_undefined  GetVaccine/input_Email_add family member_email'

2022-07-18 20:02:38 - [MESSAGE][PASSED] - Text 'kun@nct.com' is set on object 'Object Repository/CITIZEN/Page_undefined  GetVaccine/input_Email_add family member_email'

2022-07-18 20:02:38 - [TEST_STEP][PASSED] - setText(findTestObject("Object Repository/CITIZEN/Page_undefined  GetVaccine/input_Nomor Telepon_add family member_phone_number"), findTestData("CITIZEN/TambahAnggota").getValue(5, i)): Text '08822992200' is set on object 'Object Repository/CITIZEN/Page_undefined  GetVaccine/input_Nomor Telepon_add family member_phone_number'

2022-07-18 20:02:39 - [MESSAGE][PASSED] - Text '08822992200' is set on object 'Object Repository/CITIZEN/Page_undefined  GetVaccine/input_Nomor Telepon_add family member_phone_number'

2022-07-18 20:02:39 - [TEST_STEP][PASSED] - setText(findTestObject("Object Repository/CITIZEN/Page_undefined  GetVaccine/input_Alamat KTP_add family member_id_card_address"), findTestData("CITIZEN/TambahAnggota").getValue(6, i)): Text '11' is set on object 'Object Repository/CITIZEN/Page_undefined  GetVaccine/input_Alamat KTP_add family member_id_card_address'

2022-07-18 20:02:40 - [MESSAGE][PASSED] - Text '11' is set on object 'Object Repository/CITIZEN/Page_undefined  GetVaccine/input_Alamat KTP_add family member_id_card_address'

2022-07-18 20:02:40 - [TEST_STEP][PASSED] - setText(findTestObject("Object Repository/CITIZEN/Page_undefined  GetVaccine/input_Alamat Saat ini_add family member_res_c155da"), findTestData("CITIZEN/TambahAnggota").getValue(7, i)): Text '22' is set on object 'Object Repository/CITIZEN/Page_undefined  GetVaccine/input_Alamat Saat ini_add family member_res_c155da'

2022-07-18 20:02:41 - [MESSAGE][PASSED] - Text '22' is set on object 'Object Repository/CITIZEN/Page_undefined  GetVaccine/input_Alamat Saat ini_add family member_res_c155da'

2022-07-18 20:02:41 - [TEST_STEP][PASSED] - click(findTestObject("Object Repository/CITIZEN/Page_undefined  GetVaccine/span_Submit")): Object: 'Object Repository/CITIZEN/Page_undefined  GetVaccine/span_Submit' is clicked on

2022-07-18 20:02:42 - [MESSAGE][PASSED] - Object: 'Object Repository/CITIZEN/Page_undefined  GetVaccine/span_Submit' is clicked on

2022-07-18 20:02:42 - [TEST_STEP][PASSED] - if (i == 1): null

2022-07-18 20:02:42 - [TEST_STEP][PASSED] - else if (i == 2): null

2022-07-18 20:02:42 - [TEST_STEP][PASSED] - else if (i == 3): null

2022-07-18 20:02:42 - [TEST_STEP][PASSED] - else if (i == 4): null

2022-07-18 20:02:42 - [TEST_STEP][PASSED] - else if (i == 5): null

2022-07-18 20:02:42 - [TEST_STEP][PASSED] - else if (i == 6): Object: 'Object Repository/CITIZEN/Page_Vaksinasi GetVaccine/Tambah Anggota/close' is clicked on

2022-07-18 20:02:42 - [TEST_STEP][PASSED] - verifyElementPresent(findTestObject("CITIZEN/Page_Vaksinasi GetVaccine/Tambah Anggota/alert alamat"), 0): Object 'Object Repository/CITIZEN/Page_Vaksinasi GetVaccine/Tambah Anggota/alert alamat' is present

2022-07-18 20:02:42 - [MESSAGE][WARNING] - Timeout '0' is invalid. Using default page load timeout: '30'

2022-07-18 20:02:42 - [MESSAGE][PASSED] - Object 'Object Repository/CITIZEN/Page_Vaksinasi GetVaccine/Tambah Anggota/alert alamat' is present

2022-07-18 20:02:42 - [TEST_STEP][PASSED] - verifyElementPresent(findTestObject("CITIZEN/Page_Vaksinasi GetVaccine/Tambah Anggota/alert dom"), 0): Object 'Object Repository/CITIZEN/Page_Vaksinasi GetVaccine/Tambah Anggota/alert dom' is present

2022-07-18 20:02:42 - [MESSAGE][WARNING] - Timeout '0' is invalid. Using default page load timeout: '30'

2022-07-18 20:02:43 - [MESSAGE][PASSED] - Object 'Object Repository/CITIZEN/Page_Vaksinasi GetVaccine/Tambah Anggota/alert dom' is present

2022-07-18 20:02:43 - [TEST_STEP][PASSED] - click(findTestObject("CITIZEN/Page_Vaksinasi GetVaccine/Tambah Anggota/close")): Object: 'Object Repository/CITIZEN/Page_Vaksinasi GetVaccine/Tambah Anggota/close' is clicked on

2022-07-18 20:02:43 - [MESSAGE][PASSED] - Object: 'Object Repository/CITIZEN/Page_Vaksinasi GetVaccine/Tambah Anggota/close' is clicked on

2022-07-18 20:02:43 - [TEST_STEP][PASSED] - click(findTestObject("CITIZEN/Page_Vaksinasi GetVaccine/Tambah Anggota/fasilitas kesehatan")): Object: 'Object Repository/CITIZEN/Page_Vaksinasi GetVaccine/Tambah Anggota/fasilitas kesehatan' is clicked on

2022-07-18 20:03:27 - [MESSAGE][PASSED] - Object: 'Object Repository/CITIZEN/Page_Vaksinasi GetVaccine/Tambah Anggota/fasilitas kesehatan' is clicked on

2022-07-18 20:03:27 - [TEST_STEP][PASSED] - click(findTestObject("CITIZEN/Page_Vaksinasi GetVaccine/Tambah Anggota/btn tambah anggota")): Object: 'Object Repository/CITIZEN/Page_Vaksinasi GetVaccine/Tambah Anggota/btn tambah anggota' is clicked on

2022-07-18 20:03:52 - [MESSAGE][PASSED] - Object: 'Object Repository/CITIZEN/Page_Vaksinasi GetVaccine/Tambah Anggota/btn tambah anggota' is clicked on

2022-07-18 20:03:52 - [TEST_STEP][PASSED] - setText(findTestObject("Object Repository/CITIZEN/Page_undefined  GetVaccine/input_NIK_add family member_NIK"), findTestData("CITIZEN/TambahAnggota").getValue(1, i)): Text '7890789078907890' is set on object 'Object Repository/CITIZEN/Page_undefined  GetVaccine/input_NIK_add family member_NIK'

2022-07-18 20:03:54 - [MESSAGE][PASSED] - Text '7890789078907890' is set on object 'Object Repository/CITIZEN/Page_undefined  GetVaccine/input_NIK_add family member_NIK'

2022-07-18 20:03:54 - [TEST_STEP][PASSED] - setText(findTestObject("Object Repository/CITIZEN/Page_undefined  GetVaccine/input_Nama Lengkap_add family member_name"), findTestData("CITIZEN/TambahAnggota").getValue(2, i)): Text '' is set on object 'Object Repository/CITIZEN/Page_undefined  GetVaccine/input_Nama Lengkap_add family member_name'

2022-07-18 20:03:55 - [MESSAGE][PASSED] - Text '' is set on object 'Object Repository/CITIZEN/Page_undefined  GetVaccine/input_Nama Lengkap_add family member_name'

2022-07-18 20:03:55 - [TEST_STEP][PASSED] - setText(findTestObject("Object Repository/CITIZEN/Page_undefined  GetVaccine/input_Tempat Lahir_add family member_place__8ffebd"), findTestData("CITIZEN/TambahAnggota").getValue(3, i)): Text 'China' is set on object 'Object Repository/CITIZEN/Page_undefined  GetVaccine/input_Tempat Lahir_add family member_place__8ffebd'

2022-07-18 20:03:56 - [MESSAGE][PASSED] - Text 'China' is set on object 'Object Repository/CITIZEN/Page_undefined  GetVaccine/input_Tempat Lahir_add family member_place__8ffebd'

2022-07-18 20:03:56 - [TEST_STEP][PASSED] - click(findTestObject("Object Repository/CITIZEN/Page_undefined  GetVaccine/div_Tanggal Lahir_ant-picker-input")): Object: 'Object Repository/CITIZEN/Page_undefined  GetVaccine/div_Tanggal Lahir_ant-picker-input' is clicked on

2022-07-18 20:03:57 - [MESSAGE][PASSED] - Object: 'Object Repository/CITIZEN/Page_undefined  GetVaccine/div_Tanggal Lahir_ant-picker-input' is clicked on

2022-07-18 20:03:57 - [TEST_STEP][PASSED] - click(findTestObject("CITIZEN/Page_Vaksinasi GetVaccine/Tambah Anggota/year")): Object: 'Object Repository/CITIZEN/Page_Vaksinasi GetVaccine/Tambah Anggota/year' is clicked on

2022-07-18 20:03:57 - [MESSAGE][PASSED] - Object: 'Object Repository/CITIZEN/Page_Vaksinasi GetVaccine/Tambah Anggota/year' is clicked on

2022-07-18 20:03:57 - [TEST_STEP][PASSED] - click(findTestObject("CITIZEN/Page_Vaksinasi GetVaccine/Tambah Anggota/prev year")): Object: 'Object Repository/CITIZEN/Page_Vaksinasi GetVaccine/Tambah Anggota/prev year' is clicked on

2022-07-18 20:03:58 - [MESSAGE][PASSED] - Object: 'Object Repository/CITIZEN/Page_Vaksinasi GetVaccine/Tambah Anggota/prev year' is clicked on

2022-07-18 20:03:58 - [TEST_STEP][PASSED] - click(findTestObject("CITIZEN/Page_Vaksinasi GetVaccine/Tambah Anggota/prev year")): Object: 'Object Repository/CITIZEN/Page_Vaksinasi GetVaccine/Tambah Anggota/prev year' is clicked on

2022-07-18 20:03:58 - [MESSAGE][PASSED] - Object: 'Object Repository/CITIZEN/Page_Vaksinasi GetVaccine/Tambah Anggota/prev year' is clicked on

2022-07-18 20:03:58 - [TEST_STEP][PASSED] - click(findTestObject("CITIZEN/Page_Vaksinasi GetVaccine/Tambah Anggota/prev year")): Object: 'Object Repository/CITIZEN/Page_Vaksinasi GetVaccine/Tambah Anggota/prev year' is clicked on

2022-07-18 20:03:59 - [MESSAGE][PASSED] - Object: 'Object Repository/CITIZEN/Page_Vaksinasi GetVaccine/Tambah Anggota/prev year' is clicked on

2022-07-18 20:03:59 - [TEST_STEP][PASSED] - click(findTestObject("CITIZEN/Page_Vaksinasi GetVaccine/Tambah Anggota/1996")): Object: 'Object Repository/CITIZEN/Page_Vaksinasi GetVaccine/Tambah Anggota/1996' is clicked on

2022-07-18 20:03:59 - [MESSAGE][PASSED] - Object: 'Object Repository/CITIZEN/Page_Vaksinasi GetVaccine/Tambah Anggota/1996' is clicked on

2022-07-18 20:03:59 - [TEST_STEP][PASSED] - click(findTestObject("CITIZEN/Page_Vaksinasi GetVaccine/Tambah Anggota/januari")): Object: 'Object Repository/CITIZEN/Page_Vaksinasi GetVaccine/Tambah Anggota/januari' is clicked on

2022-07-18 20:04:00 - [MESSAGE][PASSED] - Object: 'Object Repository/CITIZEN/Page_Vaksinasi GetVaccine/Tambah Anggota/januari' is clicked on

2022-07-18 20:04:00 - [TEST_STEP][PASSED] - click(findTestObject("CITIZEN/Page_Vaksinasi GetVaccine/Tambah Anggota/tgl 1")): Object: 'Object Repository/CITIZEN/Page_Vaksinasi GetVaccine/Tambah Anggota/tgl 1' is clicked on

2022-07-18 20:04:00 - [MESSAGE][PASSED] - Object: 'Object Repository/CITIZEN/Page_Vaksinasi GetVaccine/Tambah Anggota/tgl 1' is clicked on

2022-07-18 20:04:00 - [TEST_STEP][PASSED] - click(findTestObject("CITIZEN/Page_Vaksinasi GetVaccine/Tambah Anggota/jk sebelum")): Object: 'Object Repository/CITIZEN/Page_Vaksinasi GetVaccine/Tambah Anggota/jk sebelum' is clicked on

2022-07-18 20:04:01 - [MESSAGE][PASSED] - Object: 'Object Repository/CITIZEN/Page_Vaksinasi GetVaccine/Tambah Anggota/jk sebelum' is clicked on

2022-07-18 20:04:01 - [TEST_STEP][PASSED] - click(findTestObject("Object Repository/CITIZEN/Page_undefined  GetVaccine/div_Laki - Laki")): Object: 'Object Repository/CITIZEN/Page_undefined  GetVaccine/div_Laki - Laki' is clicked on

2022-07-18 20:04:01 - [MESSAGE][PASSED] - Object: 'Object Repository/CITIZEN/Page_undefined  GetVaccine/div_Laki - Laki' is clicked on

2022-07-18 20:04:02 - [TEST_STEP][PASSED] - click(findTestObject("CITIZEN/Page_Vaksinasi GetVaccine/Tambah Anggota/hubungan")): Object: 'Object Repository/CITIZEN/Page_Vaksinasi GetVaccine/Tambah Anggota/hubungan' is clicked on

2022-07-18 20:04:02 - [MESSAGE][PASSED] - Object: 'Object Repository/CITIZEN/Page_Vaksinasi GetVaccine/Tambah Anggota/hubungan' is clicked on

2022-07-18 20:04:02 - [TEST_STEP][PASSED] - click(findTestObject("Object Repository/CITIZEN/Page_undefined  GetVaccine/div_Saudara")): Object: 'Object Repository/CITIZEN/Page_undefined  GetVaccine/div_Saudara' is clicked on

2022-07-18 20:04:03 - [MESSAGE][PASSED] - Object: 'Object Repository/CITIZEN/Page_undefined  GetVaccine/div_Saudara' is clicked on

2022-07-18 20:04:03 - [TEST_STEP][PASSED] - setText(findTestObject("Object Repository/CITIZEN/Page_undefined  GetVaccine/input_Email_add family member_email"), findTestData("CITIZEN/TambahAnggota").getValue(4, i)): Text 'kun@nct.com' is set on object 'Object Repository/CITIZEN/Page_undefined  GetVaccine/input_Email_add family member_email'

2022-07-18 20:04:04 - [MESSAGE][PASSED] - Text 'kun@nct.com' is set on object 'Object Repository/CITIZEN/Page_undefined  GetVaccine/input_Email_add family member_email'

2022-07-18 20:04:04 - [TEST_STEP][PASSED] - setText(findTestObject("Object Repository/CITIZEN/Page_undefined  GetVaccine/input_Nomor Telepon_add family member_phone_number"), findTestData("CITIZEN/TambahAnggota").getValue(5, i)): Text '08822992200' is set on object 'Object Repository/CITIZEN/Page_undefined  GetVaccine/input_Nomor Telepon_add family member_phone_number'

2022-07-18 20:04:05 - [MESSAGE][PASSED] - Text '08822992200' is set on object 'Object Repository/CITIZEN/Page_undefined  GetVaccine/input_Nomor Telepon_add family member_phone_number'

2022-07-18 20:04:05 - [TEST_STEP][PASSED] - setText(findTestObject("Object Repository/CITIZEN/Page_undefined  GetVaccine/input_Alamat KTP_add family member_id_card_address"), findTestData("CITIZEN/TambahAnggota").getValue(6, i)): Text 'Jakarta' is set on object 'Object Repository/CITIZEN/Page_undefined  GetVaccine/input_Alamat KTP_add family member_id_card_address'

2022-07-18 20:04:06 - [MESSAGE][PASSED] - Text 'Jakarta' is set on object 'Object Repository/CITIZEN/Page_undefined  GetVaccine/input_Alamat KTP_add family member_id_card_address'

2022-07-18 20:04:06 - [TEST_STEP][PASSED] - setText(findTestObject("Object Repository/CITIZEN/Page_undefined  GetVaccine/input_Alamat Saat ini_add family member_res_c155da"), findTestData("CITIZEN/TambahAnggota").getValue(7, i)): Text 'Jakarta' is set on object 'Object Repository/CITIZEN/Page_undefined  GetVaccine/input_Alamat Saat ini_add family member_res_c155da'

2022-07-18 20:04:07 - [MESSAGE][PASSED] - Text 'Jakarta' is set on object 'Object Repository/CITIZEN/Page_undefined  GetVaccine/input_Alamat Saat ini_add family member_res_c155da'

2022-07-18 20:04:07 - [TEST_STEP][PASSED] - click(findTestObject("Object Repository/CITIZEN/Page_undefined  GetVaccine/span_Submit")): Object: 'Object Repository/CITIZEN/Page_undefined  GetVaccine/span_Submit' is clicked on

2022-07-18 20:04:07 - [MESSAGE][PASSED] - Object: 'Object Repository/CITIZEN/Page_undefined  GetVaccine/span_Submit' is clicked on

2022-07-18 20:04:07 - [TEST_STEP][PASSED] - if (i == 1): null

2022-07-18 20:04:07 - [TEST_STEP][PASSED] - else if (i == 2): null

2022-07-18 20:04:07 - [TEST_STEP][PASSED] - else if (i == 3): null

2022-07-18 20:04:07 - [TEST_STEP][PASSED] - else if (i == 4): null

2022-07-18 20:04:07 - [TEST_STEP][PASSED] - else if (i == 5): null

2022-07-18 20:04:07 - [TEST_STEP][PASSED] - else if (i == 6): null

2022-07-18 20:04:07 - [TEST_STEP][PASSED] - else if (i == 7): Object: 'Object Repository/CITIZEN/Page_Vaksinasi GetVaccine/Tambah Anggota/close' is clicked on

2022-07-18 20:04:07 - [TEST_STEP][PASSED] - verifyElementPresent(findTestObject("CITIZEN/Page_Vaksinasi GetVaccine/Tambah Anggota/alert nama kosong"), 0): Object 'Object Repository/CITIZEN/Page_Vaksinasi GetVaccine/Tambah Anggota/alert nama kosong' is present

2022-07-18 20:04:07 - [MESSAGE][WARNING] - Timeout '0' is invalid. Using default page load timeout: '30'

2022-07-18 20:04:08 - [MESSAGE][PASSED] - Object 'Object Repository/CITIZEN/Page_Vaksinasi GetVaccine/Tambah Anggota/alert nama kosong' is present

2022-07-18 20:04:08 - [TEST_STEP][PASSED] - click(findTestObject("CITIZEN/Page_Vaksinasi GetVaccine/Tambah Anggota/close")): Object: 'Object Repository/CITIZEN/Page_Vaksinasi GetVaccine/Tambah Anggota/close' is clicked on

2022-07-18 20:04:08 - [MESSAGE][PASSED] - Object: 'Object Repository/CITIZEN/Page_Vaksinasi GetVaccine/Tambah Anggota/close' is clicked on]]></system-out>
         <system-err><![CDATA[]]></system-err>
      </testcase>
      <testcase name="Test Cases/CITIZEN/VAKSINASI/TC_Pesan Vaksinasi" time="32.725" classname="Test Cases/CITIZEN/VAKSINASI/TC_Pesan Vaksinasi" status="FAILED">
         <failure type="FAILED" message="Test Cases/CITIZEN/VAKSINASI/TC_Pesan Vaksinasi FAILED.
Reason:
com.kms.katalon.core.exception.StepFailedException: Unable to click on object 'Object Repository/CITIZEN/Page_undefined  GetVaccine/22'
	at com.kms.katalon.core.webui.keyword.internal.WebUIKeywordMain.stepFailed(WebUIKeywordMain.groovy:64)
	at com.kms.katalon.core.webui.keyword.internal.WebUIKeywordMain.runKeyword(WebUIKeywordMain.groovy:26)
	at com.kms.katalon.core.webui.keyword.builtin.ClickKeyword.click(ClickKeyword.groovy:74)
	at com.kms.katalon.core.webui.keyword.builtin.ClickKeyword.execute(ClickKeyword.groovy:40)
	at com.kms.katalon.core.keyword.internal.KeywordExecutor.executeKeywordForPlatform(KeywordExecutor.groovy:74)
	at com.kms.katalon.core.webui.keyword.WebUiBuiltInKeywords.click(WebUiBuiltInKeywords.groovy:620)
	at com.kms.katalon.core.webui.keyword.WebUiBuiltInKeywords$click$2.call(Unknown Source)
	at TC_Pesan Vaksinasi.run(TC_Pesan Vaksinasi:22)
	at com.kms.katalon.core.main.ScriptEngine.run(ScriptEngine.java:194)
	at com.kms.katalon.core.main.ScriptEngine.runScriptAsRawText(ScriptEngine.java:119)
	at com.kms.katalon.core.main.TestCaseExecutor.runScript(TestCaseExecutor.java:442)
	at com.kms.katalon.core.main.TestCaseExecutor.doExecute(TestCaseExecutor.java:433)
	at com.kms.katalon.core.main.TestCaseExecutor.processExecutionPhase(TestCaseExecutor.java:412)
	at com.kms.katalon.core.main.TestCaseExecutor.accessMainPhase(TestCaseExecutor.java:404)
	at com.kms.katalon.core.main.TestCaseExecutor.execute(TestCaseExecutor.java:281)
	at com.kms.katalon.core.main.TestSuiteExecutor.accessTestCaseMainPhase(TestSuiteExecutor.java:202)
	at com.kms.katalon.core.main.TestSuiteExecutor.accessTestSuiteMainPhase(TestSuiteExecutor.java:164)
	at com.kms.katalon.core.main.TestSuiteExecutor.execute(TestSuiteExecutor.java:105)
	at com.kms.katalon.core.main.TestCaseMain.startTestSuite(TestCaseMain.java:185)
	at com.kms.katalon.core.main.TestCaseMain$startTestSuite$0.call(Unknown Source)
	at TempTestSuite1658148723794.run(TempTestSuite1658148723794.groovy:36)
Caused by: com.kms.katalon.core.webui.exception.WebElementNotFoundException: Web element with id: 'Object Repository/CITIZEN/Page_undefined  GetVaccine/22' located by '/html/body/div[2]/div/div/div/div/div[1]/div[2]/table/tbody/tr[4]/td[6]/div' not found
	at com.kms.katalon.core.webui.common.WebUiCommonHelper.findWebElement(WebUiCommonHelper.java:1370)
	at com.kms.katalon.core.webui.keyword.internal.WebUIAbstractKeyword.findWebElement(WebUIAbstractKeyword.groovy:27)
	at com.kms.katalon.core.webui.keyword.builtin.ClickKeyword$_click_closure1.doCall(ClickKeyword.groovy:65)
	at com.kms.katalon.core.webui.keyword.builtin.ClickKeyword$_click_closure1.call(ClickKeyword.groovy)
	at com.kms.katalon.core.webui.keyword.internal.WebUIKeywordMain.runKeyword(WebUIKeywordMain.groovy:20)
	... 19 more
"/>
         <system-out><![CDATA[2022-07-18 20:04:08 - [TEST_CASE][FAILED] - Test Cases/CITIZEN/VAKSINASI/TC_Pesan Vaksinasi: Test Cases/CITIZEN/VAKSINASI/TC_Pesan Vaksinasi FAILED.
Reason:
com.kms.katalon.core.exception.StepFailedException: Unable to click on object 'Object Repository/CITIZEN/Page_undefined  GetVaccine/22'
	at com.kms.katalon.core.webui.keyword.internal.WebUIKeywordMain.stepFailed(WebUIKeywordMain.groovy:64)
	at com.kms.katalon.core.webui.keyword.internal.WebUIKeywordMain.runKeyword(WebUIKeywordMain.groovy:26)
	at com.kms.katalon.core.webui.keyword.builtin.ClickKeyword.click(ClickKeyword.groovy:74)
	at com.kms.katalon.core.webui.keyword.builtin.ClickKeyword.execute(ClickKeyword.groovy:40)
	at com.kms.katalon.core.keyword.internal.KeywordExecutor.executeKeywordForPlatform(KeywordExecutor.groovy:74)
	at com.kms.katalon.core.webui.keyword.WebUiBuiltInKeywords.click(WebUiBuiltInKeywords.groovy:620)
	at com.kms.katalon.core.webui.keyword.WebUiBuiltInKeywords$click$2.call(Unknown Source)
	at TC_Pesan Vaksinasi.run(TC_Pesan Vaksinasi:22)
	at com.kms.katalon.core.main.ScriptEngine.run(ScriptEngine.java:194)
	at com.kms.katalon.core.main.ScriptEngine.runScriptAsRawText(ScriptEngine.java:119)
	at com.kms.katalon.core.main.TestCaseExecutor.runScript(TestCaseExecutor.java:442)
	at com.kms.katalon.core.main.TestCaseExecutor.doExecute(TestCaseExecutor.java:433)
	at com.kms.katalon.core.main.TestCaseExecutor.processExecutionPhase(TestCaseExecutor.java:412)
	at com.kms.katalon.core.main.TestCaseExecutor.accessMainPhase(TestCaseExecutor.java:404)
	at com.kms.katalon.core.main.TestCaseExecutor.execute(TestCaseExecutor.java:281)
	at com.kms.katalon.core.main.TestSuiteExecutor.accessTestCaseMainPhase(TestSuiteExecutor.java:202)
	at com.kms.katalon.core.main.TestSuiteExecutor.accessTestSuiteMainPhase(TestSuiteExecutor.java:164)
	at com.kms.katalon.core.main.TestSuiteExecutor.execute(TestSuiteExecutor.java:105)
	at com.kms.katalon.core.main.TestCaseMain.startTestSuite(TestCaseMain.java:185)
	at com.kms.katalon.core.main.TestCaseMain$startTestSuite$0.call(Unknown Source)
	at TempTestSuite1658148723794.run(TempTestSuite1658148723794.groovy:36)
Caused by: com.kms.katalon.core.webui.exception.WebElementNotFoundException: Web element with id: 'Object Repository/CITIZEN/Page_undefined  GetVaccine/22' located by '/html/body/div[2]/div/div/div/div/div[1]/div[2]/table/tbody/tr[4]/td[6]/div' not found
	at com.kms.katalon.core.webui.common.WebUiCommonHelper.findWebElement(WebUiCommonHelper.java:1370)
	at com.kms.katalon.core.webui.keyword.internal.WebUIAbstractKeyword.findWebElement(WebUIAbstractKeyword.groovy:27)
	at com.kms.katalon.core.webui.keyword.builtin.ClickKeyword$_click_closure1.doCall(ClickKeyword.groovy:65)
	at com.kms.katalon.core.webui.keyword.builtin.ClickKeyword$_click_closure1.call(ClickKeyword.groovy)
	at com.kms.katalon.core.webui.keyword.internal.WebUIKeywordMain.runKeyword(WebUIKeywordMain.groovy:20)
	... 19 more


2022-07-18 20:04:09 - [TEST_STEP][PASSED] - click(findTestObject("CITIZEN/Page_Vaksinasi GetVaccine/Detail Health Facility dan Pesan Vaksinasi/date")): Object: 'Object Repository/CITIZEN/Page_Vaksinasi GetVaccine/Detail Health Facility dan Pesan Vaksinasi/date' is clicked on

2022-07-18 20:04:09 - [MESSAGE][PASSED] - Object: 'Object Repository/CITIZEN/Page_Vaksinasi GetVaccine/Detail Health Facility dan Pesan Vaksinasi/date' is clicked on

2022-07-18 20:04:09 - [TEST_STEP][FAILED] - click(findTestObject("CITIZEN/Page_undefined  GetVaccine/22")): Unable to click on object 'Object Repository/CITIZEN/Page_undefined  GetVaccine/22' (Root cause: com.kms.katalon.core.exception.StepFailedException: Unable to click on object 'Object Repository/CITIZEN/Page_undefined  GetVaccine/22'
	at com.kms.katalon.core.webui.keyword.internal.WebUIKeywordMain.stepFailed(WebUIKeywordMain.groovy:64)
	at com.kms.katalon.core.webui.keyword.internal.WebUIKeywordMain.runKeyword(WebUIKeywordMain.groovy:26)
	at com.kms.katalon.core.webui.keyword.builtin.ClickKeyword.click(ClickKeyword.groovy:74)
	at com.kms.katalon.core.webui.keyword.builtin.ClickKeyword.execute(ClickKeyword.groovy:40)
	at com.kms.katalon.core.keyword.internal.KeywordExecutor.executeKeywordForPlatform(KeywordExecutor.groovy:74)
	at com.kms.katalon.core.webui.keyword.WebUiBuiltInKeywords.click(WebUiBuiltInKeywords.groovy:620)
	at com.kms.katalon.core.webui.keyword.WebUiBuiltInKeywords$click$2.call(Unknown Source)
	at TC_Pesan Vaksinasi.run(TC_Pesan Vaksinasi:22)
	at com.kms.katalon.core.main.ScriptEngine.run(ScriptEngine.java:194)
	at com.kms.katalon.core.main.ScriptEngine.runScriptAsRawText(ScriptEngine.java:119)
	at com.kms.katalon.core.main.TestCaseExecutor.runScript(TestCaseExecutor.java:442)
	at com.kms.katalon.core.main.TestCaseExecutor.doExecute(TestCaseExecutor.java:433)
	at com.kms.katalon.core.main.TestCaseExecutor.processExecutionPhase(TestCaseExecutor.java:412)
	at com.kms.katalon.core.main.TestCaseExecutor.accessMainPhase(TestCaseExecutor.java:404)
	at com.kms.katalon.core.main.TestCaseExecutor.execute(TestCaseExecutor.java:281)
	at com.kms.katalon.core.main.TestSuiteExecutor.accessTestCaseMainPhase(TestSuiteExecutor.java:202)
	at com.kms.katalon.core.main.TestSuiteExecutor.accessTestSuiteMainPhase(TestSuiteExecutor.java:164)
	at com.kms.katalon.core.main.TestSuiteExecutor.execute(TestSuiteExecutor.java:105)
	at com.kms.katalon.core.main.TestCaseMain.startTestSuite(TestCaseMain.java:185)
	at com.kms.katalon.core.main.TestCaseMain$startTestSuite$0.call(Unknown Source)
	at TempTestSuite1658148723794.run(TempTestSuite1658148723794.groovy:36)
Caused by: com.kms.katalon.core.webui.exception.WebElementNotFoundException: Web element with id: 'Object Repository/CITIZEN/Page_undefined  GetVaccine/22' located by '/html/body/div[2]/div/div/div/div/div[1]/div[2]/table/tbody/tr[4]/td[6]/div' not found
	at com.kms.katalon.core.webui.common.WebUiCommonHelper.findWebElement(WebUiCommonHelper.java:1370)
	at com.kms.katalon.core.webui.keyword.internal.WebUIAbstractKeyword.findWebElement(WebUIAbstractKeyword.groovy:27)
	at com.kms.katalon.core.webui.keyword.builtin.ClickKeyword$_click_closure1.doCall(ClickKeyword.groovy:65)
	at com.kms.katalon.core.webui.keyword.builtin.ClickKeyword$_click_closure1.call(ClickKeyword.groovy)
	at com.kms.katalon.core.webui.keyword.internal.WebUIKeywordMain.runKeyword(WebUIKeywordMain.groovy:20)
	at com.kms.katalon.core.webui.keyword.builtin.ClickKeyword.click(ClickKeyword.groovy:74)
	at com.kms.katalon.core.webui.keyword.builtin.ClickKeyword.execute(ClickKeyword.groovy:40)
	at com.kms.katalon.core.keyword.internal.KeywordExecutor.executeKeywordForPlatform(KeywordExecutor.groovy:74)
	at com.kms.katalon.core.webui.keyword.WebUiBuiltInKeywords.click(WebUiBuiltInKeywords.groovy:620)
	at com.kms.katalon.core.webui.keyword.WebUiBuiltInKeywords$click$2.call(Unknown Source)
	at Script1657714688847.run(Script1657714688847.groovy:22)
	... 13 more
)

2022-07-18 20:04:41 - [MESSAGE][INFO] - Unable to find the element located by 'By.xpath: /html/body/div[2]/div/div/div/div/div[1]/div[2]/table/tbody/tr[4]/td[6]/div'. Please recheck the objects properties to make sure the desired element is located. 

2022-07-18 20:04:41 - [MESSAGE][FAILED] - Unable to click on object 'Object Repository/CITIZEN/Page_undefined  GetVaccine/22' (Root cause: com.kms.katalon.core.exception.StepFailedException: Unable to click on object 'Object Repository/CITIZEN/Page_undefined  GetVaccine/22'
	at com.kms.katalon.core.webui.keyword.internal.WebUIKeywordMain.stepFailed(WebUIKeywordMain.groovy:64)
	at com.kms.katalon.core.webui.keyword.internal.WebUIKeywordMain.runKeyword(WebUIKeywordMain.groovy:26)
	at com.kms.katalon.core.webui.keyword.builtin.ClickKeyword.click(ClickKeyword.groovy:74)
	at com.kms.katalon.core.webui.keyword.builtin.ClickKeyword.execute(ClickKeyword.groovy:40)
	at com.kms.katalon.core.keyword.internal.KeywordExecutor.executeKeywordForPlatform(KeywordExecutor.groovy:74)
	at com.kms.katalon.core.webui.keyword.WebUiBuiltInKeywords.click(WebUiBuiltInKeywords.groovy:620)
	at com.kms.katalon.core.webui.keyword.WebUiBuiltInKeywords$click$2.call(Unknown Source)
	at TC_Pesan Vaksinasi.run(TC_Pesan Vaksinasi:22)
	at com.kms.katalon.core.main.ScriptEngine.run(ScriptEngine.java:194)
	at com.kms.katalon.core.main.ScriptEngine.runScriptAsRawText(ScriptEngine.java:119)
	at com.kms.katalon.core.main.TestCaseExecutor.runScript(TestCaseExecutor.java:442)
	at com.kms.katalon.core.main.TestCaseExecutor.doExecute(TestCaseExecutor.java:433)
	at com.kms.katalon.core.main.TestCaseExecutor.processExecutionPhase(TestCaseExecutor.java:412)
	at com.kms.katalon.core.main.TestCaseExecutor.accessMainPhase(TestCaseExecutor.java:404)
	at com.kms.katalon.core.main.TestCaseExecutor.execute(TestCaseExecutor.java:281)
	at com.kms.katalon.core.main.TestSuiteExecutor.accessTestCaseMainPhase(TestSuiteExecutor.java:202)
	at com.kms.katalon.core.main.TestSuiteExecutor.accessTestSuiteMainPhase(TestSuiteExecutor.java:164)
	at com.kms.katalon.core.main.TestSuiteExecutor.execute(TestSuiteExecutor.java:105)
	at com.kms.katalon.core.main.TestCaseMain.startTestSuite(TestCaseMain.java:185)
	at com.kms.katalon.core.main.TestCaseMain$startTestSuite$0.call(Unknown Source)
	at TempTestSuite1658148723794.run(TempTestSuite1658148723794.groovy:36)
Caused by: com.kms.katalon.core.webui.exception.WebElementNotFoundException: Web element with id: 'Object Repository/CITIZEN/Page_undefined  GetVaccine/22' located by '/html/body/div[2]/div/div/div/div/div[1]/div[2]/table/tbody/tr[4]/td[6]/div' not found
	at com.kms.katalon.core.webui.common.WebUiCommonHelper.findWebElement(WebUiCommonHelper.java:1370)
	at com.kms.katalon.core.webui.keyword.internal.WebUIAbstractKeyword.findWebElement(WebUIAbstractKeyword.groovy:27)
	at com.kms.katalon.core.webui.keyword.builtin.ClickKeyword$_click_closure1.doCall(ClickKeyword.groovy:65)
	at com.kms.katalon.core.webui.keyword.builtin.ClickKeyword$_click_closure1.call(ClickKeyword.groovy)
	at com.kms.katalon.core.webui.keyword.internal.WebUIKeywordMain.runKeyword(WebUIKeywordMain.groovy:20)
	at com.kms.katalon.core.webui.keyword.builtin.ClickKeyword.click(ClickKeyword.groovy:74)
	at com.kms.katalon.core.webui.keyword.builtin.ClickKeyword.execute(ClickKeyword.groovy:40)
	at com.kms.katalon.core.keyword.internal.KeywordExecutor.executeKeywordForPlatform(KeywordExecutor.groovy:74)
	at com.kms.katalon.core.webui.keyword.WebUiBuiltInKeywords.click(WebUiBuiltInKeywords.groovy:620)
	at com.kms.katalon.core.webui.keyword.WebUiBuiltInKeywords$click$2.call(Unknown Source)
	at Script1657714688847.run(Script1657714688847.groovy:22)
	... 13 more
)
[[ATTACHMENT|C:\\Users\\Thinkpad X260\\git\\CapstoneWEBSITE\\Reports\\20220718_195202\\TS_CITIZEN\\20220718_195203\\1658149481038.png]]]]></system-out>
         <system-err><![CDATA[2022-07-18 20:04:08 - [TEST_CASE][FAILED] - Test Cases/CITIZEN/VAKSINASI/TC_Pesan Vaksinasi: Test Cases/CITIZEN/VAKSINASI/TC_Pesan Vaksinasi FAILED.
Reason:
com.kms.katalon.core.exception.StepFailedException: Unable to click on object 'Object Repository/CITIZEN/Page_undefined  GetVaccine/22'
	at com.kms.katalon.core.webui.keyword.internal.WebUIKeywordMain.stepFailed(WebUIKeywordMain.groovy:64)
	at com.kms.katalon.core.webui.keyword.internal.WebUIKeywordMain.runKeyword(WebUIKeywordMain.groovy:26)
	at com.kms.katalon.core.webui.keyword.builtin.ClickKeyword.click(ClickKeyword.groovy:74)
	at com.kms.katalon.core.webui.keyword.builtin.ClickKeyword.execute(ClickKeyword.groovy:40)
	at com.kms.katalon.core.keyword.internal.KeywordExecutor.executeKeywordForPlatform(KeywordExecutor.groovy:74)
	at com.kms.katalon.core.webui.keyword.WebUiBuiltInKeywords.click(WebUiBuiltInKeywords.groovy:620)
	at com.kms.katalon.core.webui.keyword.WebUiBuiltInKeywords$click$2.call(Unknown Source)
	at TC_Pesan Vaksinasi.run(TC_Pesan Vaksinasi:22)
	at com.kms.katalon.core.main.ScriptEngine.run(ScriptEngine.java:194)
	at com.kms.katalon.core.main.ScriptEngine.runScriptAsRawText(ScriptEngine.java:119)
	at com.kms.katalon.core.main.TestCaseExecutor.runScript(TestCaseExecutor.java:442)
	at com.kms.katalon.core.main.TestCaseExecutor.doExecute(TestCaseExecutor.java:433)
	at com.kms.katalon.core.main.TestCaseExecutor.processExecutionPhase(TestCaseExecutor.java:412)
	at com.kms.katalon.core.main.TestCaseExecutor.accessMainPhase(TestCaseExecutor.java:404)
	at com.kms.katalon.core.main.TestCaseExecutor.execute(TestCaseExecutor.java:281)
	at com.kms.katalon.core.main.TestSuiteExecutor.accessTestCaseMainPhase(TestSuiteExecutor.java:202)
	at com.kms.katalon.core.main.TestSuiteExecutor.accessTestSuiteMainPhase(TestSuiteExecutor.java:164)
	at com.kms.katalon.core.main.TestSuiteExecutor.execute(TestSuiteExecutor.java:105)
	at com.kms.katalon.core.main.TestCaseMain.startTestSuite(TestCaseMain.java:185)
	at com.kms.katalon.core.main.TestCaseMain$startTestSuite$0.call(Unknown Source)
	at TempTestSuite1658148723794.run(TempTestSuite1658148723794.groovy:36)
Caused by: com.kms.katalon.core.webui.exception.WebElementNotFoundException: Web element with id: 'Object Repository/CITIZEN/Page_undefined  GetVaccine/22' located by '/html/body/div[2]/div/div/div/div/div[1]/div[2]/table/tbody/tr[4]/td[6]/div' not found
	at com.kms.katalon.core.webui.common.WebUiCommonHelper.findWebElement(WebUiCommonHelper.java:1370)
	at com.kms.katalon.core.webui.keyword.internal.WebUIAbstractKeyword.findWebElement(WebUIAbstractKeyword.groovy:27)
	at com.kms.katalon.core.webui.keyword.builtin.ClickKeyword$_click_closure1.doCall(ClickKeyword.groovy:65)
	at com.kms.katalon.core.webui.keyword.builtin.ClickKeyword$_click_closure1.call(ClickKeyword.groovy)
	at com.kms.katalon.core.webui.keyword.internal.WebUIKeywordMain.runKeyword(WebUIKeywordMain.groovy:20)
	... 19 more]]></system-err>
      </testcase>
      <testcase name="Test Cases/CITIZEN/TIKET/TC_View Tiket" time="4.74" classname="Test Cases/CITIZEN/TIKET/TC_View Tiket" status="PASSED">
         <system-out><![CDATA[2022-07-18 20:04:41 - [TEST_CASE][PASSED] - Test Cases/CITIZEN/TIKET/TC_View Tiket: Test Cases/CITIZEN/TIKET/TC_View Tiket

2022-07-18 20:04:42 - [TEST_STEP][PASSED] - click(findTestObject("CITIZEN/Page_Home  GetVaccine/Tiket Menu")): Object: 'Object Repository/CITIZEN/Page_Home  GetVaccine/Tiket Menu' is clicked on

2022-07-18 20:04:42 - [MESSAGE][PASSED] - Object: 'Object Repository/CITIZEN/Page_Home  GetVaccine/Tiket Menu' is clicked on

2022-07-18 20:04:42 - [TEST_STEP][PASSED] - verifyElementPresent(findTestObject("CITIZEN/Page_Tiket/verify tiket page"), 0): Object 'Object Repository/CITIZEN/Page_Tiket/verify tiket page' is present

2022-07-18 20:04:42 - [MESSAGE][WARNING] - Timeout '0' is invalid. Using default page load timeout: '30'

2022-07-18 20:04:44 - [MESSAGE][PASSED] - Object 'Object Repository/CITIZEN/Page_Tiket/verify tiket page' is present

2022-07-18 20:04:44 - [TEST_STEP][PASSED] - click(findTestObject("CITIZEN/Page_Tiket/Detail Tiket")): Object: 'Object Repository/CITIZEN/Page_Tiket/Detail Tiket' is clicked on

2022-07-18 20:04:44 - [MESSAGE][PASSED] - Object: 'Object Repository/CITIZEN/Page_Tiket/Detail Tiket' is clicked on

2022-07-18 20:04:44 - [TEST_STEP][PASSED] - verifyElementPresent(findTestObject("CITIZEN/Page_Tiket/verify detail"), 0): Object 'Object Repository/CITIZEN/Page_Tiket/verify detail' is present

2022-07-18 20:04:44 - [MESSAGE][WARNING] - Timeout '0' is invalid. Using default page load timeout: '30'

2022-07-18 20:04:45 - [MESSAGE][PASSED] - Object 'Object Repository/CITIZEN/Page_Tiket/verify detail' is present

2022-07-18 20:04:45 - [TEST_STEP][PASSED] - click(findTestObject("CITIZEN/Page_Tiket/close detail")): Object: 'Object Repository/CITIZEN/Page_Tiket/close detail' is clicked on

2022-07-18 20:04:45 - [MESSAGE][PASSED] - Object: 'Object Repository/CITIZEN/Page_Tiket/close detail' is clicked on

2022-07-18 20:04:45 - [TEST_STEP][PASSED] - verifyElementPresent(findTestObject("CITIZEN/Page_Tiket/verify tiket page"), 0): Object 'Object Repository/CITIZEN/Page_Tiket/verify tiket page' is present

2022-07-18 20:04:45 - [MESSAGE][WARNING] - Timeout '0' is invalid. Using default page load timeout: '30'

2022-07-18 20:04:46 - [MESSAGE][PASSED] - Object 'Object Repository/CITIZEN/Page_Tiket/verify tiket page' is present]]></system-out>
         <system-err><![CDATA[]]></system-err>
      </testcase>
      <system-out><![CDATA[2022-07-18 19:52:07 - [TEST_SUITE][FAILED] - TS_CITIZEN: Test Cases/CITIZEN/VAKSINASI/TC_Pesan Vaksinasi FAILED.
Reason:
com.kms.katalon.core.exception.StepFailedException: Unable to click on object 'Object Repository/CITIZEN/Page_undefined  GetVaccine/22'
	at com.kms.katalon.core.webui.keyword.internal.WebUIKeywordMain.stepFailed(WebUIKeywordMain.groovy:64)
	at com.kms.katalon.core.webui.keyword.internal.WebUIKeywordMain.runKeyword(WebUIKeywordMain.groovy:26)
	at com.kms.katalon.core.webui.keyword.builtin.ClickKeyword.click(ClickKeyword.groovy:74)
	at com.kms.katalon.core.webui.keyword.builtin.ClickKeyword.execute(ClickKeyword.groovy:40)
	at com.kms.katalon.core.keyword.internal.KeywordExecutor.executeKeywordForPlatform(KeywordExecutor.groovy:74)
	at com.kms.katalon.core.webui.keyword.WebUiBuiltInKeywords.click(WebUiBuiltInKeywords.groovy:620)
	at com.kms.katalon.core.webui.keyword.WebUiBuiltInKeywords$click$2.call(Unknown Source)
	at TC_Pesan Vaksinasi.run(TC_Pesan Vaksinasi:22)
	at com.kms.katalon.core.main.ScriptEngine.run(ScriptEngine.java:194)
	at com.kms.katalon.core.main.ScriptEngine.runScriptAsRawText(ScriptEngine.java:119)
	at com.kms.katalon.core.main.TestCaseExecutor.runScript(TestCaseExecutor.java:442)
	at com.kms.katalon.core.main.TestCaseExecutor.doExecute(TestCaseExecutor.java:433)
	at com.kms.katalon.core.main.TestCaseExecutor.processExecutionPhase(TestCaseExecutor.java:412)
	at com.kms.katalon.core.main.TestCaseExecutor.accessMainPhase(TestCaseExecutor.java:404)
	at com.kms.katalon.core.main.TestCaseExecutor.execute(TestCaseExecutor.java:281)
	at com.kms.katalon.core.main.TestSuiteExecutor.accessTestCaseMainPhase(TestSuiteExecutor.java:202)
	at com.kms.katalon.core.main.TestSuiteExecutor.accessTestSuiteMainPhase(TestSuiteExecutor.java:164)
	at com.kms.katalon.core.main.TestSuiteExecutor.execute(TestSuiteExecutor.java:105)
	at com.kms.katalon.core.main.TestCaseMain.startTestSuite(TestCaseMain.java:185)
	at com.kms.katalon.core.main.TestCaseMain$startTestSuite$0.call(Unknown Source)
	at TempTestSuite1658148723794.run(TempTestSuite1658148723794.groovy:36)
Caused by: com.kms.katalon.core.webui.exception.WebElementNotFoundException: Web element with id: 'Object Repository/CITIZEN/Page_undefined  GetVaccine/22' located by '/html/body/div[2]/div/div/div/div/div[1]/div[2]/table/tbody/tr[4]/td[6]/div' not found
	at com.kms.katalon.core.webui.common.WebUiCommonHelper.findWebElement(WebUiCommonHelper.java:1370)
	at com.kms.katalon.core.webui.keyword.internal.WebUIAbstractKeyword.findWebElement(WebUIAbstractKeyword.groovy:27)
	at com.kms.katalon.core.webui.keyword.builtin.ClickKeyword$_click_closure1.doCall(ClickKeyword.groovy:65)
	at com.kms.katalon.core.webui.keyword.builtin.ClickKeyword$_click_closure1.call(ClickKeyword.groovy)
	at com.kms.katalon.core.webui.keyword.internal.WebUIKeywordMain.runKeyword(WebUIKeywordMain.groovy:20)
	... 19 more]]></system-out>
      <system-err><![CDATA[2022-07-18 19:52:07 - [TEST_SUITE][FAILED] - TS_CITIZEN: Test Cases/CITIZEN/VAKSINASI/TC_Pesan Vaksinasi FAILED.
Reason:
com.kms.katalon.core.exception.StepFailedException: Unable to click on object 'Object Repository/CITIZEN/Page_undefined  GetVaccine/22'
	at com.kms.katalon.core.webui.keyword.internal.WebUIKeywordMain.stepFailed(WebUIKeywordMain.groovy:64)
	at com.kms.katalon.core.webui.keyword.internal.WebUIKeywordMain.runKeyword(WebUIKeywordMain.groovy:26)
	at com.kms.katalon.core.webui.keyword.builtin.ClickKeyword.click(ClickKeyword.groovy:74)
	at com.kms.katalon.core.webui.keyword.builtin.ClickKeyword.execute(ClickKeyword.groovy:40)
	at com.kms.katalon.core.keyword.internal.KeywordExecutor.executeKeywordForPlatform(KeywordExecutor.groovy:74)
	at com.kms.katalon.core.webui.keyword.WebUiBuiltInKeywords.click(WebUiBuiltInKeywords.groovy:620)
	at com.kms.katalon.core.webui.keyword.WebUiBuiltInKeywords$click$2.call(Unknown Source)
	at TC_Pesan Vaksinasi.run(TC_Pesan Vaksinasi:22)
	at com.kms.katalon.core.main.ScriptEngine.run(ScriptEngine.java:194)
	at com.kms.katalon.core.main.ScriptEngine.runScriptAsRawText(ScriptEngine.java:119)
	at com.kms.katalon.core.main.TestCaseExecutor.runScript(TestCaseExecutor.java:442)
	at com.kms.katalon.core.main.TestCaseExecutor.doExecute(TestCaseExecutor.java:433)
	at com.kms.katalon.core.main.TestCaseExecutor.processExecutionPhase(TestCaseExecutor.java:412)
	at com.kms.katalon.core.main.TestCaseExecutor.accessMainPhase(TestCaseExecutor.java:404)
	at com.kms.katalon.core.main.TestCaseExecutor.execute(TestCaseExecutor.java:281)
	at com.kms.katalon.core.main.TestSuiteExecutor.accessTestCaseMainPhase(TestSuiteExecutor.java:202)
	at com.kms.katalon.core.main.TestSuiteExecutor.accessTestSuiteMainPhase(TestSuiteExecutor.java:164)
	at com.kms.katalon.core.main.TestSuiteExecutor.execute(TestSuiteExecutor.java:105)
	at com.kms.katalon.core.main.TestCaseMain.startTestSuite(TestCaseMain.java:185)
	at com.kms.katalon.core.main.TestCaseMain$startTestSuite$0.call(Unknown Source)
	at TempTestSuite1658148723794.run(TempTestSuite1658148723794.groovy:36)
Caused by: com.kms.katalon.core.webui.exception.WebElementNotFoundException: Web element with id: 'Object Repository/CITIZEN/Page_undefined  GetVaccine/22' located by '/html/body/div[2]/div/div/div/div/div[1]/div[2]/table/tbody/tr[4]/td[6]/div' not found
	at com.kms.katalon.core.webui.common.WebUiCommonHelper.findWebElement(WebUiCommonHelper.java:1370)
	at com.kms.katalon.core.webui.keyword.internal.WebUIAbstractKeyword.findWebElement(WebUIAbstractKeyword.groovy:27)
	at com.kms.katalon.core.webui.keyword.builtin.ClickKeyword$_click_closure1.doCall(ClickKeyword.groovy:65)
	at com.kms.katalon.core.webui.keyword.builtin.ClickKeyword$_click_closure1.call(ClickKeyword.groovy)
	at com.kms.katalon.core.webui.keyword.internal.WebUIKeywordMain.runKeyword(WebUIKeywordMain.groovy:20)
	... 19 more]]></system-err>
   </testsuite>
</testsuites>
