<?xml version="1.0" encoding="UTF-8"?>
<testsuites name="TS_BOOKING" time="27.705" tests="13" failures="0" errors="0">
   <testsuite name="TS_BOOKING" tests="13" failures="0" errors="0" time="27.705" skipped="0" timestamp="2022-06-30 21:35:15" hostname="Thinkpad X260 - DESKTOP-D9B57TC" id="Test Suites/TS_BOOKING">
      <properties>
         <property name="deviceName" value=""/>
         <property name="devicePlatform" value=""/>
         <property name="logFolder" value="C:\\Users\\Thinkpad X260\\git\\CapstoneAPI\\Reports\\20220630_213509\\TS_BOOKING\\20220630_213509"/>
         <property name="logFiles" value="C:\\Users\\Thinkpad X260\\git\\CapstoneAPI\\Reports\\20220630_213509\\TS_BOOKING\\20220630_213509\\execution0.log"/>
         <property name="attachments" value=""/>
         <property name="hostName" value="Thinkpad X260 - DESKTOP-D9B57TC"/>
         <property name="hostAddress" value="192.168.100.66"/>
         <property name="os" value="Windows 10 64bit"/>
         <property name="katalonVersion" value="8.2.5.208"/>
      </properties>
      <testcase name="Test Cases/API/BOOKING/CREATE NEW BOOKING/TCNB03_WITHOUT BODY" time="5.588" classname="Test Cases/API/BOOKING/CREATE NEW BOOKING/TCNB03_WITHOUT BODY" status="PASSED">
         <system-out><![CDATA[2022-06-30 21:35:16 - [TEST_CASE][PASSED] - Test Cases/API/BOOKING/CREATE NEW BOOKING/TCNB03_WITHOUT BODY: Test Cases/API/BOOKING/CREATE NEW BOOKING/TCNB03_WITHOUT BODY

2022-06-30 21:35:17 - [TEST_STEP][PASSED] - Response = sendRequest(findTestObject("API/BOOKING/CREATE BOOKING/TCNB03_CREATE BOOKING WITHOUT REQ BODY")): Send request successfully

2022-06-30 21:35:21 - [MESSAGE][INFO] - HAR: C:\Users\Thinkpad X260\git\CapstoneAPI\Reports\20220630_213509\TS_BOOKING\20220630_213509\requests\main\0.har

2022-06-30 21:35:21 - [MESSAGE][PASSED] - Send request successfully

2022-06-30 21:35:21 - [TEST_STEP][PASSED] - verifyResponseStatusCode(Response, Status_400): Verify response status code successfully

2022-06-30 21:35:21 - [MESSAGE][PASSED] - Verify response status code successfully]]></system-out>
         <system-err><![CDATA[]]></system-err>
      </testcase>
      <testcase name="Test Cases/API/BOOKING/CREATE NEW BOOKING/TCNB02_WITHOUT TOKEN" time="1.955" classname="Test Cases/API/BOOKING/CREATE NEW BOOKING/TCNB02_WITHOUT TOKEN" status="PASSED">
         <system-out><![CDATA[2022-06-30 21:35:21 - [TEST_CASE][PASSED] - Test Cases/API/BOOKING/CREATE NEW BOOKING/TCNB02_WITHOUT TOKEN: Test Cases/API/BOOKING/CREATE NEW BOOKING/TCNB02_WITHOUT TOKEN

2022-06-30 21:35:22 - [TEST_STEP][PASSED] - Response = sendRequest(findTestObject("API/BOOKING/CREATE BOOKING/TCNB02_CREATE BOOKING WITHOUT TOKEN")): Send request successfully

2022-06-30 21:35:23 - [MESSAGE][INFO] - HAR: C:\Users\Thinkpad X260\git\CapstoneAPI\Reports\20220630_213509\TS_BOOKING\20220630_213509\requests\main\1.har

2022-06-30 21:35:23 - [MESSAGE][PASSED] - Send request successfully

2022-06-30 21:35:23 - [TEST_STEP][PASSED] - verifyResponseStatusCode(Response, Status_401): Verify response status code successfully

2022-06-30 21:35:23 - [MESSAGE][PASSED] - Verify response status code successfully]]></system-out>
         <system-err><![CDATA[]]></system-err>
      </testcase>
      <testcase name="Test Cases/API/BOOKING/CREATE NEW BOOKING/TCNB01_VALID DATA" time="1.74" classname="Test Cases/API/BOOKING/CREATE NEW BOOKING/TCNB01_VALID DATA" status="PASSED">
         <system-out><![CDATA[2022-06-30 21:35:23 - [TEST_CASE][PASSED] - Test Cases/API/BOOKING/CREATE NEW BOOKING/TCNB01_VALID DATA: Test Cases/API/BOOKING/CREATE NEW BOOKING/TCNB01_VALID DATA

2022-06-30 21:35:24 - [TEST_STEP][PASSED] - Response = sendRequest(findTestObject("API/BOOKING/CREATE BOOKING/TCNB01_CREATE BOOKING WITH VALID DATA")): Send request successfully

2022-06-30 21:35:25 - [MESSAGE][INFO] - HAR: C:\Users\Thinkpad X260\git\CapstoneAPI\Reports\20220630_213509\TS_BOOKING\20220630_213509\requests\main\2.har

2022-06-30 21:35:25 - [MESSAGE][PASSED] - Send request successfully

2022-06-30 21:35:25 - [TEST_STEP][PASSED] - verifyResponseStatusCode(Response, Status_200): Verify response status code successfully

2022-06-30 21:35:25 - [MESSAGE][PASSED] - Verify response status code successfully]]></system-out>
         <system-err><![CDATA[]]></system-err>
      </testcase>
      <testcase name="Test Cases/API/BOOKING/GET ALL BOOKING/TCB02_GET ALL BOOKING WITHOUT TOKEN" time="1.592" classname="Test Cases/API/BOOKING/GET ALL BOOKING/TCB02_GET ALL BOOKING WITHOUT TOKEN" status="PASSED">
         <system-out><![CDATA[2022-06-30 21:35:25 - [TEST_CASE][PASSED] - Test Cases/API/BOOKING/GET ALL BOOKING/TCB02_GET ALL BOOKING WITHOUT TOKEN: Test Cases/API/BOOKING/GET ALL BOOKING/TCB02_GET ALL BOOKING WITHOUT TOKEN

2022-06-30 21:35:26 - [TEST_STEP][PASSED] - Response = sendRequest(findTestObject("API/BOOKING/GET ALL BOOKING/NEGATIF GET ALL BOOKING WITHOUT TOKEN")): Send request successfully

2022-06-30 21:35:27 - [MESSAGE][INFO] - HAR: C:\Users\Thinkpad X260\git\CapstoneAPI\Reports\20220630_213509\TS_BOOKING\20220630_213509\requests\main\3.har

2022-06-30 21:35:27 - [MESSAGE][PASSED] - Send request successfully

2022-06-30 21:35:27 - [TEST_STEP][PASSED] - verifyResponseStatusCode(Response, Status_401): Verify response status code successfully

2022-06-30 21:35:27 - [MESSAGE][PASSED] - Verify response status code successfully]]></system-out>
         <system-err><![CDATA[]]></system-err>
      </testcase>
      <testcase name="Test Cases/API/BOOKING/GET ALL BOOKING/TCB01_GET ALL BOOKING" time="1.481" classname="Test Cases/API/BOOKING/GET ALL BOOKING/TCB01_GET ALL BOOKING" status="PASSED">
         <system-out><![CDATA[2022-06-30 21:35:27 - [TEST_CASE][PASSED] - Test Cases/API/BOOKING/GET ALL BOOKING/TCB01_GET ALL BOOKING: Test Cases/API/BOOKING/GET ALL BOOKING/TCB01_GET ALL BOOKING

2022-06-30 21:35:28 - [TEST_STEP][PASSED] - Response = sendRequest(findTestObject("API/BOOKING/GET ALL BOOKING/POSITIF GET ALL BOOKING")): Send request successfully

2022-06-30 21:35:28 - [MESSAGE][INFO] - HAR: C:\Users\Thinkpad X260\git\CapstoneAPI\Reports\20220630_213509\TS_BOOKING\20220630_213509\requests\main\4.har

2022-06-30 21:35:28 - [MESSAGE][PASSED] - Send request successfully

2022-06-30 21:35:28 - [TEST_STEP][PASSED] - verifyResponseStatusCode(Response, Status_200): Verify response status code successfully

2022-06-30 21:35:28 - [MESSAGE][PASSED] - Verify response status code successfully]]></system-out>
         <system-err><![CDATA[]]></system-err>
      </testcase>
      <testcase name="Test Cases/API/BOOKING/GET BOOKING BY ID/TCGB02_GET BOOKING INVALID ID" time="1.741" classname="Test Cases/API/BOOKING/GET BOOKING BY ID/TCGB02_GET BOOKING INVALID ID" status="PASSED">
         <system-out><![CDATA[2022-06-30 21:35:28 - [TEST_CASE][PASSED] - Test Cases/API/BOOKING/GET BOOKING BY ID/TCGB02_GET BOOKING INVALID ID: Test Cases/API/BOOKING/GET BOOKING BY ID/TCGB02_GET BOOKING INVALID ID

2022-06-30 21:35:29 - [TEST_STEP][PASSED] - Response = sendRequest(findTestObject("API/BOOKING/GET BOOKING BY ID/NEGATIF GET BOOKING ID")): Send request successfully

2022-06-30 21:35:30 - [MESSAGE][INFO] - HAR: C:\Users\Thinkpad X260\git\CapstoneAPI\Reports\20220630_213509\TS_BOOKING\20220630_213509\requests\main\5.har

2022-06-30 21:35:30 - [MESSAGE][PASSED] - Send request successfully

2022-06-30 21:35:30 - [TEST_STEP][PASSED] - verifyResponseStatusCode(Response, Status_500): Verify response status code successfully

2022-06-30 21:35:30 - [MESSAGE][PASSED] - Verify response status code successfully]]></system-out>
         <system-err><![CDATA[]]></system-err>
      </testcase>
      <testcase name="Test Cases/API/BOOKING/GET BOOKING BY ID/TCGB01_GET BOOKING ID" time="1.891" classname="Test Cases/API/BOOKING/GET BOOKING BY ID/TCGB01_GET BOOKING ID" status="PASSED">
         <system-out><![CDATA[2022-06-30 21:35:30 - [TEST_CASE][PASSED] - Test Cases/API/BOOKING/GET BOOKING BY ID/TCGB01_GET BOOKING ID: Test Cases/API/BOOKING/GET BOOKING BY ID/TCGB01_GET BOOKING ID

2022-06-30 21:35:31 - [TEST_STEP][PASSED] - Response = sendRequest(findTestObject("API/BOOKING/GET BOOKING BY ID/POSITIF GET BOOKING ID")): Send request successfully

2022-06-30 21:35:32 - [MESSAGE][INFO] - HAR: C:\Users\Thinkpad X260\git\CapstoneAPI\Reports\20220630_213509\TS_BOOKING\20220630_213509\requests\main\6.har

2022-06-30 21:35:32 - [MESSAGE][PASSED] - Send request successfully

2022-06-30 21:35:32 - [TEST_STEP][PASSED] - verifyResponseStatusCode(Response, Status_200): Verify response status code successfully

2022-06-30 21:35:32 - [MESSAGE][PASSED] - Verify response status code successfully]]></system-out>
         <system-err><![CDATA[]]></system-err>
      </testcase>
      <testcase name="Test Cases/API/BOOKING/UPDATE BOOKING/TCUB04_WITHOUT BODY" time="1.556" classname="Test Cases/API/BOOKING/UPDATE BOOKING/TCUB04_WITHOUT BODY" status="PASSED">
         <system-out><![CDATA[2022-06-30 21:35:32 - [TEST_CASE][PASSED] - Test Cases/API/BOOKING/UPDATE BOOKING/TCUB04_WITHOUT BODY: Test Cases/API/BOOKING/UPDATE BOOKING/TCUB04_WITHOUT BODY

2022-06-30 21:35:33 - [TEST_STEP][PASSED] - Response = sendRequest(findTestObject("API/BOOKING/UPDATE BOOKING BY ID/TCUB04_UPDATE BOOKING WITHOUT REQ BODY")): Send request successfully

2022-06-30 21:35:34 - [MESSAGE][INFO] - HAR: C:\Users\Thinkpad X260\git\CapstoneAPI\Reports\20220630_213509\TS_BOOKING\20220630_213509\requests\main\7.har

2022-06-30 21:35:34 - [MESSAGE][PASSED] - Send request successfully

2022-06-30 21:35:34 - [TEST_STEP][PASSED] - verifyResponseStatusCode(Response, Status_400): Verify response status code successfully

2022-06-30 21:35:34 - [MESSAGE][PASSED] - Verify response status code successfully]]></system-out>
         <system-err><![CDATA[]]></system-err>
      </testcase>
      <testcase name="Test Cases/API/BOOKING/UPDATE BOOKING/TCUB03_WITHOUT ID" time="2.341" classname="Test Cases/API/BOOKING/UPDATE BOOKING/TCUB03_WITHOUT ID" status="PASSED">
         <system-out><![CDATA[2022-06-30 21:35:34 - [TEST_CASE][PASSED] - Test Cases/API/BOOKING/UPDATE BOOKING/TCUB03_WITHOUT ID: Test Cases/API/BOOKING/UPDATE BOOKING/TCUB03_WITHOUT ID

2022-06-30 21:35:35 - [TEST_STEP][PASSED] - Response = sendRequest(findTestObject("API/BOOKING/UPDATE BOOKING BY ID/TCUB03_UPDATE BOOKING WITHOUT ID")): Send request successfully

2022-06-30 21:35:36 - [MESSAGE][INFO] - HAR: C:\Users\Thinkpad X260\git\CapstoneAPI\Reports\20220630_213509\TS_BOOKING\20220630_213509\requests\main\8.har

2022-06-30 21:35:36 - [MESSAGE][PASSED] - Send request successfully

2022-06-30 21:35:36 - [TEST_STEP][PASSED] - verifyResponseStatusCode(Response, Status_405): Verify response status code successfully

2022-06-30 21:35:36 - [MESSAGE][PASSED] - Verify response status code successfully]]></system-out>
         <system-err><![CDATA[]]></system-err>
      </testcase>
      <testcase name="Test Cases/API/BOOKING/UPDATE BOOKING/TCUB02_WITHOUT TOKEN" time="1.494" classname="Test Cases/API/BOOKING/UPDATE BOOKING/TCUB02_WITHOUT TOKEN" status="PASSED">
         <system-out><![CDATA[2022-06-30 21:35:36 - [TEST_CASE][PASSED] - Test Cases/API/BOOKING/UPDATE BOOKING/TCUB02_WITHOUT TOKEN: Test Cases/API/BOOKING/UPDATE BOOKING/TCUB02_WITHOUT TOKEN

2022-06-30 21:35:37 - [TEST_STEP][PASSED] - Response = sendRequest(findTestObject("API/BOOKING/UPDATE BOOKING BY ID/TCUB02_UPDATE BOOKING WITHOUT TOKEN")): Send request successfully

2022-06-30 21:35:38 - [MESSAGE][INFO] - HAR: C:\Users\Thinkpad X260\git\CapstoneAPI\Reports\20220630_213509\TS_BOOKING\20220630_213509\requests\main\9.har

2022-06-30 21:35:38 - [MESSAGE][PASSED] - Send request successfully

2022-06-30 21:35:38 - [TEST_STEP][PASSED] - verifyResponseStatusCode(Response, Status_401): Verify response status code successfully

2022-06-30 21:35:38 - [MESSAGE][PASSED] - Verify response status code successfully]]></system-out>
         <system-err><![CDATA[]]></system-err>
      </testcase>
      <testcase name="Test Cases/API/BOOKING/UPDATE BOOKING/TCUB01_VALID DATA" time="1.878" classname="Test Cases/API/BOOKING/UPDATE BOOKING/TCUB01_VALID DATA" status="PASSED">
         <system-out><![CDATA[2022-06-30 21:35:38 - [TEST_CASE][PASSED] - Test Cases/API/BOOKING/UPDATE BOOKING/TCUB01_VALID DATA: Test Cases/API/BOOKING/UPDATE BOOKING/TCUB01_VALID DATA

2022-06-30 21:35:38 - [TEST_STEP][PASSED] - Response = sendRequest(findTestObject("API/BOOKING/UPDATE BOOKING BY ID/TCUB01_UPDATE BOOKING")): Send request successfully

2022-06-30 21:35:39 - [MESSAGE][INFO] - HAR: C:\Users\Thinkpad X260\git\CapstoneAPI\Reports\20220630_213509\TS_BOOKING\20220630_213509\requests\main\10.har

2022-06-30 21:35:39 - [MESSAGE][PASSED] - Send request successfully

2022-06-30 21:35:39 - [TEST_STEP][PASSED] - verifyResponseStatusCode(Response, Status_200): Verify response status code successfully

2022-06-30 21:35:39 - [MESSAGE][PASSED] - Verify response status code successfully

2022-06-30 21:35:39 - [TEST_STEP][PASSED] - verifyElementPropertyValue(Response, "status.message", update_success): Verify element property value successfully

2022-06-30 21:35:39 - [MESSAGE][PASSED] - Verify element property value successfully]]></system-out>
         <system-err><![CDATA[]]></system-err>
      </testcase>
      <testcase name="Test Cases/API/BOOKING/COUNT BOOKING/TC01_COUNT BY SCHEDULE ID" time="1.481" classname="Test Cases/API/BOOKING/COUNT BOOKING/TC01_COUNT BY SCHEDULE ID" status="PASSED">
         <system-out><![CDATA[2022-06-30 21:35:39 - [TEST_CASE][PASSED] - Test Cases/API/BOOKING/COUNT BOOKING/TC01_COUNT BY SCHEDULE ID: Test Cases/API/BOOKING/COUNT BOOKING/TC01_COUNT BY SCHEDULE ID

2022-06-30 21:35:40 - [TEST_STEP][PASSED] - Response = sendRequest(findTestObject("API/BOOKING/COUNT BOOKING/TCC01_BY SCHEDULE ID")): Send request successfully

2022-06-30 21:35:41 - [MESSAGE][INFO] - HAR: C:\Users\Thinkpad X260\git\CapstoneAPI\Reports\20220630_213509\TS_BOOKING\20220630_213509\requests\main\11.har

2022-06-30 21:35:41 - [MESSAGE][PASSED] - Send request successfully

2022-06-30 21:35:41 - [TEST_STEP][PASSED] - verifyResponseStatusCode(Response, Status_200): Verify response status code successfully

2022-06-30 21:35:41 - [MESSAGE][PASSED] - Verify response status code successfully]]></system-out>
         <system-err><![CDATA[]]></system-err>
      </testcase>
      <testcase name="Test Cases/API/BOOKING/COUNT BOOKING/TC02_COUNT WITHOUT SCHEDULE" time="1.853" classname="Test Cases/API/BOOKING/COUNT BOOKING/TC02_COUNT WITHOUT SCHEDULE" status="PASSED">
         <system-out><![CDATA[2022-06-30 21:35:41 - [TEST_CASE][PASSED] - Test Cases/API/BOOKING/COUNT BOOKING/TC02_COUNT WITHOUT SCHEDULE: Test Cases/API/BOOKING/COUNT BOOKING/TC02_COUNT WITHOUT SCHEDULE

2022-06-30 21:35:42 - [TEST_STEP][PASSED] - Response = sendRequest(findTestObject("API/BOOKING/COUNT BOOKING/TCC02_WITHOUT SCHEDULE")): Send request successfully

2022-06-30 21:35:43 - [MESSAGE][INFO] - HAR: C:\Users\Thinkpad X260\git\CapstoneAPI\Reports\20220630_213509\TS_BOOKING\20220630_213509\requests\main\12.har

2022-06-30 21:35:43 - [MESSAGE][PASSED] - Send request successfully

2022-06-30 21:35:43 - [TEST_STEP][PASSED] - verifyResponseStatusCode(Response, Status_400): Verify response status code successfully

2022-06-30 21:35:43 - [MESSAGE][PASSED] - Verify response status code successfully]]></system-out>
         <system-err><![CDATA[]]></system-err>
      </testcase>
      <system-out><![CDATA[2022-06-30 21:35:15 - [TEST_SUITE][PASSED] - TS_BOOKING: Test Cases/API/BOOKING/COUNT BOOKING/TC02_COUNT WITHOUT SCHEDULE]]></system-out>
      <system-err><![CDATA[]]></system-err>
   </testsuite>
</testsuites>
