<?xml version="1.0" encoding="UTF-8"?>
<testsuites name="TS_CITIZEN" time="710.902" tests="10" failures="3" errors="0">
   <testsuite name="TS_CITIZEN" tests="10" failures="3" errors="0" time="710.902" skipped="0" timestamp="2022-07-19 14:12:36" hostname="Thinkpad X260 - DESKTOP-D9B57TC" id="Test Suites/TS_CITIZEN">
      <properties>
         <property name="deviceName" value=""/>
         <property name="devicePlatform" value=""/>
         <property name="logFolder" value="C:\\Users\\Thinkpad X260\\git\\CapstoneWEBSITE\\Reports\\20220719_141232\\TS_CITIZEN\\20220719_141232"/>
         <property name="logFiles" value="C:\\Users\\Thinkpad X260\\git\\CapstoneWEBSITE\\Reports\\20220719_141232\\TS_CITIZEN\\20220719_141232\\execution0.log"/>
         <property name="attachments" value="C:\\Users\\Thinkpad X260\\git\\CapstoneWEBSITE\\Reports\\20220719_141232\\TS_CITIZEN\\20220719_141232\\1658215143476.png, C:\\Users\\Thinkpad X260\\git\\CapstoneWEBSITE\\Reports\\20220719_141232\\TS_CITIZEN\\20220719_141232\\1658215411329.png, C:\\Users\\Thinkpad X260\\git\\CapstoneWEBSITE\\Reports\\20220719_141232\\TS_CITIZEN\\20220719_141232\\1658215411576.png, C:\\Users\\Thinkpad X260\\git\\CapstoneWEBSITE\\Reports\\20220719_141232\\TS_CITIZEN\\20220719_141232\\1658215464975.png, C:\\Users\\Thinkpad X260\\git\\CapstoneWEBSITE\\Reports\\20220719_141232\\TS_CITIZEN\\20220719_141232\\1658215465176.png"/>
         <property name="hostName" value="Thinkpad X260 - DESKTOP-D9B57TC"/>
         <property name="os" value="Windows 10 64bit"/>
         <property name="katalonVersion" value="8.2.5.208"/>
         <property name="browser" value="Chrome 103.0.5060.114"/>
         <property name="hostAddress" value="192.168.100.66"/>
         <property name="sessionId" value="4696b436a22019c601a2de00bd009ab1"/>
         <property name="seleniumVersion" value="3.141.59"/>
         <property name="proxyInformation" value="ProxyInformation { proxyOption=NO_PROXY, proxyServerType=HTTP, username=, password=********, proxyServerAddress=, proxyServerPort=0, executionList=&quot;&quot;, isApplyToDesiredCapabilities=true }"/>
         <property name="platform" value="Windows 10"/>
      </properties>
      <testcase name="Test Cases/CITIZEN/AUTH/TC_Register" time="228.952" classname="Test Cases/CITIZEN/AUTH/TC_Register" status="PASSED">
         <system-out><![CDATA[2022-07-19 14:12:37 - [TEST_CASE][PASSED] - Test Cases/CITIZEN/AUTH/TC_Register: Test Cases/CITIZEN/AUTH/TC_Register

2022-07-19 14:12:37 - [TEST_STEP][PASSED] - for ([i = 1, i <= 6, (i++)]): Browser is closed

2022-07-19 14:12:37 - [TEST_STEP][PASSED] - openBrowser(""): Browser is opened with url: ''

2022-07-19 14:12:38 - [MESSAGE][INFO] - Starting 'Chrome' driver

2022-07-19 14:12:38 - [MESSAGE][INFO] - Action delay is set to 0 milliseconds

2022-07-19 14:12:41 - [MESSAGE][PASSED] - Browser is opened with url: ''

2022-07-19 14:12:41 - [TEST_STEP][PASSED] - maximizeWindow(): Current window maximized

2022-07-19 14:12:41 - [MESSAGE][PASSED] - Current window maximized

2022-07-19 14:12:41 - [TEST_STEP][PASSED] - navigateToUrl("https://dev-getvaccine-16.netlify.app/"): Navigate to 'https://dev-getvaccine-16.netlify.app/' successfully

2022-07-19 14:12:50 - [MESSAGE][PASSED] - Navigate to 'https://dev-getvaccine-16.netlify.app/' successfully

2022-07-19 14:12:50 - [TEST_STEP][PASSED] - click(findTestObject("CITIZEN/Page_Home  GetVaccine/a_Register")): Object: 'Object Repository/CITIZEN/Page_Home  GetVaccine/a_Register' is clicked on

2022-07-19 14:12:51 - [MESSAGE][PASSED] - Object: 'Object Repository/CITIZEN/Page_Home  GetVaccine/a_Register' is clicked on

2022-07-19 14:12:51 - [TEST_STEP][PASSED] - verifyElementVisible(findTestObject("CITIZEN/Page_Registrasi  GetVaccine/h2_Register")): Object 'Object Repository/CITIZEN/Page_Registrasi  GetVaccine/h2_Register' is visible

2022-07-19 14:12:52 - [MESSAGE][PASSED] - Object 'Object Repository/CITIZEN/Page_Registrasi  GetVaccine/h2_Register' is visible

2022-07-19 14:12:52 - [TEST_STEP][PASSED] - setText(findTestObject("CITIZEN/Page_Registrasi  GetVaccine/input_NIK_basic_nik"), findTestData("CITIZEN/Register").getValue(1, i)): Text '1234' is set on object 'Object Repository/CITIZEN/Page_Registrasi  GetVaccine/input_NIK_basic_nik'

2022-07-19 14:12:53 - [MESSAGE][PASSED] - Text '1234' is set on object 'Object Repository/CITIZEN/Page_Registrasi  GetVaccine/input_NIK_basic_nik'

2022-07-19 14:12:53 - [TEST_STEP][PASSED] - setText(findTestObject("CITIZEN/Page_Registrasi  GetVaccine/input_Nama Lengkap_basic_fullname"), findTestData("CITIZEN/Register").getValue(2, i)): Text 'Harnanada' is set on object 'Object Repository/CITIZEN/Page_Registrasi  GetVaccine/input_Nama Lengkap_basic_fullname'

2022-07-19 14:12:54 - [MESSAGE][PASSED] - Text 'Harnanada' is set on object 'Object Repository/CITIZEN/Page_Registrasi  GetVaccine/input_Nama Lengkap_basic_fullname'

2022-07-19 14:12:54 - [TEST_STEP][PASSED] - setText(findTestObject("CITIZEN/Page_Registrasi  GetVaccine/input_Email_basic_email"), findTestData("CITIZEN/Register").getValue(3, i)): Text 'harnanda@email.com' is set on object 'Object Repository/CITIZEN/Page_Registrasi  GetVaccine/input_Email_basic_email'

2022-07-19 14:12:55 - [MESSAGE][PASSED] - Text 'harnanda@email.com' is set on object 'Object Repository/CITIZEN/Page_Registrasi  GetVaccine/input_Email_basic_email'

2022-07-19 14:12:55 - [TEST_STEP][PASSED] - setText(findTestObject("CITIZEN/Page_Registrasi  GetVaccine/input_Password_basic_password"), findTestData("CITIZEN/Register").getValue(4, i)): Text 'Haha1234' is set on object 'Object Repository/CITIZEN/Page_Registrasi  GetVaccine/input_Password_basic_password'

2022-07-19 14:12:56 - [MESSAGE][PASSED] - Text 'Haha1234' is set on object 'Object Repository/CITIZEN/Page_Registrasi  GetVaccine/input_Password_basic_password'

2022-07-19 14:12:56 - [TEST_STEP][PASSED] - click(findTestObject("CITIZEN/Page_Login  GetVaccine/eye")): Object: 'Object Repository/CITIZEN/Page_Login  GetVaccine/eye' is clicked on

2022-07-19 14:12:56 - [MESSAGE][PASSED] - Object: 'Object Repository/CITIZEN/Page_Login  GetVaccine/eye' is clicked on

2022-07-19 14:12:56 - [TEST_STEP][PASSED] - setText(findTestObject("CITIZEN/Page_Registrasi  GetVaccine/input_Confirm Password_basic_confirmPassword"), findTestData("CITIZEN/Register").getValue(5, i)): Text 'Haha1234' is set on object 'Object Repository/CITIZEN/Page_Registrasi  GetVaccine/input_Confirm Password_basic_confirmPassword'

2022-07-19 14:12:57 - [MESSAGE][PASSED] - Text 'Haha1234' is set on object 'Object Repository/CITIZEN/Page_Registrasi  GetVaccine/input_Confirm Password_basic_confirmPassword'

2022-07-19 14:12:57 - [TEST_STEP][PASSED] - click(findTestObject("CITIZEN/Page_Login  GetVaccine/eye")): Object: 'Object Repository/CITIZEN/Page_Login  GetVaccine/eye' is clicked on

2022-07-19 14:12:58 - [MESSAGE][PASSED] - Object: 'Object Repository/CITIZEN/Page_Login  GetVaccine/eye' is clicked on

2022-07-19 14:12:58 - [TEST_STEP][PASSED] - click(findTestObject("CITIZEN/Page_Registrasi  GetVaccine/button_Register")): Object: 'Object Repository/CITIZEN/Page_Registrasi  GetVaccine/button_Register' is clicked on

2022-07-19 14:12:58 - [MESSAGE][PASSED] - Object: 'Object Repository/CITIZEN/Page_Registrasi  GetVaccine/button_Register' is clicked on

2022-07-19 14:12:58 - [TEST_STEP][PASSED] - if (i == 1): Object 'Object Repository/CITIZEN/Page_Registrasi  GetVaccine/div_Masukkan minimal 16 karakter' is visible

2022-07-19 14:12:58 - [TEST_STEP][PASSED] - verifyElementVisible(findTestObject("CITIZEN/Page_Registrasi  GetVaccine/div_Masukkan minimal 16 karakter"), CONTINUE_ON_FAILURE): Object 'Object Repository/CITIZEN/Page_Registrasi  GetVaccine/div_Masukkan minimal 16 karakter' is visible

2022-07-19 14:12:59 - [MESSAGE][PASSED] - Object 'Object Repository/CITIZEN/Page_Registrasi  GetVaccine/div_Masukkan minimal 16 karakter' is visible

2022-07-19 14:12:59 - [TEST_STEP][PASSED] - closeBrowser(): Browser is closed

2022-07-19 14:13:00 - [MESSAGE][PASSED] - Browser is closed

2022-07-19 14:13:00 - [TEST_STEP][PASSED] - openBrowser(""): Browser is opened with url: ''

2022-07-19 14:13:00 - [MESSAGE][INFO] - Starting 'Chrome' driver

2022-07-19 14:13:00 - [MESSAGE][INFO] - Action delay is set to 0 milliseconds

2022-07-19 14:13:01 - [MESSAGE][PASSED] - Browser is opened with url: ''

2022-07-19 14:13:01 - [TEST_STEP][PASSED] - maximizeWindow(): Current window maximized

2022-07-19 14:13:01 - [MESSAGE][PASSED] - Current window maximized

2022-07-19 14:13:01 - [TEST_STEP][PASSED] - navigateToUrl("https://dev-getvaccine-16.netlify.app/"): Navigate to 'https://dev-getvaccine-16.netlify.app/' successfully

2022-07-19 14:13:03 - [MESSAGE][PASSED] - Navigate to 'https://dev-getvaccine-16.netlify.app/' successfully

2022-07-19 14:13:03 - [TEST_STEP][PASSED] - click(findTestObject("CITIZEN/Page_Home  GetVaccine/a_Register")): Object: 'Object Repository/CITIZEN/Page_Home  GetVaccine/a_Register' is clicked on

2022-07-19 14:13:04 - [MESSAGE][PASSED] - Object: 'Object Repository/CITIZEN/Page_Home  GetVaccine/a_Register' is clicked on

2022-07-19 14:13:04 - [TEST_STEP][PASSED] - verifyElementVisible(findTestObject("CITIZEN/Page_Registrasi  GetVaccine/h2_Register")): Object 'Object Repository/CITIZEN/Page_Registrasi  GetVaccine/h2_Register' is visible

2022-07-19 14:13:05 - [MESSAGE][PASSED] - Object 'Object Repository/CITIZEN/Page_Registrasi  GetVaccine/h2_Register' is visible

2022-07-19 14:13:05 - [TEST_STEP][PASSED] - setText(findTestObject("CITIZEN/Page_Registrasi  GetVaccine/input_NIK_basic_nik"), findTestData("CITIZEN/Register").getValue(1, i)): Text '1234A' is set on object 'Object Repository/CITIZEN/Page_Registrasi  GetVaccine/input_NIK_basic_nik'

2022-07-19 14:13:06 - [MESSAGE][PASSED] - Text '1234A' is set on object 'Object Repository/CITIZEN/Page_Registrasi  GetVaccine/input_NIK_basic_nik'

2022-07-19 14:13:06 - [TEST_STEP][PASSED] - setText(findTestObject("CITIZEN/Page_Registrasi  GetVaccine/input_Nama Lengkap_basic_fullname"), findTestData("CITIZEN/Register").getValue(2, i)): Text 'Harnanda' is set on object 'Object Repository/CITIZEN/Page_Registrasi  GetVaccine/input_Nama Lengkap_basic_fullname'

2022-07-19 14:13:07 - [MESSAGE][PASSED] - Text 'Harnanda' is set on object 'Object Repository/CITIZEN/Page_Registrasi  GetVaccine/input_Nama Lengkap_basic_fullname'

2022-07-19 14:13:07 - [TEST_STEP][PASSED] - setText(findTestObject("CITIZEN/Page_Registrasi  GetVaccine/input_Email_basic_email"), findTestData("CITIZEN/Register").getValue(3, i)): Text 'harnanda@email.com' is set on object 'Object Repository/CITIZEN/Page_Registrasi  GetVaccine/input_Email_basic_email'

2022-07-19 14:13:08 - [MESSAGE][PASSED] - Text 'harnanda@email.com' is set on object 'Object Repository/CITIZEN/Page_Registrasi  GetVaccine/input_Email_basic_email'

2022-07-19 14:13:08 - [TEST_STEP][PASSED] - setText(findTestObject("CITIZEN/Page_Registrasi  GetVaccine/input_Password_basic_password"), findTestData("CITIZEN/Register").getValue(4, i)): Text 'Haha1234' is set on object 'Object Repository/CITIZEN/Page_Registrasi  GetVaccine/input_Password_basic_password'

2022-07-19 14:13:09 - [MESSAGE][PASSED] - Text 'Haha1234' is set on object 'Object Repository/CITIZEN/Page_Registrasi  GetVaccine/input_Password_basic_password'

2022-07-19 14:13:09 - [TEST_STEP][PASSED] - click(findTestObject("CITIZEN/Page_Login  GetVaccine/eye")): Object: 'Object Repository/CITIZEN/Page_Login  GetVaccine/eye' is clicked on

2022-07-19 14:13:09 - [MESSAGE][PASSED] - Object: 'Object Repository/CITIZEN/Page_Login  GetVaccine/eye' is clicked on

2022-07-19 14:13:09 - [TEST_STEP][PASSED] - setText(findTestObject("CITIZEN/Page_Registrasi  GetVaccine/input_Confirm Password_basic_confirmPassword"), findTestData("CITIZEN/Register").getValue(5, i)): Text 'Haha1234' is set on object 'Object Repository/CITIZEN/Page_Registrasi  GetVaccine/input_Confirm Password_basic_confirmPassword'

2022-07-19 14:13:10 - [MESSAGE][PASSED] - Text 'Haha1234' is set on object 'Object Repository/CITIZEN/Page_Registrasi  GetVaccine/input_Confirm Password_basic_confirmPassword'

2022-07-19 14:13:10 - [TEST_STEP][PASSED] - click(findTestObject("CITIZEN/Page_Login  GetVaccine/eye")): Object: 'Object Repository/CITIZEN/Page_Login  GetVaccine/eye' is clicked on

2022-07-19 14:13:11 - [MESSAGE][PASSED] - Object: 'Object Repository/CITIZEN/Page_Login  GetVaccine/eye' is clicked on

2022-07-19 14:13:11 - [TEST_STEP][PASSED] - click(findTestObject("CITIZEN/Page_Registrasi  GetVaccine/button_Register")): Object: 'Object Repository/CITIZEN/Page_Registrasi  GetVaccine/button_Register' is clicked on

2022-07-19 14:13:11 - [MESSAGE][PASSED] - Object: 'Object Repository/CITIZEN/Page_Registrasi  GetVaccine/button_Register' is clicked on

2022-07-19 14:13:11 - [TEST_STEP][PASSED] - if (i == 1): null

2022-07-19 14:13:11 - [TEST_STEP][PASSED] - else if (i == 2): Object 'Object Repository/CITIZEN/Page_Registrasi  GetVaccine/div_Inputan Harus Berupa Angka' is visible

2022-07-19 14:13:11 - [TEST_STEP][PASSED] - verifyElementVisible(findTestObject("CITIZEN/Page_Registrasi  GetVaccine/div_Inputan Harus Berupa Angka"), CONTINUE_ON_FAILURE): Object 'Object Repository/CITIZEN/Page_Registrasi  GetVaccine/div_Inputan Harus Berupa Angka' is visible

2022-07-19 14:13:12 - [MESSAGE][PASSED] - Object 'Object Repository/CITIZEN/Page_Registrasi  GetVaccine/div_Inputan Harus Berupa Angka' is visible

2022-07-19 14:13:12 - [TEST_STEP][PASSED] - closeBrowser(): Browser is closed

2022-07-19 14:13:13 - [MESSAGE][PASSED] - Browser is closed

2022-07-19 14:13:13 - [TEST_STEP][PASSED] - openBrowser(""): Browser is opened with url: ''

2022-07-19 14:13:13 - [MESSAGE][INFO] - Starting 'Chrome' driver

2022-07-19 14:13:13 - [MESSAGE][INFO] - Action delay is set to 0 milliseconds

2022-07-19 14:13:14 - [MESSAGE][PASSED] - Browser is opened with url: ''

2022-07-19 14:13:14 - [TEST_STEP][PASSED] - maximizeWindow(): Current window maximized

2022-07-19 14:13:14 - [MESSAGE][PASSED] - Current window maximized

2022-07-19 14:13:14 - [TEST_STEP][PASSED] - navigateToUrl("https://dev-getvaccine-16.netlify.app/"): Navigate to 'https://dev-getvaccine-16.netlify.app/' successfully

2022-07-19 14:13:16 - [MESSAGE][PASSED] - Navigate to 'https://dev-getvaccine-16.netlify.app/' successfully

2022-07-19 14:13:16 - [TEST_STEP][PASSED] - click(findTestObject("CITIZEN/Page_Home  GetVaccine/a_Register")): Object: 'Object Repository/CITIZEN/Page_Home  GetVaccine/a_Register' is clicked on

2022-07-19 14:13:17 - [MESSAGE][PASSED] - Object: 'Object Repository/CITIZEN/Page_Home  GetVaccine/a_Register' is clicked on

2022-07-19 14:13:17 - [TEST_STEP][PASSED] - verifyElementVisible(findTestObject("CITIZEN/Page_Registrasi  GetVaccine/h2_Register")): Object 'Object Repository/CITIZEN/Page_Registrasi  GetVaccine/h2_Register' is visible

2022-07-19 14:13:18 - [MESSAGE][PASSED] - Object 'Object Repository/CITIZEN/Page_Registrasi  GetVaccine/h2_Register' is visible

2022-07-19 14:13:18 - [TEST_STEP][PASSED] - setText(findTestObject("CITIZEN/Page_Registrasi  GetVaccine/input_NIK_basic_nik"), findTestData("CITIZEN/Register").getValue(1, i)): Text '1234567890123456' is set on object 'Object Repository/CITIZEN/Page_Registrasi  GetVaccine/input_NIK_basic_nik'

2022-07-19 14:13:19 - [MESSAGE][PASSED] - Text '1234567890123456' is set on object 'Object Repository/CITIZEN/Page_Registrasi  GetVaccine/input_NIK_basic_nik'

2022-07-19 14:13:19 - [TEST_STEP][PASSED] - setText(findTestObject("CITIZEN/Page_Registrasi  GetVaccine/input_Nama Lengkap_basic_fullname"), findTestData("CITIZEN/Register").getValue(2, i)): Text 'Harnanda1' is set on object 'Object Repository/CITIZEN/Page_Registrasi  GetVaccine/input_Nama Lengkap_basic_fullname'

2022-07-19 14:13:19 - [MESSAGE][PASSED] - Text 'Harnanda1' is set on object 'Object Repository/CITIZEN/Page_Registrasi  GetVaccine/input_Nama Lengkap_basic_fullname'

2022-07-19 14:13:19 - [TEST_STEP][PASSED] - setText(findTestObject("CITIZEN/Page_Registrasi  GetVaccine/input_Email_basic_email"), findTestData("CITIZEN/Register").getValue(3, i)): Text 'harnanda@email.com' is set on object 'Object Repository/CITIZEN/Page_Registrasi  GetVaccine/input_Email_basic_email'

2022-07-19 14:13:20 - [MESSAGE][PASSED] - Text 'harnanda@email.com' is set on object 'Object Repository/CITIZEN/Page_Registrasi  GetVaccine/input_Email_basic_email'

2022-07-19 14:13:20 - [TEST_STEP][PASSED] - setText(findTestObject("CITIZEN/Page_Registrasi  GetVaccine/input_Password_basic_password"), findTestData("CITIZEN/Register").getValue(4, i)): Text 'Haha1234' is set on object 'Object Repository/CITIZEN/Page_Registrasi  GetVaccine/input_Password_basic_password'

2022-07-19 14:13:21 - [MESSAGE][PASSED] - Text 'Haha1234' is set on object 'Object Repository/CITIZEN/Page_Registrasi  GetVaccine/input_Password_basic_password'

2022-07-19 14:13:21 - [TEST_STEP][PASSED] - click(findTestObject("CITIZEN/Page_Login  GetVaccine/eye")): Object: 'Object Repository/CITIZEN/Page_Login  GetVaccine/eye' is clicked on

2022-07-19 14:13:22 - [MESSAGE][PASSED] - Object: 'Object Repository/CITIZEN/Page_Login  GetVaccine/eye' is clicked on

2022-07-19 14:13:22 - [TEST_STEP][PASSED] - setText(findTestObject("CITIZEN/Page_Registrasi  GetVaccine/input_Confirm Password_basic_confirmPassword"), findTestData("CITIZEN/Register").getValue(5, i)): Text 'Haha1234' is set on object 'Object Repository/CITIZEN/Page_Registrasi  GetVaccine/input_Confirm Password_basic_confirmPassword'

2022-07-19 14:13:23 - [MESSAGE][PASSED] - Text 'Haha1234' is set on object 'Object Repository/CITIZEN/Page_Registrasi  GetVaccine/input_Confirm Password_basic_confirmPassword'

2022-07-19 14:13:23 - [TEST_STEP][PASSED] - click(findTestObject("CITIZEN/Page_Login  GetVaccine/eye")): Object: 'Object Repository/CITIZEN/Page_Login  GetVaccine/eye' is clicked on

2022-07-19 14:13:23 - [MESSAGE][PASSED] - Object: 'Object Repository/CITIZEN/Page_Login  GetVaccine/eye' is clicked on

2022-07-19 14:13:23 - [TEST_STEP][PASSED] - click(findTestObject("CITIZEN/Page_Registrasi  GetVaccine/button_Register")): Object: 'Object Repository/CITIZEN/Page_Registrasi  GetVaccine/button_Register' is clicked on

2022-07-19 14:13:24 - [MESSAGE][PASSED] - Object: 'Object Repository/CITIZEN/Page_Registrasi  GetVaccine/button_Register' is clicked on

2022-07-19 14:13:24 - [TEST_STEP][PASSED] - if (i == 1): null

2022-07-19 14:13:24 - [TEST_STEP][PASSED] - else if (i == 2): null

2022-07-19 14:13:24 - [TEST_STEP][PASSED] - else if (i == 3): Object 'Object Repository/CITIZEN/Page_Registrasi  GetVaccine/div_Karakter yang diizinkan spasi, huruf ka_922eed' is visible

2022-07-19 14:13:24 - [TEST_STEP][PASSED] - verifyElementVisible(findTestObject("CITIZEN/Page_Registrasi  GetVaccine/div_Karakter yang diizinkan spasi, huruf ka_922eed"), CONTINUE_ON_FAILURE): Object 'Object Repository/CITIZEN/Page_Registrasi  GetVaccine/div_Karakter yang diizinkan spasi, huruf ka_922eed' is visible

2022-07-19 14:13:24 - [MESSAGE][PASSED] - Object 'Object Repository/CITIZEN/Page_Registrasi  GetVaccine/div_Karakter yang diizinkan spasi, huruf ka_922eed' is visible

2022-07-19 14:13:24 - [TEST_STEP][PASSED] - closeBrowser(): Browser is closed

2022-07-19 14:13:25 - [MESSAGE][PASSED] - Browser is closed

2022-07-19 14:13:25 - [TEST_STEP][PASSED] - openBrowser(""): Browser is opened with url: ''

2022-07-19 14:13:25 - [MESSAGE][INFO] - Starting 'Chrome' driver

2022-07-19 14:13:25 - [MESSAGE][INFO] - Action delay is set to 0 milliseconds

2022-07-19 14:13:27 - [MESSAGE][PASSED] - Browser is opened with url: ''

2022-07-19 14:13:27 - [TEST_STEP][PASSED] - maximizeWindow(): Current window maximized

2022-07-19 14:13:27 - [MESSAGE][PASSED] - Current window maximized

2022-07-19 14:13:27 - [TEST_STEP][PASSED] - navigateToUrl("https://dev-getvaccine-16.netlify.app/"): Navigate to 'https://dev-getvaccine-16.netlify.app/' successfully

2022-07-19 14:14:02 - [MESSAGE][PASSED] - Navigate to 'https://dev-getvaccine-16.netlify.app/' successfully

2022-07-19 14:14:02 - [TEST_STEP][PASSED] - click(findTestObject("CITIZEN/Page_Home  GetVaccine/a_Register")): Object: 'Object Repository/CITIZEN/Page_Home  GetVaccine/a_Register' is clicked on

2022-07-19 14:14:02 - [MESSAGE][PASSED] - Object: 'Object Repository/CITIZEN/Page_Home  GetVaccine/a_Register' is clicked on

2022-07-19 14:14:02 - [TEST_STEP][PASSED] - verifyElementVisible(findTestObject("CITIZEN/Page_Registrasi  GetVaccine/h2_Register")): Object 'Object Repository/CITIZEN/Page_Registrasi  GetVaccine/h2_Register' is visible

2022-07-19 14:14:03 - [MESSAGE][PASSED] - Object 'Object Repository/CITIZEN/Page_Registrasi  GetVaccine/h2_Register' is visible

2022-07-19 14:14:03 - [TEST_STEP][PASSED] - setText(findTestObject("CITIZEN/Page_Registrasi  GetVaccine/input_NIK_basic_nik"), findTestData("CITIZEN/Register").getValue(1, i)): Text '1234567890123456' is set on object 'Object Repository/CITIZEN/Page_Registrasi  GetVaccine/input_NIK_basic_nik'

2022-07-19 14:14:04 - [MESSAGE][PASSED] - Text '1234567890123456' is set on object 'Object Repository/CITIZEN/Page_Registrasi  GetVaccine/input_NIK_basic_nik'

2022-07-19 14:14:04 - [TEST_STEP][PASSED] - setText(findTestObject("CITIZEN/Page_Registrasi  GetVaccine/input_Nama Lengkap_basic_fullname"), findTestData("CITIZEN/Register").getValue(2, i)): Text 'Harnanda' is set on object 'Object Repository/CITIZEN/Page_Registrasi  GetVaccine/input_Nama Lengkap_basic_fullname'

2022-07-19 14:14:05 - [MESSAGE][PASSED] - Text 'Harnanda' is set on object 'Object Repository/CITIZEN/Page_Registrasi  GetVaccine/input_Nama Lengkap_basic_fullname'

2022-07-19 14:14:05 - [TEST_STEP][PASSED] - setText(findTestObject("CITIZEN/Page_Registrasi  GetVaccine/input_Email_basic_email"), findTestData("CITIZEN/Register").getValue(3, i)): Text 'harnanda' is set on object 'Object Repository/CITIZEN/Page_Registrasi  GetVaccine/input_Email_basic_email'

2022-07-19 14:14:06 - [MESSAGE][PASSED] - Text 'harnanda' is set on object 'Object Repository/CITIZEN/Page_Registrasi  GetVaccine/input_Email_basic_email'

2022-07-19 14:14:06 - [TEST_STEP][PASSED] - setText(findTestObject("CITIZEN/Page_Registrasi  GetVaccine/input_Password_basic_password"), findTestData("CITIZEN/Register").getValue(4, i)): Text 'Haha1234' is set on object 'Object Repository/CITIZEN/Page_Registrasi  GetVaccine/input_Password_basic_password'

2022-07-19 14:14:07 - [MESSAGE][PASSED] - Text 'Haha1234' is set on object 'Object Repository/CITIZEN/Page_Registrasi  GetVaccine/input_Password_basic_password'

2022-07-19 14:14:07 - [TEST_STEP][PASSED] - click(findTestObject("CITIZEN/Page_Login  GetVaccine/eye")): Object: 'Object Repository/CITIZEN/Page_Login  GetVaccine/eye' is clicked on

2022-07-19 14:14:07 - [MESSAGE][PASSED] - Object: 'Object Repository/CITIZEN/Page_Login  GetVaccine/eye' is clicked on

2022-07-19 14:14:07 - [TEST_STEP][PASSED] - setText(findTestObject("CITIZEN/Page_Registrasi  GetVaccine/input_Confirm Password_basic_confirmPassword"), findTestData("CITIZEN/Register").getValue(5, i)): Text 'Haha1234' is set on object 'Object Repository/CITIZEN/Page_Registrasi  GetVaccine/input_Confirm Password_basic_confirmPassword'

2022-07-19 14:14:08 - [MESSAGE][PASSED] - Text 'Haha1234' is set on object 'Object Repository/CITIZEN/Page_Registrasi  GetVaccine/input_Confirm Password_basic_confirmPassword'

2022-07-19 14:14:08 - [TEST_STEP][PASSED] - click(findTestObject("CITIZEN/Page_Login  GetVaccine/eye")): Object: 'Object Repository/CITIZEN/Page_Login  GetVaccine/eye' is clicked on

2022-07-19 14:14:09 - [MESSAGE][PASSED] - Object: 'Object Repository/CITIZEN/Page_Login  GetVaccine/eye' is clicked on

2022-07-19 14:14:09 - [TEST_STEP][PASSED] - click(findTestObject("CITIZEN/Page_Registrasi  GetVaccine/button_Register")): Object: 'Object Repository/CITIZEN/Page_Registrasi  GetVaccine/button_Register' is clicked on

2022-07-19 14:14:09 - [MESSAGE][PASSED] - Object: 'Object Repository/CITIZEN/Page_Registrasi  GetVaccine/button_Register' is clicked on

2022-07-19 14:14:09 - [TEST_STEP][PASSED] - if (i == 1): null

2022-07-19 14:14:09 - [TEST_STEP][PASSED] - else if (i == 2): null

2022-07-19 14:14:09 - [TEST_STEP][PASSED] - else if (i == 3): null

2022-07-19 14:14:09 - [TEST_STEP][PASSED] - else if (i == 4): Object 'Object Repository/CITIZEN/Page_Registrasi  GetVaccine/div_Format Email tidak valid' is visible

2022-07-19 14:14:09 - [TEST_STEP][PASSED] - verifyElementVisible(findTestObject("CITIZEN/Page_Registrasi  GetVaccine/div_Format Email tidak valid"), CONTINUE_ON_FAILURE): Object 'Object Repository/CITIZEN/Page_Registrasi  GetVaccine/div_Format Email tidak valid' is visible

2022-07-19 14:14:10 - [MESSAGE][PASSED] - Object 'Object Repository/CITIZEN/Page_Registrasi  GetVaccine/div_Format Email tidak valid' is visible

2022-07-19 14:14:10 - [TEST_STEP][PASSED] - closeBrowser(): Browser is closed

2022-07-19 14:14:11 - [MESSAGE][PASSED] - Browser is closed

2022-07-19 14:14:11 - [TEST_STEP][PASSED] - openBrowser(""): Browser is opened with url: ''

2022-07-19 14:14:11 - [MESSAGE][INFO] - Starting 'Chrome' driver

2022-07-19 14:14:11 - [MESSAGE][INFO] - Action delay is set to 0 milliseconds

2022-07-19 14:14:12 - [MESSAGE][PASSED] - Browser is opened with url: ''

2022-07-19 14:14:12 - [TEST_STEP][PASSED] - maximizeWindow(): Current window maximized

2022-07-19 14:14:13 - [MESSAGE][PASSED] - Current window maximized

2022-07-19 14:14:13 - [TEST_STEP][PASSED] - navigateToUrl("https://dev-getvaccine-16.netlify.app/"): Navigate to 'https://dev-getvaccine-16.netlify.app/' successfully

2022-07-19 14:15:08 - [MESSAGE][PASSED] - Navigate to 'https://dev-getvaccine-16.netlify.app/' successfully

2022-07-19 14:15:08 - [TEST_STEP][PASSED] - click(findTestObject("CITIZEN/Page_Home  GetVaccine/a_Register")): Object: 'Object Repository/CITIZEN/Page_Home  GetVaccine/a_Register' is clicked on

2022-07-19 14:15:09 - [MESSAGE][PASSED] - Object: 'Object Repository/CITIZEN/Page_Home  GetVaccine/a_Register' is clicked on

2022-07-19 14:15:09 - [TEST_STEP][PASSED] - verifyElementVisible(findTestObject("CITIZEN/Page_Registrasi  GetVaccine/h2_Register")): Object 'Object Repository/CITIZEN/Page_Registrasi  GetVaccine/h2_Register' is visible

2022-07-19 14:15:09 - [MESSAGE][PASSED] - Object 'Object Repository/CITIZEN/Page_Registrasi  GetVaccine/h2_Register' is visible

2022-07-19 14:15:09 - [TEST_STEP][PASSED] - setText(findTestObject("CITIZEN/Page_Registrasi  GetVaccine/input_NIK_basic_nik"), findTestData("CITIZEN/Register").getValue(1, i)): Text '1234567890123456' is set on object 'Object Repository/CITIZEN/Page_Registrasi  GetVaccine/input_NIK_basic_nik'

2022-07-19 14:15:10 - [MESSAGE][PASSED] - Text '1234567890123456' is set on object 'Object Repository/CITIZEN/Page_Registrasi  GetVaccine/input_NIK_basic_nik'

2022-07-19 14:15:10 - [TEST_STEP][PASSED] - setText(findTestObject("CITIZEN/Page_Registrasi  GetVaccine/input_Nama Lengkap_basic_fullname"), findTestData("CITIZEN/Register").getValue(2, i)): Text 'Harnanda' is set on object 'Object Repository/CITIZEN/Page_Registrasi  GetVaccine/input_Nama Lengkap_basic_fullname'

2022-07-19 14:15:11 - [MESSAGE][PASSED] - Text 'Harnanda' is set on object 'Object Repository/CITIZEN/Page_Registrasi  GetVaccine/input_Nama Lengkap_basic_fullname'

2022-07-19 14:15:11 - [TEST_STEP][PASSED] - setText(findTestObject("CITIZEN/Page_Registrasi  GetVaccine/input_Email_basic_email"), findTestData("CITIZEN/Register").getValue(3, i)): Text 'harnanda@email.com' is set on object 'Object Repository/CITIZEN/Page_Registrasi  GetVaccine/input_Email_basic_email'

2022-07-19 14:15:12 - [MESSAGE][PASSED] - Text 'harnanda@email.com' is set on object 'Object Repository/CITIZEN/Page_Registrasi  GetVaccine/input_Email_basic_email'

2022-07-19 14:15:12 - [TEST_STEP][PASSED] - setText(findTestObject("CITIZEN/Page_Registrasi  GetVaccine/input_Password_basic_password"), findTestData("CITIZEN/Register").getValue(4, i)): Text 'haha123' is set on object 'Object Repository/CITIZEN/Page_Registrasi  GetVaccine/input_Password_basic_password'

2022-07-19 14:15:13 - [MESSAGE][PASSED] - Text 'haha123' is set on object 'Object Repository/CITIZEN/Page_Registrasi  GetVaccine/input_Password_basic_password'

2022-07-19 14:15:13 - [TEST_STEP][PASSED] - click(findTestObject("CITIZEN/Page_Login  GetVaccine/eye")): Object: 'Object Repository/CITIZEN/Page_Login  GetVaccine/eye' is clicked on

2022-07-19 14:15:14 - [MESSAGE][PASSED] - Object: 'Object Repository/CITIZEN/Page_Login  GetVaccine/eye' is clicked on

2022-07-19 14:15:14 - [TEST_STEP][PASSED] - setText(findTestObject("CITIZEN/Page_Registrasi  GetVaccine/input_Confirm Password_basic_confirmPassword"), findTestData("CITIZEN/Register").getValue(5, i)): Text 'Haha1234' is set on object 'Object Repository/CITIZEN/Page_Registrasi  GetVaccine/input_Confirm Password_basic_confirmPassword'

2022-07-19 14:15:15 - [MESSAGE][PASSED] - Text 'Haha1234' is set on object 'Object Repository/CITIZEN/Page_Registrasi  GetVaccine/input_Confirm Password_basic_confirmPassword'

2022-07-19 14:15:15 - [TEST_STEP][PASSED] - click(findTestObject("CITIZEN/Page_Login  GetVaccine/eye")): Object: 'Object Repository/CITIZEN/Page_Login  GetVaccine/eye' is clicked on

2022-07-19 14:15:15 - [MESSAGE][PASSED] - Object: 'Object Repository/CITIZEN/Page_Login  GetVaccine/eye' is clicked on

2022-07-19 14:15:15 - [TEST_STEP][PASSED] - click(findTestObject("CITIZEN/Page_Registrasi  GetVaccine/button_Register")): Object: 'Object Repository/CITIZEN/Page_Registrasi  GetVaccine/button_Register' is clicked on

2022-07-19 14:15:16 - [MESSAGE][PASSED] - Object: 'Object Repository/CITIZEN/Page_Registrasi  GetVaccine/button_Register' is clicked on

2022-07-19 14:15:16 - [TEST_STEP][PASSED] - if (i == 1): null

2022-07-19 14:15:16 - [TEST_STEP][PASSED] - else if (i == 2): null

2022-07-19 14:15:16 - [TEST_STEP][PASSED] - else if (i == 3): null

2022-07-19 14:15:16 - [TEST_STEP][PASSED] - else if (i == 4): null

2022-07-19 14:15:16 - [TEST_STEP][PASSED] - else if (i == 5): Object 'Object Repository/CITIZEN/Page_Registrasi  GetVaccine/div_Password yang dimasukkan tidak sama den_ea25f1' is visible

2022-07-19 14:15:16 - [TEST_STEP][PASSED] - verifyElementVisible(findTestObject("CITIZEN/Page_Registrasi  GetVaccine/div_Password harus berupa kombinasi huruf b_9d7790"), CONTINUE_ON_FAILURE): Object 'Object Repository/CITIZEN/Page_Registrasi  GetVaccine/div_Password harus berupa kombinasi huruf b_9d7790' is visible

2022-07-19 14:15:16 - [MESSAGE][PASSED] - Object 'Object Repository/CITIZEN/Page_Registrasi  GetVaccine/div_Password harus berupa kombinasi huruf b_9d7790' is visible

2022-07-19 14:15:16 - [TEST_STEP][PASSED] - verifyElementVisible(findTestObject("CITIZEN/Page_Registrasi  GetVaccine/div_Password minimal 8 karakter"), CONTINUE_ON_FAILURE): Object 'Object Repository/CITIZEN/Page_Registrasi  GetVaccine/div_Password minimal 8 karakter' is visible

2022-07-19 14:15:17 - [MESSAGE][PASSED] - Object 'Object Repository/CITIZEN/Page_Registrasi  GetVaccine/div_Password minimal 8 karakter' is visible

2022-07-19 14:15:17 - [TEST_STEP][PASSED] - verifyElementVisible(findTestObject("CITIZEN/Page_Registrasi  GetVaccine/div_Password yang dimasukkan tidak sama den_ea25f1"), CONTINUE_ON_FAILURE): Object 'Object Repository/CITIZEN/Page_Registrasi  GetVaccine/div_Password yang dimasukkan tidak sama den_ea25f1' is visible

2022-07-19 14:15:17 - [MESSAGE][PASSED] - Object 'Object Repository/CITIZEN/Page_Registrasi  GetVaccine/div_Password yang dimasukkan tidak sama den_ea25f1' is visible

2022-07-19 14:15:17 - [TEST_STEP][PASSED] - closeBrowser(): Browser is closed

2022-07-19 14:15:18 - [MESSAGE][PASSED] - Browser is closed

2022-07-19 14:15:18 - [TEST_STEP][PASSED] - openBrowser(""): Browser is opened with url: ''

2022-07-19 14:15:18 - [MESSAGE][INFO] - Starting 'Chrome' driver

2022-07-19 14:15:18 - [MESSAGE][INFO] - Action delay is set to 0 milliseconds

2022-07-19 14:15:20 - [MESSAGE][PASSED] - Browser is opened with url: ''

2022-07-19 14:15:20 - [TEST_STEP][PASSED] - maximizeWindow(): Current window maximized

2022-07-19 14:15:20 - [MESSAGE][PASSED] - Current window maximized

2022-07-19 14:15:20 - [TEST_STEP][PASSED] - navigateToUrl("https://dev-getvaccine-16.netlify.app/"): Navigate to 'https://dev-getvaccine-16.netlify.app/' successfully

2022-07-19 14:15:21 - [MESSAGE][PASSED] - Navigate to 'https://dev-getvaccine-16.netlify.app/' successfully

2022-07-19 14:15:21 - [TEST_STEP][PASSED] - click(findTestObject("CITIZEN/Page_Home  GetVaccine/a_Register")): Object: 'Object Repository/CITIZEN/Page_Home  GetVaccine/a_Register' is clicked on

2022-07-19 14:15:22 - [MESSAGE][PASSED] - Object: 'Object Repository/CITIZEN/Page_Home  GetVaccine/a_Register' is clicked on

2022-07-19 14:15:22 - [TEST_STEP][PASSED] - verifyElementVisible(findTestObject("CITIZEN/Page_Registrasi  GetVaccine/h2_Register")): Object 'Object Repository/CITIZEN/Page_Registrasi  GetVaccine/h2_Register' is visible

2022-07-19 14:15:23 - [MESSAGE][PASSED] - Object 'Object Repository/CITIZEN/Page_Registrasi  GetVaccine/h2_Register' is visible

2022-07-19 14:15:23 - [TEST_STEP][PASSED] - setText(findTestObject("CITIZEN/Page_Registrasi  GetVaccine/input_NIK_basic_nik"), findTestData("CITIZEN/Register").getValue(1, i)): Text '' is set on object 'Object Repository/CITIZEN/Page_Registrasi  GetVaccine/input_NIK_basic_nik'

2022-07-19 14:15:24 - [MESSAGE][PASSED] - Text '' is set on object 'Object Repository/CITIZEN/Page_Registrasi  GetVaccine/input_NIK_basic_nik'

2022-07-19 14:15:24 - [TEST_STEP][PASSED] - setText(findTestObject("CITIZEN/Page_Registrasi  GetVaccine/input_Nama Lengkap_basic_fullname"), findTestData("CITIZEN/Register").getValue(2, i)): Text 'Harnanda' is set on object 'Object Repository/CITIZEN/Page_Registrasi  GetVaccine/input_Nama Lengkap_basic_fullname'

2022-07-19 14:15:24 - [MESSAGE][PASSED] - Text 'Harnanda' is set on object 'Object Repository/CITIZEN/Page_Registrasi  GetVaccine/input_Nama Lengkap_basic_fullname'

2022-07-19 14:15:24 - [TEST_STEP][PASSED] - setText(findTestObject("CITIZEN/Page_Registrasi  GetVaccine/input_Email_basic_email"), findTestData("CITIZEN/Register").getValue(3, i)): Text 'harnanda@email.com' is set on object 'Object Repository/CITIZEN/Page_Registrasi  GetVaccine/input_Email_basic_email'

2022-07-19 14:15:25 - [MESSAGE][PASSED] - Text 'harnanda@email.com' is set on object 'Object Repository/CITIZEN/Page_Registrasi  GetVaccine/input_Email_basic_email'

2022-07-19 14:15:25 - [TEST_STEP][PASSED] - setText(findTestObject("CITIZEN/Page_Registrasi  GetVaccine/input_Password_basic_password"), findTestData("CITIZEN/Register").getValue(4, i)): Text 'Haha1234' is set on object 'Object Repository/CITIZEN/Page_Registrasi  GetVaccine/input_Password_basic_password'

2022-07-19 14:15:26 - [MESSAGE][PASSED] - Text 'Haha1234' is set on object 'Object Repository/CITIZEN/Page_Registrasi  GetVaccine/input_Password_basic_password'

2022-07-19 14:15:26 - [TEST_STEP][PASSED] - click(findTestObject("CITIZEN/Page_Login  GetVaccine/eye")): Object: 'Object Repository/CITIZEN/Page_Login  GetVaccine/eye' is clicked on

2022-07-19 14:15:27 - [MESSAGE][PASSED] - Object: 'Object Repository/CITIZEN/Page_Login  GetVaccine/eye' is clicked on

2022-07-19 14:15:27 - [TEST_STEP][PASSED] - setText(findTestObject("CITIZEN/Page_Registrasi  GetVaccine/input_Confirm Password_basic_confirmPassword"), findTestData("CITIZEN/Register").getValue(5, i)): Text 'Haha1234' is set on object 'Object Repository/CITIZEN/Page_Registrasi  GetVaccine/input_Confirm Password_basic_confirmPassword'

2022-07-19 14:15:28 - [MESSAGE][PASSED] - Text 'Haha1234' is set on object 'Object Repository/CITIZEN/Page_Registrasi  GetVaccine/input_Confirm Password_basic_confirmPassword'

2022-07-19 14:15:28 - [TEST_STEP][PASSED] - click(findTestObject("CITIZEN/Page_Login  GetVaccine/eye")): Object: 'Object Repository/CITIZEN/Page_Login  GetVaccine/eye' is clicked on

2022-07-19 14:15:28 - [MESSAGE][PASSED] - Object: 'Object Repository/CITIZEN/Page_Login  GetVaccine/eye' is clicked on

2022-07-19 14:15:28 - [TEST_STEP][PASSED] - click(findTestObject("CITIZEN/Page_Registrasi  GetVaccine/button_Register")): Object: 'Object Repository/CITIZEN/Page_Registrasi  GetVaccine/button_Register' is clicked on

2022-07-19 14:15:29 - [MESSAGE][PASSED] - Object: 'Object Repository/CITIZEN/Page_Registrasi  GetVaccine/button_Register' is clicked on

2022-07-19 14:15:29 - [TEST_STEP][PASSED] - if (i == 1): null

2022-07-19 14:15:29 - [TEST_STEP][PASSED] - else if (i == 2): null

2022-07-19 14:15:29 - [TEST_STEP][PASSED] - else if (i == 3): null

2022-07-19 14:15:29 - [TEST_STEP][PASSED] - else if (i == 4): null

2022-07-19 14:15:29 - [TEST_STEP][PASSED] - else if (i == 5): null

2022-07-19 14:15:29 - [TEST_STEP][PASSED] - else: Object 'Object Repository/CITIZEN/Page_Registrasi  GetVaccine/div_NIK Tidak Boleh Kosong' is visible

2022-07-19 14:15:29 - [TEST_STEP][PASSED] - verifyElementVisible(findTestObject("CITIZEN/Page_Registrasi  GetVaccine/div_NIK Tidak Boleh Kosong"), CONTINUE_ON_FAILURE): Object 'Object Repository/CITIZEN/Page_Registrasi  GetVaccine/div_NIK Tidak Boleh Kosong' is visible

2022-07-19 14:15:29 - [MESSAGE][PASSED] - Object 'Object Repository/CITIZEN/Page_Registrasi  GetVaccine/div_NIK Tidak Boleh Kosong' is visible

2022-07-19 14:15:29 - [TEST_STEP][PASSED] - closeBrowser(): Browser is closed

2022-07-19 14:15:30 - [MESSAGE][PASSED] - Browser is closed

2022-07-19 14:15:30 - [TEST_STEP][PASSED] - for ([i = 7, i <= 9, (i++)]): Browser is closed

2022-07-19 14:15:30 - [TEST_STEP][PASSED] - openBrowser(""): Browser is opened with url: ''

2022-07-19 14:15:30 - [MESSAGE][INFO] - Starting 'Chrome' driver

2022-07-19 14:15:30 - [MESSAGE][INFO] - Action delay is set to 0 milliseconds

2022-07-19 14:15:32 - [MESSAGE][PASSED] - Browser is opened with url: ''

2022-07-19 14:15:32 - [TEST_STEP][PASSED] - maximizeWindow(): Current window maximized

2022-07-19 14:15:32 - [MESSAGE][PASSED] - Current window maximized

2022-07-19 14:15:32 - [TEST_STEP][PASSED] - navigateToUrl("https://dev-getvaccine-16.netlify.app/"): Navigate to 'https://dev-getvaccine-16.netlify.app/' successfully

2022-07-19 14:15:34 - [MESSAGE][PASSED] - Navigate to 'https://dev-getvaccine-16.netlify.app/' successfully

2022-07-19 14:15:34 - [TEST_STEP][PASSED] - click(findTestObject("CITIZEN/Page_Home  GetVaccine/a_Register")): Object: 'Object Repository/CITIZEN/Page_Home  GetVaccine/a_Register' is clicked on

2022-07-19 14:15:35 - [MESSAGE][PASSED] - Object: 'Object Repository/CITIZEN/Page_Home  GetVaccine/a_Register' is clicked on

2022-07-19 14:15:35 - [TEST_STEP][PASSED] - verifyElementVisible(findTestObject("CITIZEN/Page_Registrasi  GetVaccine/h2_Register")): Object 'Object Repository/CITIZEN/Page_Registrasi  GetVaccine/h2_Register' is visible

2022-07-19 14:15:35 - [MESSAGE][PASSED] - Object 'Object Repository/CITIZEN/Page_Registrasi  GetVaccine/h2_Register' is visible

2022-07-19 14:15:35 - [TEST_STEP][PASSED] - setText(findTestObject("CITIZEN/Page_Registrasi  GetVaccine/input_NIK_basic_nik"), findTestData("CITIZEN/Register").getValue(1, i)): Text '' is set on object 'Object Repository/CITIZEN/Page_Registrasi  GetVaccine/input_NIK_basic_nik'

2022-07-19 14:15:36 - [MESSAGE][PASSED] - Text '' is set on object 'Object Repository/CITIZEN/Page_Registrasi  GetVaccine/input_NIK_basic_nik'

2022-07-19 14:15:36 - [TEST_STEP][PASSED] - setText(findTestObject("CITIZEN/Page_Registrasi  GetVaccine/input_Nama Lengkap_basic_fullname"), findTestData("CITIZEN/Register").getValue(2, i)): Text '' is set on object 'Object Repository/CITIZEN/Page_Registrasi  GetVaccine/input_Nama Lengkap_basic_fullname'

2022-07-19 14:15:37 - [MESSAGE][PASSED] - Text '' is set on object 'Object Repository/CITIZEN/Page_Registrasi  GetVaccine/input_Nama Lengkap_basic_fullname'

2022-07-19 14:15:37 - [TEST_STEP][PASSED] - setText(findTestObject("CITIZEN/Page_Registrasi  GetVaccine/input_Email_basic_email"), findTestData("CITIZEN/Register").getValue(3, i)): Text '' is set on object 'Object Repository/CITIZEN/Page_Registrasi  GetVaccine/input_Email_basic_email'

2022-07-19 14:15:38 - [MESSAGE][PASSED] - Text '' is set on object 'Object Repository/CITIZEN/Page_Registrasi  GetVaccine/input_Email_basic_email'

2022-07-19 14:15:38 - [TEST_STEP][PASSED] - setText(findTestObject("CITIZEN/Page_Registrasi  GetVaccine/input_Password_basic_password"), findTestData("CITIZEN/Register").getValue(4, i)): Text '' is set on object 'Object Repository/CITIZEN/Page_Registrasi  GetVaccine/input_Password_basic_password'

2022-07-19 14:15:39 - [MESSAGE][PASSED] - Text '' is set on object 'Object Repository/CITIZEN/Page_Registrasi  GetVaccine/input_Password_basic_password'

2022-07-19 14:15:39 - [TEST_STEP][PASSED] - setText(findTestObject("CITIZEN/Page_Registrasi  GetVaccine/input_Confirm Password_basic_confirmPassword"), findTestData("CITIZEN/Register").getValue(5, i)): Text '' is set on object 'Object Repository/CITIZEN/Page_Registrasi  GetVaccine/input_Confirm Password_basic_confirmPassword'

2022-07-19 14:15:39 - [MESSAGE][PASSED] - Text '' is set on object 'Object Repository/CITIZEN/Page_Registrasi  GetVaccine/input_Confirm Password_basic_confirmPassword'

2022-07-19 14:15:39 - [TEST_STEP][PASSED] - click(findTestObject("CITIZEN/Page_Registrasi  GetVaccine/button_Register")): Object: 'Object Repository/CITIZEN/Page_Registrasi  GetVaccine/button_Register' is clicked on

2022-07-19 14:15:40 - [MESSAGE][PASSED] - Object: 'Object Repository/CITIZEN/Page_Registrasi  GetVaccine/button_Register' is clicked on

2022-07-19 14:15:40 - [TEST_STEP][PASSED] - if (i == 7): Object 'Object Repository/CITIZEN/Page_Registrasi  GetVaccine/alert blank field' is visible

2022-07-19 14:15:40 - [TEST_STEP][PASSED] - verifyElementVisible(findTestObject("CITIZEN/Page_Registrasi  GetVaccine/alert blank field"), CONTINUE_ON_FAILURE): Object 'Object Repository/CITIZEN/Page_Registrasi  GetVaccine/alert blank field' is visible

2022-07-19 14:15:40 - [MESSAGE][PASSED] - Object 'Object Repository/CITIZEN/Page_Registrasi  GetVaccine/alert blank field' is visible

2022-07-19 14:15:40 - [TEST_STEP][PASSED] - closeBrowser(): Browser is closed

2022-07-19 14:15:41 - [MESSAGE][PASSED] - Browser is closed

2022-07-19 14:15:41 - [TEST_STEP][PASSED] - openBrowser(""): Browser is opened with url: ''

2022-07-19 14:15:41 - [MESSAGE][INFO] - Starting 'Chrome' driver

2022-07-19 14:15:41 - [MESSAGE][INFO] - Action delay is set to 0 milliseconds

2022-07-19 14:15:43 - [MESSAGE][PASSED] - Browser is opened with url: ''

2022-07-19 14:15:43 - [TEST_STEP][PASSED] - maximizeWindow(): Current window maximized

2022-07-19 14:15:43 - [MESSAGE][PASSED] - Current window maximized

2022-07-19 14:15:43 - [TEST_STEP][PASSED] - navigateToUrl("https://dev-getvaccine-16.netlify.app/"): Navigate to 'https://dev-getvaccine-16.netlify.app/' successfully

2022-07-19 14:15:47 - [MESSAGE][PASSED] - Navigate to 'https://dev-getvaccine-16.netlify.app/' successfully

2022-07-19 14:15:47 - [TEST_STEP][PASSED] - click(findTestObject("CITIZEN/Page_Home  GetVaccine/a_Register")): Object: 'Object Repository/CITIZEN/Page_Home  GetVaccine/a_Register' is clicked on

2022-07-19 14:15:48 - [MESSAGE][PASSED] - Object: 'Object Repository/CITIZEN/Page_Home  GetVaccine/a_Register' is clicked on

2022-07-19 14:15:48 - [TEST_STEP][PASSED] - verifyElementVisible(findTestObject("CITIZEN/Page_Registrasi  GetVaccine/h2_Register")): Object 'Object Repository/CITIZEN/Page_Registrasi  GetVaccine/h2_Register' is visible

2022-07-19 14:15:49 - [MESSAGE][PASSED] - Object 'Object Repository/CITIZEN/Page_Registrasi  GetVaccine/h2_Register' is visible

2022-07-19 14:15:49 - [TEST_STEP][PASSED] - setText(findTestObject("CITIZEN/Page_Registrasi  GetVaccine/input_NIK_basic_nik"), findTestData("CITIZEN/Register").getValue(1, i)): Text '1234567890123456' is set on object 'Object Repository/CITIZEN/Page_Registrasi  GetVaccine/input_NIK_basic_nik'

2022-07-19 14:15:49 - [MESSAGE][PASSED] - Text '1234567890123456' is set on object 'Object Repository/CITIZEN/Page_Registrasi  GetVaccine/input_NIK_basic_nik'

2022-07-19 14:15:49 - [TEST_STEP][PASSED] - setText(findTestObject("CITIZEN/Page_Registrasi  GetVaccine/input_Nama Lengkap_basic_fullname"), findTestData("CITIZEN/Register").getValue(2, i)): Text 'Harnanda' is set on object 'Object Repository/CITIZEN/Page_Registrasi  GetVaccine/input_Nama Lengkap_basic_fullname'

2022-07-19 14:15:50 - [MESSAGE][PASSED] - Text 'Harnanda' is set on object 'Object Repository/CITIZEN/Page_Registrasi  GetVaccine/input_Nama Lengkap_basic_fullname'

2022-07-19 14:15:50 - [TEST_STEP][PASSED] - setText(findTestObject("CITIZEN/Page_Registrasi  GetVaccine/input_Email_basic_email"), findTestData("CITIZEN/Register").getValue(3, i)): Text 'harnanda@email.com' is set on object 'Object Repository/CITIZEN/Page_Registrasi  GetVaccine/input_Email_basic_email'

2022-07-19 14:15:51 - [MESSAGE][PASSED] - Text 'harnanda@email.com' is set on object 'Object Repository/CITIZEN/Page_Registrasi  GetVaccine/input_Email_basic_email'

2022-07-19 14:15:51 - [TEST_STEP][PASSED] - setText(findTestObject("CITIZEN/Page_Registrasi  GetVaccine/input_Password_basic_password"), findTestData("CITIZEN/Register").getValue(4, i)): Text 'Haha1234' is set on object 'Object Repository/CITIZEN/Page_Registrasi  GetVaccine/input_Password_basic_password'

2022-07-19 14:15:52 - [MESSAGE][PASSED] - Text 'Haha1234' is set on object 'Object Repository/CITIZEN/Page_Registrasi  GetVaccine/input_Password_basic_password'

2022-07-19 14:15:52 - [TEST_STEP][PASSED] - setText(findTestObject("CITIZEN/Page_Registrasi  GetVaccine/input_Confirm Password_basic_confirmPassword"), findTestData("CITIZEN/Register").getValue(5, i)): Text 'Haha1234' is set on object 'Object Repository/CITIZEN/Page_Registrasi  GetVaccine/input_Confirm Password_basic_confirmPassword'

2022-07-19 14:15:53 - [MESSAGE][PASSED] - Text 'Haha1234' is set on object 'Object Repository/CITIZEN/Page_Registrasi  GetVaccine/input_Confirm Password_basic_confirmPassword'

2022-07-19 14:15:53 - [TEST_STEP][PASSED] - click(findTestObject("CITIZEN/Page_Registrasi  GetVaccine/button_Register")): Object: 'Object Repository/CITIZEN/Page_Registrasi  GetVaccine/button_Register' is clicked on

2022-07-19 14:15:54 - [MESSAGE][PASSED] - Object: 'Object Repository/CITIZEN/Page_Registrasi  GetVaccine/button_Register' is clicked on

2022-07-19 14:15:54 - [TEST_STEP][PASSED] - if (i == 7): null

2022-07-19 14:15:54 - [TEST_STEP][PASSED] - else if (i == 8): Object 'Object Repository/CITIZEN/Page_Registrasi  GetVaccine/nik exist' is visible

2022-07-19 14:15:54 - [TEST_STEP][PASSED] - verifyElementVisible(findTestObject("CITIZEN/Page_Registrasi  GetVaccine/nik exist"), CONTINUE_ON_FAILURE): Object 'Object Repository/CITIZEN/Page_Registrasi  GetVaccine/nik exist' is visible

2022-07-19 14:15:55 - [MESSAGE][PASSED] - Object 'Object Repository/CITIZEN/Page_Registrasi  GetVaccine/nik exist' is visible

2022-07-19 14:15:55 - [TEST_STEP][PASSED] - closeBrowser(): Browser is closed

2022-07-19 14:15:56 - [MESSAGE][PASSED] - Browser is closed

2022-07-19 14:15:56 - [TEST_STEP][PASSED] - openBrowser(""): Browser is opened with url: ''

2022-07-19 14:15:56 - [MESSAGE][INFO] - Starting 'Chrome' driver

2022-07-19 14:15:56 - [MESSAGE][INFO] - Action delay is set to 0 milliseconds

2022-07-19 14:15:57 - [MESSAGE][PASSED] - Browser is opened with url: ''

2022-07-19 14:15:57 - [TEST_STEP][PASSED] - maximizeWindow(): Current window maximized

2022-07-19 14:15:58 - [MESSAGE][PASSED] - Current window maximized

2022-07-19 14:15:58 - [TEST_STEP][PASSED] - navigateToUrl("https://dev-getvaccine-16.netlify.app/"): Navigate to 'https://dev-getvaccine-16.netlify.app/' successfully

2022-07-19 14:16:16 - [MESSAGE][PASSED] - Navigate to 'https://dev-getvaccine-16.netlify.app/' successfully

2022-07-19 14:16:16 - [TEST_STEP][PASSED] - click(findTestObject("CITIZEN/Page_Home  GetVaccine/a_Register")): Object: 'Object Repository/CITIZEN/Page_Home  GetVaccine/a_Register' is clicked on

2022-07-19 14:16:16 - [MESSAGE][PASSED] - Object: 'Object Repository/CITIZEN/Page_Home  GetVaccine/a_Register' is clicked on

2022-07-19 14:16:16 - [TEST_STEP][PASSED] - verifyElementVisible(findTestObject("CITIZEN/Page_Registrasi  GetVaccine/h2_Register")): Object 'Object Repository/CITIZEN/Page_Registrasi  GetVaccine/h2_Register' is visible

2022-07-19 14:16:17 - [MESSAGE][PASSED] - Object 'Object Repository/CITIZEN/Page_Registrasi  GetVaccine/h2_Register' is visible

2022-07-19 14:16:17 - [TEST_STEP][PASSED] - setText(findTestObject("CITIZEN/Page_Registrasi  GetVaccine/input_NIK_basic_nik"), findTestData("CITIZEN/Register").getValue(1, i)): Text '1234567890123456' is set on object 'Object Repository/CITIZEN/Page_Registrasi  GetVaccine/input_NIK_basic_nik'

2022-07-19 14:16:18 - [MESSAGE][PASSED] - Text '1234567890123456' is set on object 'Object Repository/CITIZEN/Page_Registrasi  GetVaccine/input_NIK_basic_nik'

2022-07-19 14:16:18 - [TEST_STEP][PASSED] - setText(findTestObject("CITIZEN/Page_Registrasi  GetVaccine/input_Nama Lengkap_basic_fullname"), findTestData("CITIZEN/Register").getValue(2, i)): Text 'Embun' is set on object 'Object Repository/CITIZEN/Page_Registrasi  GetVaccine/input_Nama Lengkap_basic_fullname'

2022-07-19 14:16:19 - [MESSAGE][PASSED] - Text 'Embun' is set on object 'Object Repository/CITIZEN/Page_Registrasi  GetVaccine/input_Nama Lengkap_basic_fullname'

2022-07-19 14:16:19 - [TEST_STEP][PASSED] - setText(findTestObject("CITIZEN/Page_Registrasi  GetVaccine/input_Email_basic_email"), findTestData("CITIZEN/Register").getValue(3, i)): Text 'regitae@email.com' is set on object 'Object Repository/CITIZEN/Page_Registrasi  GetVaccine/input_Email_basic_email'

2022-07-19 14:16:20 - [MESSAGE][PASSED] - Text 'regitae@email.com' is set on object 'Object Repository/CITIZEN/Page_Registrasi  GetVaccine/input_Email_basic_email'

2022-07-19 14:16:20 - [TEST_STEP][PASSED] - setText(findTestObject("CITIZEN/Page_Registrasi  GetVaccine/input_Password_basic_password"), findTestData("CITIZEN/Register").getValue(4, i)): Text 'Regita1234' is set on object 'Object Repository/CITIZEN/Page_Registrasi  GetVaccine/input_Password_basic_password'

2022-07-19 14:16:21 - [MESSAGE][PASSED] - Text 'Regita1234' is set on object 'Object Repository/CITIZEN/Page_Registrasi  GetVaccine/input_Password_basic_password'

2022-07-19 14:16:21 - [TEST_STEP][PASSED] - setText(findTestObject("CITIZEN/Page_Registrasi  GetVaccine/input_Confirm Password_basic_confirmPassword"), findTestData("CITIZEN/Register").getValue(5, i)): Text 'Regita1234' is set on object 'Object Repository/CITIZEN/Page_Registrasi  GetVaccine/input_Confirm Password_basic_confirmPassword'

2022-07-19 14:16:22 - [MESSAGE][PASSED] - Text 'Regita1234' is set on object 'Object Repository/CITIZEN/Page_Registrasi  GetVaccine/input_Confirm Password_basic_confirmPassword'

2022-07-19 14:16:22 - [TEST_STEP][PASSED] - click(findTestObject("CITIZEN/Page_Registrasi  GetVaccine/button_Register")): Object: 'Object Repository/CITIZEN/Page_Registrasi  GetVaccine/button_Register' is clicked on

2022-07-19 14:16:22 - [MESSAGE][PASSED] - Object: 'Object Repository/CITIZEN/Page_Registrasi  GetVaccine/button_Register' is clicked on

2022-07-19 14:16:22 - [TEST_STEP][PASSED] - if (i == 7): null

2022-07-19 14:16:22 - [TEST_STEP][PASSED] - else if (i == 8): null

2022-07-19 14:16:22 - [TEST_STEP][PASSED] - else: Object 'Object Repository/CITIZEN/Page_Login  GetVaccine/VerifyLoginPage' is visible

2022-07-19 14:16:22 - [TEST_STEP][PASSED] - verifyElementVisible(findTestObject("CITIZEN/Page_Login  GetVaccine/VerifyLoginPage"), CONTINUE_ON_FAILURE): Object 'Object Repository/CITIZEN/Page_Login  GetVaccine/VerifyLoginPage' is visible

2022-07-19 14:16:25 - [MESSAGE][PASSED] - Object 'Object Repository/CITIZEN/Page_Login  GetVaccine/VerifyLoginPage' is visible

2022-07-19 14:16:25 - [TEST_STEP][PASSED] - closeBrowser(): Browser is closed

2022-07-19 14:16:26 - [MESSAGE][PASSED] - Browser is closed]]></system-out>
         <system-err><![CDATA[]]></system-err>
      </testcase>
      <testcase name="Test Cases/CITIZEN/AUTH/TC_Login" time="157.701" classname="Test Cases/CITIZEN/AUTH/TC_Login" status="FAILED">
         <failure type="FAILED" message="Test Cases/CITIZEN/AUTH/TC_Login FAILED.
Reason:
com.kms.katalon.core.exception.StepFailedException: Unable to navigate to 'https://dev-getvaccine-16.netlify.app/'
	at com.kms.katalon.core.webui.keyword.internal.WebUIKeywordMain.stepFailed(WebUIKeywordMain.groovy:64)
	at com.kms.katalon.core.webui.keyword.internal.WebUIKeywordMain.runKeyword(WebUIKeywordMain.groovy:26)
	at com.kms.katalon.core.webui.keyword.builtin.NavigateToUrlKeyword.navigateToUrl(NavigateToUrlKeyword.groovy:83)
	at com.kms.katalon.core.webui.keyword.builtin.NavigateToUrlKeyword.execute(NavigateToUrlKeyword.groovy:67)
	at com.kms.katalon.core.keyword.internal.KeywordExecutor.executeKeywordForPlatform(KeywordExecutor.groovy:74)
	at com.kms.katalon.core.webui.keyword.WebUiBuiltInKeywords.navigateToUrl(WebUiBuiltInKeywords.groovy:187)
	at com.kms.katalon.core.webui.keyword.WebUiBuiltInKeywords$navigateToUrl$1.call(Unknown Source)
	at TC_Login.run(TC_Login:25)
	at com.kms.katalon.core.main.ScriptEngine.run(ScriptEngine.java:194)
	at com.kms.katalon.core.main.ScriptEngine.runScriptAsRawText(ScriptEngine.java:119)
	at com.kms.katalon.core.main.TestCaseExecutor.runScript(TestCaseExecutor.java:442)
	at com.kms.katalon.core.main.TestCaseExecutor.doExecute(TestCaseExecutor.java:433)
	at com.kms.katalon.core.main.TestCaseExecutor.processExecutionPhase(TestCaseExecutor.java:412)
	at com.kms.katalon.core.main.TestCaseExecutor.accessMainPhase(TestCaseExecutor.java:404)
	at com.kms.katalon.core.main.TestCaseExecutor.execute(TestCaseExecutor.java:281)
	at com.kms.katalon.core.main.TestSuiteExecutor.accessTestCaseMainPhase(TestSuiteExecutor.java:202)
	at com.kms.katalon.core.main.TestSuiteExecutor.accessTestSuiteMainPhase(TestSuiteExecutor.java:164)
	at com.kms.katalon.core.main.TestSuiteExecutor.execute(TestSuiteExecutor.java:105)
	at com.kms.katalon.core.main.TestCaseMain.startTestSuite(TestCaseMain.java:185)
	at com.kms.katalon.core.main.TestCaseMain$startTestSuite$0.call(Unknown Source)
	at TempTestSuite1658214752773.run(TempTestSuite1658214752773.groovy:36)
Caused by: org.openqa.selenium.WebDriverException: unknown error: net::ERR_CONNECTION_TIMED_OUT
  (Session info: chrome=103.0.5060.114)
Build info: version: '3.141.59', revision: 'e82be7d358', time: '2018-11-14T08:25:53'
System info: host: 'DESKTOP-D9B57TC', ip: '192.168.100.66', os.name: 'Windows 10', os.arch: 'amd64', os.version: '10.0', java.version: '1.8.0_282'
Driver info: com.kms.katalon.selenium.driver.CChromeDriver
Capabilities {acceptInsecureCerts: false, browserName: chrome, browserVersion: 103.0.5060.114, chrome: {chromedriverVersion: 103.0.5060.53 (a1711811edd7..., userDataDir: C:\Users\THINKP~1\AppData\L...}, goog:chromeOptions: {debuggerAddress: localhost:62391}, javascriptEnabled: true, networkConnectionEnabled: false, pageLoadStrategy: normal, platform: WINDOWS, platformName: WINDOWS, proxy: Proxy(), setWindowRect: true, strictFileInteractability: false, timeouts: {implicit: 0, pageLoad: 300000, script: 30000}, unhandledPromptBehavior: dismiss and notify, webauthn:extension:credBlob: true, webauthn:extension:largeBlob: true, webauthn:virtualAuthenticators: true}
Session ID: 1ac3fc500787d3dea24c128ff6d069a9
	at org.openqa.selenium.remote.http.W3CHttpResponseCodec.createException(W3CHttpResponseCodec.java:187)
	at org.openqa.selenium.remote.http.W3CHttpResponseCodec.decode(W3CHttpResponseCodec.java:122)
	at org.openqa.selenium.remote.http.W3CHttpResponseCodec.decode(W3CHttpResponseCodec.java:49)
	at org.openqa.selenium.remote.HttpCommandExecutor.execute(HttpCommandExecutor.java:158)
	at org.openqa.selenium.remote.service.DriverCommandExecutor.execute(DriverCommandExecutor.java:83)
	at org.openqa.selenium.remote.RemoteWebDriver.execute(RemoteWebDriver.java:552)
	at com.kms.katalon.selenium.driver.CChromeDriver.execute(CChromeDriver.java:19)
	at org.openqa.selenium.remote.RemoteWebDriver.get(RemoteWebDriver.java:277)
	at org.openqa.selenium.remote.RemoteWebDriver$RemoteNavigation.to(RemoteWebDriver.java:857)
	at org.openqa.selenium.support.events.EventFiringWebDriver$EventFiringNavigation.to(EventFiringWebDriver.java:569)
	at com.kms.katalon.core.webui.keyword.builtin.NavigateToUrlKeyword$_navigateToUrl_closure1.doCall(NavigateToUrlKeyword.groovy:81)
	at com.kms.katalon.core.webui.keyword.builtin.NavigateToUrlKeyword$_navigateToUrl_closure1.call(NavigateToUrlKeyword.groovy)
	at com.kms.katalon.core.webui.keyword.internal.WebUIKeywordMain.runKeyword(WebUIKeywordMain.groovy:20)
	... 19 more
"/>
         <system-out><![CDATA[2022-07-19 14:16:26 - [TEST_CASE][FAILED] - Test Cases/CITIZEN/AUTH/TC_Login: Test Cases/CITIZEN/AUTH/TC_Login FAILED.
Reason:
com.kms.katalon.core.exception.StepFailedException: Unable to navigate to 'https://dev-getvaccine-16.netlify.app/'
	at com.kms.katalon.core.webui.keyword.internal.WebUIKeywordMain.stepFailed(WebUIKeywordMain.groovy:64)
	at com.kms.katalon.core.webui.keyword.internal.WebUIKeywordMain.runKeyword(WebUIKeywordMain.groovy:26)
	at com.kms.katalon.core.webui.keyword.builtin.NavigateToUrlKeyword.navigateToUrl(NavigateToUrlKeyword.groovy:83)
	at com.kms.katalon.core.webui.keyword.builtin.NavigateToUrlKeyword.execute(NavigateToUrlKeyword.groovy:67)
	at com.kms.katalon.core.keyword.internal.KeywordExecutor.executeKeywordForPlatform(KeywordExecutor.groovy:74)
	at com.kms.katalon.core.webui.keyword.WebUiBuiltInKeywords.navigateToUrl(WebUiBuiltInKeywords.groovy:187)
	at com.kms.katalon.core.webui.keyword.WebUiBuiltInKeywords$navigateToUrl$1.call(Unknown Source)
	at TC_Login.run(TC_Login:25)
	at com.kms.katalon.core.main.ScriptEngine.run(ScriptEngine.java:194)
	at com.kms.katalon.core.main.ScriptEngine.runScriptAsRawText(ScriptEngine.java:119)
	at com.kms.katalon.core.main.TestCaseExecutor.runScript(TestCaseExecutor.java:442)
	at com.kms.katalon.core.main.TestCaseExecutor.doExecute(TestCaseExecutor.java:433)
	at com.kms.katalon.core.main.TestCaseExecutor.processExecutionPhase(TestCaseExecutor.java:412)
	at com.kms.katalon.core.main.TestCaseExecutor.accessMainPhase(TestCaseExecutor.java:404)
	at com.kms.katalon.core.main.TestCaseExecutor.execute(TestCaseExecutor.java:281)
	at com.kms.katalon.core.main.TestSuiteExecutor.accessTestCaseMainPhase(TestSuiteExecutor.java:202)
	at com.kms.katalon.core.main.TestSuiteExecutor.accessTestSuiteMainPhase(TestSuiteExecutor.java:164)
	at com.kms.katalon.core.main.TestSuiteExecutor.execute(TestSuiteExecutor.java:105)
	at com.kms.katalon.core.main.TestCaseMain.startTestSuite(TestCaseMain.java:185)
	at com.kms.katalon.core.main.TestCaseMain$startTestSuite$0.call(Unknown Source)
	at TempTestSuite1658214752773.run(TempTestSuite1658214752773.groovy:36)
Caused by: org.openqa.selenium.WebDriverException: unknown error: net::ERR_CONNECTION_TIMED_OUT
  (Session info: chrome=103.0.5060.114)
Build info: version: '3.141.59', revision: 'e82be7d358', time: '2018-11-14T08:25:53'
System info: host: 'DESKTOP-D9B57TC', ip: '192.168.100.66', os.name: 'Windows 10', os.arch: 'amd64', os.version: '10.0', java.version: '1.8.0_282'
Driver info: com.kms.katalon.selenium.driver.CChromeDriver
Capabilities {acceptInsecureCerts: false, browserName: chrome, browserVersion: 103.0.5060.114, chrome: {chromedriverVersion: 103.0.5060.53 (a1711811edd7..., userDataDir: C:\Users\THINKP~1\AppData\L...}, goog:chromeOptions: {debuggerAddress: localhost:62391}, javascriptEnabled: true, networkConnectionEnabled: false, pageLoadStrategy: normal, platform: WINDOWS, platformName: WINDOWS, proxy: Proxy(), setWindowRect: true, strictFileInteractability: false, timeouts: {implicit: 0, pageLoad: 300000, script: 30000}, unhandledPromptBehavior: dismiss and notify, webauthn:extension:credBlob: true, webauthn:extension:largeBlob: true, webauthn:virtualAuthenticators: true}
Session ID: 1ac3fc500787d3dea24c128ff6d069a9
	at org.openqa.selenium.remote.http.W3CHttpResponseCodec.createException(W3CHttpResponseCodec.java:187)
	at org.openqa.selenium.remote.http.W3CHttpResponseCodec.decode(W3CHttpResponseCodec.java:122)
	at org.openqa.selenium.remote.http.W3CHttpResponseCodec.decode(W3CHttpResponseCodec.java:49)
	at org.openqa.selenium.remote.HttpCommandExecutor.execute(HttpCommandExecutor.java:158)
	at org.openqa.selenium.remote.service.DriverCommandExecutor.execute(DriverCommandExecutor.java:83)
	at org.openqa.selenium.remote.RemoteWebDriver.execute(RemoteWebDriver.java:552)
	at com.kms.katalon.selenium.driver.CChromeDriver.execute(CChromeDriver.java:19)
	at org.openqa.selenium.remote.RemoteWebDriver.get(RemoteWebDriver.java:277)
	at org.openqa.selenium.remote.RemoteWebDriver$RemoteNavigation.to(RemoteWebDriver.java:857)
	at org.openqa.selenium.support.events.EventFiringWebDriver$EventFiringNavigation.to(EventFiringWebDriver.java:569)
	at com.kms.katalon.core.webui.keyword.builtin.NavigateToUrlKeyword$_navigateToUrl_closure1.doCall(NavigateToUrlKeyword.groovy:81)
	at com.kms.katalon.core.webui.keyword.builtin.NavigateToUrlKeyword$_navigateToUrl_closure1.call(NavigateToUrlKeyword.groovy)
	at com.kms.katalon.core.webui.keyword.internal.WebUIKeywordMain.runKeyword(WebUIKeywordMain.groovy:20)
	... 19 more


2022-07-19 14:16:26 - [TEST_STEP][FAILED] - for ([i = 1, i <= 5, (i++)]): Unable to navigate to 'https://dev-getvaccine-16.netlify.app/' (Root cause: com.kms.katalon.core.exception.StepFailedException: Unable to navigate to 'https://dev-getvaccine-16.netlify.app/'
	at com.kms.katalon.core.webui.keyword.internal.WebUIKeywordMain.stepFailed(WebUIKeywordMain.groovy:64)
	at com.kms.katalon.core.webui.keyword.internal.WebUIKeywordMain.runKeyword(WebUIKeywordMain.groovy:26)
	at com.kms.katalon.core.webui.keyword.builtin.NavigateToUrlKeyword.navigateToUrl(NavigateToUrlKeyword.groovy:83)
	at com.kms.katalon.core.webui.keyword.builtin.NavigateToUrlKeyword.execute(NavigateToUrlKeyword.groovy:67)
	at com.kms.katalon.core.keyword.internal.KeywordExecutor.executeKeywordForPlatform(KeywordExecutor.groovy:74)
	at com.kms.katalon.core.webui.keyword.WebUiBuiltInKeywords.navigateToUrl(WebUiBuiltInKeywords.groovy:187)
	at com.kms.katalon.core.webui.keyword.WebUiBuiltInKeywords$navigateToUrl$1.call(Unknown Source)
	at TC_Login.run(TC_Login:25)
	at com.kms.katalon.core.main.ScriptEngine.run(ScriptEngine.java:194)
	at com.kms.katalon.core.main.ScriptEngine.runScriptAsRawText(ScriptEngine.java:119)
	at com.kms.katalon.core.main.TestCaseExecutor.runScript(TestCaseExecutor.java:442)
	at com.kms.katalon.core.main.TestCaseExecutor.doExecute(TestCaseExecutor.java:433)
	at com.kms.katalon.core.main.TestCaseExecutor.processExecutionPhase(TestCaseExecutor.java:412)
	at com.kms.katalon.core.main.TestCaseExecutor.accessMainPhase(TestCaseExecutor.java:404)
	at com.kms.katalon.core.main.TestCaseExecutor.execute(TestCaseExecutor.java:281)
	at com.kms.katalon.core.main.TestSuiteExecutor.accessTestCaseMainPhase(TestSuiteExecutor.java:202)
	at com.kms.katalon.core.main.TestSuiteExecutor.accessTestSuiteMainPhase(TestSuiteExecutor.java:164)
	at com.kms.katalon.core.main.TestSuiteExecutor.execute(TestSuiteExecutor.java:105)
	at com.kms.katalon.core.main.TestCaseMain.startTestSuite(TestCaseMain.java:185)
	at com.kms.katalon.core.main.TestCaseMain$startTestSuite$0.call(Unknown Source)
	at TempTestSuite1658214752773.run(TempTestSuite1658214752773.groovy:36)
Caused by: org.openqa.selenium.WebDriverException: unknown error: net::ERR_CONNECTION_TIMED_OUT
  (Session info: chrome=103.0.5060.114)
Build info: version: '3.141.59', revision: 'e82be7d358', time: '2018-11-14T08:25:53'
System info: host: 'DESKTOP-D9B57TC', ip: '192.168.100.66', os.name: 'Windows 10', os.arch: 'amd64', os.version: '10.0', java.version: '1.8.0_282'
Driver info: com.kms.katalon.selenium.driver.CChromeDriver
Capabilities {acceptInsecureCerts: false, browserName: chrome, browserVersion: 103.0.5060.114, chrome: {chromedriverVersion: 103.0.5060.53 (a1711811edd7..., userDataDir: C:\Users\THINKP~1\AppData\L...}, goog:chromeOptions: {debuggerAddress: localhost:62391}, javascriptEnabled: true, networkConnectionEnabled: false, pageLoadStrategy: normal, platform: WINDOWS, platformName: WINDOWS, proxy: Proxy(), setWindowRect: true, strictFileInteractability: false, timeouts: {implicit: 0, pageLoad: 300000, script: 30000}, unhandledPromptBehavior: dismiss and notify, webauthn:extension:credBlob: true, webauthn:extension:largeBlob: true, webauthn:virtualAuthenticators: true}
Session ID: 1ac3fc500787d3dea24c128ff6d069a9
	at org.openqa.selenium.remote.http.W3CHttpResponseCodec.createException(W3CHttpResponseCodec.java:187)
	at org.openqa.selenium.remote.http.W3CHttpResponseCodec.decode(W3CHttpResponseCodec.java:122)
	at org.openqa.selenium.remote.http.W3CHttpResponseCodec.decode(W3CHttpResponseCodec.java:49)
	at org.openqa.selenium.remote.HttpCommandExecutor.execute(HttpCommandExecutor.java:158)
	at org.openqa.selenium.remote.service.DriverCommandExecutor.execute(DriverCommandExecutor.java:83)
	at org.openqa.selenium.remote.RemoteWebDriver.execute(RemoteWebDriver.java:552)
	at com.kms.katalon.selenium.driver.CChromeDriver.execute(CChromeDriver.java:19)
	at org.openqa.selenium.remote.RemoteWebDriver.get(RemoteWebDriver.java:277)
	at org.openqa.selenium.remote.RemoteWebDriver$RemoteNavigation.to(RemoteWebDriver.java:857)
	at org.openqa.selenium.support.events.EventFiringWebDriver$EventFiringNavigation.to(EventFiringWebDriver.java:569)
	at com.kms.katalon.core.webui.keyword.builtin.NavigateToUrlKeyword$_navigateToUrl_closure1.doCall(NavigateToUrlKeyword.groovy:81)
	at com.kms.katalon.core.webui.keyword.builtin.NavigateToUrlKeyword$_navigateToUrl_closure1.call(NavigateToUrlKeyword.groovy)
	at com.kms.katalon.core.webui.keyword.internal.WebUIKeywordMain.runKeyword(WebUIKeywordMain.groovy:20)
	at com.kms.katalon.core.webui.keyword.builtin.NavigateToUrlKeyword.navigateToUrl(NavigateToUrlKeyword.groovy:83)
	at com.kms.katalon.core.webui.keyword.builtin.NavigateToUrlKeyword.execute(NavigateToUrlKeyword.groovy:67)
	at com.kms.katalon.core.keyword.internal.KeywordExecutor.executeKeywordForPlatform(KeywordExecutor.groovy:74)
	at com.kms.katalon.core.webui.keyword.WebUiBuiltInKeywords.navigateToUrl(WebUiBuiltInKeywords.groovy:187)
	at com.kms.katalon.core.webui.keyword.WebUiBuiltInKeywords$navigateToUrl$1.call(Unknown Source)
	at Script1657698773137.run(Script1657698773137.groovy:25)
	... 13 more
)

2022-07-19 14:16:26 - [TEST_STEP][PASSED] - openBrowser(""): Browser is opened with url: ''

2022-07-19 14:16:26 - [MESSAGE][INFO] - Starting 'Chrome' driver

2022-07-19 14:16:26 - [MESSAGE][INFO] - Action delay is set to 0 milliseconds

2022-07-19 14:16:28 - [MESSAGE][PASSED] - Browser is opened with url: ''

2022-07-19 14:16:28 - [TEST_STEP][PASSED] - maximizeWindow(): Current window maximized

2022-07-19 14:16:28 - [MESSAGE][PASSED] - Current window maximized

2022-07-19 14:16:28 - [TEST_STEP][PASSED] - navigateToUrl("https://dev-getvaccine-16.netlify.app/"): Navigate to 'https://dev-getvaccine-16.netlify.app/' successfully

2022-07-19 14:17:08 - [MESSAGE][PASSED] - Navigate to 'https://dev-getvaccine-16.netlify.app/' successfully

2022-07-19 14:17:08 - [TEST_STEP][PASSED] - click(findTestObject("CITIZEN/Page_Home  GetVaccine/login btn")): Object: 'Object Repository/CITIZEN/Page_Home  GetVaccine/login btn' is clicked on

2022-07-19 14:17:09 - [MESSAGE][PASSED] - Object: 'Object Repository/CITIZEN/Page_Home  GetVaccine/login btn' is clicked on

2022-07-19 14:17:09 - [TEST_STEP][PASSED] - verifyElementVisible(findTestObject("CITIZEN/Page_Login  GetVaccine/VerifyLoginPage")): Object 'Object Repository/CITIZEN/Page_Login  GetVaccine/VerifyLoginPage' is visible

2022-07-19 14:17:09 - [MESSAGE][PASSED] - Object 'Object Repository/CITIZEN/Page_Login  GetVaccine/VerifyLoginPage' is visible

2022-07-19 14:17:09 - [TEST_STEP][PASSED] - setText(findTestObject("CITIZEN/Page_Login  GetVaccine/input_NIK_basic_nik"), findTestData("CITIZEN/Login").getValue(1, i)): Text '1234A' is set on object 'Object Repository/CITIZEN/Page_Login  GetVaccine/input_NIK_basic_nik'

2022-07-19 14:17:10 - [MESSAGE][PASSED] - Text '1234A' is set on object 'Object Repository/CITIZEN/Page_Login  GetVaccine/input_NIK_basic_nik'

2022-07-19 14:17:10 - [TEST_STEP][PASSED] - setText(findTestObject("CITIZEN/Page_Registrasi  GetVaccine/password"), findTestData("CITIZEN/Login").getValue(2, i)): Text 'Haha1234' is set on object 'Object Repository/CITIZEN/Page_Registrasi  GetVaccine/password'

2022-07-19 14:17:11 - [MESSAGE][PASSED] - Text 'Haha1234' is set on object 'Object Repository/CITIZEN/Page_Registrasi  GetVaccine/password'

2022-07-19 14:17:11 - [TEST_STEP][PASSED] - click(findTestObject("CITIZEN/Page_Login  GetVaccine/eye")): Object: 'Object Repository/CITIZEN/Page_Login  GetVaccine/eye' is clicked on

2022-07-19 14:17:12 - [MESSAGE][PASSED] - Object: 'Object Repository/CITIZEN/Page_Login  GetVaccine/eye' is clicked on

2022-07-19 14:17:12 - [TEST_STEP][PASSED] - click(findTestObject("CITIZEN/Page_Login  GetVaccine/button_Login")): Object: 'Object Repository/CITIZEN/Page_Login  GetVaccine/button_Login' is clicked on

2022-07-19 14:17:12 - [MESSAGE][PASSED] - Object: 'Object Repository/CITIZEN/Page_Login  GetVaccine/button_Login' is clicked on

2022-07-19 14:17:12 - [TEST_STEP][PASSED] - if (i == 1): Object 'Object Repository/CITIZEN/Page_Login  GetVaccine/div_Input harus berupa angka' is present

2022-07-19 14:17:12 - [TEST_STEP][PASSED] - verifyElementPresent(findTestObject("CITIZEN/Page_Login  GetVaccine/div_Input harus berupa angka"), 0): Object 'Object Repository/CITIZEN/Page_Login  GetVaccine/div_Input harus berupa angka' is present

2022-07-19 14:17:12 - [MESSAGE][WARNING] - Timeout '0' is invalid. Using default page load timeout: '30'

2022-07-19 14:17:13 - [MESSAGE][PASSED] - Object 'Object Repository/CITIZEN/Page_Login  GetVaccine/div_Input harus berupa angka' is present

2022-07-19 14:17:13 - [TEST_STEP][PASSED] - closeBrowser(): Browser is closed

2022-07-19 14:17:14 - [MESSAGE][PASSED] - Browser is closed

2022-07-19 14:17:14 - [TEST_STEP][PASSED] - openBrowser(""): Browser is opened with url: ''

2022-07-19 14:17:14 - [MESSAGE][INFO] - Starting 'Chrome' driver

2022-07-19 14:17:14 - [MESSAGE][INFO] - Action delay is set to 0 milliseconds

2022-07-19 14:17:16 - [MESSAGE][PASSED] - Browser is opened with url: ''

2022-07-19 14:17:16 - [TEST_STEP][PASSED] - maximizeWindow(): Current window maximized

2022-07-19 14:17:16 - [MESSAGE][PASSED] - Current window maximized

2022-07-19 14:17:16 - [TEST_STEP][PASSED] - navigateToUrl("https://dev-getvaccine-16.netlify.app/"): Navigate to 'https://dev-getvaccine-16.netlify.app/' successfully

2022-07-19 14:17:20 - [MESSAGE][PASSED] - Navigate to 'https://dev-getvaccine-16.netlify.app/' successfully

2022-07-19 14:17:20 - [TEST_STEP][PASSED] - click(findTestObject("CITIZEN/Page_Home  GetVaccine/login btn")): Object: 'Object Repository/CITIZEN/Page_Home  GetVaccine/login btn' is clicked on

2022-07-19 14:17:20 - [MESSAGE][PASSED] - Object: 'Object Repository/CITIZEN/Page_Home  GetVaccine/login btn' is clicked on

2022-07-19 14:17:20 - [TEST_STEP][PASSED] - verifyElementVisible(findTestObject("CITIZEN/Page_Login  GetVaccine/VerifyLoginPage")): Object 'Object Repository/CITIZEN/Page_Login  GetVaccine/VerifyLoginPage' is visible

2022-07-19 14:17:21 - [MESSAGE][PASSED] - Object 'Object Repository/CITIZEN/Page_Login  GetVaccine/VerifyLoginPage' is visible

2022-07-19 14:17:21 - [TEST_STEP][PASSED] - setText(findTestObject("CITIZEN/Page_Login  GetVaccine/input_NIK_basic_nik"), findTestData("CITIZEN/Login").getValue(1, i)): Text '1234567890123456' is set on object 'Object Repository/CITIZEN/Page_Login  GetVaccine/input_NIK_basic_nik'

2022-07-19 14:17:22 - [MESSAGE][PASSED] - Text '1234567890123456' is set on object 'Object Repository/CITIZEN/Page_Login  GetVaccine/input_NIK_basic_nik'

2022-07-19 14:17:22 - [TEST_STEP][PASSED] - setText(findTestObject("CITIZEN/Page_Registrasi  GetVaccine/password"), findTestData("CITIZEN/Login").getValue(2, i)): Text 'Haha1234' is set on object 'Object Repository/CITIZEN/Page_Registrasi  GetVaccine/password'

2022-07-19 14:17:23 - [MESSAGE][PASSED] - Text 'Haha1234' is set on object 'Object Repository/CITIZEN/Page_Registrasi  GetVaccine/password'

2022-07-19 14:17:23 - [TEST_STEP][PASSED] - click(findTestObject("CITIZEN/Page_Login  GetVaccine/eye")): Object: 'Object Repository/CITIZEN/Page_Login  GetVaccine/eye' is clicked on

2022-07-19 14:17:23 - [MESSAGE][PASSED] - Object: 'Object Repository/CITIZEN/Page_Login  GetVaccine/eye' is clicked on

2022-07-19 14:17:23 - [TEST_STEP][PASSED] - click(findTestObject("CITIZEN/Page_Login  GetVaccine/button_Login")): Object: 'Object Repository/CITIZEN/Page_Login  GetVaccine/button_Login' is clicked on

2022-07-19 14:17:24 - [MESSAGE][PASSED] - Object: 'Object Repository/CITIZEN/Page_Login  GetVaccine/button_Login' is clicked on

2022-07-19 14:17:24 - [TEST_STEP][PASSED] - if (i == 1): null

2022-07-19 14:17:24 - [TEST_STEP][PASSED] - else if (i == 2): Object 'Object Repository/CITIZEN/Page_Login  GetVaccine/div_NIK atau Password Salah' is present

2022-07-19 14:17:24 - [TEST_STEP][PASSED] - verifyElementPresent(findTestObject("CITIZEN/Page_Login  GetVaccine/div_NIK atau Password Salah"), 0): Object 'Object Repository/CITIZEN/Page_Login  GetVaccine/div_NIK atau Password Salah' is present

2022-07-19 14:17:24 - [MESSAGE][WARNING] - Timeout '0' is invalid. Using default page load timeout: '30'

2022-07-19 14:17:25 - [MESSAGE][PASSED] - Object 'Object Repository/CITIZEN/Page_Login  GetVaccine/div_NIK atau Password Salah' is present

2022-07-19 14:17:25 - [TEST_STEP][PASSED] - closeBrowser(): Browser is closed

2022-07-19 14:17:26 - [MESSAGE][PASSED] - Browser is closed

2022-07-19 14:17:26 - [TEST_STEP][PASSED] - openBrowser(""): Browser is opened with url: ''

2022-07-19 14:17:26 - [MESSAGE][INFO] - Starting 'Chrome' driver

2022-07-19 14:17:26 - [MESSAGE][INFO] - Action delay is set to 0 milliseconds

2022-07-19 14:17:27 - [MESSAGE][PASSED] - Browser is opened with url: ''

2022-07-19 14:17:27 - [TEST_STEP][PASSED] - maximizeWindow(): Current window maximized

2022-07-19 14:17:28 - [MESSAGE][PASSED] - Current window maximized

2022-07-19 14:17:28 - [TEST_STEP][PASSED] - navigateToUrl("https://dev-getvaccine-16.netlify.app/"): Navigate to 'https://dev-getvaccine-16.netlify.app/' successfully

2022-07-19 14:17:31 - [MESSAGE][PASSED] - Navigate to 'https://dev-getvaccine-16.netlify.app/' successfully

2022-07-19 14:17:31 - [TEST_STEP][PASSED] - click(findTestObject("CITIZEN/Page_Home  GetVaccine/login btn")): Object: 'Object Repository/CITIZEN/Page_Home  GetVaccine/login btn' is clicked on

2022-07-19 14:17:32 - [MESSAGE][PASSED] - Object: 'Object Repository/CITIZEN/Page_Home  GetVaccine/login btn' is clicked on

2022-07-19 14:17:32 - [TEST_STEP][PASSED] - verifyElementVisible(findTestObject("CITIZEN/Page_Login  GetVaccine/VerifyLoginPage")): Object 'Object Repository/CITIZEN/Page_Login  GetVaccine/VerifyLoginPage' is visible

2022-07-19 14:17:32 - [MESSAGE][PASSED] - Object 'Object Repository/CITIZEN/Page_Login  GetVaccine/VerifyLoginPage' is visible

2022-07-19 14:17:32 - [TEST_STEP][PASSED] - setText(findTestObject("CITIZEN/Page_Login  GetVaccine/input_NIK_basic_nik"), findTestData("CITIZEN/Login").getValue(1, i)): Text '' is set on object 'Object Repository/CITIZEN/Page_Login  GetVaccine/input_NIK_basic_nik'

2022-07-19 14:17:33 - [MESSAGE][PASSED] - Text '' is set on object 'Object Repository/CITIZEN/Page_Login  GetVaccine/input_NIK_basic_nik'

2022-07-19 14:17:33 - [TEST_STEP][PASSED] - setText(findTestObject("CITIZEN/Page_Registrasi  GetVaccine/password"), findTestData("CITIZEN/Login").getValue(2, i)): Text 'Haha1234' is set on object 'Object Repository/CITIZEN/Page_Registrasi  GetVaccine/password'

2022-07-19 14:17:34 - [MESSAGE][PASSED] - Text 'Haha1234' is set on object 'Object Repository/CITIZEN/Page_Registrasi  GetVaccine/password'

2022-07-19 14:17:34 - [TEST_STEP][PASSED] - click(findTestObject("CITIZEN/Page_Login  GetVaccine/eye")): Object: 'Object Repository/CITIZEN/Page_Login  GetVaccine/eye' is clicked on

2022-07-19 14:17:34 - [MESSAGE][PASSED] - Object: 'Object Repository/CITIZEN/Page_Login  GetVaccine/eye' is clicked on

2022-07-19 14:17:34 - [TEST_STEP][PASSED] - click(findTestObject("CITIZEN/Page_Login  GetVaccine/button_Login")): Object: 'Object Repository/CITIZEN/Page_Login  GetVaccine/button_Login' is clicked on

2022-07-19 14:17:35 - [MESSAGE][PASSED] - Object: 'Object Repository/CITIZEN/Page_Login  GetVaccine/button_Login' is clicked on

2022-07-19 14:17:35 - [TEST_STEP][PASSED] - if (i == 1): null

2022-07-19 14:17:35 - [TEST_STEP][PASSED] - else if (i == 2): null

2022-07-19 14:17:35 - [TEST_STEP][PASSED] - else if (i == 3): Object 'Object Repository/CITIZEN/Page_Login  GetVaccine/alert nik kosong' is present

2022-07-19 14:17:35 - [TEST_STEP][PASSED] - verifyElementPresent(findTestObject("CITIZEN/Page_Login  GetVaccine/alert nik kosong"), 0): Object 'Object Repository/CITIZEN/Page_Login  GetVaccine/alert nik kosong' is present

2022-07-19 14:17:35 - [MESSAGE][WARNING] - Timeout '0' is invalid. Using default page load timeout: '30'

2022-07-19 14:17:36 - [MESSAGE][PASSED] - Object 'Object Repository/CITIZEN/Page_Login  GetVaccine/alert nik kosong' is present

2022-07-19 14:17:36 - [TEST_STEP][PASSED] - closeBrowser(): Browser is closed

2022-07-19 14:17:36 - [MESSAGE][PASSED] - Browser is closed

2022-07-19 14:17:36 - [TEST_STEP][PASSED] - openBrowser(""): Browser is opened with url: ''

2022-07-19 14:17:36 - [MESSAGE][INFO] - Starting 'Chrome' driver

2022-07-19 14:17:36 - [MESSAGE][INFO] - Action delay is set to 0 milliseconds

2022-07-19 14:17:38 - [MESSAGE][PASSED] - Browser is opened with url: ''

2022-07-19 14:17:38 - [TEST_STEP][PASSED] - maximizeWindow(): Current window maximized

2022-07-19 14:17:38 - [MESSAGE][PASSED] - Current window maximized

2022-07-19 14:17:38 - [TEST_STEP][FAILED] - navigateToUrl("https://dev-getvaccine-16.netlify.app/"): Unable to navigate to 'https://dev-getvaccine-16.netlify.app/' (Root cause: com.kms.katalon.core.exception.StepFailedException: Unable to navigate to 'https://dev-getvaccine-16.netlify.app/'
	at com.kms.katalon.core.webui.keyword.internal.WebUIKeywordMain.stepFailed(WebUIKeywordMain.groovy:64)
	at com.kms.katalon.core.webui.keyword.internal.WebUIKeywordMain.runKeyword(WebUIKeywordMain.groovy:26)
	at com.kms.katalon.core.webui.keyword.builtin.NavigateToUrlKeyword.navigateToUrl(NavigateToUrlKeyword.groovy:83)
	at com.kms.katalon.core.webui.keyword.builtin.NavigateToUrlKeyword.execute(NavigateToUrlKeyword.groovy:67)
	at com.kms.katalon.core.keyword.internal.KeywordExecutor.executeKeywordForPlatform(KeywordExecutor.groovy:74)
	at com.kms.katalon.core.webui.keyword.WebUiBuiltInKeywords.navigateToUrl(WebUiBuiltInKeywords.groovy:187)
	at com.kms.katalon.core.webui.keyword.WebUiBuiltInKeywords$navigateToUrl$1.call(Unknown Source)
	at TC_Login.run(TC_Login:25)
	at com.kms.katalon.core.main.ScriptEngine.run(ScriptEngine.java:194)
	at com.kms.katalon.core.main.ScriptEngine.runScriptAsRawText(ScriptEngine.java:119)
	at com.kms.katalon.core.main.TestCaseExecutor.runScript(TestCaseExecutor.java:442)
	at com.kms.katalon.core.main.TestCaseExecutor.doExecute(TestCaseExecutor.java:433)
	at com.kms.katalon.core.main.TestCaseExecutor.processExecutionPhase(TestCaseExecutor.java:412)
	at com.kms.katalon.core.main.TestCaseExecutor.accessMainPhase(TestCaseExecutor.java:404)
	at com.kms.katalon.core.main.TestCaseExecutor.execute(TestCaseExecutor.java:281)
	at com.kms.katalon.core.main.TestSuiteExecutor.accessTestCaseMainPhase(TestSuiteExecutor.java:202)
	at com.kms.katalon.core.main.TestSuiteExecutor.accessTestSuiteMainPhase(TestSuiteExecutor.java:164)
	at com.kms.katalon.core.main.TestSuiteExecutor.execute(TestSuiteExecutor.java:105)
	at com.kms.katalon.core.main.TestCaseMain.startTestSuite(TestCaseMain.java:185)
	at com.kms.katalon.core.main.TestCaseMain$startTestSuite$0.call(Unknown Source)
	at TempTestSuite1658214752773.run(TempTestSuite1658214752773.groovy:36)
Caused by: org.openqa.selenium.WebDriverException: unknown error: net::ERR_CONNECTION_TIMED_OUT
  (Session info: chrome=103.0.5060.114)
Build info: version: '3.141.59', revision: 'e82be7d358', time: '2018-11-14T08:25:53'
System info: host: 'DESKTOP-D9B57TC', ip: '192.168.100.66', os.name: 'Windows 10', os.arch: 'amd64', os.version: '10.0', java.version: '1.8.0_282'
Driver info: com.kms.katalon.selenium.driver.CChromeDriver
Capabilities {acceptInsecureCerts: false, browserName: chrome, browserVersion: 103.0.5060.114, chrome: {chromedriverVersion: 103.0.5060.53 (a1711811edd7..., userDataDir: C:\Users\THINKP~1\AppData\L...}, goog:chromeOptions: {debuggerAddress: localhost:62391}, javascriptEnabled: true, networkConnectionEnabled: false, pageLoadStrategy: normal, platform: WINDOWS, platformName: WINDOWS, proxy: Proxy(), setWindowRect: true, strictFileInteractability: false, timeouts: {implicit: 0, pageLoad: 300000, script: 30000}, unhandledPromptBehavior: dismiss and notify, webauthn:extension:credBlob: true, webauthn:extension:largeBlob: true, webauthn:virtualAuthenticators: true}
Session ID: 1ac3fc500787d3dea24c128ff6d069a9
	at org.openqa.selenium.remote.http.W3CHttpResponseCodec.createException(W3CHttpResponseCodec.java:187)
	at org.openqa.selenium.remote.http.W3CHttpResponseCodec.decode(W3CHttpResponseCodec.java:122)
	at org.openqa.selenium.remote.http.W3CHttpResponseCodec.decode(W3CHttpResponseCodec.java:49)
	at org.openqa.selenium.remote.HttpCommandExecutor.execute(HttpCommandExecutor.java:158)
	at org.openqa.selenium.remote.service.DriverCommandExecutor.execute(DriverCommandExecutor.java:83)
	at org.openqa.selenium.remote.RemoteWebDriver.execute(RemoteWebDriver.java:552)
	at com.kms.katalon.selenium.driver.CChromeDriver.execute(CChromeDriver.java:19)
	at org.openqa.selenium.remote.RemoteWebDriver.get(RemoteWebDriver.java:277)
	at org.openqa.selenium.remote.RemoteWebDriver$RemoteNavigation.to(RemoteWebDriver.java:857)
	at org.openqa.selenium.support.events.EventFiringWebDriver$EventFiringNavigation.to(EventFiringWebDriver.java:569)
	at com.kms.katalon.core.webui.keyword.builtin.NavigateToUrlKeyword$_navigateToUrl_closure1.doCall(NavigateToUrlKeyword.groovy:81)
	at com.kms.katalon.core.webui.keyword.builtin.NavigateToUrlKeyword$_navigateToUrl_closure1.call(NavigateToUrlKeyword.groovy)
	at com.kms.katalon.core.webui.keyword.internal.WebUIKeywordMain.runKeyword(WebUIKeywordMain.groovy:20)
	at com.kms.katalon.core.webui.keyword.builtin.NavigateToUrlKeyword.navigateToUrl(NavigateToUrlKeyword.groovy:83)
	at com.kms.katalon.core.webui.keyword.builtin.NavigateToUrlKeyword.execute(NavigateToUrlKeyword.groovy:67)
	at com.kms.katalon.core.keyword.internal.KeywordExecutor.executeKeywordForPlatform(KeywordExecutor.groovy:74)
	at com.kms.katalon.core.webui.keyword.WebUiBuiltInKeywords.navigateToUrl(WebUiBuiltInKeywords.groovy:187)
	at com.kms.katalon.core.webui.keyword.WebUiBuiltInKeywords$navigateToUrl$1.call(Unknown Source)
	at Script1657698773137.run(Script1657698773137.groovy:25)
	... 13 more
)

2022-07-19 14:19:03 - [MESSAGE][FAILED] - Unable to navigate to 'https://dev-getvaccine-16.netlify.app/' (Root cause: com.kms.katalon.core.exception.StepFailedException: Unable to navigate to 'https://dev-getvaccine-16.netlify.app/'
	at com.kms.katalon.core.webui.keyword.internal.WebUIKeywordMain.stepFailed(WebUIKeywordMain.groovy:64)
	at com.kms.katalon.core.webui.keyword.internal.WebUIKeywordMain.runKeyword(WebUIKeywordMain.groovy:26)
	at com.kms.katalon.core.webui.keyword.builtin.NavigateToUrlKeyword.navigateToUrl(NavigateToUrlKeyword.groovy:83)
	at com.kms.katalon.core.webui.keyword.builtin.NavigateToUrlKeyword.execute(NavigateToUrlKeyword.groovy:67)
	at com.kms.katalon.core.keyword.internal.KeywordExecutor.executeKeywordForPlatform(KeywordExecutor.groovy:74)
	at com.kms.katalon.core.webui.keyword.WebUiBuiltInKeywords.navigateToUrl(WebUiBuiltInKeywords.groovy:187)
	at com.kms.katalon.core.webui.keyword.WebUiBuiltInKeywords$navigateToUrl$1.call(Unknown Source)
	at TC_Login.run(TC_Login:25)
	at com.kms.katalon.core.main.ScriptEngine.run(ScriptEngine.java:194)
	at com.kms.katalon.core.main.ScriptEngine.runScriptAsRawText(ScriptEngine.java:119)
	at com.kms.katalon.core.main.TestCaseExecutor.runScript(TestCaseExecutor.java:442)
	at com.kms.katalon.core.main.TestCaseExecutor.doExecute(TestCaseExecutor.java:433)
	at com.kms.katalon.core.main.TestCaseExecutor.processExecutionPhase(TestCaseExecutor.java:412)
	at com.kms.katalon.core.main.TestCaseExecutor.accessMainPhase(TestCaseExecutor.java:404)
	at com.kms.katalon.core.main.TestCaseExecutor.execute(TestCaseExecutor.java:281)
	at com.kms.katalon.core.main.TestSuiteExecutor.accessTestCaseMainPhase(TestSuiteExecutor.java:202)
	at com.kms.katalon.core.main.TestSuiteExecutor.accessTestSuiteMainPhase(TestSuiteExecutor.java:164)
	at com.kms.katalon.core.main.TestSuiteExecutor.execute(TestSuiteExecutor.java:105)
	at com.kms.katalon.core.main.TestCaseMain.startTestSuite(TestCaseMain.java:185)
	at com.kms.katalon.core.main.TestCaseMain$startTestSuite$0.call(Unknown Source)
	at TempTestSuite1658214752773.run(TempTestSuite1658214752773.groovy:36)
Caused by: org.openqa.selenium.WebDriverException: unknown error: net::ERR_CONNECTION_TIMED_OUT
  (Session info: chrome=103.0.5060.114)
Build info: version: '3.141.59', revision: 'e82be7d358', time: '2018-11-14T08:25:53'
System info: host: 'DESKTOP-D9B57TC', ip: '192.168.100.66', os.name: 'Windows 10', os.arch: 'amd64', os.version: '10.0', java.version: '1.8.0_282'
Driver info: com.kms.katalon.selenium.driver.CChromeDriver
Capabilities {acceptInsecureCerts: false, browserName: chrome, browserVersion: 103.0.5060.114, chrome: {chromedriverVersion: 103.0.5060.53 (a1711811edd7..., userDataDir: C:\Users\THINKP~1\AppData\L...}, goog:chromeOptions: {debuggerAddress: localhost:62391}, javascriptEnabled: true, networkConnectionEnabled: false, pageLoadStrategy: normal, platform: WINDOWS, platformName: WINDOWS, proxy: Proxy(), setWindowRect: true, strictFileInteractability: false, timeouts: {implicit: 0, pageLoad: 300000, script: 30000}, unhandledPromptBehavior: dismiss and notify, webauthn:extension:credBlob: true, webauthn:extension:largeBlob: true, webauthn:virtualAuthenticators: true}
Session ID: 1ac3fc500787d3dea24c128ff6d069a9
	at org.openqa.selenium.remote.http.W3CHttpResponseCodec.createException(W3CHttpResponseCodec.java:187)
	at org.openqa.selenium.remote.http.W3CHttpResponseCodec.decode(W3CHttpResponseCodec.java:122)
	at org.openqa.selenium.remote.http.W3CHttpResponseCodec.decode(W3CHttpResponseCodec.java:49)
	at org.openqa.selenium.remote.HttpCommandExecutor.execute(HttpCommandExecutor.java:158)
	at org.openqa.selenium.remote.service.DriverCommandExecutor.execute(DriverCommandExecutor.java:83)
	at org.openqa.selenium.remote.RemoteWebDriver.execute(RemoteWebDriver.java:552)
	at com.kms.katalon.selenium.driver.CChromeDriver.execute(CChromeDriver.java:19)
	at org.openqa.selenium.remote.RemoteWebDriver.get(RemoteWebDriver.java:277)
	at org.openqa.selenium.remote.RemoteWebDriver$RemoteNavigation.to(RemoteWebDriver.java:857)
	at org.openqa.selenium.support.events.EventFiringWebDriver$EventFiringNavigation.to(EventFiringWebDriver.java:569)
	at com.kms.katalon.core.webui.keyword.builtin.NavigateToUrlKeyword$_navigateToUrl_closure1.doCall(NavigateToUrlKeyword.groovy:81)
	at com.kms.katalon.core.webui.keyword.builtin.NavigateToUrlKeyword$_navigateToUrl_closure1.call(NavigateToUrlKeyword.groovy)
	at com.kms.katalon.core.webui.keyword.internal.WebUIKeywordMain.runKeyword(WebUIKeywordMain.groovy:20)
	at com.kms.katalon.core.webui.keyword.builtin.NavigateToUrlKeyword.navigateToUrl(NavigateToUrlKeyword.groovy:83)
	at com.kms.katalon.core.webui.keyword.builtin.NavigateToUrlKeyword.execute(NavigateToUrlKeyword.groovy:67)
	at com.kms.katalon.core.keyword.internal.KeywordExecutor.executeKeywordForPlatform(KeywordExecutor.groovy:74)
	at com.kms.katalon.core.webui.keyword.WebUiBuiltInKeywords.navigateToUrl(WebUiBuiltInKeywords.groovy:187)
	at com.kms.katalon.core.webui.keyword.WebUiBuiltInKeywords$navigateToUrl$1.call(Unknown Source)
	at Script1657698773137.run(Script1657698773137.groovy:25)
	... 13 more
)
[[ATTACHMENT|C:\\Users\\Thinkpad X260\\git\\CapstoneWEBSITE\\Reports\\20220719_141232\\TS_CITIZEN\\20220719_141232\\1658215143476.png]]]]></system-out>
         <system-err><![CDATA[2022-07-19 14:16:26 - [TEST_CASE][FAILED] - Test Cases/CITIZEN/AUTH/TC_Login: Test Cases/CITIZEN/AUTH/TC_Login FAILED.
Reason:
com.kms.katalon.core.exception.StepFailedException: Unable to navigate to 'https://dev-getvaccine-16.netlify.app/'
	at com.kms.katalon.core.webui.keyword.internal.WebUIKeywordMain.stepFailed(WebUIKeywordMain.groovy:64)
	at com.kms.katalon.core.webui.keyword.internal.WebUIKeywordMain.runKeyword(WebUIKeywordMain.groovy:26)
	at com.kms.katalon.core.webui.keyword.builtin.NavigateToUrlKeyword.navigateToUrl(NavigateToUrlKeyword.groovy:83)
	at com.kms.katalon.core.webui.keyword.builtin.NavigateToUrlKeyword.execute(NavigateToUrlKeyword.groovy:67)
	at com.kms.katalon.core.keyword.internal.KeywordExecutor.executeKeywordForPlatform(KeywordExecutor.groovy:74)
	at com.kms.katalon.core.webui.keyword.WebUiBuiltInKeywords.navigateToUrl(WebUiBuiltInKeywords.groovy:187)
	at com.kms.katalon.core.webui.keyword.WebUiBuiltInKeywords$navigateToUrl$1.call(Unknown Source)
	at TC_Login.run(TC_Login:25)
	at com.kms.katalon.core.main.ScriptEngine.run(ScriptEngine.java:194)
	at com.kms.katalon.core.main.ScriptEngine.runScriptAsRawText(ScriptEngine.java:119)
	at com.kms.katalon.core.main.TestCaseExecutor.runScript(TestCaseExecutor.java:442)
	at com.kms.katalon.core.main.TestCaseExecutor.doExecute(TestCaseExecutor.java:433)
	at com.kms.katalon.core.main.TestCaseExecutor.processExecutionPhase(TestCaseExecutor.java:412)
	at com.kms.katalon.core.main.TestCaseExecutor.accessMainPhase(TestCaseExecutor.java:404)
	at com.kms.katalon.core.main.TestCaseExecutor.execute(TestCaseExecutor.java:281)
	at com.kms.katalon.core.main.TestSuiteExecutor.accessTestCaseMainPhase(TestSuiteExecutor.java:202)
	at com.kms.katalon.core.main.TestSuiteExecutor.accessTestSuiteMainPhase(TestSuiteExecutor.java:164)
	at com.kms.katalon.core.main.TestSuiteExecutor.execute(TestSuiteExecutor.java:105)
	at com.kms.katalon.core.main.TestCaseMain.startTestSuite(TestCaseMain.java:185)
	at com.kms.katalon.core.main.TestCaseMain$startTestSuite$0.call(Unknown Source)
	at TempTestSuite1658214752773.run(TempTestSuite1658214752773.groovy:36)
Caused by: org.openqa.selenium.WebDriverException: unknown error: net::ERR_CONNECTION_TIMED_OUT
  (Session info: chrome=103.0.5060.114)
Build info: version: '3.141.59', revision: 'e82be7d358', time: '2018-11-14T08:25:53'
System info: host: 'DESKTOP-D9B57TC', ip: '192.168.100.66', os.name: 'Windows 10', os.arch: 'amd64', os.version: '10.0', java.version: '1.8.0_282'
Driver info: com.kms.katalon.selenium.driver.CChromeDriver
Capabilities {acceptInsecureCerts: false, browserName: chrome, browserVersion: 103.0.5060.114, chrome: {chromedriverVersion: 103.0.5060.53 (a1711811edd7..., userDataDir: C:\Users\THINKP~1\AppData\L...}, goog:chromeOptions: {debuggerAddress: localhost:62391}, javascriptEnabled: true, networkConnectionEnabled: false, pageLoadStrategy: normal, platform: WINDOWS, platformName: WINDOWS, proxy: Proxy(), setWindowRect: true, strictFileInteractability: false, timeouts: {implicit: 0, pageLoad: 300000, script: 30000}, unhandledPromptBehavior: dismiss and notify, webauthn:extension:credBlob: true, webauthn:extension:largeBlob: true, webauthn:virtualAuthenticators: true}
Session ID: 1ac3fc500787d3dea24c128ff6d069a9
	at org.openqa.selenium.remote.http.W3CHttpResponseCodec.createException(W3CHttpResponseCodec.java:187)
	at org.openqa.selenium.remote.http.W3CHttpResponseCodec.decode(W3CHttpResponseCodec.java:122)
	at org.openqa.selenium.remote.http.W3CHttpResponseCodec.decode(W3CHttpResponseCodec.java:49)
	at org.openqa.selenium.remote.HttpCommandExecutor.execute(HttpCommandExecutor.java:158)
	at org.openqa.selenium.remote.service.DriverCommandExecutor.execute(DriverCommandExecutor.java:83)
	at org.openqa.selenium.remote.RemoteWebDriver.execute(RemoteWebDriver.java:552)
	at com.kms.katalon.selenium.driver.CChromeDriver.execute(CChromeDriver.java:19)
	at org.openqa.selenium.remote.RemoteWebDriver.get(RemoteWebDriver.java:277)
	at org.openqa.selenium.remote.RemoteWebDriver$RemoteNavigation.to(RemoteWebDriver.java:857)
	at org.openqa.selenium.support.events.EventFiringWebDriver$EventFiringNavigation.to(EventFiringWebDriver.java:569)
	at com.kms.katalon.core.webui.keyword.builtin.NavigateToUrlKeyword$_navigateToUrl_closure1.doCall(NavigateToUrlKeyword.groovy:81)
	at com.kms.katalon.core.webui.keyword.builtin.NavigateToUrlKeyword$_navigateToUrl_closure1.call(NavigateToUrlKeyword.groovy)
	at com.kms.katalon.core.webui.keyword.internal.WebUIKeywordMain.runKeyword(WebUIKeywordMain.groovy:20)
	... 19 more]]></system-err>
      </testcase>
      <testcase name="Test Cases/CITIZEN/AUTH/Login" time="10.71" classname="Test Cases/CITIZEN/AUTH/Login" status="PASSED">
         <system-out><![CDATA[2022-07-19 14:19:03 - [TEST_CASE][PASSED] - Test Cases/CITIZEN/AUTH/Login: Test Cases/CITIZEN/AUTH/Login

2022-07-19 14:19:04 - [TEST_STEP][PASSED] - openBrowser(""): Browser is opened with url: ''

2022-07-19 14:19:04 - [MESSAGE][WARNING] - A browser is already opened. Closing browser and opening a new one

2022-07-19 14:19:05 - [MESSAGE][INFO] - Starting 'Chrome' driver

2022-07-19 14:19:05 - [MESSAGE][INFO] - Action delay is set to 0 milliseconds

2022-07-19 14:19:06 - [MESSAGE][PASSED] - Browser is opened with url: ''

2022-07-19 14:19:06 - [TEST_STEP][PASSED] - maximizeWindow(): Current window maximized

2022-07-19 14:19:06 - [MESSAGE][PASSED] - Current window maximized

2022-07-19 14:19:06 - [TEST_STEP][PASSED] - navigateToUrl("https://dev-getvaccine-16.netlify.app/"): Navigate to 'https://dev-getvaccine-16.netlify.app/' successfully

2022-07-19 14:19:07 - [MESSAGE][PASSED] - Navigate to 'https://dev-getvaccine-16.netlify.app/' successfully

2022-07-19 14:19:07 - [TEST_STEP][PASSED] - click(findTestObject("CITIZEN/Page_Home  GetVaccine/login btn")): Object: 'Object Repository/CITIZEN/Page_Home  GetVaccine/login btn' is clicked on

2022-07-19 14:19:08 - [MESSAGE][PASSED] - Object: 'Object Repository/CITIZEN/Page_Home  GetVaccine/login btn' is clicked on

2022-07-19 14:19:08 - [TEST_STEP][PASSED] - verifyElementVisible(findTestObject("CITIZEN/Page_Login  GetVaccine/VerifyLoginPage")): Object 'Object Repository/CITIZEN/Page_Login  GetVaccine/VerifyLoginPage' is visible

2022-07-19 14:19:09 - [MESSAGE][PASSED] - Object 'Object Repository/CITIZEN/Page_Login  GetVaccine/VerifyLoginPage' is visible

2022-07-19 14:19:09 - [TEST_STEP][PASSED] - setText(findTestObject("CITIZEN/Page_Login  GetVaccine/input_NIK_basic_nik"), "7890789078907890"): Text '7890789078907890' is set on object 'Object Repository/CITIZEN/Page_Login  GetVaccine/input_NIK_basic_nik'

2022-07-19 14:19:10 - [MESSAGE][PASSED] - Text '7890789078907890' is set on object 'Object Repository/CITIZEN/Page_Login  GetVaccine/input_NIK_basic_nik'

2022-07-19 14:19:10 - [TEST_STEP][PASSED] - setText(findTestObject("CITIZEN/Page_Login  GetVaccine/input_Password_basic_password"), "Haechan123"): Text 'Haechan123' is set on object 'Object Repository/CITIZEN/Page_Login  GetVaccine/input_Password_basic_password'

2022-07-19 14:19:11 - [MESSAGE][PASSED] - Text 'Haechan123' is set on object 'Object Repository/CITIZEN/Page_Login  GetVaccine/input_Password_basic_password'

2022-07-19 14:19:11 - [TEST_STEP][PASSED] - click(findTestObject("CITIZEN/Page_Login  GetVaccine/eye")): Object: 'Object Repository/CITIZEN/Page_Login  GetVaccine/eye' is clicked on

2022-07-19 14:19:12 - [MESSAGE][PASSED] - Object: 'Object Repository/CITIZEN/Page_Login  GetVaccine/eye' is clicked on

2022-07-19 14:19:12 - [TEST_STEP][PASSED] - click(findTestObject("CITIZEN/Page_Login  GetVaccine/button_Login")): Object: 'Object Repository/CITIZEN/Page_Login  GetVaccine/button_Login' is clicked on

2022-07-19 14:19:12 - [MESSAGE][PASSED] - Object: 'Object Repository/CITIZEN/Page_Login  GetVaccine/button_Login' is clicked on

2022-07-19 14:19:12 - [TEST_STEP][PASSED] - verifyElementPresent(findTestObject("CITIZEN/Page_Home  GetVaccine/navbar"), 0, STOP_ON_FAILURE): Object 'Object Repository/CITIZEN/Page_Home  GetVaccine/navbar' is present

2022-07-19 14:19:12 - [MESSAGE][WARNING] - Timeout '0' is invalid. Using default page load timeout: '30'

2022-07-19 14:19:14 - [MESSAGE][PASSED] - Object 'Object Repository/CITIZEN/Page_Home  GetVaccine/navbar' is present]]></system-out>
         <system-err><![CDATA[]]></system-err>
      </testcase>
      <testcase name="Test Cases/CITIZEN/VAKSINASI/TC_Search" time="56.226" classname="Test Cases/CITIZEN/VAKSINASI/TC_Search" status="PASSED">
         <system-out><![CDATA[2022-07-19 14:19:14 - [TEST_CASE][PASSED] - Test Cases/CITIZEN/VAKSINASI/TC_Search: Test Cases/CITIZEN/VAKSINASI/TC_Search

2022-07-19 14:19:15 - [TEST_STEP][PASSED] - for ([i = 1, i <= 7, (i++)]): Object 'Object Repository/CITIZEN/Page_undefined  GetVaccine/yonkes' is present

2022-07-19 14:19:15 - [TEST_STEP][PASSED] - click(findTestObject("CITIZEN/Page_Home  GetVaccine/home menu")): Object: 'Object Repository/CITIZEN/Page_Home  GetVaccine/home menu' is clicked on

2022-07-19 14:19:15 - [MESSAGE][PASSED] - Object: 'Object Repository/CITIZEN/Page_Home  GetVaccine/home menu' is clicked on

2022-07-19 14:19:15 - [TEST_STEP][PASSED] - click(findTestObject("CITIZEN/Page_Home  GetVaccine/vaksinasi menu")): Object: 'Object Repository/CITIZEN/Page_Home  GetVaccine/vaksinasi menu' is clicked on

2022-07-19 14:19:16 - [MESSAGE][PASSED] - Object: 'Object Repository/CITIZEN/Page_Home  GetVaccine/vaksinasi menu' is clicked on

2022-07-19 14:19:16 - [TEST_STEP][PASSED] - verifyElementPresent(findTestObject("CITIZEN/Page_Vaksinasi GetVaccine/verify vaksinasi page"), 0): Object 'Object Repository/CITIZEN/Page_Vaksinasi GetVaccine/verify vaksinasi page' is present

2022-07-19 14:19:16 - [MESSAGE][WARNING] - Timeout '0' is invalid. Using default page load timeout: '30'

2022-07-19 14:19:17 - [MESSAGE][PASSED] - Object 'Object Repository/CITIZEN/Page_Vaksinasi GetVaccine/verify vaksinasi page' is present

2022-07-19 14:19:17 - [TEST_STEP][PASSED] - click(findTestObject("CITIZEN/Page_Vaksinasi GetVaccine/Search/search bar")): Object: 'Object Repository/CITIZEN/Page_Vaksinasi GetVaccine/Search/search bar' is clicked on

2022-07-19 14:19:18 - [MESSAGE][PASSED] - Object: 'Object Repository/CITIZEN/Page_Vaksinasi GetVaccine/Search/search bar' is clicked on

2022-07-19 14:19:18 - [TEST_STEP][PASSED] - clearText(findTestObject("CITIZEN/Page_Vaksinasi GetVaccine/Search/search bar")): Text of object 'Object Repository/CITIZEN/Page_Vaksinasi GetVaccine/Search/search bar' is cleared

2022-07-19 14:19:18 - [MESSAGE][PASSED] - Text of object 'Object Repository/CITIZEN/Page_Vaksinasi GetVaccine/Search/search bar' is cleared

2022-07-19 14:19:18 - [TEST_STEP][PASSED] - setText(findTestObject("CITIZEN/Page_Vaksinasi GetVaccine/Search/search bar"), findTestData("CITIZEN/Search Vaccine").getValue(1, i)): Text '' is set on object 'Object Repository/CITIZEN/Page_Vaksinasi GetVaccine/Search/search bar'

2022-07-19 14:19:19 - [MESSAGE][PASSED] - Text '' is set on object 'Object Repository/CITIZEN/Page_Vaksinasi GetVaccine/Search/search bar'

2022-07-19 14:19:19 - [TEST_STEP][PASSED] - click(findTestObject("CITIZEN/Page_Vaksinasi GetVaccine/Search/button search")): Object: 'Object Repository/CITIZEN/Page_Vaksinasi GetVaccine/Search/button search' is clicked on

2022-07-19 14:19:19 - [MESSAGE][PASSED] - Object: 'Object Repository/CITIZEN/Page_Vaksinasi GetVaccine/Search/button search' is clicked on

2022-07-19 14:19:19 - [TEST_STEP][PASSED] - if (i <= 3): Object 'Object Repository/CITIZEN/Page_Vaksinasi GetVaccine/Search/verify search gagal' is present

2022-07-19 14:19:19 - [TEST_STEP][PASSED] - verifyElementPresent(findTestObject("CITIZEN/Page_Vaksinasi GetVaccine/Search/verify search gagal"), 0): Object 'Object Repository/CITIZEN/Page_Vaksinasi GetVaccine/Search/verify search gagal' is present

2022-07-19 14:19:19 - [MESSAGE][WARNING] - Timeout '0' is invalid. Using default page load timeout: '30'

2022-07-19 14:19:20 - [MESSAGE][PASSED] - Object 'Object Repository/CITIZEN/Page_Vaksinasi GetVaccine/Search/verify search gagal' is present

2022-07-19 14:19:20 - [TEST_STEP][PASSED] - click(findTestObject("CITIZEN/Page_Home  GetVaccine/home menu")): Object: 'Object Repository/CITIZEN/Page_Home  GetVaccine/home menu' is clicked on

2022-07-19 14:19:20 - [MESSAGE][PASSED] - Object: 'Object Repository/CITIZEN/Page_Home  GetVaccine/home menu' is clicked on

2022-07-19 14:19:20 - [TEST_STEP][PASSED] - click(findTestObject("CITIZEN/Page_Home  GetVaccine/vaksinasi menu")): Object: 'Object Repository/CITIZEN/Page_Home  GetVaccine/vaksinasi menu' is clicked on

2022-07-19 14:19:22 - [MESSAGE][PASSED] - Object: 'Object Repository/CITIZEN/Page_Home  GetVaccine/vaksinasi menu' is clicked on

2022-07-19 14:19:22 - [TEST_STEP][PASSED] - verifyElementPresent(findTestObject("CITIZEN/Page_Vaksinasi GetVaccine/verify vaksinasi page"), 0): Object 'Object Repository/CITIZEN/Page_Vaksinasi GetVaccine/verify vaksinasi page' is present

2022-07-19 14:19:22 - [MESSAGE][WARNING] - Timeout '0' is invalid. Using default page load timeout: '30'

2022-07-19 14:19:23 - [MESSAGE][PASSED] - Object 'Object Repository/CITIZEN/Page_Vaksinasi GetVaccine/verify vaksinasi page' is present

2022-07-19 14:19:23 - [TEST_STEP][PASSED] - click(findTestObject("CITIZEN/Page_Vaksinasi GetVaccine/Search/search bar")): Object: 'Object Repository/CITIZEN/Page_Vaksinasi GetVaccine/Search/search bar' is clicked on

2022-07-19 14:19:24 - [MESSAGE][PASSED] - Object: 'Object Repository/CITIZEN/Page_Vaksinasi GetVaccine/Search/search bar' is clicked on

2022-07-19 14:19:24 - [TEST_STEP][PASSED] - clearText(findTestObject("CITIZEN/Page_Vaksinasi GetVaccine/Search/search bar")): Text of object 'Object Repository/CITIZEN/Page_Vaksinasi GetVaccine/Search/search bar' is cleared

2022-07-19 14:19:24 - [MESSAGE][PASSED] - Text of object 'Object Repository/CITIZEN/Page_Vaksinasi GetVaccine/Search/search bar' is cleared

2022-07-19 14:19:24 - [TEST_STEP][PASSED] - setText(findTestObject("CITIZEN/Page_Vaksinasi GetVaccine/Search/search bar"), findTestData("CITIZEN/Search Vaccine").getValue(1, i)): Text '1111' is set on object 'Object Repository/CITIZEN/Page_Vaksinasi GetVaccine/Search/search bar'

2022-07-19 14:19:25 - [MESSAGE][PASSED] - Text '1111' is set on object 'Object Repository/CITIZEN/Page_Vaksinasi GetVaccine/Search/search bar'

2022-07-19 14:19:25 - [TEST_STEP][PASSED] - click(findTestObject("CITIZEN/Page_Vaksinasi GetVaccine/Search/button search")): Object: 'Object Repository/CITIZEN/Page_Vaksinasi GetVaccine/Search/button search' is clicked on

2022-07-19 14:19:26 - [MESSAGE][PASSED] - Object: 'Object Repository/CITIZEN/Page_Vaksinasi GetVaccine/Search/button search' is clicked on

2022-07-19 14:19:26 - [TEST_STEP][PASSED] - if (i <= 3): Object 'Object Repository/CITIZEN/Page_Vaksinasi GetVaccine/Search/verify search gagal' is present

2022-07-19 14:19:26 - [TEST_STEP][PASSED] - verifyElementPresent(findTestObject("CITIZEN/Page_Vaksinasi GetVaccine/Search/verify search gagal"), 0): Object 'Object Repository/CITIZEN/Page_Vaksinasi GetVaccine/Search/verify search gagal' is present

2022-07-19 14:19:26 - [MESSAGE][WARNING] - Timeout '0' is invalid. Using default page load timeout: '30'

2022-07-19 14:19:26 - [MESSAGE][PASSED] - Object 'Object Repository/CITIZEN/Page_Vaksinasi GetVaccine/Search/verify search gagal' is present

2022-07-19 14:19:26 - [TEST_STEP][PASSED] - click(findTestObject("CITIZEN/Page_Home  GetVaccine/home menu")): Object: 'Object Repository/CITIZEN/Page_Home  GetVaccine/home menu' is clicked on

2022-07-19 14:19:27 - [MESSAGE][PASSED] - Object: 'Object Repository/CITIZEN/Page_Home  GetVaccine/home menu' is clicked on

2022-07-19 14:19:27 - [TEST_STEP][PASSED] - click(findTestObject("CITIZEN/Page_Home  GetVaccine/vaksinasi menu")): Object: 'Object Repository/CITIZEN/Page_Home  GetVaccine/vaksinasi menu' is clicked on

2022-07-19 14:19:29 - [MESSAGE][PASSED] - Object: 'Object Repository/CITIZEN/Page_Home  GetVaccine/vaksinasi menu' is clicked on

2022-07-19 14:19:29 - [TEST_STEP][PASSED] - verifyElementPresent(findTestObject("CITIZEN/Page_Vaksinasi GetVaccine/verify vaksinasi page"), 0): Object 'Object Repository/CITIZEN/Page_Vaksinasi GetVaccine/verify vaksinasi page' is present

2022-07-19 14:19:29 - [MESSAGE][WARNING] - Timeout '0' is invalid. Using default page load timeout: '30'

2022-07-19 14:19:31 - [MESSAGE][PASSED] - Object 'Object Repository/CITIZEN/Page_Vaksinasi GetVaccine/verify vaksinasi page' is present

2022-07-19 14:19:31 - [TEST_STEP][PASSED] - click(findTestObject("CITIZEN/Page_Vaksinasi GetVaccine/Search/search bar")): Object: 'Object Repository/CITIZEN/Page_Vaksinasi GetVaccine/Search/search bar' is clicked on

2022-07-19 14:19:31 - [MESSAGE][PASSED] - Object: 'Object Repository/CITIZEN/Page_Vaksinasi GetVaccine/Search/search bar' is clicked on

2022-07-19 14:19:31 - [TEST_STEP][PASSED] - clearText(findTestObject("CITIZEN/Page_Vaksinasi GetVaccine/Search/search bar")): Text of object 'Object Repository/CITIZEN/Page_Vaksinasi GetVaccine/Search/search bar' is cleared

2022-07-19 14:19:32 - [MESSAGE][PASSED] - Text of object 'Object Repository/CITIZEN/Page_Vaksinasi GetVaccine/Search/search bar' is cleared

2022-07-19 14:19:32 - [TEST_STEP][PASSED] - setText(findTestObject("CITIZEN/Page_Vaksinasi GetVaccine/Search/search bar"), findTestData("CITIZEN/Search Vaccine").getValue(1, i)): Text 'london' is set on object 'Object Repository/CITIZEN/Page_Vaksinasi GetVaccine/Search/search bar'

2022-07-19 14:19:33 - [MESSAGE][PASSED] - Text 'london' is set on object 'Object Repository/CITIZEN/Page_Vaksinasi GetVaccine/Search/search bar'

2022-07-19 14:19:33 - [TEST_STEP][PASSED] - click(findTestObject("CITIZEN/Page_Vaksinasi GetVaccine/Search/button search")): Object: 'Object Repository/CITIZEN/Page_Vaksinasi GetVaccine/Search/button search' is clicked on

2022-07-19 14:19:33 - [MESSAGE][PASSED] - Object: 'Object Repository/CITIZEN/Page_Vaksinasi GetVaccine/Search/button search' is clicked on

2022-07-19 14:19:33 - [TEST_STEP][PASSED] - if (i <= 3): Object 'Object Repository/CITIZEN/Page_Vaksinasi GetVaccine/Search/verify search gagal' is present

2022-07-19 14:19:33 - [TEST_STEP][PASSED] - verifyElementPresent(findTestObject("CITIZEN/Page_Vaksinasi GetVaccine/Search/verify search gagal"), 0): Object 'Object Repository/CITIZEN/Page_Vaksinasi GetVaccine/Search/verify search gagal' is present

2022-07-19 14:19:33 - [MESSAGE][WARNING] - Timeout '0' is invalid. Using default page load timeout: '30'

2022-07-19 14:19:34 - [MESSAGE][PASSED] - Object 'Object Repository/CITIZEN/Page_Vaksinasi GetVaccine/Search/verify search gagal' is present

2022-07-19 14:19:34 - [TEST_STEP][PASSED] - click(findTestObject("CITIZEN/Page_Home  GetVaccine/home menu")): Object: 'Object Repository/CITIZEN/Page_Home  GetVaccine/home menu' is clicked on

2022-07-19 14:19:34 - [MESSAGE][PASSED] - Object: 'Object Repository/CITIZEN/Page_Home  GetVaccine/home menu' is clicked on

2022-07-19 14:19:34 - [TEST_STEP][PASSED] - click(findTestObject("CITIZEN/Page_Home  GetVaccine/vaksinasi menu")): Object: 'Object Repository/CITIZEN/Page_Home  GetVaccine/vaksinasi menu' is clicked on

2022-07-19 14:19:36 - [MESSAGE][PASSED] - Object: 'Object Repository/CITIZEN/Page_Home  GetVaccine/vaksinasi menu' is clicked on

2022-07-19 14:19:36 - [TEST_STEP][PASSED] - verifyElementPresent(findTestObject("CITIZEN/Page_Vaksinasi GetVaccine/verify vaksinasi page"), 0): Object 'Object Repository/CITIZEN/Page_Vaksinasi GetVaccine/verify vaksinasi page' is present

2022-07-19 14:19:36 - [MESSAGE][WARNING] - Timeout '0' is invalid. Using default page load timeout: '30'

2022-07-19 14:19:40 - [MESSAGE][PASSED] - Object 'Object Repository/CITIZEN/Page_Vaksinasi GetVaccine/verify vaksinasi page' is present

2022-07-19 14:19:40 - [TEST_STEP][PASSED] - click(findTestObject("CITIZEN/Page_Vaksinasi GetVaccine/Search/search bar")): Object: 'Object Repository/CITIZEN/Page_Vaksinasi GetVaccine/Search/search bar' is clicked on

2022-07-19 14:19:40 - [MESSAGE][PASSED] - Object: 'Object Repository/CITIZEN/Page_Vaksinasi GetVaccine/Search/search bar' is clicked on

2022-07-19 14:19:40 - [TEST_STEP][PASSED] - clearText(findTestObject("CITIZEN/Page_Vaksinasi GetVaccine/Search/search bar")): Text of object 'Object Repository/CITIZEN/Page_Vaksinasi GetVaccine/Search/search bar' is cleared

2022-07-19 14:19:41 - [MESSAGE][PASSED] - Text of object 'Object Repository/CITIZEN/Page_Vaksinasi GetVaccine/Search/search bar' is cleared

2022-07-19 14:19:41 - [TEST_STEP][PASSED] - setText(findTestObject("CITIZEN/Page_Vaksinasi GetVaccine/Search/search bar"), findTestData("CITIZEN/Search Vaccine").getValue(1, i)): Text 'Jawa Barat' is set on object 'Object Repository/CITIZEN/Page_Vaksinasi GetVaccine/Search/search bar'

2022-07-19 14:19:41 - [MESSAGE][PASSED] - Text 'Jawa Barat' is set on object 'Object Repository/CITIZEN/Page_Vaksinasi GetVaccine/Search/search bar'

2022-07-19 14:19:41 - [TEST_STEP][PASSED] - click(findTestObject("CITIZEN/Page_Vaksinasi GetVaccine/Search/button search")): Object: 'Object Repository/CITIZEN/Page_Vaksinasi GetVaccine/Search/button search' is clicked on

2022-07-19 14:19:42 - [MESSAGE][PASSED] - Object: 'Object Repository/CITIZEN/Page_Vaksinasi GetVaccine/Search/button search' is clicked on

2022-07-19 14:19:42 - [TEST_STEP][PASSED] - if (i <= 3): null

2022-07-19 14:19:42 - [TEST_STEP][PASSED] - else if (i == 4 | i == 5 | i == 6): Object 'Object Repository/CITIZEN/Page_undefined  GetVaccine/yonkes' is present

2022-07-19 14:19:42 - [TEST_STEP][PASSED] - verifyElementPresent(findTestObject("CITIZEN/Page_undefined  GetVaccine/yonkes"), 0): Object 'Object Repository/CITIZEN/Page_undefined  GetVaccine/yonkes' is present

2022-07-19 14:19:42 - [MESSAGE][WARNING] - Timeout '0' is invalid. Using default page load timeout: '30'

2022-07-19 14:19:42 - [MESSAGE][PASSED] - Object 'Object Repository/CITIZEN/Page_undefined  GetVaccine/yonkes' is present

2022-07-19 14:19:42 - [TEST_STEP][PASSED] - click(findTestObject("CITIZEN/Page_Home  GetVaccine/home menu")): Object: 'Object Repository/CITIZEN/Page_Home  GetVaccine/home menu' is clicked on

2022-07-19 14:19:43 - [MESSAGE][PASSED] - Object: 'Object Repository/CITIZEN/Page_Home  GetVaccine/home menu' is clicked on

2022-07-19 14:19:43 - [TEST_STEP][PASSED] - click(findTestObject("CITIZEN/Page_Home  GetVaccine/vaksinasi menu")): Object: 'Object Repository/CITIZEN/Page_Home  GetVaccine/vaksinasi menu' is clicked on

2022-07-19 14:19:46 - [MESSAGE][PASSED] - Object: 'Object Repository/CITIZEN/Page_Home  GetVaccine/vaksinasi menu' is clicked on

2022-07-19 14:19:46 - [TEST_STEP][PASSED] - verifyElementPresent(findTestObject("CITIZEN/Page_Vaksinasi GetVaccine/verify vaksinasi page"), 0): Object 'Object Repository/CITIZEN/Page_Vaksinasi GetVaccine/verify vaksinasi page' is present

2022-07-19 14:19:46 - [MESSAGE][WARNING] - Timeout '0' is invalid. Using default page load timeout: '30'

2022-07-19 14:19:50 - [MESSAGE][PASSED] - Object 'Object Repository/CITIZEN/Page_Vaksinasi GetVaccine/verify vaksinasi page' is present

2022-07-19 14:19:50 - [TEST_STEP][PASSED] - click(findTestObject("CITIZEN/Page_Vaksinasi GetVaccine/Search/search bar")): Object: 'Object Repository/CITIZEN/Page_Vaksinasi GetVaccine/Search/search bar' is clicked on

2022-07-19 14:19:51 - [MESSAGE][PASSED] - Object: 'Object Repository/CITIZEN/Page_Vaksinasi GetVaccine/Search/search bar' is clicked on

2022-07-19 14:19:51 - [TEST_STEP][PASSED] - clearText(findTestObject("CITIZEN/Page_Vaksinasi GetVaccine/Search/search bar")): Text of object 'Object Repository/CITIZEN/Page_Vaksinasi GetVaccine/Search/search bar' is cleared

2022-07-19 14:19:51 - [MESSAGE][PASSED] - Text of object 'Object Repository/CITIZEN/Page_Vaksinasi GetVaccine/Search/search bar' is cleared

2022-07-19 14:19:51 - [TEST_STEP][PASSED] - setText(findTestObject("CITIZEN/Page_Vaksinasi GetVaccine/Search/search bar"), findTestData("CITIZEN/Search Vaccine").getValue(1, i)): Text 'Bogor' is set on object 'Object Repository/CITIZEN/Page_Vaksinasi GetVaccine/Search/search bar'

2022-07-19 14:19:52 - [MESSAGE][PASSED] - Text 'Bogor' is set on object 'Object Repository/CITIZEN/Page_Vaksinasi GetVaccine/Search/search bar'

2022-07-19 14:19:52 - [TEST_STEP][PASSED] - click(findTestObject("CITIZEN/Page_Vaksinasi GetVaccine/Search/button search")): Object: 'Object Repository/CITIZEN/Page_Vaksinasi GetVaccine/Search/button search' is clicked on

2022-07-19 14:19:52 - [MESSAGE][PASSED] - Object: 'Object Repository/CITIZEN/Page_Vaksinasi GetVaccine/Search/button search' is clicked on

2022-07-19 14:19:52 - [TEST_STEP][PASSED] - if (i <= 3): null

2022-07-19 14:19:52 - [TEST_STEP][PASSED] - else if (i == 4 | i == 5 | i == 6): Object 'Object Repository/CITIZEN/Page_undefined  GetVaccine/yonkes' is present

2022-07-19 14:19:52 - [TEST_STEP][PASSED] - verifyElementPresent(findTestObject("CITIZEN/Page_undefined  GetVaccine/yonkes"), 0): Object 'Object Repository/CITIZEN/Page_undefined  GetVaccine/yonkes' is present

2022-07-19 14:19:53 - [MESSAGE][WARNING] - Timeout '0' is invalid. Using default page load timeout: '30'

2022-07-19 14:19:53 - [MESSAGE][PASSED] - Object 'Object Repository/CITIZEN/Page_undefined  GetVaccine/yonkes' is present

2022-07-19 14:19:53 - [TEST_STEP][PASSED] - click(findTestObject("CITIZEN/Page_Home  GetVaccine/home menu")): Object: 'Object Repository/CITIZEN/Page_Home  GetVaccine/home menu' is clicked on

2022-07-19 14:19:53 - [MESSAGE][PASSED] - Object: 'Object Repository/CITIZEN/Page_Home  GetVaccine/home menu' is clicked on

2022-07-19 14:19:53 - [TEST_STEP][PASSED] - click(findTestObject("CITIZEN/Page_Home  GetVaccine/vaksinasi menu")): Object: 'Object Repository/CITIZEN/Page_Home  GetVaccine/vaksinasi menu' is clicked on

2022-07-19 14:19:57 - [MESSAGE][PASSED] - Object: 'Object Repository/CITIZEN/Page_Home  GetVaccine/vaksinasi menu' is clicked on

2022-07-19 14:19:57 - [TEST_STEP][PASSED] - verifyElementPresent(findTestObject("CITIZEN/Page_Vaksinasi GetVaccine/verify vaksinasi page"), 0): Object 'Object Repository/CITIZEN/Page_Vaksinasi GetVaccine/verify vaksinasi page' is present

2022-07-19 14:19:57 - [MESSAGE][WARNING] - Timeout '0' is invalid. Using default page load timeout: '30'

2022-07-19 14:20:01 - [MESSAGE][PASSED] - Object 'Object Repository/CITIZEN/Page_Vaksinasi GetVaccine/verify vaksinasi page' is present

2022-07-19 14:20:01 - [TEST_STEP][PASSED] - click(findTestObject("CITIZEN/Page_Vaksinasi GetVaccine/Search/search bar")): Object: 'Object Repository/CITIZEN/Page_Vaksinasi GetVaccine/Search/search bar' is clicked on

2022-07-19 14:20:01 - [MESSAGE][PASSED] - Object: 'Object Repository/CITIZEN/Page_Vaksinasi GetVaccine/Search/search bar' is clicked on

2022-07-19 14:20:01 - [TEST_STEP][PASSED] - clearText(findTestObject("CITIZEN/Page_Vaksinasi GetVaccine/Search/search bar")): Text of object 'Object Repository/CITIZEN/Page_Vaksinasi GetVaccine/Search/search bar' is cleared

2022-07-19 14:20:02 - [MESSAGE][PASSED] - Text of object 'Object Repository/CITIZEN/Page_Vaksinasi GetVaccine/Search/search bar' is cleared

2022-07-19 14:20:02 - [TEST_STEP][PASSED] - setText(findTestObject("CITIZEN/Page_Vaksinasi GetVaccine/Search/search bar"), findTestData("CITIZEN/Search Vaccine").getValue(1, i)): Text '16710' is set on object 'Object Repository/CITIZEN/Page_Vaksinasi GetVaccine/Search/search bar'

2022-07-19 14:20:02 - [MESSAGE][PASSED] - Text '16710' is set on object 'Object Repository/CITIZEN/Page_Vaksinasi GetVaccine/Search/search bar'

2022-07-19 14:20:02 - [TEST_STEP][PASSED] - click(findTestObject("CITIZEN/Page_Vaksinasi GetVaccine/Search/button search")): Object: 'Object Repository/CITIZEN/Page_Vaksinasi GetVaccine/Search/button search' is clicked on

2022-07-19 14:20:03 - [MESSAGE][PASSED] - Object: 'Object Repository/CITIZEN/Page_Vaksinasi GetVaccine/Search/button search' is clicked on

2022-07-19 14:20:03 - [TEST_STEP][PASSED] - if (i <= 3): null

2022-07-19 14:20:03 - [TEST_STEP][PASSED] - else if (i == 4 | i == 5 | i == 6): Object 'Object Repository/CITIZEN/Page_undefined  GetVaccine/yonkes' is present

2022-07-19 14:20:03 - [TEST_STEP][PASSED] - verifyElementPresent(findTestObject("CITIZEN/Page_undefined  GetVaccine/yonkes"), 0): Object 'Object Repository/CITIZEN/Page_undefined  GetVaccine/yonkes' is present

2022-07-19 14:20:03 - [MESSAGE][WARNING] - Timeout '0' is invalid. Using default page load timeout: '30'

2022-07-19 14:20:03 - [MESSAGE][PASSED] - Object 'Object Repository/CITIZEN/Page_undefined  GetVaccine/yonkes' is present

2022-07-19 14:20:03 - [TEST_STEP][PASSED] - click(findTestObject("CITIZEN/Page_Home  GetVaccine/home menu")): Object: 'Object Repository/CITIZEN/Page_Home  GetVaccine/home menu' is clicked on

2022-07-19 14:20:04 - [MESSAGE][PASSED] - Object: 'Object Repository/CITIZEN/Page_Home  GetVaccine/home menu' is clicked on

2022-07-19 14:20:04 - [TEST_STEP][PASSED] - click(findTestObject("CITIZEN/Page_Home  GetVaccine/vaksinasi menu")): Object: 'Object Repository/CITIZEN/Page_Home  GetVaccine/vaksinasi menu' is clicked on

2022-07-19 14:20:06 - [MESSAGE][PASSED] - Object: 'Object Repository/CITIZEN/Page_Home  GetVaccine/vaksinasi menu' is clicked on

2022-07-19 14:20:06 - [TEST_STEP][PASSED] - verifyElementPresent(findTestObject("CITIZEN/Page_Vaksinasi GetVaccine/verify vaksinasi page"), 0): Object 'Object Repository/CITIZEN/Page_Vaksinasi GetVaccine/verify vaksinasi page' is present

2022-07-19 14:20:06 - [MESSAGE][WARNING] - Timeout '0' is invalid. Using default page load timeout: '30'

2022-07-19 14:20:08 - [MESSAGE][PASSED] - Object 'Object Repository/CITIZEN/Page_Vaksinasi GetVaccine/verify vaksinasi page' is present

2022-07-19 14:20:08 - [TEST_STEP][PASSED] - click(findTestObject("CITIZEN/Page_Vaksinasi GetVaccine/Search/search bar")): Object: 'Object Repository/CITIZEN/Page_Vaksinasi GetVaccine/Search/search bar' is clicked on

2022-07-19 14:20:08 - [MESSAGE][PASSED] - Object: 'Object Repository/CITIZEN/Page_Vaksinasi GetVaccine/Search/search bar' is clicked on

2022-07-19 14:20:08 - [TEST_STEP][PASSED] - clearText(findTestObject("CITIZEN/Page_Vaksinasi GetVaccine/Search/search bar")): Text of object 'Object Repository/CITIZEN/Page_Vaksinasi GetVaccine/Search/search bar' is cleared

2022-07-19 14:20:09 - [MESSAGE][PASSED] - Text of object 'Object Repository/CITIZEN/Page_Vaksinasi GetVaccine/Search/search bar' is cleared

2022-07-19 14:20:09 - [TEST_STEP][PASSED] - setText(findTestObject("CITIZEN/Page_Vaksinasi GetVaccine/Search/search bar"), findTestData("CITIZEN/Search Vaccine").getValue(1, i)): Text 'Yonkes' is set on object 'Object Repository/CITIZEN/Page_Vaksinasi GetVaccine/Search/search bar'

2022-07-19 14:20:09 - [MESSAGE][PASSED] - Text 'Yonkes' is set on object 'Object Repository/CITIZEN/Page_Vaksinasi GetVaccine/Search/search bar'

2022-07-19 14:20:09 - [TEST_STEP][PASSED] - click(findTestObject("CITIZEN/Page_Vaksinasi GetVaccine/Search/button search")): Object: 'Object Repository/CITIZEN/Page_Vaksinasi GetVaccine/Search/button search' is clicked on

2022-07-19 14:20:10 - [MESSAGE][PASSED] - Object: 'Object Repository/CITIZEN/Page_Vaksinasi GetVaccine/Search/button search' is clicked on

2022-07-19 14:20:10 - [TEST_STEP][PASSED] - if (i <= 3): null

2022-07-19 14:20:10 - [TEST_STEP][PASSED] - else if (i == 4 | i == 5 | i == 6): null

2022-07-19 14:20:10 - [TEST_STEP][PASSED] - else: Object 'Object Repository/CITIZEN/Page_undefined  GetVaccine/yonkes' is present

2022-07-19 14:20:10 - [TEST_STEP][PASSED] - verifyElementPresent(findTestObject("CITIZEN/Page_undefined  GetVaccine/yonkes"), 0): Object 'Object Repository/CITIZEN/Page_undefined  GetVaccine/yonkes' is present

2022-07-19 14:20:10 - [MESSAGE][WARNING] - Timeout '0' is invalid. Using default page load timeout: '30'

2022-07-19 14:20:10 - [MESSAGE][PASSED] - Object 'Object Repository/CITIZEN/Page_undefined  GetVaccine/yonkes' is present]]></system-out>
         <system-err><![CDATA[]]></system-err>
      </testcase>
      <testcase name="Test Cases/CITIZEN/VAKSINASI/TC_Health Facility" time="2.492" classname="Test Cases/CITIZEN/VAKSINASI/TC_Health Facility" status="PASSED">
         <system-out><![CDATA[2022-07-19 14:20:10 - [TEST_CASE][PASSED] - Test Cases/CITIZEN/VAKSINASI/TC_Health Facility: Test Cases/CITIZEN/VAKSINASI/TC_Health Facility

2022-07-19 14:20:11 - [TEST_STEP][PASSED] - click(findTestObject("CITIZEN/Page_undefined  GetVaccine/yonkes")): Object: 'Object Repository/CITIZEN/Page_undefined  GetVaccine/yonkes' is clicked on

2022-07-19 14:20:11 - [MESSAGE][PASSED] - Object: 'Object Repository/CITIZEN/Page_undefined  GetVaccine/yonkes' is clicked on

2022-07-19 14:20:11 - [TEST_STEP][PASSED] - verifyElementPresent(findTestObject("CITIZEN/Page_undefined  GetVaccine/verify yonkes"), 0): Object 'Object Repository/CITIZEN/Page_undefined  GetVaccine/verify yonkes' is present

2022-07-19 14:20:12 - [MESSAGE][WARNING] - Timeout '0' is invalid. Using default page load timeout: '30'

2022-07-19 14:20:13 - [MESSAGE][PASSED] - Object 'Object Repository/CITIZEN/Page_undefined  GetVaccine/verify yonkes' is present]]></system-out>
         <system-err><![CDATA[]]></system-err>
      </testcase>
      <testcase name="Test Cases/CITIZEN/VAKSINASI/TC_Tambah Anggota" time="139.594" classname="Test Cases/CITIZEN/VAKSINASI/TC_Tambah Anggota" status="PASSED">
         <system-out><![CDATA[2022-07-19 14:20:13 - [TEST_CASE][PASSED] - Test Cases/CITIZEN/VAKSINASI/TC_Tambah Anggota: Test Cases/CITIZEN/VAKSINASI/TC_Tambah Anggota

2022-07-19 14:20:13 - [TEST_STEP][PASSED] - for ([i = 1, i <= 7, (i++)]): Object: 'Object Repository/CITIZEN/Page_Vaksinasi GetVaccine/Tambah Anggota/close' is clicked on

2022-07-19 14:20:13 - [TEST_STEP][PASSED] - click(findTestObject("CITIZEN/Page_Vaksinasi GetVaccine/Tambah Anggota/fasilitas kesehatan")): Object: 'Object Repository/CITIZEN/Page_Vaksinasi GetVaccine/Tambah Anggota/fasilitas kesehatan' is clicked on

2022-07-19 14:20:14 - [MESSAGE][PASSED] - Object: 'Object Repository/CITIZEN/Page_Vaksinasi GetVaccine/Tambah Anggota/fasilitas kesehatan' is clicked on

2022-07-19 14:20:14 - [TEST_STEP][PASSED] - click(findTestObject("CITIZEN/Page_Vaksinasi GetVaccine/Tambah Anggota/btn tambah anggota")): Object: 'Object Repository/CITIZEN/Page_Vaksinasi GetVaccine/Tambah Anggota/btn tambah anggota' is clicked on

2022-07-19 14:20:15 - [MESSAGE][PASSED] - Object: 'Object Repository/CITIZEN/Page_Vaksinasi GetVaccine/Tambah Anggota/btn tambah anggota' is clicked on

2022-07-19 14:20:15 - [TEST_STEP][PASSED] - setText(findTestObject("Object Repository/CITIZEN/Page_undefined  GetVaccine/input_NIK_add family member_NIK"), findTestData("CITIZEN/TambahAnggota").getValue(1, i)): Text 'AAAA' is set on object 'Object Repository/CITIZEN/Page_undefined  GetVaccine/input_NIK_add family member_NIK'

2022-07-19 14:20:17 - [MESSAGE][PASSED] - Text 'AAAA' is set on object 'Object Repository/CITIZEN/Page_undefined  GetVaccine/input_NIK_add family member_NIK'

2022-07-19 14:20:17 - [TEST_STEP][PASSED] - setText(findTestObject("Object Repository/CITIZEN/Page_undefined  GetVaccine/input_Nama Lengkap_add family member_name"), findTestData("CITIZEN/TambahAnggota").getValue(2, i)): Text 'Qian Kun' is set on object 'Object Repository/CITIZEN/Page_undefined  GetVaccine/input_Nama Lengkap_add family member_name'

2022-07-19 14:20:18 - [MESSAGE][PASSED] - Text 'Qian Kun' is set on object 'Object Repository/CITIZEN/Page_undefined  GetVaccine/input_Nama Lengkap_add family member_name'

2022-07-19 14:20:18 - [TEST_STEP][PASSED] - setText(findTestObject("Object Repository/CITIZEN/Page_undefined  GetVaccine/input_Tempat Lahir_add family member_place__8ffebd"), findTestData("CITIZEN/TambahAnggota").getValue(3, i)): Text 'China' is set on object 'Object Repository/CITIZEN/Page_undefined  GetVaccine/input_Tempat Lahir_add family member_place__8ffebd'

2022-07-19 14:20:19 - [MESSAGE][PASSED] - Text 'China' is set on object 'Object Repository/CITIZEN/Page_undefined  GetVaccine/input_Tempat Lahir_add family member_place__8ffebd'

2022-07-19 14:20:19 - [TEST_STEP][PASSED] - click(findTestObject("Object Repository/CITIZEN/Page_undefined  GetVaccine/div_Tanggal Lahir_ant-picker-input")): Object: 'Object Repository/CITIZEN/Page_undefined  GetVaccine/div_Tanggal Lahir_ant-picker-input' is clicked on

2022-07-19 14:20:19 - [MESSAGE][PASSED] - Object: 'Object Repository/CITIZEN/Page_undefined  GetVaccine/div_Tanggal Lahir_ant-picker-input' is clicked on

2022-07-19 14:20:19 - [TEST_STEP][PASSED] - click(findTestObject("CITIZEN/Page_Vaksinasi GetVaccine/Tambah Anggota/year")): Object: 'Object Repository/CITIZEN/Page_Vaksinasi GetVaccine/Tambah Anggota/year' is clicked on

2022-07-19 14:20:20 - [MESSAGE][PASSED] - Object: 'Object Repository/CITIZEN/Page_Vaksinasi GetVaccine/Tambah Anggota/year' is clicked on

2022-07-19 14:20:20 - [TEST_STEP][PASSED] - click(findTestObject("CITIZEN/Page_Vaksinasi GetVaccine/Tambah Anggota/prev year")): Object: 'Object Repository/CITIZEN/Page_Vaksinasi GetVaccine/Tambah Anggota/prev year' is clicked on

2022-07-19 14:20:20 - [MESSAGE][PASSED] - Object: 'Object Repository/CITIZEN/Page_Vaksinasi GetVaccine/Tambah Anggota/prev year' is clicked on

2022-07-19 14:20:20 - [TEST_STEP][PASSED] - click(findTestObject("CITIZEN/Page_Vaksinasi GetVaccine/Tambah Anggota/prev year")): Object: 'Object Repository/CITIZEN/Page_Vaksinasi GetVaccine/Tambah Anggota/prev year' is clicked on

2022-07-19 14:20:21 - [MESSAGE][PASSED] - Object: 'Object Repository/CITIZEN/Page_Vaksinasi GetVaccine/Tambah Anggota/prev year' is clicked on

2022-07-19 14:20:21 - [TEST_STEP][PASSED] - click(findTestObject("CITIZEN/Page_Vaksinasi GetVaccine/Tambah Anggota/prev year")): Object: 'Object Repository/CITIZEN/Page_Vaksinasi GetVaccine/Tambah Anggota/prev year' is clicked on

2022-07-19 14:20:21 - [MESSAGE][PASSED] - Object: 'Object Repository/CITIZEN/Page_Vaksinasi GetVaccine/Tambah Anggota/prev year' is clicked on

2022-07-19 14:20:21 - [TEST_STEP][PASSED] - click(findTestObject("CITIZEN/Page_Vaksinasi GetVaccine/Tambah Anggota/1996")): Object: 'Object Repository/CITIZEN/Page_Vaksinasi GetVaccine/Tambah Anggota/1996' is clicked on

2022-07-19 14:20:22 - [MESSAGE][PASSED] - Object: 'Object Repository/CITIZEN/Page_Vaksinasi GetVaccine/Tambah Anggota/1996' is clicked on

2022-07-19 14:20:22 - [TEST_STEP][PASSED] - click(findTestObject("CITIZEN/Page_Vaksinasi GetVaccine/Tambah Anggota/januari")): Object: 'Object Repository/CITIZEN/Page_Vaksinasi GetVaccine/Tambah Anggota/januari' is clicked on

2022-07-19 14:20:22 - [MESSAGE][PASSED] - Object: 'Object Repository/CITIZEN/Page_Vaksinasi GetVaccine/Tambah Anggota/januari' is clicked on

2022-07-19 14:20:22 - [TEST_STEP][PASSED] - click(findTestObject("CITIZEN/Page_Vaksinasi GetVaccine/Tambah Anggota/tgl 1")): Object: 'Object Repository/CITIZEN/Page_Vaksinasi GetVaccine/Tambah Anggota/tgl 1' is clicked on

2022-07-19 14:20:23 - [MESSAGE][PASSED] - Object: 'Object Repository/CITIZEN/Page_Vaksinasi GetVaccine/Tambah Anggota/tgl 1' is clicked on

2022-07-19 14:20:23 - [TEST_STEP][PASSED] - click(findTestObject("CITIZEN/Page_Vaksinasi GetVaccine/Tambah Anggota/jk sebelum")): Object: 'Object Repository/CITIZEN/Page_Vaksinasi GetVaccine/Tambah Anggota/jk sebelum' is clicked on

2022-07-19 14:20:23 - [MESSAGE][PASSED] - Object: 'Object Repository/CITIZEN/Page_Vaksinasi GetVaccine/Tambah Anggota/jk sebelum' is clicked on

2022-07-19 14:20:23 - [TEST_STEP][PASSED] - click(findTestObject("Object Repository/CITIZEN/Page_undefined  GetVaccine/div_Laki - Laki")): Object: 'Object Repository/CITIZEN/Page_undefined  GetVaccine/div_Laki - Laki' is clicked on

2022-07-19 14:20:24 - [MESSAGE][PASSED] - Object: 'Object Repository/CITIZEN/Page_undefined  GetVaccine/div_Laki - Laki' is clicked on

2022-07-19 14:20:24 - [TEST_STEP][PASSED] - click(findTestObject("CITIZEN/Page_Vaksinasi GetVaccine/Tambah Anggota/hubungan")): Object: 'Object Repository/CITIZEN/Page_Vaksinasi GetVaccine/Tambah Anggota/hubungan' is clicked on

2022-07-19 14:20:25 - [MESSAGE][PASSED] - Object: 'Object Repository/CITIZEN/Page_Vaksinasi GetVaccine/Tambah Anggota/hubungan' is clicked on

2022-07-19 14:20:25 - [TEST_STEP][PASSED] - click(findTestObject("Object Repository/CITIZEN/Page_undefined  GetVaccine/div_Saudara")): Object: 'Object Repository/CITIZEN/Page_undefined  GetVaccine/div_Saudara' is clicked on

2022-07-19 14:20:25 - [MESSAGE][PASSED] - Object: 'Object Repository/CITIZEN/Page_undefined  GetVaccine/div_Saudara' is clicked on

2022-07-19 14:20:25 - [TEST_STEP][PASSED] - setText(findTestObject("Object Repository/CITIZEN/Page_undefined  GetVaccine/input_Email_add family member_email"), findTestData("CITIZEN/TambahAnggota").getValue(4, i)): Text 'kun@nct.com' is set on object 'Object Repository/CITIZEN/Page_undefined  GetVaccine/input_Email_add family member_email'

2022-07-19 14:20:26 - [MESSAGE][PASSED] - Text 'kun@nct.com' is set on object 'Object Repository/CITIZEN/Page_undefined  GetVaccine/input_Email_add family member_email'

2022-07-19 14:20:26 - [TEST_STEP][PASSED] - setText(findTestObject("Object Repository/CITIZEN/Page_undefined  GetVaccine/input_Nomor Telepon_add family member_phone_number"), findTestData("CITIZEN/TambahAnggota").getValue(5, i)): Text '08822992200' is set on object 'Object Repository/CITIZEN/Page_undefined  GetVaccine/input_Nomor Telepon_add family member_phone_number'

2022-07-19 14:20:27 - [MESSAGE][PASSED] - Text '08822992200' is set on object 'Object Repository/CITIZEN/Page_undefined  GetVaccine/input_Nomor Telepon_add family member_phone_number'

2022-07-19 14:20:27 - [TEST_STEP][PASSED] - setText(findTestObject("Object Repository/CITIZEN/Page_undefined  GetVaccine/input_Alamat KTP_add family member_id_card_address"), findTestData("CITIZEN/TambahAnggota").getValue(6, i)): Text 'Jakarta' is set on object 'Object Repository/CITIZEN/Page_undefined  GetVaccine/input_Alamat KTP_add family member_id_card_address'

2022-07-19 14:20:28 - [MESSAGE][PASSED] - Text 'Jakarta' is set on object 'Object Repository/CITIZEN/Page_undefined  GetVaccine/input_Alamat KTP_add family member_id_card_address'

2022-07-19 14:20:28 - [TEST_STEP][PASSED] - setText(findTestObject("Object Repository/CITIZEN/Page_undefined  GetVaccine/input_Alamat Saat ini_add family member_res_c155da"), findTestData("CITIZEN/TambahAnggota").getValue(7, i)): Text 'Jakarta' is set on object 'Object Repository/CITIZEN/Page_undefined  GetVaccine/input_Alamat Saat ini_add family member_res_c155da'

2022-07-19 14:20:29 - [MESSAGE][PASSED] - Text 'Jakarta' is set on object 'Object Repository/CITIZEN/Page_undefined  GetVaccine/input_Alamat Saat ini_add family member_res_c155da'

2022-07-19 14:20:29 - [TEST_STEP][PASSED] - click(findTestObject("Object Repository/CITIZEN/Page_undefined  GetVaccine/span_Submit")): Object: 'Object Repository/CITIZEN/Page_undefined  GetVaccine/span_Submit' is clicked on

2022-07-19 14:20:30 - [MESSAGE][PASSED] - Object: 'Object Repository/CITIZEN/Page_undefined  GetVaccine/span_Submit' is clicked on

2022-07-19 14:20:30 - [TEST_STEP][PASSED] - if (i == 1): Object: 'Object Repository/CITIZEN/Page_Vaksinasi GetVaccine/Tambah Anggota/close' is clicked on

2022-07-19 14:20:30 - [TEST_STEP][PASSED] - verifyElementPresent(findTestObject("CITIZEN/Page_Vaksinasi GetVaccine/Tambah Anggota/alert inpputan harus angka"), 0): Object 'Object Repository/CITIZEN/Page_Vaksinasi GetVaccine/Tambah Anggota/alert inpputan harus angka' is present

2022-07-19 14:20:30 - [MESSAGE][WARNING] - Timeout '0' is invalid. Using default page load timeout: '30'

2022-07-19 14:20:30 - [MESSAGE][PASSED] - Object 'Object Repository/CITIZEN/Page_Vaksinasi GetVaccine/Tambah Anggota/alert inpputan harus angka' is present

2022-07-19 14:20:30 - [TEST_STEP][PASSED] - click(findTestObject("CITIZEN/Page_Vaksinasi GetVaccine/Tambah Anggota/close")): Object: 'Object Repository/CITIZEN/Page_Vaksinasi GetVaccine/Tambah Anggota/close' is clicked on

2022-07-19 14:20:31 - [MESSAGE][PASSED] - Object: 'Object Repository/CITIZEN/Page_Vaksinasi GetVaccine/Tambah Anggota/close' is clicked on

2022-07-19 14:20:31 - [TEST_STEP][PASSED] - click(findTestObject("CITIZEN/Page_Vaksinasi GetVaccine/Tambah Anggota/fasilitas kesehatan")): Object: 'Object Repository/CITIZEN/Page_Vaksinasi GetVaccine/Tambah Anggota/fasilitas kesehatan' is clicked on

2022-07-19 14:20:32 - [MESSAGE][PASSED] - Object: 'Object Repository/CITIZEN/Page_Vaksinasi GetVaccine/Tambah Anggota/fasilitas kesehatan' is clicked on

2022-07-19 14:20:32 - [TEST_STEP][PASSED] - click(findTestObject("CITIZEN/Page_Vaksinasi GetVaccine/Tambah Anggota/btn tambah anggota")): Object: 'Object Repository/CITIZEN/Page_Vaksinasi GetVaccine/Tambah Anggota/btn tambah anggota' is clicked on

2022-07-19 14:20:33 - [MESSAGE][PASSED] - Object: 'Object Repository/CITIZEN/Page_Vaksinasi GetVaccine/Tambah Anggota/btn tambah anggota' is clicked on

2022-07-19 14:20:33 - [TEST_STEP][PASSED] - setText(findTestObject("Object Repository/CITIZEN/Page_undefined  GetVaccine/input_NIK_add family member_NIK"), findTestData("CITIZEN/TambahAnggota").getValue(1, i)): Text '12345' is set on object 'Object Repository/CITIZEN/Page_undefined  GetVaccine/input_NIK_add family member_NIK'

2022-07-19 14:20:34 - [MESSAGE][PASSED] - Text '12345' is set on object 'Object Repository/CITIZEN/Page_undefined  GetVaccine/input_NIK_add family member_NIK'

2022-07-19 14:20:34 - [TEST_STEP][PASSED] - setText(findTestObject("Object Repository/CITIZEN/Page_undefined  GetVaccine/input_Nama Lengkap_add family member_name"), findTestData("CITIZEN/TambahAnggota").getValue(2, i)): Text 'Qian Kun' is set on object 'Object Repository/CITIZEN/Page_undefined  GetVaccine/input_Nama Lengkap_add family member_name'

2022-07-19 14:20:35 - [MESSAGE][PASSED] - Text 'Qian Kun' is set on object 'Object Repository/CITIZEN/Page_undefined  GetVaccine/input_Nama Lengkap_add family member_name'

2022-07-19 14:20:35 - [TEST_STEP][PASSED] - setText(findTestObject("Object Repository/CITIZEN/Page_undefined  GetVaccine/input_Tempat Lahir_add family member_place__8ffebd"), findTestData("CITIZEN/TambahAnggota").getValue(3, i)): Text 'China' is set on object 'Object Repository/CITIZEN/Page_undefined  GetVaccine/input_Tempat Lahir_add family member_place__8ffebd'

2022-07-19 14:20:36 - [MESSAGE][PASSED] - Text 'China' is set on object 'Object Repository/CITIZEN/Page_undefined  GetVaccine/input_Tempat Lahir_add family member_place__8ffebd'

2022-07-19 14:20:36 - [TEST_STEP][PASSED] - click(findTestObject("Object Repository/CITIZEN/Page_undefined  GetVaccine/div_Tanggal Lahir_ant-picker-input")): Object: 'Object Repository/CITIZEN/Page_undefined  GetVaccine/div_Tanggal Lahir_ant-picker-input' is clicked on

2022-07-19 14:20:37 - [MESSAGE][PASSED] - Object: 'Object Repository/CITIZEN/Page_undefined  GetVaccine/div_Tanggal Lahir_ant-picker-input' is clicked on

2022-07-19 14:20:37 - [TEST_STEP][PASSED] - click(findTestObject("CITIZEN/Page_Vaksinasi GetVaccine/Tambah Anggota/year")): Object: 'Object Repository/CITIZEN/Page_Vaksinasi GetVaccine/Tambah Anggota/year' is clicked on

2022-07-19 14:20:37 - [MESSAGE][PASSED] - Object: 'Object Repository/CITIZEN/Page_Vaksinasi GetVaccine/Tambah Anggota/year' is clicked on

2022-07-19 14:20:37 - [TEST_STEP][PASSED] - click(findTestObject("CITIZEN/Page_Vaksinasi GetVaccine/Tambah Anggota/prev year")): Object: 'Object Repository/CITIZEN/Page_Vaksinasi GetVaccine/Tambah Anggota/prev year' is clicked on

2022-07-19 14:20:38 - [MESSAGE][PASSED] - Object: 'Object Repository/CITIZEN/Page_Vaksinasi GetVaccine/Tambah Anggota/prev year' is clicked on

2022-07-19 14:20:38 - [TEST_STEP][PASSED] - click(findTestObject("CITIZEN/Page_Vaksinasi GetVaccine/Tambah Anggota/prev year")): Object: 'Object Repository/CITIZEN/Page_Vaksinasi GetVaccine/Tambah Anggota/prev year' is clicked on

2022-07-19 14:20:38 - [MESSAGE][PASSED] - Object: 'Object Repository/CITIZEN/Page_Vaksinasi GetVaccine/Tambah Anggota/prev year' is clicked on

2022-07-19 14:20:38 - [TEST_STEP][PASSED] - click(findTestObject("CITIZEN/Page_Vaksinasi GetVaccine/Tambah Anggota/prev year")): Object: 'Object Repository/CITIZEN/Page_Vaksinasi GetVaccine/Tambah Anggota/prev year' is clicked on

2022-07-19 14:20:39 - [MESSAGE][PASSED] - Object: 'Object Repository/CITIZEN/Page_Vaksinasi GetVaccine/Tambah Anggota/prev year' is clicked on

2022-07-19 14:20:39 - [TEST_STEP][PASSED] - click(findTestObject("CITIZEN/Page_Vaksinasi GetVaccine/Tambah Anggota/1996")): Object: 'Object Repository/CITIZEN/Page_Vaksinasi GetVaccine/Tambah Anggota/1996' is clicked on

2022-07-19 14:20:39 - [MESSAGE][PASSED] - Object: 'Object Repository/CITIZEN/Page_Vaksinasi GetVaccine/Tambah Anggota/1996' is clicked on

2022-07-19 14:20:39 - [TEST_STEP][PASSED] - click(findTestObject("CITIZEN/Page_Vaksinasi GetVaccine/Tambah Anggota/januari")): Object: 'Object Repository/CITIZEN/Page_Vaksinasi GetVaccine/Tambah Anggota/januari' is clicked on

2022-07-19 14:20:40 - [MESSAGE][PASSED] - Object: 'Object Repository/CITIZEN/Page_Vaksinasi GetVaccine/Tambah Anggota/januari' is clicked on

2022-07-19 14:20:40 - [TEST_STEP][PASSED] - click(findTestObject("CITIZEN/Page_Vaksinasi GetVaccine/Tambah Anggota/tgl 1")): Object: 'Object Repository/CITIZEN/Page_Vaksinasi GetVaccine/Tambah Anggota/tgl 1' is clicked on

2022-07-19 14:20:40 - [MESSAGE][PASSED] - Object: 'Object Repository/CITIZEN/Page_Vaksinasi GetVaccine/Tambah Anggota/tgl 1' is clicked on

2022-07-19 14:20:40 - [TEST_STEP][PASSED] - click(findTestObject("CITIZEN/Page_Vaksinasi GetVaccine/Tambah Anggota/jk sebelum")): Object: 'Object Repository/CITIZEN/Page_Vaksinasi GetVaccine/Tambah Anggota/jk sebelum' is clicked on

2022-07-19 14:20:41 - [MESSAGE][PASSED] - Object: 'Object Repository/CITIZEN/Page_Vaksinasi GetVaccine/Tambah Anggota/jk sebelum' is clicked on

2022-07-19 14:20:41 - [TEST_STEP][PASSED] - click(findTestObject("Object Repository/CITIZEN/Page_undefined  GetVaccine/div_Laki - Laki")): Object: 'Object Repository/CITIZEN/Page_undefined  GetVaccine/div_Laki - Laki' is clicked on

2022-07-19 14:20:41 - [MESSAGE][PASSED] - Object: 'Object Repository/CITIZEN/Page_undefined  GetVaccine/div_Laki - Laki' is clicked on

2022-07-19 14:20:41 - [TEST_STEP][PASSED] - click(findTestObject("CITIZEN/Page_Vaksinasi GetVaccine/Tambah Anggota/hubungan")): Object: 'Object Repository/CITIZEN/Page_Vaksinasi GetVaccine/Tambah Anggota/hubungan' is clicked on

2022-07-19 14:20:42 - [MESSAGE][PASSED] - Object: 'Object Repository/CITIZEN/Page_Vaksinasi GetVaccine/Tambah Anggota/hubungan' is clicked on

2022-07-19 14:20:42 - [TEST_STEP][PASSED] - click(findTestObject("Object Repository/CITIZEN/Page_undefined  GetVaccine/div_Saudara")): Object: 'Object Repository/CITIZEN/Page_undefined  GetVaccine/div_Saudara' is clicked on

2022-07-19 14:20:42 - [MESSAGE][PASSED] - Object: 'Object Repository/CITIZEN/Page_undefined  GetVaccine/div_Saudara' is clicked on

2022-07-19 14:20:42 - [TEST_STEP][PASSED] - setText(findTestObject("Object Repository/CITIZEN/Page_undefined  GetVaccine/input_Email_add family member_email"), findTestData("CITIZEN/TambahAnggota").getValue(4, i)): Text 'kun@nct.com' is set on object 'Object Repository/CITIZEN/Page_undefined  GetVaccine/input_Email_add family member_email'

2022-07-19 14:20:43 - [MESSAGE][PASSED] - Text 'kun@nct.com' is set on object 'Object Repository/CITIZEN/Page_undefined  GetVaccine/input_Email_add family member_email'

2022-07-19 14:20:43 - [TEST_STEP][PASSED] - setText(findTestObject("Object Repository/CITIZEN/Page_undefined  GetVaccine/input_Nomor Telepon_add family member_phone_number"), findTestData("CITIZEN/TambahAnggota").getValue(5, i)): Text '08822992200' is set on object 'Object Repository/CITIZEN/Page_undefined  GetVaccine/input_Nomor Telepon_add family member_phone_number'

2022-07-19 14:20:44 - [MESSAGE][PASSED] - Text '08822992200' is set on object 'Object Repository/CITIZEN/Page_undefined  GetVaccine/input_Nomor Telepon_add family member_phone_number'

2022-07-19 14:20:44 - [TEST_STEP][PASSED] - setText(findTestObject("Object Repository/CITIZEN/Page_undefined  GetVaccine/input_Alamat KTP_add family member_id_card_address"), findTestData("CITIZEN/TambahAnggota").getValue(6, i)): Text 'Jakarta' is set on object 'Object Repository/CITIZEN/Page_undefined  GetVaccine/input_Alamat KTP_add family member_id_card_address'

2022-07-19 14:20:45 - [MESSAGE][PASSED] - Text 'Jakarta' is set on object 'Object Repository/CITIZEN/Page_undefined  GetVaccine/input_Alamat KTP_add family member_id_card_address'

2022-07-19 14:20:45 - [TEST_STEP][PASSED] - setText(findTestObject("Object Repository/CITIZEN/Page_undefined  GetVaccine/input_Alamat Saat ini_add family member_res_c155da"), findTestData("CITIZEN/TambahAnggota").getValue(7, i)): Text 'Jakarta' is set on object 'Object Repository/CITIZEN/Page_undefined  GetVaccine/input_Alamat Saat ini_add family member_res_c155da'

2022-07-19 14:20:46 - [MESSAGE][PASSED] - Text 'Jakarta' is set on object 'Object Repository/CITIZEN/Page_undefined  GetVaccine/input_Alamat Saat ini_add family member_res_c155da'

2022-07-19 14:20:46 - [TEST_STEP][PASSED] - click(findTestObject("Object Repository/CITIZEN/Page_undefined  GetVaccine/span_Submit")): Object: 'Object Repository/CITIZEN/Page_undefined  GetVaccine/span_Submit' is clicked on

2022-07-19 14:20:47 - [MESSAGE][PASSED] - Object: 'Object Repository/CITIZEN/Page_undefined  GetVaccine/span_Submit' is clicked on

2022-07-19 14:20:47 - [TEST_STEP][PASSED] - if (i == 1): null

2022-07-19 14:20:47 - [TEST_STEP][PASSED] - else if (i == 2): Object: 'Object Repository/CITIZEN/Page_Vaksinasi GetVaccine/Tambah Anggota/close' is clicked on

2022-07-19 14:20:47 - [TEST_STEP][PASSED] - verifyElementPresent(findTestObject("CITIZEN/Page_Vaksinasi GetVaccine/Tambah Anggota/alert nik inputan harus 16"), 0): Object 'Object Repository/CITIZEN/Page_Vaksinasi GetVaccine/Tambah Anggota/alert nik inputan harus 16' is present

2022-07-19 14:20:47 - [MESSAGE][WARNING] - Timeout '0' is invalid. Using default page load timeout: '30'

2022-07-19 14:20:48 - [MESSAGE][PASSED] - Object 'Object Repository/CITIZEN/Page_Vaksinasi GetVaccine/Tambah Anggota/alert nik inputan harus 16' is present

2022-07-19 14:20:48 - [TEST_STEP][PASSED] - click(findTestObject("CITIZEN/Page_Vaksinasi GetVaccine/Tambah Anggota/close")): Object: 'Object Repository/CITIZEN/Page_Vaksinasi GetVaccine/Tambah Anggota/close' is clicked on

2022-07-19 14:20:48 - [MESSAGE][PASSED] - Object: 'Object Repository/CITIZEN/Page_Vaksinasi GetVaccine/Tambah Anggota/close' is clicked on

2022-07-19 14:20:48 - [TEST_STEP][PASSED] - click(findTestObject("CITIZEN/Page_Vaksinasi GetVaccine/Tambah Anggota/fasilitas kesehatan")): Object: 'Object Repository/CITIZEN/Page_Vaksinasi GetVaccine/Tambah Anggota/fasilitas kesehatan' is clicked on

2022-07-19 14:20:49 - [MESSAGE][PASSED] - Object: 'Object Repository/CITIZEN/Page_Vaksinasi GetVaccine/Tambah Anggota/fasilitas kesehatan' is clicked on

2022-07-19 14:20:49 - [TEST_STEP][PASSED] - click(findTestObject("CITIZEN/Page_Vaksinasi GetVaccine/Tambah Anggota/btn tambah anggota")): Object: 'Object Repository/CITIZEN/Page_Vaksinasi GetVaccine/Tambah Anggota/btn tambah anggota' is clicked on

2022-07-19 14:20:50 - [MESSAGE][PASSED] - Object: 'Object Repository/CITIZEN/Page_Vaksinasi GetVaccine/Tambah Anggota/btn tambah anggota' is clicked on

2022-07-19 14:20:50 - [TEST_STEP][PASSED] - setText(findTestObject("Object Repository/CITIZEN/Page_undefined  GetVaccine/input_NIK_add family member_NIK"), findTestData("CITIZEN/TambahAnggota").getValue(1, i)): Text '7890789078907890' is set on object 'Object Repository/CITIZEN/Page_undefined  GetVaccine/input_NIK_add family member_NIK'

2022-07-19 14:20:52 - [MESSAGE][PASSED] - Text '7890789078907890' is set on object 'Object Repository/CITIZEN/Page_undefined  GetVaccine/input_NIK_add family member_NIK'

2022-07-19 14:20:52 - [TEST_STEP][PASSED] - setText(findTestObject("Object Repository/CITIZEN/Page_undefined  GetVaccine/input_Nama Lengkap_add family member_name"), findTestData("CITIZEN/TambahAnggota").getValue(2, i)): Text 'Kun' is set on object 'Object Repository/CITIZEN/Page_undefined  GetVaccine/input_Nama Lengkap_add family member_name'

2022-07-19 14:20:53 - [MESSAGE][PASSED] - Text 'Kun' is set on object 'Object Repository/CITIZEN/Page_undefined  GetVaccine/input_Nama Lengkap_add family member_name'

2022-07-19 14:20:53 - [TEST_STEP][PASSED] - setText(findTestObject("Object Repository/CITIZEN/Page_undefined  GetVaccine/input_Tempat Lahir_add family member_place__8ffebd"), findTestData("CITIZEN/TambahAnggota").getValue(3, i)): Text 'China' is set on object 'Object Repository/CITIZEN/Page_undefined  GetVaccine/input_Tempat Lahir_add family member_place__8ffebd'

2022-07-19 14:20:54 - [MESSAGE][PASSED] - Text 'China' is set on object 'Object Repository/CITIZEN/Page_undefined  GetVaccine/input_Tempat Lahir_add family member_place__8ffebd'

2022-07-19 14:20:54 - [TEST_STEP][PASSED] - click(findTestObject("Object Repository/CITIZEN/Page_undefined  GetVaccine/div_Tanggal Lahir_ant-picker-input")): Object: 'Object Repository/CITIZEN/Page_undefined  GetVaccine/div_Tanggal Lahir_ant-picker-input' is clicked on

2022-07-19 14:20:54 - [MESSAGE][PASSED] - Object: 'Object Repository/CITIZEN/Page_undefined  GetVaccine/div_Tanggal Lahir_ant-picker-input' is clicked on

2022-07-19 14:20:54 - [TEST_STEP][PASSED] - click(findTestObject("CITIZEN/Page_Vaksinasi GetVaccine/Tambah Anggota/year")): Object: 'Object Repository/CITIZEN/Page_Vaksinasi GetVaccine/Tambah Anggota/year' is clicked on

2022-07-19 14:20:55 - [MESSAGE][PASSED] - Object: 'Object Repository/CITIZEN/Page_Vaksinasi GetVaccine/Tambah Anggota/year' is clicked on

2022-07-19 14:20:55 - [TEST_STEP][PASSED] - click(findTestObject("CITIZEN/Page_Vaksinasi GetVaccine/Tambah Anggota/prev year")): Object: 'Object Repository/CITIZEN/Page_Vaksinasi GetVaccine/Tambah Anggota/prev year' is clicked on

2022-07-19 14:20:55 - [MESSAGE][PASSED] - Object: 'Object Repository/CITIZEN/Page_Vaksinasi GetVaccine/Tambah Anggota/prev year' is clicked on

2022-07-19 14:20:55 - [TEST_STEP][PASSED] - click(findTestObject("CITIZEN/Page_Vaksinasi GetVaccine/Tambah Anggota/prev year")): Object: 'Object Repository/CITIZEN/Page_Vaksinasi GetVaccine/Tambah Anggota/prev year' is clicked on

2022-07-19 14:20:56 - [MESSAGE][PASSED] - Object: 'Object Repository/CITIZEN/Page_Vaksinasi GetVaccine/Tambah Anggota/prev year' is clicked on

2022-07-19 14:20:56 - [TEST_STEP][PASSED] - click(findTestObject("CITIZEN/Page_Vaksinasi GetVaccine/Tambah Anggota/prev year")): Object: 'Object Repository/CITIZEN/Page_Vaksinasi GetVaccine/Tambah Anggota/prev year' is clicked on

2022-07-19 14:20:56 - [MESSAGE][PASSED] - Object: 'Object Repository/CITIZEN/Page_Vaksinasi GetVaccine/Tambah Anggota/prev year' is clicked on

2022-07-19 14:20:56 - [TEST_STEP][PASSED] - click(findTestObject("CITIZEN/Page_Vaksinasi GetVaccine/Tambah Anggota/1996")): Object: 'Object Repository/CITIZEN/Page_Vaksinasi GetVaccine/Tambah Anggota/1996' is clicked on

2022-07-19 14:20:57 - [MESSAGE][PASSED] - Object: 'Object Repository/CITIZEN/Page_Vaksinasi GetVaccine/Tambah Anggota/1996' is clicked on

2022-07-19 14:20:57 - [TEST_STEP][PASSED] - click(findTestObject("CITIZEN/Page_Vaksinasi GetVaccine/Tambah Anggota/januari")): Object: 'Object Repository/CITIZEN/Page_Vaksinasi GetVaccine/Tambah Anggota/januari' is clicked on

2022-07-19 14:20:58 - [MESSAGE][PASSED] - Object: 'Object Repository/CITIZEN/Page_Vaksinasi GetVaccine/Tambah Anggota/januari' is clicked on

2022-07-19 14:20:58 - [TEST_STEP][PASSED] - click(findTestObject("CITIZEN/Page_Vaksinasi GetVaccine/Tambah Anggota/tgl 1")): Object: 'Object Repository/CITIZEN/Page_Vaksinasi GetVaccine/Tambah Anggota/tgl 1' is clicked on

2022-07-19 14:20:58 - [MESSAGE][PASSED] - Object: 'Object Repository/CITIZEN/Page_Vaksinasi GetVaccine/Tambah Anggota/tgl 1' is clicked on

2022-07-19 14:20:58 - [TEST_STEP][PASSED] - click(findTestObject("CITIZEN/Page_Vaksinasi GetVaccine/Tambah Anggota/jk sebelum")): Object: 'Object Repository/CITIZEN/Page_Vaksinasi GetVaccine/Tambah Anggota/jk sebelum' is clicked on

2022-07-19 14:20:59 - [MESSAGE][PASSED] - Object: 'Object Repository/CITIZEN/Page_Vaksinasi GetVaccine/Tambah Anggota/jk sebelum' is clicked on

2022-07-19 14:20:59 - [TEST_STEP][PASSED] - click(findTestObject("Object Repository/CITIZEN/Page_undefined  GetVaccine/div_Laki - Laki")): Object: 'Object Repository/CITIZEN/Page_undefined  GetVaccine/div_Laki - Laki' is clicked on

2022-07-19 14:20:59 - [MESSAGE][PASSED] - Object: 'Object Repository/CITIZEN/Page_undefined  GetVaccine/div_Laki - Laki' is clicked on

2022-07-19 14:20:59 - [TEST_STEP][PASSED] - click(findTestObject("CITIZEN/Page_Vaksinasi GetVaccine/Tambah Anggota/hubungan")): Object: 'Object Repository/CITIZEN/Page_Vaksinasi GetVaccine/Tambah Anggota/hubungan' is clicked on

2022-07-19 14:21:00 - [MESSAGE][PASSED] - Object: 'Object Repository/CITIZEN/Page_Vaksinasi GetVaccine/Tambah Anggota/hubungan' is clicked on

2022-07-19 14:21:00 - [TEST_STEP][PASSED] - click(findTestObject("Object Repository/CITIZEN/Page_undefined  GetVaccine/div_Saudara")): Object: 'Object Repository/CITIZEN/Page_undefined  GetVaccine/div_Saudara' is clicked on

2022-07-19 14:21:00 - [MESSAGE][PASSED] - Object: 'Object Repository/CITIZEN/Page_undefined  GetVaccine/div_Saudara' is clicked on

2022-07-19 14:21:00 - [TEST_STEP][PASSED] - setText(findTestObject("Object Repository/CITIZEN/Page_undefined  GetVaccine/input_Email_add family member_email"), findTestData("CITIZEN/TambahAnggota").getValue(4, i)): Text 'kun@nct.com' is set on object 'Object Repository/CITIZEN/Page_undefined  GetVaccine/input_Email_add family member_email'

2022-07-19 14:21:01 - [MESSAGE][PASSED] - Text 'kun@nct.com' is set on object 'Object Repository/CITIZEN/Page_undefined  GetVaccine/input_Email_add family member_email'

2022-07-19 14:21:01 - [TEST_STEP][PASSED] - setText(findTestObject("Object Repository/CITIZEN/Page_undefined  GetVaccine/input_Nomor Telepon_add family member_phone_number"), findTestData("CITIZEN/TambahAnggota").getValue(5, i)): Text '08822992200' is set on object 'Object Repository/CITIZEN/Page_undefined  GetVaccine/input_Nomor Telepon_add family member_phone_number'

2022-07-19 14:21:02 - [MESSAGE][PASSED] - Text '08822992200' is set on object 'Object Repository/CITIZEN/Page_undefined  GetVaccine/input_Nomor Telepon_add family member_phone_number'

2022-07-19 14:21:02 - [TEST_STEP][PASSED] - setText(findTestObject("Object Repository/CITIZEN/Page_undefined  GetVaccine/input_Alamat KTP_add family member_id_card_address"), findTestData("CITIZEN/TambahAnggota").getValue(6, i)): Text 'Jakarta' is set on object 'Object Repository/CITIZEN/Page_undefined  GetVaccine/input_Alamat KTP_add family member_id_card_address'

2022-07-19 14:21:03 - [MESSAGE][PASSED] - Text 'Jakarta' is set on object 'Object Repository/CITIZEN/Page_undefined  GetVaccine/input_Alamat KTP_add family member_id_card_address'

2022-07-19 14:21:03 - [TEST_STEP][PASSED] - setText(findTestObject("Object Repository/CITIZEN/Page_undefined  GetVaccine/input_Alamat Saat ini_add family member_res_c155da"), findTestData("CITIZEN/TambahAnggota").getValue(7, i)): Text 'Jakarta' is set on object 'Object Repository/CITIZEN/Page_undefined  GetVaccine/input_Alamat Saat ini_add family member_res_c155da'

2022-07-19 14:21:04 - [MESSAGE][PASSED] - Text 'Jakarta' is set on object 'Object Repository/CITIZEN/Page_undefined  GetVaccine/input_Alamat Saat ini_add family member_res_c155da'

2022-07-19 14:21:04 - [TEST_STEP][PASSED] - click(findTestObject("Object Repository/CITIZEN/Page_undefined  GetVaccine/span_Submit")): Object: 'Object Repository/CITIZEN/Page_undefined  GetVaccine/span_Submit' is clicked on

2022-07-19 14:21:05 - [MESSAGE][PASSED] - Object: 'Object Repository/CITIZEN/Page_undefined  GetVaccine/span_Submit' is clicked on

2022-07-19 14:21:05 - [TEST_STEP][PASSED] - if (i == 1): null

2022-07-19 14:21:05 - [TEST_STEP][PASSED] - else if (i == 2): null

2022-07-19 14:21:05 - [TEST_STEP][PASSED] - else if (i == 3): Object: 'Object Repository/CITIZEN/Page_Vaksinasi GetVaccine/Tambah Anggota/close' is clicked on

2022-07-19 14:21:05 - [TEST_STEP][PASSED] - verifyElementPresent(findTestObject("CITIZEN/Page_Vaksinasi GetVaccine/Tambah Anggota/alert nama lengkap kurang 4"), 0): Object 'Object Repository/CITIZEN/Page_Vaksinasi GetVaccine/Tambah Anggota/alert nama lengkap kurang 4' is present

2022-07-19 14:21:05 - [MESSAGE][WARNING] - Timeout '0' is invalid. Using default page load timeout: '30'

2022-07-19 14:21:05 - [MESSAGE][PASSED] - Object 'Object Repository/CITIZEN/Page_Vaksinasi GetVaccine/Tambah Anggota/alert nama lengkap kurang 4' is present

2022-07-19 14:21:05 - [TEST_STEP][PASSED] - click(findTestObject("CITIZEN/Page_Vaksinasi GetVaccine/Tambah Anggota/close")): Object: 'Object Repository/CITIZEN/Page_Vaksinasi GetVaccine/Tambah Anggota/close' is clicked on

2022-07-19 14:21:06 - [MESSAGE][PASSED] - Object: 'Object Repository/CITIZEN/Page_Vaksinasi GetVaccine/Tambah Anggota/close' is clicked on

2022-07-19 14:21:06 - [TEST_STEP][PASSED] - click(findTestObject("CITIZEN/Page_Vaksinasi GetVaccine/Tambah Anggota/fasilitas kesehatan")): Object: 'Object Repository/CITIZEN/Page_Vaksinasi GetVaccine/Tambah Anggota/fasilitas kesehatan' is clicked on

2022-07-19 14:21:16 - [MESSAGE][PASSED] - Object: 'Object Repository/CITIZEN/Page_Vaksinasi GetVaccine/Tambah Anggota/fasilitas kesehatan' is clicked on

2022-07-19 14:21:16 - [TEST_STEP][PASSED] - click(findTestObject("CITIZEN/Page_Vaksinasi GetVaccine/Tambah Anggota/btn tambah anggota")): Object: 'Object Repository/CITIZEN/Page_Vaksinasi GetVaccine/Tambah Anggota/btn tambah anggota' is clicked on

2022-07-19 14:21:23 - [MESSAGE][PASSED] - Object: 'Object Repository/CITIZEN/Page_Vaksinasi GetVaccine/Tambah Anggota/btn tambah anggota' is clicked on

2022-07-19 14:21:23 - [TEST_STEP][PASSED] - setText(findTestObject("Object Repository/CITIZEN/Page_undefined  GetVaccine/input_NIK_add family member_NIK"), findTestData("CITIZEN/TambahAnggota").getValue(1, i)): Text '7890789078907890' is set on object 'Object Repository/CITIZEN/Page_undefined  GetVaccine/input_NIK_add family member_NIK'

2022-07-19 14:21:25 - [MESSAGE][PASSED] - Text '7890789078907890' is set on object 'Object Repository/CITIZEN/Page_undefined  GetVaccine/input_NIK_add family member_NIK'

2022-07-19 14:21:25 - [TEST_STEP][PASSED] - setText(findTestObject("Object Repository/CITIZEN/Page_undefined  GetVaccine/input_Nama Lengkap_add family member_name"), findTestData("CITIZEN/TambahAnggota").getValue(2, i)): Text 'Qian Kun' is set on object 'Object Repository/CITIZEN/Page_undefined  GetVaccine/input_Nama Lengkap_add family member_name'

2022-07-19 14:21:26 - [MESSAGE][PASSED] - Text 'Qian Kun' is set on object 'Object Repository/CITIZEN/Page_undefined  GetVaccine/input_Nama Lengkap_add family member_name'

2022-07-19 14:21:26 - [TEST_STEP][PASSED] - setText(findTestObject("Object Repository/CITIZEN/Page_undefined  GetVaccine/input_Tempat Lahir_add family member_place__8ffebd"), findTestData("CITIZEN/TambahAnggota").getValue(3, i)): Text 'China' is set on object 'Object Repository/CITIZEN/Page_undefined  GetVaccine/input_Tempat Lahir_add family member_place__8ffebd'

2022-07-19 14:21:27 - [MESSAGE][PASSED] - Text 'China' is set on object 'Object Repository/CITIZEN/Page_undefined  GetVaccine/input_Tempat Lahir_add family member_place__8ffebd'

2022-07-19 14:21:27 - [TEST_STEP][PASSED] - click(findTestObject("Object Repository/CITIZEN/Page_undefined  GetVaccine/div_Tanggal Lahir_ant-picker-input")): Object: 'Object Repository/CITIZEN/Page_undefined  GetVaccine/div_Tanggal Lahir_ant-picker-input' is clicked on

2022-07-19 14:21:28 - [MESSAGE][PASSED] - Object: 'Object Repository/CITIZEN/Page_undefined  GetVaccine/div_Tanggal Lahir_ant-picker-input' is clicked on

2022-07-19 14:21:28 - [TEST_STEP][PASSED] - click(findTestObject("CITIZEN/Page_Vaksinasi GetVaccine/Tambah Anggota/year")): Object: 'Object Repository/CITIZEN/Page_Vaksinasi GetVaccine/Tambah Anggota/year' is clicked on

2022-07-19 14:21:28 - [MESSAGE][PASSED] - Object: 'Object Repository/CITIZEN/Page_Vaksinasi GetVaccine/Tambah Anggota/year' is clicked on

2022-07-19 14:21:28 - [TEST_STEP][PASSED] - click(findTestObject("CITIZEN/Page_Vaksinasi GetVaccine/Tambah Anggota/prev year")): Object: 'Object Repository/CITIZEN/Page_Vaksinasi GetVaccine/Tambah Anggota/prev year' is clicked on

2022-07-19 14:21:29 - [MESSAGE][PASSED] - Object: 'Object Repository/CITIZEN/Page_Vaksinasi GetVaccine/Tambah Anggota/prev year' is clicked on

2022-07-19 14:21:29 - [TEST_STEP][PASSED] - click(findTestObject("CITIZEN/Page_Vaksinasi GetVaccine/Tambah Anggota/prev year")): Object: 'Object Repository/CITIZEN/Page_Vaksinasi GetVaccine/Tambah Anggota/prev year' is clicked on

2022-07-19 14:21:29 - [MESSAGE][PASSED] - Object: 'Object Repository/CITIZEN/Page_Vaksinasi GetVaccine/Tambah Anggota/prev year' is clicked on

2022-07-19 14:21:29 - [TEST_STEP][PASSED] - click(findTestObject("CITIZEN/Page_Vaksinasi GetVaccine/Tambah Anggota/prev year")): Object: 'Object Repository/CITIZEN/Page_Vaksinasi GetVaccine/Tambah Anggota/prev year' is clicked on

2022-07-19 14:21:30 - [MESSAGE][PASSED] - Object: 'Object Repository/CITIZEN/Page_Vaksinasi GetVaccine/Tambah Anggota/prev year' is clicked on

2022-07-19 14:21:30 - [TEST_STEP][PASSED] - click(findTestObject("CITIZEN/Page_Vaksinasi GetVaccine/Tambah Anggota/1996")): Object: 'Object Repository/CITIZEN/Page_Vaksinasi GetVaccine/Tambah Anggota/1996' is clicked on

2022-07-19 14:21:30 - [MESSAGE][PASSED] - Object: 'Object Repository/CITIZEN/Page_Vaksinasi GetVaccine/Tambah Anggota/1996' is clicked on

2022-07-19 14:21:30 - [TEST_STEP][PASSED] - click(findTestObject("CITIZEN/Page_Vaksinasi GetVaccine/Tambah Anggota/januari")): Object: 'Object Repository/CITIZEN/Page_Vaksinasi GetVaccine/Tambah Anggota/januari' is clicked on

2022-07-19 14:21:31 - [MESSAGE][PASSED] - Object: 'Object Repository/CITIZEN/Page_Vaksinasi GetVaccine/Tambah Anggota/januari' is clicked on

2022-07-19 14:21:31 - [TEST_STEP][PASSED] - click(findTestObject("CITIZEN/Page_Vaksinasi GetVaccine/Tambah Anggota/tgl 1")): Object: 'Object Repository/CITIZEN/Page_Vaksinasi GetVaccine/Tambah Anggota/tgl 1' is clicked on

2022-07-19 14:21:32 - [MESSAGE][PASSED] - Object: 'Object Repository/CITIZEN/Page_Vaksinasi GetVaccine/Tambah Anggota/tgl 1' is clicked on

2022-07-19 14:21:32 - [TEST_STEP][PASSED] - click(findTestObject("CITIZEN/Page_Vaksinasi GetVaccine/Tambah Anggota/jk sebelum")): Object: 'Object Repository/CITIZEN/Page_Vaksinasi GetVaccine/Tambah Anggota/jk sebelum' is clicked on

2022-07-19 14:21:32 - [MESSAGE][PASSED] - Object: 'Object Repository/CITIZEN/Page_Vaksinasi GetVaccine/Tambah Anggota/jk sebelum' is clicked on

2022-07-19 14:21:32 - [TEST_STEP][PASSED] - click(findTestObject("Object Repository/CITIZEN/Page_undefined  GetVaccine/div_Laki - Laki")): Object: 'Object Repository/CITIZEN/Page_undefined  GetVaccine/div_Laki - Laki' is clicked on

2022-07-19 14:21:33 - [MESSAGE][PASSED] - Object: 'Object Repository/CITIZEN/Page_undefined  GetVaccine/div_Laki - Laki' is clicked on

2022-07-19 14:21:33 - [TEST_STEP][PASSED] - click(findTestObject("CITIZEN/Page_Vaksinasi GetVaccine/Tambah Anggota/hubungan")): Object: 'Object Repository/CITIZEN/Page_Vaksinasi GetVaccine/Tambah Anggota/hubungan' is clicked on

2022-07-19 14:21:33 - [MESSAGE][PASSED] - Object: 'Object Repository/CITIZEN/Page_Vaksinasi GetVaccine/Tambah Anggota/hubungan' is clicked on

2022-07-19 14:21:33 - [TEST_STEP][PASSED] - click(findTestObject("Object Repository/CITIZEN/Page_undefined  GetVaccine/div_Saudara")): Object: 'Object Repository/CITIZEN/Page_undefined  GetVaccine/div_Saudara' is clicked on

2022-07-19 14:21:34 - [MESSAGE][PASSED] - Object: 'Object Repository/CITIZEN/Page_undefined  GetVaccine/div_Saudara' is clicked on

2022-07-19 14:21:34 - [TEST_STEP][PASSED] - setText(findTestObject("Object Repository/CITIZEN/Page_undefined  GetVaccine/input_Email_add family member_email"), findTestData("CITIZEN/TambahAnggota").getValue(4, i)): Text 'kunnct.com' is set on object 'Object Repository/CITIZEN/Page_undefined  GetVaccine/input_Email_add family member_email'

2022-07-19 14:21:35 - [MESSAGE][PASSED] - Text 'kunnct.com' is set on object 'Object Repository/CITIZEN/Page_undefined  GetVaccine/input_Email_add family member_email'

2022-07-19 14:21:35 - [TEST_STEP][PASSED] - setText(findTestObject("Object Repository/CITIZEN/Page_undefined  GetVaccine/input_Nomor Telepon_add family member_phone_number"), findTestData("CITIZEN/TambahAnggota").getValue(5, i)): Text '08822992200' is set on object 'Object Repository/CITIZEN/Page_undefined  GetVaccine/input_Nomor Telepon_add family member_phone_number'

2022-07-19 14:21:36 - [MESSAGE][PASSED] - Text '08822992200' is set on object 'Object Repository/CITIZEN/Page_undefined  GetVaccine/input_Nomor Telepon_add family member_phone_number'

2022-07-19 14:21:36 - [TEST_STEP][PASSED] - setText(findTestObject("Object Repository/CITIZEN/Page_undefined  GetVaccine/input_Alamat KTP_add family member_id_card_address"), findTestData("CITIZEN/TambahAnggota").getValue(6, i)): Text 'Jakarta' is set on object 'Object Repository/CITIZEN/Page_undefined  GetVaccine/input_Alamat KTP_add family member_id_card_address'

2022-07-19 14:21:37 - [MESSAGE][PASSED] - Text 'Jakarta' is set on object 'Object Repository/CITIZEN/Page_undefined  GetVaccine/input_Alamat KTP_add family member_id_card_address'

2022-07-19 14:21:37 - [TEST_STEP][PASSED] - setText(findTestObject("Object Repository/CITIZEN/Page_undefined  GetVaccine/input_Alamat Saat ini_add family member_res_c155da"), findTestData("CITIZEN/TambahAnggota").getValue(7, i)): Text 'akarta' is set on object 'Object Repository/CITIZEN/Page_undefined  GetVaccine/input_Alamat Saat ini_add family member_res_c155da'

2022-07-19 14:21:38 - [MESSAGE][PASSED] - Text 'akarta' is set on object 'Object Repository/CITIZEN/Page_undefined  GetVaccine/input_Alamat Saat ini_add family member_res_c155da'

2022-07-19 14:21:38 - [TEST_STEP][PASSED] - click(findTestObject("Object Repository/CITIZEN/Page_undefined  GetVaccine/span_Submit")): Object: 'Object Repository/CITIZEN/Page_undefined  GetVaccine/span_Submit' is clicked on

2022-07-19 14:21:38 - [MESSAGE][PASSED] - Object: 'Object Repository/CITIZEN/Page_undefined  GetVaccine/span_Submit' is clicked on

2022-07-19 14:21:38 - [TEST_STEP][PASSED] - if (i == 1): null

2022-07-19 14:21:38 - [TEST_STEP][PASSED] - else if (i == 2): null

2022-07-19 14:21:38 - [TEST_STEP][PASSED] - else if (i == 3): null

2022-07-19 14:21:38 - [TEST_STEP][PASSED] - else if (i == 4): Object: 'Object Repository/CITIZEN/Page_Vaksinasi GetVaccine/Tambah Anggota/close' is clicked on

2022-07-19 14:21:38 - [TEST_STEP][PASSED] - verifyElementPresent(findTestObject("CITIZEN/Page_Vaksinasi GetVaccine/Tambah Anggota/alert email"), 0): Object 'Object Repository/CITIZEN/Page_Vaksinasi GetVaccine/Tambah Anggota/alert email' is present

2022-07-19 14:21:38 - [MESSAGE][WARNING] - Timeout '0' is invalid. Using default page load timeout: '30'

2022-07-19 14:21:39 - [MESSAGE][PASSED] - Object 'Object Repository/CITIZEN/Page_Vaksinasi GetVaccine/Tambah Anggota/alert email' is present

2022-07-19 14:21:39 - [TEST_STEP][PASSED] - click(findTestObject("CITIZEN/Page_Vaksinasi GetVaccine/Tambah Anggota/close")): Object: 'Object Repository/CITIZEN/Page_Vaksinasi GetVaccine/Tambah Anggota/close' is clicked on

2022-07-19 14:21:39 - [MESSAGE][PASSED] - Object: 'Object Repository/CITIZEN/Page_Vaksinasi GetVaccine/Tambah Anggota/close' is clicked on

2022-07-19 14:21:39 - [TEST_STEP][PASSED] - click(findTestObject("CITIZEN/Page_Vaksinasi GetVaccine/Tambah Anggota/fasilitas kesehatan")): Object: 'Object Repository/CITIZEN/Page_Vaksinasi GetVaccine/Tambah Anggota/fasilitas kesehatan' is clicked on

2022-07-19 14:21:41 - [MESSAGE][PASSED] - Object: 'Object Repository/CITIZEN/Page_Vaksinasi GetVaccine/Tambah Anggota/fasilitas kesehatan' is clicked on

2022-07-19 14:21:41 - [TEST_STEP][PASSED] - click(findTestObject("CITIZEN/Page_Vaksinasi GetVaccine/Tambah Anggota/btn tambah anggota")): Object: 'Object Repository/CITIZEN/Page_Vaksinasi GetVaccine/Tambah Anggota/btn tambah anggota' is clicked on

2022-07-19 14:21:42 - [MESSAGE][PASSED] - Object: 'Object Repository/CITIZEN/Page_Vaksinasi GetVaccine/Tambah Anggota/btn tambah anggota' is clicked on

2022-07-19 14:21:42 - [TEST_STEP][PASSED] - setText(findTestObject("Object Repository/CITIZEN/Page_undefined  GetVaccine/input_NIK_add family member_NIK"), findTestData("CITIZEN/TambahAnggota").getValue(1, i)): Text '7890789078907890' is set on object 'Object Repository/CITIZEN/Page_undefined  GetVaccine/input_NIK_add family member_NIK'

2022-07-19 14:21:43 - [MESSAGE][PASSED] - Text '7890789078907890' is set on object 'Object Repository/CITIZEN/Page_undefined  GetVaccine/input_NIK_add family member_NIK'

2022-07-19 14:21:43 - [TEST_STEP][PASSED] - setText(findTestObject("Object Repository/CITIZEN/Page_undefined  GetVaccine/input_Nama Lengkap_add family member_name"), findTestData("CITIZEN/TambahAnggota").getValue(2, i)): Text 'Qian Kun' is set on object 'Object Repository/CITIZEN/Page_undefined  GetVaccine/input_Nama Lengkap_add family member_name'

2022-07-19 14:21:44 - [MESSAGE][PASSED] - Text 'Qian Kun' is set on object 'Object Repository/CITIZEN/Page_undefined  GetVaccine/input_Nama Lengkap_add family member_name'

2022-07-19 14:21:44 - [TEST_STEP][PASSED] - setText(findTestObject("Object Repository/CITIZEN/Page_undefined  GetVaccine/input_Tempat Lahir_add family member_place__8ffebd"), findTestData("CITIZEN/TambahAnggota").getValue(3, i)): Text 'China' is set on object 'Object Repository/CITIZEN/Page_undefined  GetVaccine/input_Tempat Lahir_add family member_place__8ffebd'

2022-07-19 14:21:45 - [MESSAGE][PASSED] - Text 'China' is set on object 'Object Repository/CITIZEN/Page_undefined  GetVaccine/input_Tempat Lahir_add family member_place__8ffebd'

2022-07-19 14:21:45 - [TEST_STEP][PASSED] - click(findTestObject("Object Repository/CITIZEN/Page_undefined  GetVaccine/div_Tanggal Lahir_ant-picker-input")): Object: 'Object Repository/CITIZEN/Page_undefined  GetVaccine/div_Tanggal Lahir_ant-picker-input' is clicked on

2022-07-19 14:21:46 - [MESSAGE][PASSED] - Object: 'Object Repository/CITIZEN/Page_undefined  GetVaccine/div_Tanggal Lahir_ant-picker-input' is clicked on

2022-07-19 14:21:46 - [TEST_STEP][PASSED] - click(findTestObject("CITIZEN/Page_Vaksinasi GetVaccine/Tambah Anggota/year")): Object: 'Object Repository/CITIZEN/Page_Vaksinasi GetVaccine/Tambah Anggota/year' is clicked on

2022-07-19 14:21:46 - [MESSAGE][PASSED] - Object: 'Object Repository/CITIZEN/Page_Vaksinasi GetVaccine/Tambah Anggota/year' is clicked on

2022-07-19 14:21:46 - [TEST_STEP][PASSED] - click(findTestObject("CITIZEN/Page_Vaksinasi GetVaccine/Tambah Anggota/prev year")): Object: 'Object Repository/CITIZEN/Page_Vaksinasi GetVaccine/Tambah Anggota/prev year' is clicked on

2022-07-19 14:21:47 - [MESSAGE][PASSED] - Object: 'Object Repository/CITIZEN/Page_Vaksinasi GetVaccine/Tambah Anggota/prev year' is clicked on

2022-07-19 14:21:47 - [TEST_STEP][PASSED] - click(findTestObject("CITIZEN/Page_Vaksinasi GetVaccine/Tambah Anggota/prev year")): Object: 'Object Repository/CITIZEN/Page_Vaksinasi GetVaccine/Tambah Anggota/prev year' is clicked on

2022-07-19 14:21:47 - [MESSAGE][PASSED] - Object: 'Object Repository/CITIZEN/Page_Vaksinasi GetVaccine/Tambah Anggota/prev year' is clicked on

2022-07-19 14:21:47 - [TEST_STEP][PASSED] - click(findTestObject("CITIZEN/Page_Vaksinasi GetVaccine/Tambah Anggota/prev year")): Object: 'Object Repository/CITIZEN/Page_Vaksinasi GetVaccine/Tambah Anggota/prev year' is clicked on

2022-07-19 14:21:48 - [MESSAGE][PASSED] - Object: 'Object Repository/CITIZEN/Page_Vaksinasi GetVaccine/Tambah Anggota/prev year' is clicked on

2022-07-19 14:21:48 - [TEST_STEP][PASSED] - click(findTestObject("CITIZEN/Page_Vaksinasi GetVaccine/Tambah Anggota/1996")): Object: 'Object Repository/CITIZEN/Page_Vaksinasi GetVaccine/Tambah Anggota/1996' is clicked on

2022-07-19 14:21:48 - [MESSAGE][PASSED] - Object: 'Object Repository/CITIZEN/Page_Vaksinasi GetVaccine/Tambah Anggota/1996' is clicked on

2022-07-19 14:21:48 - [TEST_STEP][PASSED] - click(findTestObject("CITIZEN/Page_Vaksinasi GetVaccine/Tambah Anggota/januari")): Object: 'Object Repository/CITIZEN/Page_Vaksinasi GetVaccine/Tambah Anggota/januari' is clicked on

2022-07-19 14:21:49 - [MESSAGE][PASSED] - Object: 'Object Repository/CITIZEN/Page_Vaksinasi GetVaccine/Tambah Anggota/januari' is clicked on

2022-07-19 14:21:49 - [TEST_STEP][PASSED] - click(findTestObject("CITIZEN/Page_Vaksinasi GetVaccine/Tambah Anggota/tgl 1")): Object: 'Object Repository/CITIZEN/Page_Vaksinasi GetVaccine/Tambah Anggota/tgl 1' is clicked on

2022-07-19 14:21:49 - [MESSAGE][PASSED] - Object: 'Object Repository/CITIZEN/Page_Vaksinasi GetVaccine/Tambah Anggota/tgl 1' is clicked on

2022-07-19 14:21:49 - [TEST_STEP][PASSED] - click(findTestObject("CITIZEN/Page_Vaksinasi GetVaccine/Tambah Anggota/jk sebelum")): Object: 'Object Repository/CITIZEN/Page_Vaksinasi GetVaccine/Tambah Anggota/jk sebelum' is clicked on

2022-07-19 14:21:50 - [MESSAGE][PASSED] - Object: 'Object Repository/CITIZEN/Page_Vaksinasi GetVaccine/Tambah Anggota/jk sebelum' is clicked on

2022-07-19 14:21:50 - [TEST_STEP][PASSED] - click(findTestObject("Object Repository/CITIZEN/Page_undefined  GetVaccine/div_Laki - Laki")): Object: 'Object Repository/CITIZEN/Page_undefined  GetVaccine/div_Laki - Laki' is clicked on

2022-07-19 14:21:50 - [MESSAGE][PASSED] - Object: 'Object Repository/CITIZEN/Page_undefined  GetVaccine/div_Laki - Laki' is clicked on

2022-07-19 14:21:50 - [TEST_STEP][PASSED] - click(findTestObject("CITIZEN/Page_Vaksinasi GetVaccine/Tambah Anggota/hubungan")): Object: 'Object Repository/CITIZEN/Page_Vaksinasi GetVaccine/Tambah Anggota/hubungan' is clicked on

2022-07-19 14:21:51 - [MESSAGE][PASSED] - Object: 'Object Repository/CITIZEN/Page_Vaksinasi GetVaccine/Tambah Anggota/hubungan' is clicked on

2022-07-19 14:21:51 - [TEST_STEP][PASSED] - click(findTestObject("Object Repository/CITIZEN/Page_undefined  GetVaccine/div_Saudara")): Object: 'Object Repository/CITIZEN/Page_undefined  GetVaccine/div_Saudara' is clicked on

2022-07-19 14:21:52 - [MESSAGE][PASSED] - Object: 'Object Repository/CITIZEN/Page_undefined  GetVaccine/div_Saudara' is clicked on

2022-07-19 14:21:52 - [TEST_STEP][PASSED] - setText(findTestObject("Object Repository/CITIZEN/Page_undefined  GetVaccine/input_Email_add family member_email"), findTestData("CITIZEN/TambahAnggota").getValue(4, i)): Text 'kun@nct.com' is set on object 'Object Repository/CITIZEN/Page_undefined  GetVaccine/input_Email_add family member_email'

2022-07-19 14:21:53 - [MESSAGE][PASSED] - Text 'kun@nct.com' is set on object 'Object Repository/CITIZEN/Page_undefined  GetVaccine/input_Email_add family member_email'

2022-07-19 14:21:53 - [TEST_STEP][PASSED] - setText(findTestObject("Object Repository/CITIZEN/Page_undefined  GetVaccine/input_Nomor Telepon_add family member_phone_number"), findTestData("CITIZEN/TambahAnggota").getValue(5, i)): Text '0882299A' is set on object 'Object Repository/CITIZEN/Page_undefined  GetVaccine/input_Nomor Telepon_add family member_phone_number'

2022-07-19 14:21:54 - [MESSAGE][PASSED] - Text '0882299A' is set on object 'Object Repository/CITIZEN/Page_undefined  GetVaccine/input_Nomor Telepon_add family member_phone_number'

2022-07-19 14:21:54 - [TEST_STEP][PASSED] - setText(findTestObject("Object Repository/CITIZEN/Page_undefined  GetVaccine/input_Alamat KTP_add family member_id_card_address"), findTestData("CITIZEN/TambahAnggota").getValue(6, i)): Text 'Jakarta' is set on object 'Object Repository/CITIZEN/Page_undefined  GetVaccine/input_Alamat KTP_add family member_id_card_address'

2022-07-19 14:21:55 - [MESSAGE][PASSED] - Text 'Jakarta' is set on object 'Object Repository/CITIZEN/Page_undefined  GetVaccine/input_Alamat KTP_add family member_id_card_address'

2022-07-19 14:21:55 - [TEST_STEP][PASSED] - setText(findTestObject("Object Repository/CITIZEN/Page_undefined  GetVaccine/input_Alamat Saat ini_add family member_res_c155da"), findTestData("CITIZEN/TambahAnggota").getValue(7, i)): Text 'Jakarta' is set on object 'Object Repository/CITIZEN/Page_undefined  GetVaccine/input_Alamat Saat ini_add family member_res_c155da'

2022-07-19 14:21:56 - [MESSAGE][PASSED] - Text 'Jakarta' is set on object 'Object Repository/CITIZEN/Page_undefined  GetVaccine/input_Alamat Saat ini_add family member_res_c155da'

2022-07-19 14:21:56 - [TEST_STEP][PASSED] - click(findTestObject("Object Repository/CITIZEN/Page_undefined  GetVaccine/span_Submit")): Object: 'Object Repository/CITIZEN/Page_undefined  GetVaccine/span_Submit' is clicked on

2022-07-19 14:21:56 - [MESSAGE][PASSED] - Object: 'Object Repository/CITIZEN/Page_undefined  GetVaccine/span_Submit' is clicked on

2022-07-19 14:21:56 - [TEST_STEP][PASSED] - if (i == 1): null

2022-07-19 14:21:56 - [TEST_STEP][PASSED] - else if (i == 2): null

2022-07-19 14:21:56 - [TEST_STEP][PASSED] - else if (i == 3): null

2022-07-19 14:21:56 - [TEST_STEP][PASSED] - else if (i == 4): null

2022-07-19 14:21:56 - [TEST_STEP][PASSED] - else if (i == 5): Object: 'Object Repository/CITIZEN/Page_Vaksinasi GetVaccine/Tambah Anggota/close' is clicked on

2022-07-19 14:21:56 - [TEST_STEP][PASSED] - verifyElementPresent(findTestObject("CITIZEN/Page_Vaksinasi GetVaccine/Tambah Anggota/alert telp huruf"), 0): Object 'Object Repository/CITIZEN/Page_Vaksinasi GetVaccine/Tambah Anggota/alert telp huruf' is present

2022-07-19 14:21:56 - [MESSAGE][WARNING] - Timeout '0' is invalid. Using default page load timeout: '30'

2022-07-19 14:21:57 - [MESSAGE][PASSED] - Object 'Object Repository/CITIZEN/Page_Vaksinasi GetVaccine/Tambah Anggota/alert telp huruf' is present

2022-07-19 14:21:57 - [TEST_STEP][PASSED] - verifyElementPresent(findTestObject("CITIZEN/Page_Vaksinasi GetVaccine/Tambah Anggota/alert telp kurang"), 0): Object 'Object Repository/CITIZEN/Page_Vaksinasi GetVaccine/Tambah Anggota/alert telp kurang' is present

2022-07-19 14:21:57 - [MESSAGE][WARNING] - Timeout '0' is invalid. Using default page load timeout: '30'

2022-07-19 14:21:57 - [MESSAGE][PASSED] - Object 'Object Repository/CITIZEN/Page_Vaksinasi GetVaccine/Tambah Anggota/alert telp kurang' is present

2022-07-19 14:21:57 - [TEST_STEP][PASSED] - click(findTestObject("CITIZEN/Page_Vaksinasi GetVaccine/Tambah Anggota/close")): Object: 'Object Repository/CITIZEN/Page_Vaksinasi GetVaccine/Tambah Anggota/close' is clicked on

2022-07-19 14:21:58 - [MESSAGE][PASSED] - Object: 'Object Repository/CITIZEN/Page_Vaksinasi GetVaccine/Tambah Anggota/close' is clicked on

2022-07-19 14:21:58 - [TEST_STEP][PASSED] - click(findTestObject("CITIZEN/Page_Vaksinasi GetVaccine/Tambah Anggota/fasilitas kesehatan")): Object: 'Object Repository/CITIZEN/Page_Vaksinasi GetVaccine/Tambah Anggota/fasilitas kesehatan' is clicked on

2022-07-19 14:21:59 - [MESSAGE][PASSED] - Object: 'Object Repository/CITIZEN/Page_Vaksinasi GetVaccine/Tambah Anggota/fasilitas kesehatan' is clicked on

2022-07-19 14:21:59 - [TEST_STEP][PASSED] - click(findTestObject("CITIZEN/Page_Vaksinasi GetVaccine/Tambah Anggota/btn tambah anggota")): Object: 'Object Repository/CITIZEN/Page_Vaksinasi GetVaccine/Tambah Anggota/btn tambah anggota' is clicked on

2022-07-19 14:22:00 - [MESSAGE][PASSED] - Object: 'Object Repository/CITIZEN/Page_Vaksinasi GetVaccine/Tambah Anggota/btn tambah anggota' is clicked on

2022-07-19 14:22:00 - [TEST_STEP][PASSED] - setText(findTestObject("Object Repository/CITIZEN/Page_undefined  GetVaccine/input_NIK_add family member_NIK"), findTestData("CITIZEN/TambahAnggota").getValue(1, i)): Text '7890789078907890' is set on object 'Object Repository/CITIZEN/Page_undefined  GetVaccine/input_NIK_add family member_NIK'

2022-07-19 14:22:01 - [MESSAGE][PASSED] - Text '7890789078907890' is set on object 'Object Repository/CITIZEN/Page_undefined  GetVaccine/input_NIK_add family member_NIK'

2022-07-19 14:22:01 - [TEST_STEP][PASSED] - setText(findTestObject("Object Repository/CITIZEN/Page_undefined  GetVaccine/input_Nama Lengkap_add family member_name"), findTestData("CITIZEN/TambahAnggota").getValue(2, i)): Text 'Qian Kun' is set on object 'Object Repository/CITIZEN/Page_undefined  GetVaccine/input_Nama Lengkap_add family member_name'

2022-07-19 14:22:02 - [MESSAGE][PASSED] - Text 'Qian Kun' is set on object 'Object Repository/CITIZEN/Page_undefined  GetVaccine/input_Nama Lengkap_add family member_name'

2022-07-19 14:22:02 - [TEST_STEP][PASSED] - setText(findTestObject("Object Repository/CITIZEN/Page_undefined  GetVaccine/input_Tempat Lahir_add family member_place__8ffebd"), findTestData("CITIZEN/TambahAnggota").getValue(3, i)): Text 'China' is set on object 'Object Repository/CITIZEN/Page_undefined  GetVaccine/input_Tempat Lahir_add family member_place__8ffebd'

2022-07-19 14:22:03 - [MESSAGE][PASSED] - Text 'China' is set on object 'Object Repository/CITIZEN/Page_undefined  GetVaccine/input_Tempat Lahir_add family member_place__8ffebd'

2022-07-19 14:22:03 - [TEST_STEP][PASSED] - click(findTestObject("Object Repository/CITIZEN/Page_undefined  GetVaccine/div_Tanggal Lahir_ant-picker-input")): Object: 'Object Repository/CITIZEN/Page_undefined  GetVaccine/div_Tanggal Lahir_ant-picker-input' is clicked on

2022-07-19 14:22:04 - [MESSAGE][PASSED] - Object: 'Object Repository/CITIZEN/Page_undefined  GetVaccine/div_Tanggal Lahir_ant-picker-input' is clicked on

2022-07-19 14:22:04 - [TEST_STEP][PASSED] - click(findTestObject("CITIZEN/Page_Vaksinasi GetVaccine/Tambah Anggota/year")): Object: 'Object Repository/CITIZEN/Page_Vaksinasi GetVaccine/Tambah Anggota/year' is clicked on

2022-07-19 14:22:04 - [MESSAGE][PASSED] - Object: 'Object Repository/CITIZEN/Page_Vaksinasi GetVaccine/Tambah Anggota/year' is clicked on

2022-07-19 14:22:04 - [TEST_STEP][PASSED] - click(findTestObject("CITIZEN/Page_Vaksinasi GetVaccine/Tambah Anggota/prev year")): Object: 'Object Repository/CITIZEN/Page_Vaksinasi GetVaccine/Tambah Anggota/prev year' is clicked on

2022-07-19 14:22:05 - [MESSAGE][PASSED] - Object: 'Object Repository/CITIZEN/Page_Vaksinasi GetVaccine/Tambah Anggota/prev year' is clicked on

2022-07-19 14:22:05 - [TEST_STEP][PASSED] - click(findTestObject("CITIZEN/Page_Vaksinasi GetVaccine/Tambah Anggota/prev year")): Object: 'Object Repository/CITIZEN/Page_Vaksinasi GetVaccine/Tambah Anggota/prev year' is clicked on

2022-07-19 14:22:05 - [MESSAGE][PASSED] - Object: 'Object Repository/CITIZEN/Page_Vaksinasi GetVaccine/Tambah Anggota/prev year' is clicked on

2022-07-19 14:22:05 - [TEST_STEP][PASSED] - click(findTestObject("CITIZEN/Page_Vaksinasi GetVaccine/Tambah Anggota/prev year")): Object: 'Object Repository/CITIZEN/Page_Vaksinasi GetVaccine/Tambah Anggota/prev year' is clicked on

2022-07-19 14:22:06 - [MESSAGE][PASSED] - Object: 'Object Repository/CITIZEN/Page_Vaksinasi GetVaccine/Tambah Anggota/prev year' is clicked on

2022-07-19 14:22:06 - [TEST_STEP][PASSED] - click(findTestObject("CITIZEN/Page_Vaksinasi GetVaccine/Tambah Anggota/1996")): Object: 'Object Repository/CITIZEN/Page_Vaksinasi GetVaccine/Tambah Anggota/1996' is clicked on

2022-07-19 14:22:06 - [MESSAGE][PASSED] - Object: 'Object Repository/CITIZEN/Page_Vaksinasi GetVaccine/Tambah Anggota/1996' is clicked on

2022-07-19 14:22:06 - [TEST_STEP][PASSED] - click(findTestObject("CITIZEN/Page_Vaksinasi GetVaccine/Tambah Anggota/januari")): Object: 'Object Repository/CITIZEN/Page_Vaksinasi GetVaccine/Tambah Anggota/januari' is clicked on

2022-07-19 14:22:07 - [MESSAGE][PASSED] - Object: 'Object Repository/CITIZEN/Page_Vaksinasi GetVaccine/Tambah Anggota/januari' is clicked on

2022-07-19 14:22:07 - [TEST_STEP][PASSED] - click(findTestObject("CITIZEN/Page_Vaksinasi GetVaccine/Tambah Anggota/tgl 1")): Object: 'Object Repository/CITIZEN/Page_Vaksinasi GetVaccine/Tambah Anggota/tgl 1' is clicked on

2022-07-19 14:22:07 - [MESSAGE][PASSED] - Object: 'Object Repository/CITIZEN/Page_Vaksinasi GetVaccine/Tambah Anggota/tgl 1' is clicked on

2022-07-19 14:22:07 - [TEST_STEP][PASSED] - click(findTestObject("CITIZEN/Page_Vaksinasi GetVaccine/Tambah Anggota/jk sebelum")): Object: 'Object Repository/CITIZEN/Page_Vaksinasi GetVaccine/Tambah Anggota/jk sebelum' is clicked on

2022-07-19 14:22:08 - [MESSAGE][PASSED] - Object: 'Object Repository/CITIZEN/Page_Vaksinasi GetVaccine/Tambah Anggota/jk sebelum' is clicked on

2022-07-19 14:22:08 - [TEST_STEP][PASSED] - click(findTestObject("Object Repository/CITIZEN/Page_undefined  GetVaccine/div_Laki - Laki")): Object: 'Object Repository/CITIZEN/Page_undefined  GetVaccine/div_Laki - Laki' is clicked on

2022-07-19 14:22:08 - [MESSAGE][PASSED] - Object: 'Object Repository/CITIZEN/Page_undefined  GetVaccine/div_Laki - Laki' is clicked on

2022-07-19 14:22:08 - [TEST_STEP][PASSED] - click(findTestObject("CITIZEN/Page_Vaksinasi GetVaccine/Tambah Anggota/hubungan")): Object: 'Object Repository/CITIZEN/Page_Vaksinasi GetVaccine/Tambah Anggota/hubungan' is clicked on

2022-07-19 14:22:09 - [MESSAGE][PASSED] - Object: 'Object Repository/CITIZEN/Page_Vaksinasi GetVaccine/Tambah Anggota/hubungan' is clicked on

2022-07-19 14:22:09 - [TEST_STEP][PASSED] - click(findTestObject("Object Repository/CITIZEN/Page_undefined  GetVaccine/div_Saudara")): Object: 'Object Repository/CITIZEN/Page_undefined  GetVaccine/div_Saudara' is clicked on

2022-07-19 14:22:09 - [MESSAGE][PASSED] - Object: 'Object Repository/CITIZEN/Page_undefined  GetVaccine/div_Saudara' is clicked on

2022-07-19 14:22:09 - [TEST_STEP][PASSED] - setText(findTestObject("Object Repository/CITIZEN/Page_undefined  GetVaccine/input_Email_add family member_email"), findTestData("CITIZEN/TambahAnggota").getValue(4, i)): Text 'kun@nct.com' is set on object 'Object Repository/CITIZEN/Page_undefined  GetVaccine/input_Email_add family member_email'

2022-07-19 14:22:10 - [MESSAGE][PASSED] - Text 'kun@nct.com' is set on object 'Object Repository/CITIZEN/Page_undefined  GetVaccine/input_Email_add family member_email'

2022-07-19 14:22:10 - [TEST_STEP][PASSED] - setText(findTestObject("Object Repository/CITIZEN/Page_undefined  GetVaccine/input_Nomor Telepon_add family member_phone_number"), findTestData("CITIZEN/TambahAnggota").getValue(5, i)): Text '08822992200' is set on object 'Object Repository/CITIZEN/Page_undefined  GetVaccine/input_Nomor Telepon_add family member_phone_number'

2022-07-19 14:22:11 - [MESSAGE][PASSED] - Text '08822992200' is set on object 'Object Repository/CITIZEN/Page_undefined  GetVaccine/input_Nomor Telepon_add family member_phone_number'

2022-07-19 14:22:11 - [TEST_STEP][PASSED] - setText(findTestObject("Object Repository/CITIZEN/Page_undefined  GetVaccine/input_Alamat KTP_add family member_id_card_address"), findTestData("CITIZEN/TambahAnggota").getValue(6, i)): Text '11' is set on object 'Object Repository/CITIZEN/Page_undefined  GetVaccine/input_Alamat KTP_add family member_id_card_address'

2022-07-19 14:22:12 - [MESSAGE][PASSED] - Text '11' is set on object 'Object Repository/CITIZEN/Page_undefined  GetVaccine/input_Alamat KTP_add family member_id_card_address'

2022-07-19 14:22:12 - [TEST_STEP][PASSED] - setText(findTestObject("Object Repository/CITIZEN/Page_undefined  GetVaccine/input_Alamat Saat ini_add family member_res_c155da"), findTestData("CITIZEN/TambahAnggota").getValue(7, i)): Text '22' is set on object 'Object Repository/CITIZEN/Page_undefined  GetVaccine/input_Alamat Saat ini_add family member_res_c155da'

2022-07-19 14:22:13 - [MESSAGE][PASSED] - Text '22' is set on object 'Object Repository/CITIZEN/Page_undefined  GetVaccine/input_Alamat Saat ini_add family member_res_c155da'

2022-07-19 14:22:13 - [TEST_STEP][PASSED] - click(findTestObject("Object Repository/CITIZEN/Page_undefined  GetVaccine/span_Submit")): Object: 'Object Repository/CITIZEN/Page_undefined  GetVaccine/span_Submit' is clicked on

2022-07-19 14:22:14 - [MESSAGE][PASSED] - Object: 'Object Repository/CITIZEN/Page_undefined  GetVaccine/span_Submit' is clicked on

2022-07-19 14:22:14 - [TEST_STEP][PASSED] - if (i == 1): null

2022-07-19 14:22:14 - [TEST_STEP][PASSED] - else if (i == 2): null

2022-07-19 14:22:14 - [TEST_STEP][PASSED] - else if (i == 3): null

2022-07-19 14:22:14 - [TEST_STEP][PASSED] - else if (i == 4): null

2022-07-19 14:22:14 - [TEST_STEP][PASSED] - else if (i == 5): null

2022-07-19 14:22:14 - [TEST_STEP][PASSED] - else if (i == 6): Object: 'Object Repository/CITIZEN/Page_Vaksinasi GetVaccine/Tambah Anggota/close' is clicked on

2022-07-19 14:22:14 - [TEST_STEP][PASSED] - verifyElementPresent(findTestObject("CITIZEN/Page_Vaksinasi GetVaccine/Tambah Anggota/alert alamat"), 0): Object 'Object Repository/CITIZEN/Page_Vaksinasi GetVaccine/Tambah Anggota/alert alamat' is present

2022-07-19 14:22:14 - [MESSAGE][WARNING] - Timeout '0' is invalid. Using default page load timeout: '30'

2022-07-19 14:22:14 - [MESSAGE][PASSED] - Object 'Object Repository/CITIZEN/Page_Vaksinasi GetVaccine/Tambah Anggota/alert alamat' is present

2022-07-19 14:22:14 - [TEST_STEP][PASSED] - verifyElementPresent(findTestObject("CITIZEN/Page_Vaksinasi GetVaccine/Tambah Anggota/alert dom"), 0): Object 'Object Repository/CITIZEN/Page_Vaksinasi GetVaccine/Tambah Anggota/alert dom' is present

2022-07-19 14:22:14 - [MESSAGE][WARNING] - Timeout '0' is invalid. Using default page load timeout: '30'

2022-07-19 14:22:15 - [MESSAGE][PASSED] - Object 'Object Repository/CITIZEN/Page_Vaksinasi GetVaccine/Tambah Anggota/alert dom' is present

2022-07-19 14:22:15 - [TEST_STEP][PASSED] - click(findTestObject("CITIZEN/Page_Vaksinasi GetVaccine/Tambah Anggota/close")): Object: 'Object Repository/CITIZEN/Page_Vaksinasi GetVaccine/Tambah Anggota/close' is clicked on

2022-07-19 14:22:15 - [MESSAGE][PASSED] - Object: 'Object Repository/CITIZEN/Page_Vaksinasi GetVaccine/Tambah Anggota/close' is clicked on

2022-07-19 14:22:15 - [TEST_STEP][PASSED] - click(findTestObject("CITIZEN/Page_Vaksinasi GetVaccine/Tambah Anggota/fasilitas kesehatan")): Object: 'Object Repository/CITIZEN/Page_Vaksinasi GetVaccine/Tambah Anggota/fasilitas kesehatan' is clicked on

2022-07-19 14:22:16 - [MESSAGE][PASSED] - Object: 'Object Repository/CITIZEN/Page_Vaksinasi GetVaccine/Tambah Anggota/fasilitas kesehatan' is clicked on

2022-07-19 14:22:16 - [TEST_STEP][PASSED] - click(findTestObject("CITIZEN/Page_Vaksinasi GetVaccine/Tambah Anggota/btn tambah anggota")): Object: 'Object Repository/CITIZEN/Page_Vaksinasi GetVaccine/Tambah Anggota/btn tambah anggota' is clicked on

2022-07-19 14:22:17 - [MESSAGE][PASSED] - Object: 'Object Repository/CITIZEN/Page_Vaksinasi GetVaccine/Tambah Anggota/btn tambah anggota' is clicked on

2022-07-19 14:22:17 - [TEST_STEP][PASSED] - setText(findTestObject("Object Repository/CITIZEN/Page_undefined  GetVaccine/input_NIK_add family member_NIK"), findTestData("CITIZEN/TambahAnggota").getValue(1, i)): Text '7890789078907890' is set on object 'Object Repository/CITIZEN/Page_undefined  GetVaccine/input_NIK_add family member_NIK'

2022-07-19 14:22:19 - [MESSAGE][PASSED] - Text '7890789078907890' is set on object 'Object Repository/CITIZEN/Page_undefined  GetVaccine/input_NIK_add family member_NIK'

2022-07-19 14:22:19 - [TEST_STEP][PASSED] - setText(findTestObject("Object Repository/CITIZEN/Page_undefined  GetVaccine/input_Nama Lengkap_add family member_name"), findTestData("CITIZEN/TambahAnggota").getValue(2, i)): Text '' is set on object 'Object Repository/CITIZEN/Page_undefined  GetVaccine/input_Nama Lengkap_add family member_name'

2022-07-19 14:22:20 - [MESSAGE][PASSED] - Text '' is set on object 'Object Repository/CITIZEN/Page_undefined  GetVaccine/input_Nama Lengkap_add family member_name'

2022-07-19 14:22:20 - [TEST_STEP][PASSED] - setText(findTestObject("Object Repository/CITIZEN/Page_undefined  GetVaccine/input_Tempat Lahir_add family member_place__8ffebd"), findTestData("CITIZEN/TambahAnggota").getValue(3, i)): Text 'China' is set on object 'Object Repository/CITIZEN/Page_undefined  GetVaccine/input_Tempat Lahir_add family member_place__8ffebd'

2022-07-19 14:22:21 - [MESSAGE][PASSED] - Text 'China' is set on object 'Object Repository/CITIZEN/Page_undefined  GetVaccine/input_Tempat Lahir_add family member_place__8ffebd'

2022-07-19 14:22:21 - [TEST_STEP][PASSED] - click(findTestObject("Object Repository/CITIZEN/Page_undefined  GetVaccine/div_Tanggal Lahir_ant-picker-input")): Object: 'Object Repository/CITIZEN/Page_undefined  GetVaccine/div_Tanggal Lahir_ant-picker-input' is clicked on

2022-07-19 14:22:21 - [MESSAGE][PASSED] - Object: 'Object Repository/CITIZEN/Page_undefined  GetVaccine/div_Tanggal Lahir_ant-picker-input' is clicked on

2022-07-19 14:22:21 - [TEST_STEP][PASSED] - click(findTestObject("CITIZEN/Page_Vaksinasi GetVaccine/Tambah Anggota/year")): Object: 'Object Repository/CITIZEN/Page_Vaksinasi GetVaccine/Tambah Anggota/year' is clicked on

2022-07-19 14:22:22 - [MESSAGE][PASSED] - Object: 'Object Repository/CITIZEN/Page_Vaksinasi GetVaccine/Tambah Anggota/year' is clicked on

2022-07-19 14:22:22 - [TEST_STEP][PASSED] - click(findTestObject("CITIZEN/Page_Vaksinasi GetVaccine/Tambah Anggota/prev year")): Object: 'Object Repository/CITIZEN/Page_Vaksinasi GetVaccine/Tambah Anggota/prev year' is clicked on

2022-07-19 14:22:22 - [MESSAGE][PASSED] - Object: 'Object Repository/CITIZEN/Page_Vaksinasi GetVaccine/Tambah Anggota/prev year' is clicked on

2022-07-19 14:22:22 - [TEST_STEP][PASSED] - click(findTestObject("CITIZEN/Page_Vaksinasi GetVaccine/Tambah Anggota/prev year")): Object: 'Object Repository/CITIZEN/Page_Vaksinasi GetVaccine/Tambah Anggota/prev year' is clicked on

2022-07-19 14:22:23 - [MESSAGE][PASSED] - Object: 'Object Repository/CITIZEN/Page_Vaksinasi GetVaccine/Tambah Anggota/prev year' is clicked on

2022-07-19 14:22:23 - [TEST_STEP][PASSED] - click(findTestObject("CITIZEN/Page_Vaksinasi GetVaccine/Tambah Anggota/prev year")): Object: 'Object Repository/CITIZEN/Page_Vaksinasi GetVaccine/Tambah Anggota/prev year' is clicked on

2022-07-19 14:22:23 - [MESSAGE][PASSED] - Object: 'Object Repository/CITIZEN/Page_Vaksinasi GetVaccine/Tambah Anggota/prev year' is clicked on

2022-07-19 14:22:23 - [TEST_STEP][PASSED] - click(findTestObject("CITIZEN/Page_Vaksinasi GetVaccine/Tambah Anggota/1996")): Object: 'Object Repository/CITIZEN/Page_Vaksinasi GetVaccine/Tambah Anggota/1996' is clicked on

2022-07-19 14:22:24 - [MESSAGE][PASSED] - Object: 'Object Repository/CITIZEN/Page_Vaksinasi GetVaccine/Tambah Anggota/1996' is clicked on

2022-07-19 14:22:24 - [TEST_STEP][PASSED] - click(findTestObject("CITIZEN/Page_Vaksinasi GetVaccine/Tambah Anggota/januari")): Object: 'Object Repository/CITIZEN/Page_Vaksinasi GetVaccine/Tambah Anggota/januari' is clicked on

2022-07-19 14:22:24 - [MESSAGE][PASSED] - Object: 'Object Repository/CITIZEN/Page_Vaksinasi GetVaccine/Tambah Anggota/januari' is clicked on

2022-07-19 14:22:24 - [TEST_STEP][PASSED] - click(findTestObject("CITIZEN/Page_Vaksinasi GetVaccine/Tambah Anggota/tgl 1")): Object: 'Object Repository/CITIZEN/Page_Vaksinasi GetVaccine/Tambah Anggota/tgl 1' is clicked on

2022-07-19 14:22:25 - [MESSAGE][PASSED] - Object: 'Object Repository/CITIZEN/Page_Vaksinasi GetVaccine/Tambah Anggota/tgl 1' is clicked on

2022-07-19 14:22:25 - [TEST_STEP][PASSED] - click(findTestObject("CITIZEN/Page_Vaksinasi GetVaccine/Tambah Anggota/jk sebelum")): Object: 'Object Repository/CITIZEN/Page_Vaksinasi GetVaccine/Tambah Anggota/jk sebelum' is clicked on

2022-07-19 14:22:25 - [MESSAGE][PASSED] - Object: 'Object Repository/CITIZEN/Page_Vaksinasi GetVaccine/Tambah Anggota/jk sebelum' is clicked on

2022-07-19 14:22:25 - [TEST_STEP][PASSED] - click(findTestObject("Object Repository/CITIZEN/Page_undefined  GetVaccine/div_Laki - Laki")): Object: 'Object Repository/CITIZEN/Page_undefined  GetVaccine/div_Laki - Laki' is clicked on

2022-07-19 14:22:26 - [MESSAGE][PASSED] - Object: 'Object Repository/CITIZEN/Page_undefined  GetVaccine/div_Laki - Laki' is clicked on

2022-07-19 14:22:26 - [TEST_STEP][PASSED] - click(findTestObject("CITIZEN/Page_Vaksinasi GetVaccine/Tambah Anggota/hubungan")): Object: 'Object Repository/CITIZEN/Page_Vaksinasi GetVaccine/Tambah Anggota/hubungan' is clicked on

2022-07-19 14:22:26 - [MESSAGE][PASSED] - Object: 'Object Repository/CITIZEN/Page_Vaksinasi GetVaccine/Tambah Anggota/hubungan' is clicked on

2022-07-19 14:22:26 - [TEST_STEP][PASSED] - click(findTestObject("Object Repository/CITIZEN/Page_undefined  GetVaccine/div_Saudara")): Object: 'Object Repository/CITIZEN/Page_undefined  GetVaccine/div_Saudara' is clicked on

2022-07-19 14:22:27 - [MESSAGE][PASSED] - Object: 'Object Repository/CITIZEN/Page_undefined  GetVaccine/div_Saudara' is clicked on

2022-07-19 14:22:27 - [TEST_STEP][PASSED] - setText(findTestObject("Object Repository/CITIZEN/Page_undefined  GetVaccine/input_Email_add family member_email"), findTestData("CITIZEN/TambahAnggota").getValue(4, i)): Text 'kun@nct.com' is set on object 'Object Repository/CITIZEN/Page_undefined  GetVaccine/input_Email_add family member_email'

2022-07-19 14:22:28 - [MESSAGE][PASSED] - Text 'kun@nct.com' is set on object 'Object Repository/CITIZEN/Page_undefined  GetVaccine/input_Email_add family member_email'

2022-07-19 14:22:28 - [TEST_STEP][PASSED] - setText(findTestObject("Object Repository/CITIZEN/Page_undefined  GetVaccine/input_Nomor Telepon_add family member_phone_number"), findTestData("CITIZEN/TambahAnggota").getValue(5, i)): Text '08822992200' is set on object 'Object Repository/CITIZEN/Page_undefined  GetVaccine/input_Nomor Telepon_add family member_phone_number'

2022-07-19 14:22:29 - [MESSAGE][PASSED] - Text '08822992200' is set on object 'Object Repository/CITIZEN/Page_undefined  GetVaccine/input_Nomor Telepon_add family member_phone_number'

2022-07-19 14:22:29 - [TEST_STEP][PASSED] - setText(findTestObject("Object Repository/CITIZEN/Page_undefined  GetVaccine/input_Alamat KTP_add family member_id_card_address"), findTestData("CITIZEN/TambahAnggota").getValue(6, i)): Text 'Jakarta' is set on object 'Object Repository/CITIZEN/Page_undefined  GetVaccine/input_Alamat KTP_add family member_id_card_address'

2022-07-19 14:22:30 - [MESSAGE][PASSED] - Text 'Jakarta' is set on object 'Object Repository/CITIZEN/Page_undefined  GetVaccine/input_Alamat KTP_add family member_id_card_address'

2022-07-19 14:22:30 - [TEST_STEP][PASSED] - setText(findTestObject("Object Repository/CITIZEN/Page_undefined  GetVaccine/input_Alamat Saat ini_add family member_res_c155da"), findTestData("CITIZEN/TambahAnggota").getValue(7, i)): Text 'Jakarta' is set on object 'Object Repository/CITIZEN/Page_undefined  GetVaccine/input_Alamat Saat ini_add family member_res_c155da'

2022-07-19 14:22:31 - [MESSAGE][PASSED] - Text 'Jakarta' is set on object 'Object Repository/CITIZEN/Page_undefined  GetVaccine/input_Alamat Saat ini_add family member_res_c155da'

2022-07-19 14:22:31 - [TEST_STEP][PASSED] - click(findTestObject("Object Repository/CITIZEN/Page_undefined  GetVaccine/span_Submit")): Object: 'Object Repository/CITIZEN/Page_undefined  GetVaccine/span_Submit' is clicked on

2022-07-19 14:22:31 - [MESSAGE][PASSED] - Object: 'Object Repository/CITIZEN/Page_undefined  GetVaccine/span_Submit' is clicked on

2022-07-19 14:22:31 - [TEST_STEP][PASSED] - if (i == 1): null

2022-07-19 14:22:31 - [TEST_STEP][PASSED] - else if (i == 2): null

2022-07-19 14:22:31 - [TEST_STEP][PASSED] - else if (i == 3): null

2022-07-19 14:22:31 - [TEST_STEP][PASSED] - else if (i == 4): null

2022-07-19 14:22:31 - [TEST_STEP][PASSED] - else if (i == 5): null

2022-07-19 14:22:31 - [TEST_STEP][PASSED] - else if (i == 6): null

2022-07-19 14:22:31 - [TEST_STEP][PASSED] - else if (i == 7): Object: 'Object Repository/CITIZEN/Page_Vaksinasi GetVaccine/Tambah Anggota/close' is clicked on

2022-07-19 14:22:31 - [TEST_STEP][PASSED] - verifyElementPresent(findTestObject("CITIZEN/Page_Vaksinasi GetVaccine/Tambah Anggota/alert nama kosong"), 0): Object 'Object Repository/CITIZEN/Page_Vaksinasi GetVaccine/Tambah Anggota/alert nama kosong' is present

2022-07-19 14:22:32 - [MESSAGE][WARNING] - Timeout '0' is invalid. Using default page load timeout: '30'

2022-07-19 14:22:32 - [MESSAGE][PASSED] - Object 'Object Repository/CITIZEN/Page_Vaksinasi GetVaccine/Tambah Anggota/alert nama kosong' is present

2022-07-19 14:22:32 - [TEST_STEP][PASSED] - click(findTestObject("CITIZEN/Page_Vaksinasi GetVaccine/Tambah Anggota/close")): Object: 'Object Repository/CITIZEN/Page_Vaksinasi GetVaccine/Tambah Anggota/close' is clicked on

2022-07-19 14:22:32 - [MESSAGE][PASSED] - Object: 'Object Repository/CITIZEN/Page_Vaksinasi GetVaccine/Tambah Anggota/close' is clicked on]]></system-out>
         <system-err><![CDATA[]]></system-err>
      </testcase>
      <testcase name="Test Cases/TC_Edit Anggota" time="24.233" classname="Test Cases/TC_Edit Anggota" status="PASSED">
         <system-out><![CDATA[2022-07-19 14:22:32 - [TEST_CASE][PASSED] - Test Cases/TC_Edit Anggota: Test Cases/TC_Edit Anggota

2022-07-19 14:22:33 - [TEST_STEP][PASSED] - click(findTestObject("CITIZEN/Page_Home  GetVaccine/home menu")): Object: 'Object Repository/CITIZEN/Page_Home  GetVaccine/home menu' is clicked on

2022-07-19 14:22:33 - [MESSAGE][PASSED] - Object: 'Object Repository/CITIZEN/Page_Home  GetVaccine/home menu' is clicked on

2022-07-19 14:22:33 - [TEST_STEP][PASSED] - click(findTestObject("CITIZEN/Page_Home  GetVaccine/a_Vaksinasi")): Object: 'Object Repository/CITIZEN/Page_Home  GetVaccine/a_Vaksinasi' is clicked on

2022-07-19 14:22:43 - [MESSAGE][PASSED] - Object: 'Object Repository/CITIZEN/Page_Home  GetVaccine/a_Vaksinasi' is clicked on

2022-07-19 14:22:43 - [TEST_STEP][PASSED] - click(findTestObject("CITIZEN/Page_undefined  GetVaccine/yonkes")): Object: 'Object Repository/CITIZEN/Page_undefined  GetVaccine/yonkes' is clicked on

2022-07-19 14:22:45 - [MESSAGE][PASSED] - Object: 'Object Repository/CITIZEN/Page_undefined  GetVaccine/yonkes' is clicked on

2022-07-19 14:22:45 - [TEST_STEP][PASSED] - click(findTestObject("Page_Detail Fasilitas Kesehatan  GetVaccine/button_ANAK_ant-btn ant-btn-default CustomB_6459a1")): Object: 'Object Repository/Page_Detail Fasilitas Kesehatan  GetVaccine/button_ANAK_ant-btn ant-btn-default CustomB_6459a1' is clicked on

2022-07-19 14:22:47 - [MESSAGE][PASSED] - Object: 'Object Repository/Page_Detail Fasilitas Kesehatan  GetVaccine/button_ANAK_ant-btn ant-btn-default CustomB_6459a1' is clicked on

2022-07-19 14:22:47 - [TEST_STEP][PASSED] - click(findTestObject("Object Repository/Page_Detail Fasilitas Kesehatan  GetVaccine/button_Edit")): Object: 'Object Repository/Page_Detail Fasilitas Kesehatan  GetVaccine/button_Edit' is clicked on

2022-07-19 14:22:48 - [MESSAGE][PASSED] - Object: 'Object Repository/Page_Detail Fasilitas Kesehatan  GetVaccine/button_Edit' is clicked on

2022-07-19 14:22:48 - [TEST_STEP][PASSED] - click(findTestObject("Object Repository/Page_Detail Fasilitas Kesehatan  GetVaccine/button_Submit")): Object: 'Object Repository/Page_Detail Fasilitas Kesehatan  GetVaccine/button_Submit' is clicked on

2022-07-19 14:22:49 - [MESSAGE][PASSED] - Object: 'Object Repository/Page_Detail Fasilitas Kesehatan  GetVaccine/button_Submit' is clicked on

2022-07-19 14:22:49 - [TEST_STEP][PASSED] - click(findTestObject("Object Repository/Page_Detail Fasilitas Kesehatan  GetVaccine/div_place_of_birth is required")): Object: 'Object Repository/Page_Detail Fasilitas Kesehatan  GetVaccine/div_place_of_birth is required' is clicked on

2022-07-19 14:22:49 - [MESSAGE][PASSED] - Object: 'Object Repository/Page_Detail Fasilitas Kesehatan  GetVaccine/div_place_of_birth is required' is clicked on

2022-07-19 14:22:49 - [TEST_STEP][PASSED] - click(findTestObject("Object Repository/Page_Detail Fasilitas Kesehatan  GetVaccine/button_Cancel")): Object: 'Object Repository/Page_Detail Fasilitas Kesehatan  GetVaccine/button_Cancel' is clicked on

2022-07-19 14:22:50 - [MESSAGE][PASSED] - Object: 'Object Repository/Page_Detail Fasilitas Kesehatan  GetVaccine/button_Cancel' is clicked on

2022-07-19 14:22:50 - [TEST_STEP][PASSED] - click(findTestObject("CITIZEN/Page_undefined  GetVaccine/a_Fasilitas Kesehatan")): Object: 'Object Repository/CITIZEN/Page_undefined  GetVaccine/a_Fasilitas Kesehatan' is clicked on

2022-07-19 14:22:51 - [MESSAGE][PASSED] - Object: 'Object Repository/CITIZEN/Page_undefined  GetVaccine/a_Fasilitas Kesehatan' is clicked on

2022-07-19 14:22:51 - [TEST_STEP][PASSED] - click(findTestObject("CITIZEN/Page_Detail Fasilitas Kesehatan  GetVaccine/detail haechan")): Object: 'Object Repository/CITIZEN/Page_Detail Fasilitas Kesehatan  GetVaccine/detail haechan' is clicked on

2022-07-19 14:22:52 - [MESSAGE][PASSED] - Object: 'Object Repository/CITIZEN/Page_Detail Fasilitas Kesehatan  GetVaccine/detail haechan' is clicked on

2022-07-19 14:22:52 - [TEST_STEP][PASSED] - click(findTestObject("Page_Detail Fasilitas Kesehatan  GetVaccine/button_Edit")): Object: 'Object Repository/Page_Detail Fasilitas Kesehatan  GetVaccine/button_Edit' is clicked on

2022-07-19 14:22:53 - [MESSAGE][PASSED] - Object: 'Object Repository/Page_Detail Fasilitas Kesehatan  GetVaccine/button_Edit' is clicked on

2022-07-19 14:22:53 - [TEST_STEP][PASSED] - click(findTestObject("Page_Detail Fasilitas Kesehatan  GetVaccine/edit haechan")): Object: 'Object Repository/Page_Detail Fasilitas Kesehatan  GetVaccine/edit haechan' is clicked on

2022-07-19 14:22:54 - [MESSAGE][PASSED] - Object: 'Object Repository/Page_Detail Fasilitas Kesehatan  GetVaccine/edit haechan' is clicked on

2022-07-19 14:22:54 - [TEST_STEP][PASSED] - setText(findTestObject("Page_Detail Fasilitas Kesehatan  GetVaccine/edit haechan"), " Lee"): Text ' Lee' is set on object 'Object Repository/Page_Detail Fasilitas Kesehatan  GetVaccine/edit haechan'

2022-07-19 14:22:55 - [MESSAGE][PASSED] - Text ' Lee' is set on object 'Object Repository/Page_Detail Fasilitas Kesehatan  GetVaccine/edit haechan'

2022-07-19 14:22:55 - [TEST_STEP][PASSED] - click(findTestObject("Object Repository/Page_Detail Fasilitas Kesehatan  GetVaccine/button_Submit")): Object: 'Object Repository/Page_Detail Fasilitas Kesehatan  GetVaccine/button_Submit' is clicked on

2022-07-19 14:22:55 - [MESSAGE][PASSED] - Object: 'Object Repository/Page_Detail Fasilitas Kesehatan  GetVaccine/button_Submit' is clicked on

2022-07-19 14:22:55 - [TEST_STEP][PASSED] - click(findTestObject("Object Repository/Page_Detail Fasilitas Kesehatan  GetVaccine/span_Data telah berhasil diupdate")): Object: 'Object Repository/Page_Detail Fasilitas Kesehatan  GetVaccine/span_Data telah berhasil diupdate' is clicked on

2022-07-19 14:22:57 - [MESSAGE][PASSED] - Object: 'Object Repository/Page_Detail Fasilitas Kesehatan  GetVaccine/span_Data telah berhasil diupdate' is clicked on]]></system-out>
         <system-err><![CDATA[]]></system-err>
      </testcase>
      <testcase name="Test Cases/CITIZEN/VAKSINASI/TC_Pesan Vaksinasi" time="34.706" classname="Test Cases/CITIZEN/VAKSINASI/TC_Pesan Vaksinasi" status="FAILED">
         <failure type="FAILED" message="Test Cases/CITIZEN/VAKSINASI/TC_Pesan Vaksinasi FAILED.
Reason:
com.kms.katalon.core.exception.StepFailedException: Unable to verify object 'Object Repository/CITIZEN/Page_undefined  GetVaccine/tiket page' is present
	at com.kms.katalon.core.webui.keyword.internal.WebUIKeywordMain.stepFailed(WebUIKeywordMain.groovy:64)
	at com.kms.katalon.core.webui.keyword.internal.WebUIKeywordMain.runKeyword(WebUIKeywordMain.groovy:26)
	at com.kms.katalon.core.webui.keyword.builtin.VerifyElementPresentKeyword.verifyElementPresent(VerifyElementPresentKeyword.groovy:92)
	at com.kms.katalon.core.webui.keyword.builtin.VerifyElementPresentKeyword.execute(VerifyElementPresentKeyword.groovy:68)
	at com.kms.katalon.core.keyword.internal.KeywordExecutor.executeKeywordForPlatform(KeywordExecutor.groovy:74)
	at com.kms.katalon.core.webui.keyword.WebUiBuiltInKeywords.verifyElementPresent(WebUiBuiltInKeywords.groovy:1464)
	at com.kms.katalon.core.webui.keyword.WebUiBuiltInKeywords$verifyElementPresent$7.call(Unknown Source)
	at TC_Pesan Vaksinasi.run(TC_Pesan Vaksinasi:30)
	at com.kms.katalon.core.main.ScriptEngine.run(ScriptEngine.java:194)
	at com.kms.katalon.core.main.ScriptEngine.runScriptAsRawText(ScriptEngine.java:119)
	at com.kms.katalon.core.main.TestCaseExecutor.runScript(TestCaseExecutor.java:442)
	at com.kms.katalon.core.main.TestCaseExecutor.doExecute(TestCaseExecutor.java:433)
	at com.kms.katalon.core.main.TestCaseExecutor.processExecutionPhase(TestCaseExecutor.java:412)
	at com.kms.katalon.core.main.TestCaseExecutor.accessMainPhase(TestCaseExecutor.java:404)
	at com.kms.katalon.core.main.TestCaseExecutor.execute(TestCaseExecutor.java:281)
	at com.kms.katalon.core.main.TestSuiteExecutor.accessTestCaseMainPhase(TestSuiteExecutor.java:202)
	at com.kms.katalon.core.main.TestSuiteExecutor.accessTestSuiteMainPhase(TestSuiteExecutor.java:164)
	at com.kms.katalon.core.main.TestSuiteExecutor.execute(TestSuiteExecutor.java:105)
	at com.kms.katalon.core.main.TestCaseMain.startTestSuite(TestCaseMain.java:185)
	at com.kms.katalon.core.main.TestCaseMain$startTestSuite$0.call(Unknown Source)
	at TempTestSuite1658214752773.run(TempTestSuite1658214752773.groovy:36)
Caused by: com.kms.katalon.core.exception.StepFailedException: com.kms.katalon.core.webui.exception.WebElementNotFoundException: Web element with id: 'Object Repository/CITIZEN/Page_undefined  GetVaccine/tiket page' located by '//*[@id=&quot;root&quot;]/main/div/div[2]/h1' not found
	at com.kms.katalon.core.webui.keyword.internal.WebUIKeywordMain.stepFailed(WebUIKeywordMain.groovy:64)
	at com.kms.katalon.core.webui.keyword.builtin.VerifyElementPresentKeyword$_verifyElementPresent_closure1.doCall(VerifyElementPresentKeyword.groovy:85)
	at com.kms.katalon.core.webui.keyword.builtin.VerifyElementPresentKeyword$_verifyElementPresent_closure1.call(VerifyElementPresentKeyword.groovy)
	at com.kms.katalon.core.webui.keyword.internal.WebUIKeywordMain.runKeyword(WebUIKeywordMain.groovy:20)
	... 19 more
"/>
         <system-out><![CDATA[2022-07-19 14:22:57 - [TEST_CASE][FAILED] - Test Cases/CITIZEN/VAKSINASI/TC_Pesan Vaksinasi: Test Cases/CITIZEN/VAKSINASI/TC_Pesan Vaksinasi FAILED.
Reason:
com.kms.katalon.core.exception.StepFailedException: Unable to verify object 'Object Repository/CITIZEN/Page_undefined  GetVaccine/tiket page' is present
	at com.kms.katalon.core.webui.keyword.internal.WebUIKeywordMain.stepFailed(WebUIKeywordMain.groovy:64)
	at com.kms.katalon.core.webui.keyword.internal.WebUIKeywordMain.runKeyword(WebUIKeywordMain.groovy:26)
	at com.kms.katalon.core.webui.keyword.builtin.VerifyElementPresentKeyword.verifyElementPresent(VerifyElementPresentKeyword.groovy:92)
	at com.kms.katalon.core.webui.keyword.builtin.VerifyElementPresentKeyword.execute(VerifyElementPresentKeyword.groovy:68)
	at com.kms.katalon.core.keyword.internal.KeywordExecutor.executeKeywordForPlatform(KeywordExecutor.groovy:74)
	at com.kms.katalon.core.webui.keyword.WebUiBuiltInKeywords.verifyElementPresent(WebUiBuiltInKeywords.groovy:1464)
	at com.kms.katalon.core.webui.keyword.WebUiBuiltInKeywords$verifyElementPresent$7.call(Unknown Source)
	at TC_Pesan Vaksinasi.run(TC_Pesan Vaksinasi:30)
	at com.kms.katalon.core.main.ScriptEngine.run(ScriptEngine.java:194)
	at com.kms.katalon.core.main.ScriptEngine.runScriptAsRawText(ScriptEngine.java:119)
	at com.kms.katalon.core.main.TestCaseExecutor.runScript(TestCaseExecutor.java:442)
	at com.kms.katalon.core.main.TestCaseExecutor.doExecute(TestCaseExecutor.java:433)
	at com.kms.katalon.core.main.TestCaseExecutor.processExecutionPhase(TestCaseExecutor.java:412)
	at com.kms.katalon.core.main.TestCaseExecutor.accessMainPhase(TestCaseExecutor.java:404)
	at com.kms.katalon.core.main.TestCaseExecutor.execute(TestCaseExecutor.java:281)
	at com.kms.katalon.core.main.TestSuiteExecutor.accessTestCaseMainPhase(TestSuiteExecutor.java:202)
	at com.kms.katalon.core.main.TestSuiteExecutor.accessTestSuiteMainPhase(TestSuiteExecutor.java:164)
	at com.kms.katalon.core.main.TestSuiteExecutor.execute(TestSuiteExecutor.java:105)
	at com.kms.katalon.core.main.TestCaseMain.startTestSuite(TestCaseMain.java:185)
	at com.kms.katalon.core.main.TestCaseMain$startTestSuite$0.call(Unknown Source)
	at TempTestSuite1658214752773.run(TempTestSuite1658214752773.groovy:36)
Caused by: com.kms.katalon.core.exception.StepFailedException: com.kms.katalon.core.webui.exception.WebElementNotFoundException: Web element with id: 'Object Repository/CITIZEN/Page_undefined  GetVaccine/tiket page' located by '//*[@id="root"]/main/div/div[2]/h1' not found
	at com.kms.katalon.core.webui.keyword.internal.WebUIKeywordMain.stepFailed(WebUIKeywordMain.groovy:64)
	at com.kms.katalon.core.webui.keyword.builtin.VerifyElementPresentKeyword$_verifyElementPresent_closure1.doCall(VerifyElementPresentKeyword.groovy:85)
	at com.kms.katalon.core.webui.keyword.builtin.VerifyElementPresentKeyword$_verifyElementPresent_closure1.call(VerifyElementPresentKeyword.groovy)
	at com.kms.katalon.core.webui.keyword.internal.WebUIKeywordMain.runKeyword(WebUIKeywordMain.groovy:20)
	... 19 more


2022-07-19 14:22:57 - [TEST_STEP][PASSED] - click(findTestObject("Object Repository/Page_Detail Fasilitas Kesehatan  GetVaccine/input")): Object: 'Object Repository/Page_Detail Fasilitas Kesehatan  GetVaccine/input' is clicked on

2022-07-19 14:22:58 - [MESSAGE][PASSED] - Object: 'Object Repository/Page_Detail Fasilitas Kesehatan  GetVaccine/input' is clicked on

2022-07-19 14:22:58 - [TEST_STEP][PASSED] - click(findTestObject("Object Repository/Page_Detail Fasilitas Kesehatan  GetVaccine/div_22")): Object: 'Object Repository/Page_Detail Fasilitas Kesehatan  GetVaccine/div_22' is clicked on

2022-07-19 14:22:58 - [MESSAGE][PASSED] - Object: 'Object Repository/Page_Detail Fasilitas Kesehatan  GetVaccine/div_22' is clicked on

2022-07-19 14:22:58 - [TEST_STEP][PASSED] - click(findTestObject("Object Repository/Page_Detail Fasilitas Kesehatan  GetVaccine/div_083142 - 163142SINOPHARMDOSIS_1200")): Object: 'Object Repository/Page_Detail Fasilitas Kesehatan  GetVaccine/div_083142 - 163142SINOPHARMDOSIS_1200' is clicked on

2022-07-19 14:22:59 - [MESSAGE][PASSED] - Object: 'Object Repository/Page_Detail Fasilitas Kesehatan  GetVaccine/div_083142 - 163142SINOPHARMDOSIS_1200' is clicked on

2022-07-19 14:22:59 - [TEST_STEP][PASSED] - click(findTestObject("CITIZEN/Page_undefined  GetVaccine/haechan")): Object: 'Object Repository/CITIZEN/Page_undefined  GetVaccine/haechan' is clicked on

2022-07-19 14:22:59 - [MESSAGE][PASSED] - Object: 'Object Repository/CITIZEN/Page_undefined  GetVaccine/haechan' is clicked on

2022-07-19 14:22:59 - [TEST_STEP][PASSED] - click(findTestObject("CITIZEN/Page_undefined  GetVaccine/btn-pesan vaksinasi")): Object: 'Object Repository/CITIZEN/Page_undefined  GetVaccine/btn-pesan vaksinasi' is clicked on

2022-07-19 14:23:00 - [MESSAGE][PASSED] - Object: 'Object Repository/CITIZEN/Page_undefined  GetVaccine/btn-pesan vaksinasi' is clicked on

2022-07-19 14:23:00 - [TEST_STEP][FAILED] - verifyElementPresent(findTestObject("CITIZEN/Page_undefined  GetVaccine/tiket page"), 0): Unable to verify object 'Object Repository/CITIZEN/Page_undefined  GetVaccine/tiket page' is present (Root cause: com.kms.katalon.core.exception.StepFailedException: Unable to verify object 'Object Repository/CITIZEN/Page_undefined  GetVaccine/tiket page' is present
	at com.kms.katalon.core.webui.keyword.internal.WebUIKeywordMain.stepFailed(WebUIKeywordMain.groovy:64)
	at com.kms.katalon.core.webui.keyword.internal.WebUIKeywordMain.runKeyword(WebUIKeywordMain.groovy:26)
	at com.kms.katalon.core.webui.keyword.builtin.VerifyElementPresentKeyword.verifyElementPresent(VerifyElementPresentKeyword.groovy:92)
	at com.kms.katalon.core.webui.keyword.builtin.VerifyElementPresentKeyword.execute(VerifyElementPresentKeyword.groovy:68)
	at com.kms.katalon.core.keyword.internal.KeywordExecutor.executeKeywordForPlatform(KeywordExecutor.groovy:74)
	at com.kms.katalon.core.webui.keyword.WebUiBuiltInKeywords.verifyElementPresent(WebUiBuiltInKeywords.groovy:1464)
	at com.kms.katalon.core.webui.keyword.WebUiBuiltInKeywords$verifyElementPresent$7.call(Unknown Source)
	at TC_Pesan Vaksinasi.run(TC_Pesan Vaksinasi:30)
	at com.kms.katalon.core.main.ScriptEngine.run(ScriptEngine.java:194)
	at com.kms.katalon.core.main.ScriptEngine.runScriptAsRawText(ScriptEngine.java:119)
	at com.kms.katalon.core.main.TestCaseExecutor.runScript(TestCaseExecutor.java:442)
	at com.kms.katalon.core.main.TestCaseExecutor.doExecute(TestCaseExecutor.java:433)
	at com.kms.katalon.core.main.TestCaseExecutor.processExecutionPhase(TestCaseExecutor.java:412)
	at com.kms.katalon.core.main.TestCaseExecutor.accessMainPhase(TestCaseExecutor.java:404)
	at com.kms.katalon.core.main.TestCaseExecutor.execute(TestCaseExecutor.java:281)
	at com.kms.katalon.core.main.TestSuiteExecutor.accessTestCaseMainPhase(TestSuiteExecutor.java:202)
	at com.kms.katalon.core.main.TestSuiteExecutor.accessTestSuiteMainPhase(TestSuiteExecutor.java:164)
	at com.kms.katalon.core.main.TestSuiteExecutor.execute(TestSuiteExecutor.java:105)
	at com.kms.katalon.core.main.TestCaseMain.startTestSuite(TestCaseMain.java:185)
	at com.kms.katalon.core.main.TestCaseMain$startTestSuite$0.call(Unknown Source)
	at TempTestSuite1658214752773.run(TempTestSuite1658214752773.groovy:36)
Caused by: com.kms.katalon.core.exception.StepFailedException: com.kms.katalon.core.webui.exception.WebElementNotFoundException: Web element with id: 'Object Repository/CITIZEN/Page_undefined  GetVaccine/tiket page' located by '//*[@id="root"]/main/div/div[2]/h1' not found
	at com.kms.katalon.core.webui.keyword.internal.WebUIKeywordMain.stepFailed(WebUIKeywordMain.groovy:64)
	at com.kms.katalon.core.webui.keyword.builtin.VerifyElementPresentKeyword$_verifyElementPresent_closure1.doCall(VerifyElementPresentKeyword.groovy:85)
	at com.kms.katalon.core.webui.keyword.builtin.VerifyElementPresentKeyword$_verifyElementPresent_closure1.call(VerifyElementPresentKeyword.groovy)
	at com.kms.katalon.core.webui.keyword.internal.WebUIKeywordMain.runKeyword(WebUIKeywordMain.groovy:20)
	... 19 more
)

2022-07-19 14:23:00 - [MESSAGE][WARNING] - Timeout '0' is invalid. Using default page load timeout: '30'

2022-07-19 14:23:31 - [MESSAGE][INFO] - Unable to find the element located by 'By.xpath: //*[@id="root"]/main/div/div[2]/h1'. Please recheck the objects properties to make sure the desired element is located. 

2022-07-19 14:23:31 - [MESSAGE][FAILED] - com.kms.katalon.core.webui.exception.WebElementNotFoundException: Web element with id: 'Object Repository/CITIZEN/Page_undefined  GetVaccine/tiket page' located by '//*[@id="root"]/main/div/div[2]/h1' not found (Root cause: com.kms.katalon.core.exception.StepFailedException: com.kms.katalon.core.webui.exception.WebElementNotFoundException: Web element with id: 'Object Repository/CITIZEN/Page_undefined  GetVaccine/tiket page' located by '//*[@id="root"]/main/div/div[2]/h1' not found
	at com.kms.katalon.core.webui.keyword.internal.WebUIKeywordMain.stepFailed(WebUIKeywordMain.groovy:64)
	at com.kms.katalon.core.webui.keyword.builtin.VerifyElementPresentKeyword$_verifyElementPresent_closure1.doCall(VerifyElementPresentKeyword.groovy:85)
	at com.kms.katalon.core.webui.keyword.builtin.VerifyElementPresentKeyword$_verifyElementPresent_closure1.call(VerifyElementPresentKeyword.groovy)
	at com.kms.katalon.core.webui.keyword.internal.WebUIKeywordMain.runKeyword(WebUIKeywordMain.groovy:20)
	at com.kms.katalon.core.webui.keyword.builtin.VerifyElementPresentKeyword.verifyElementPresent(VerifyElementPresentKeyword.groovy:92)
	at com.kms.katalon.core.webui.keyword.builtin.VerifyElementPresentKeyword.execute(VerifyElementPresentKeyword.groovy:68)
	at com.kms.katalon.core.keyword.internal.KeywordExecutor.executeKeywordForPlatform(KeywordExecutor.groovy:74)
	at com.kms.katalon.core.webui.keyword.WebUiBuiltInKeywords.verifyElementPresent(WebUiBuiltInKeywords.groovy:1464)
	at com.kms.katalon.core.webui.keyword.WebUiBuiltInKeywords$verifyElementPresent$7.call(Unknown Source)
	at TC_Pesan Vaksinasi.run(TC_Pesan Vaksinasi:30)
	at com.kms.katalon.core.main.ScriptEngine.run(ScriptEngine.java:194)
	at com.kms.katalon.core.main.ScriptEngine.runScriptAsRawText(ScriptEngine.java:119)
	at com.kms.katalon.core.main.TestCaseExecutor.runScript(TestCaseExecutor.java:442)
	at com.kms.katalon.core.main.TestCaseExecutor.doExecute(TestCaseExecutor.java:433)
	at com.kms.katalon.core.main.TestCaseExecutor.processExecutionPhase(TestCaseExecutor.java:412)
	at com.kms.katalon.core.main.TestCaseExecutor.accessMainPhase(TestCaseExecutor.java:404)
	at com.kms.katalon.core.main.TestCaseExecutor.execute(TestCaseExecutor.java:281)
	at com.kms.katalon.core.main.TestSuiteExecutor.accessTestCaseMainPhase(TestSuiteExecutor.java:202)
	at com.kms.katalon.core.main.TestSuiteExecutor.accessTestSuiteMainPhase(TestSuiteExecutor.java:164)
	at com.kms.katalon.core.main.TestSuiteExecutor.execute(TestSuiteExecutor.java:105)
	at com.kms.katalon.core.main.TestCaseMain.startTestSuite(TestCaseMain.java:185)
	at com.kms.katalon.core.main.TestCaseMain$startTestSuite$0.call(Unknown Source)
	at TempTestSuite1658214752773.run(TempTestSuite1658214752773.groovy:36)
)
[[ATTACHMENT|C:\\Users\\Thinkpad X260\\git\\CapstoneWEBSITE\\Reports\\20220719_141232\\TS_CITIZEN\\20220719_141232\\1658215411329.png]]

2022-07-19 14:23:31 - [MESSAGE][FAILED] - Unable to verify object 'Object Repository/CITIZEN/Page_undefined  GetVaccine/tiket page' is present (Root cause: com.kms.katalon.core.exception.StepFailedException: Unable to verify object 'Object Repository/CITIZEN/Page_undefined  GetVaccine/tiket page' is present
	at com.kms.katalon.core.webui.keyword.internal.WebUIKeywordMain.stepFailed(WebUIKeywordMain.groovy:64)
	at com.kms.katalon.core.webui.keyword.internal.WebUIKeywordMain.runKeyword(WebUIKeywordMain.groovy:26)
	at com.kms.katalon.core.webui.keyword.builtin.VerifyElementPresentKeyword.verifyElementPresent(VerifyElementPresentKeyword.groovy:92)
	at com.kms.katalon.core.webui.keyword.builtin.VerifyElementPresentKeyword.execute(VerifyElementPresentKeyword.groovy:68)
	at com.kms.katalon.core.keyword.internal.KeywordExecutor.executeKeywordForPlatform(KeywordExecutor.groovy:74)
	at com.kms.katalon.core.webui.keyword.WebUiBuiltInKeywords.verifyElementPresent(WebUiBuiltInKeywords.groovy:1464)
	at com.kms.katalon.core.webui.keyword.WebUiBuiltInKeywords$verifyElementPresent$7.call(Unknown Source)
	at TC_Pesan Vaksinasi.run(TC_Pesan Vaksinasi:30)
	at com.kms.katalon.core.main.ScriptEngine.run(ScriptEngine.java:194)
	at com.kms.katalon.core.main.ScriptEngine.runScriptAsRawText(ScriptEngine.java:119)
	at com.kms.katalon.core.main.TestCaseExecutor.runScript(TestCaseExecutor.java:442)
	at com.kms.katalon.core.main.TestCaseExecutor.doExecute(TestCaseExecutor.java:433)
	at com.kms.katalon.core.main.TestCaseExecutor.processExecutionPhase(TestCaseExecutor.java:412)
	at com.kms.katalon.core.main.TestCaseExecutor.accessMainPhase(TestCaseExecutor.java:404)
	at com.kms.katalon.core.main.TestCaseExecutor.execute(TestCaseExecutor.java:281)
	at com.kms.katalon.core.main.TestSuiteExecutor.accessTestCaseMainPhase(TestSuiteExecutor.java:202)
	at com.kms.katalon.core.main.TestSuiteExecutor.accessTestSuiteMainPhase(TestSuiteExecutor.java:164)
	at com.kms.katalon.core.main.TestSuiteExecutor.execute(TestSuiteExecutor.java:105)
	at com.kms.katalon.core.main.TestCaseMain.startTestSuite(TestCaseMain.java:185)
	at com.kms.katalon.core.main.TestCaseMain$startTestSuite$0.call(Unknown Source)
	at TempTestSuite1658214752773.run(TempTestSuite1658214752773.groovy:36)
Caused by: com.kms.katalon.core.exception.StepFailedException: com.kms.katalon.core.webui.exception.WebElementNotFoundException: Web element with id: 'Object Repository/CITIZEN/Page_undefined  GetVaccine/tiket page' located by '//*[@id="root"]/main/div/div[2]/h1' not found
	at com.kms.katalon.core.webui.keyword.internal.WebUIKeywordMain.stepFailed(WebUIKeywordMain.groovy:64)
	at com.kms.katalon.core.webui.keyword.builtin.VerifyElementPresentKeyword$_verifyElementPresent_closure1.doCall(VerifyElementPresentKeyword.groovy:85)
	at com.kms.katalon.core.webui.keyword.builtin.VerifyElementPresentKeyword$_verifyElementPresent_closure1.call(VerifyElementPresentKeyword.groovy)
	at com.kms.katalon.core.webui.keyword.internal.WebUIKeywordMain.runKeyword(WebUIKeywordMain.groovy:20)
	... 19 more
)
[[ATTACHMENT|C:\\Users\\Thinkpad X260\\git\\CapstoneWEBSITE\\Reports\\20220719_141232\\TS_CITIZEN\\20220719_141232\\1658215411576.png]]]]></system-out>
         <system-err><![CDATA[2022-07-19 14:22:57 - [TEST_CASE][FAILED] - Test Cases/CITIZEN/VAKSINASI/TC_Pesan Vaksinasi: Test Cases/CITIZEN/VAKSINASI/TC_Pesan Vaksinasi FAILED.
Reason:
com.kms.katalon.core.exception.StepFailedException: Unable to verify object 'Object Repository/CITIZEN/Page_undefined  GetVaccine/tiket page' is present
	at com.kms.katalon.core.webui.keyword.internal.WebUIKeywordMain.stepFailed(WebUIKeywordMain.groovy:64)
	at com.kms.katalon.core.webui.keyword.internal.WebUIKeywordMain.runKeyword(WebUIKeywordMain.groovy:26)
	at com.kms.katalon.core.webui.keyword.builtin.VerifyElementPresentKeyword.verifyElementPresent(VerifyElementPresentKeyword.groovy:92)
	at com.kms.katalon.core.webui.keyword.builtin.VerifyElementPresentKeyword.execute(VerifyElementPresentKeyword.groovy:68)
	at com.kms.katalon.core.keyword.internal.KeywordExecutor.executeKeywordForPlatform(KeywordExecutor.groovy:74)
	at com.kms.katalon.core.webui.keyword.WebUiBuiltInKeywords.verifyElementPresent(WebUiBuiltInKeywords.groovy:1464)
	at com.kms.katalon.core.webui.keyword.WebUiBuiltInKeywords$verifyElementPresent$7.call(Unknown Source)
	at TC_Pesan Vaksinasi.run(TC_Pesan Vaksinasi:30)
	at com.kms.katalon.core.main.ScriptEngine.run(ScriptEngine.java:194)
	at com.kms.katalon.core.main.ScriptEngine.runScriptAsRawText(ScriptEngine.java:119)
	at com.kms.katalon.core.main.TestCaseExecutor.runScript(TestCaseExecutor.java:442)
	at com.kms.katalon.core.main.TestCaseExecutor.doExecute(TestCaseExecutor.java:433)
	at com.kms.katalon.core.main.TestCaseExecutor.processExecutionPhase(TestCaseExecutor.java:412)
	at com.kms.katalon.core.main.TestCaseExecutor.accessMainPhase(TestCaseExecutor.java:404)
	at com.kms.katalon.core.main.TestCaseExecutor.execute(TestCaseExecutor.java:281)
	at com.kms.katalon.core.main.TestSuiteExecutor.accessTestCaseMainPhase(TestSuiteExecutor.java:202)
	at com.kms.katalon.core.main.TestSuiteExecutor.accessTestSuiteMainPhase(TestSuiteExecutor.java:164)
	at com.kms.katalon.core.main.TestSuiteExecutor.execute(TestSuiteExecutor.java:105)
	at com.kms.katalon.core.main.TestCaseMain.startTestSuite(TestCaseMain.java:185)
	at com.kms.katalon.core.main.TestCaseMain$startTestSuite$0.call(Unknown Source)
	at TempTestSuite1658214752773.run(TempTestSuite1658214752773.groovy:36)
Caused by: com.kms.katalon.core.exception.StepFailedException: com.kms.katalon.core.webui.exception.WebElementNotFoundException: Web element with id: 'Object Repository/CITIZEN/Page_undefined  GetVaccine/tiket page' located by '//*[@id="root"]/main/div/div[2]/h1' not found
	at com.kms.katalon.core.webui.keyword.internal.WebUIKeywordMain.stepFailed(WebUIKeywordMain.groovy:64)
	at com.kms.katalon.core.webui.keyword.builtin.VerifyElementPresentKeyword$_verifyElementPresent_closure1.doCall(VerifyElementPresentKeyword.groovy:85)
	at com.kms.katalon.core.webui.keyword.builtin.VerifyElementPresentKeyword$_verifyElementPresent_closure1.call(VerifyElementPresentKeyword.groovy)
	at com.kms.katalon.core.webui.keyword.internal.WebUIKeywordMain.runKeyword(WebUIKeywordMain.groovy:20)
	... 19 more]]></system-err>
      </testcase>
      <testcase name="Test Cases/CITIZEN/TIKET/TC_View Tiket" time="53.58" classname="Test Cases/CITIZEN/TIKET/TC_View Tiket" status="FAILED">
         <failure type="FAILED" message="Test Cases/CITIZEN/TIKET/TC_View Tiket FAILED.
Reason:
com.kms.katalon.core.exception.StepFailedException: Unable to verify object 'Object Repository/CITIZEN/Page_Tiket/verify detail' is present
	at com.kms.katalon.core.webui.keyword.internal.WebUIKeywordMain.stepFailed(WebUIKeywordMain.groovy:64)
	at com.kms.katalon.core.webui.keyword.internal.WebUIKeywordMain.runKeyword(WebUIKeywordMain.groovy:26)
	at com.kms.katalon.core.webui.keyword.builtin.VerifyElementPresentKeyword.verifyElementPresent(VerifyElementPresentKeyword.groovy:92)
	at com.kms.katalon.core.webui.keyword.builtin.VerifyElementPresentKeyword.execute(VerifyElementPresentKeyword.groovy:68)
	at com.kms.katalon.core.keyword.internal.KeywordExecutor.executeKeywordForPlatform(KeywordExecutor.groovy:74)
	at com.kms.katalon.core.webui.keyword.WebUiBuiltInKeywords.verifyElementPresent(WebUiBuiltInKeywords.groovy:1464)
	at com.kms.katalon.core.webui.keyword.WebUiBuiltInKeywords$verifyElementPresent$7.call(Unknown Source)
	at TC_View Tiket.run(TC_View Tiket:26)
	at com.kms.katalon.core.main.ScriptEngine.run(ScriptEngine.java:194)
	at com.kms.katalon.core.main.ScriptEngine.runScriptAsRawText(ScriptEngine.java:119)
	at com.kms.katalon.core.main.TestCaseExecutor.runScript(TestCaseExecutor.java:442)
	at com.kms.katalon.core.main.TestCaseExecutor.doExecute(TestCaseExecutor.java:433)
	at com.kms.katalon.core.main.TestCaseExecutor.processExecutionPhase(TestCaseExecutor.java:412)
	at com.kms.katalon.core.main.TestCaseExecutor.accessMainPhase(TestCaseExecutor.java:404)
	at com.kms.katalon.core.main.TestCaseExecutor.execute(TestCaseExecutor.java:281)
	at com.kms.katalon.core.main.TestSuiteExecutor.accessTestCaseMainPhase(TestSuiteExecutor.java:202)
	at com.kms.katalon.core.main.TestSuiteExecutor.accessTestSuiteMainPhase(TestSuiteExecutor.java:164)
	at com.kms.katalon.core.main.TestSuiteExecutor.execute(TestSuiteExecutor.java:105)
	at com.kms.katalon.core.main.TestCaseMain.startTestSuite(TestCaseMain.java:185)
	at com.kms.katalon.core.main.TestCaseMain$startTestSuite$0.call(Unknown Source)
	at TempTestSuite1658214752773.run(TempTestSuite1658214752773.groovy:36)
Caused by: com.kms.katalon.core.exception.StepFailedException: com.kms.katalon.core.webui.exception.WebElementNotFoundException: Web element with id: 'Object Repository/CITIZEN/Page_Tiket/verify detail' located by '/html/body/div[2]/div/div[2]/div/div[2]/div[1]' not found
	at com.kms.katalon.core.webui.keyword.internal.WebUIKeywordMain.stepFailed(WebUIKeywordMain.groovy:64)
	at com.kms.katalon.core.webui.keyword.builtin.VerifyElementPresentKeyword$_verifyElementPresent_closure1.doCall(VerifyElementPresentKeyword.groovy:85)
	at com.kms.katalon.core.webui.keyword.builtin.VerifyElementPresentKeyword$_verifyElementPresent_closure1.call(VerifyElementPresentKeyword.groovy)
	at com.kms.katalon.core.webui.keyword.internal.WebUIKeywordMain.runKeyword(WebUIKeywordMain.groovy:20)
	... 19 more
"/>
         <system-out><![CDATA[2022-07-19 14:23:31 - [TEST_CASE][FAILED] - Test Cases/CITIZEN/TIKET/TC_View Tiket: Test Cases/CITIZEN/TIKET/TC_View Tiket FAILED.
Reason:
com.kms.katalon.core.exception.StepFailedException: Unable to verify object 'Object Repository/CITIZEN/Page_Tiket/verify detail' is present
	at com.kms.katalon.core.webui.keyword.internal.WebUIKeywordMain.stepFailed(WebUIKeywordMain.groovy:64)
	at com.kms.katalon.core.webui.keyword.internal.WebUIKeywordMain.runKeyword(WebUIKeywordMain.groovy:26)
	at com.kms.katalon.core.webui.keyword.builtin.VerifyElementPresentKeyword.verifyElementPresent(VerifyElementPresentKeyword.groovy:92)
	at com.kms.katalon.core.webui.keyword.builtin.VerifyElementPresentKeyword.execute(VerifyElementPresentKeyword.groovy:68)
	at com.kms.katalon.core.keyword.internal.KeywordExecutor.executeKeywordForPlatform(KeywordExecutor.groovy:74)
	at com.kms.katalon.core.webui.keyword.WebUiBuiltInKeywords.verifyElementPresent(WebUiBuiltInKeywords.groovy:1464)
	at com.kms.katalon.core.webui.keyword.WebUiBuiltInKeywords$verifyElementPresent$7.call(Unknown Source)
	at TC_View Tiket.run(TC_View Tiket:26)
	at com.kms.katalon.core.main.ScriptEngine.run(ScriptEngine.java:194)
	at com.kms.katalon.core.main.ScriptEngine.runScriptAsRawText(ScriptEngine.java:119)
	at com.kms.katalon.core.main.TestCaseExecutor.runScript(TestCaseExecutor.java:442)
	at com.kms.katalon.core.main.TestCaseExecutor.doExecute(TestCaseExecutor.java:433)
	at com.kms.katalon.core.main.TestCaseExecutor.processExecutionPhase(TestCaseExecutor.java:412)
	at com.kms.katalon.core.main.TestCaseExecutor.accessMainPhase(TestCaseExecutor.java:404)
	at com.kms.katalon.core.main.TestCaseExecutor.execute(TestCaseExecutor.java:281)
	at com.kms.katalon.core.main.TestSuiteExecutor.accessTestCaseMainPhase(TestSuiteExecutor.java:202)
	at com.kms.katalon.core.main.TestSuiteExecutor.accessTestSuiteMainPhase(TestSuiteExecutor.java:164)
	at com.kms.katalon.core.main.TestSuiteExecutor.execute(TestSuiteExecutor.java:105)
	at com.kms.katalon.core.main.TestCaseMain.startTestSuite(TestCaseMain.java:185)
	at com.kms.katalon.core.main.TestCaseMain$startTestSuite$0.call(Unknown Source)
	at TempTestSuite1658214752773.run(TempTestSuite1658214752773.groovy:36)
Caused by: com.kms.katalon.core.exception.StepFailedException: com.kms.katalon.core.webui.exception.WebElementNotFoundException: Web element with id: 'Object Repository/CITIZEN/Page_Tiket/verify detail' located by '/html/body/div[2]/div/div[2]/div/div[2]/div[1]' not found
	at com.kms.katalon.core.webui.keyword.internal.WebUIKeywordMain.stepFailed(WebUIKeywordMain.groovy:64)
	at com.kms.katalon.core.webui.keyword.builtin.VerifyElementPresentKeyword$_verifyElementPresent_closure1.doCall(VerifyElementPresentKeyword.groovy:85)
	at com.kms.katalon.core.webui.keyword.builtin.VerifyElementPresentKeyword$_verifyElementPresent_closure1.call(VerifyElementPresentKeyword.groovy)
	at com.kms.katalon.core.webui.keyword.internal.WebUIKeywordMain.runKeyword(WebUIKeywordMain.groovy:20)
	... 19 more


2022-07-19 14:23:32 - [TEST_STEP][PASSED] - click(findTestObject("CITIZEN/Page_Home  GetVaccine/Tiket Menu")): Object: 'Object Repository/CITIZEN/Page_Home  GetVaccine/Tiket Menu' is clicked on

2022-07-19 14:23:32 - [MESSAGE][PASSED] - Object: 'Object Repository/CITIZEN/Page_Home  GetVaccine/Tiket Menu' is clicked on

2022-07-19 14:23:32 - [TEST_STEP][PASSED] - verifyElementPresent(findTestObject("CITIZEN/Page_Tiket/verify tiket page"), 0): Object 'Object Repository/CITIZEN/Page_Tiket/verify tiket page' is present

2022-07-19 14:23:32 - [MESSAGE][WARNING] - Timeout '0' is invalid. Using default page load timeout: '30'

2022-07-19 14:23:53 - [MESSAGE][PASSED] - Object 'Object Repository/CITIZEN/Page_Tiket/verify tiket page' is present

2022-07-19 14:23:53 - [TEST_STEP][PASSED] - click(findTestObject("CITIZEN/Page_Tiket/Detail Tiket")): Object: 'Object Repository/CITIZEN/Page_Tiket/Detail Tiket' is clicked on

2022-07-19 14:23:53 - [MESSAGE][PASSED] - Object: 'Object Repository/CITIZEN/Page_Tiket/Detail Tiket' is clicked on

2022-07-19 14:23:53 - [TEST_STEP][FAILED] - verifyElementPresent(findTestObject("CITIZEN/Page_Tiket/verify detail"), 0): Unable to verify object 'Object Repository/CITIZEN/Page_Tiket/verify detail' is present (Root cause: com.kms.katalon.core.exception.StepFailedException: Unable to verify object 'Object Repository/CITIZEN/Page_Tiket/verify detail' is present
	at com.kms.katalon.core.webui.keyword.internal.WebUIKeywordMain.stepFailed(WebUIKeywordMain.groovy:64)
	at com.kms.katalon.core.webui.keyword.internal.WebUIKeywordMain.runKeyword(WebUIKeywordMain.groovy:26)
	at com.kms.katalon.core.webui.keyword.builtin.VerifyElementPresentKeyword.verifyElementPresent(VerifyElementPresentKeyword.groovy:92)
	at com.kms.katalon.core.webui.keyword.builtin.VerifyElementPresentKeyword.execute(VerifyElementPresentKeyword.groovy:68)
	at com.kms.katalon.core.keyword.internal.KeywordExecutor.executeKeywordForPlatform(KeywordExecutor.groovy:74)
	at com.kms.katalon.core.webui.keyword.WebUiBuiltInKeywords.verifyElementPresent(WebUiBuiltInKeywords.groovy:1464)
	at com.kms.katalon.core.webui.keyword.WebUiBuiltInKeywords$verifyElementPresent$7.call(Unknown Source)
	at TC_View Tiket.run(TC_View Tiket:26)
	at com.kms.katalon.core.main.ScriptEngine.run(ScriptEngine.java:194)
	at com.kms.katalon.core.main.ScriptEngine.runScriptAsRawText(ScriptEngine.java:119)
	at com.kms.katalon.core.main.TestCaseExecutor.runScript(TestCaseExecutor.java:442)
	at com.kms.katalon.core.main.TestCaseExecutor.doExecute(TestCaseExecutor.java:433)
	at com.kms.katalon.core.main.TestCaseExecutor.processExecutionPhase(TestCaseExecutor.java:412)
	at com.kms.katalon.core.main.TestCaseExecutor.accessMainPhase(TestCaseExecutor.java:404)
	at com.kms.katalon.core.main.TestCaseExecutor.execute(TestCaseExecutor.java:281)
	at com.kms.katalon.core.main.TestSuiteExecutor.accessTestCaseMainPhase(TestSuiteExecutor.java:202)
	at com.kms.katalon.core.main.TestSuiteExecutor.accessTestSuiteMainPhase(TestSuiteExecutor.java:164)
	at com.kms.katalon.core.main.TestSuiteExecutor.execute(TestSuiteExecutor.java:105)
	at com.kms.katalon.core.main.TestCaseMain.startTestSuite(TestCaseMain.java:185)
	at com.kms.katalon.core.main.TestCaseMain$startTestSuite$0.call(Unknown Source)
	at TempTestSuite1658214752773.run(TempTestSuite1658214752773.groovy:36)
Caused by: com.kms.katalon.core.exception.StepFailedException: com.kms.katalon.core.webui.exception.WebElementNotFoundException: Web element with id: 'Object Repository/CITIZEN/Page_Tiket/verify detail' located by '/html/body/div[2]/div/div[2]/div/div[2]/div[1]' not found
	at com.kms.katalon.core.webui.keyword.internal.WebUIKeywordMain.stepFailed(WebUIKeywordMain.groovy:64)
	at com.kms.katalon.core.webui.keyword.builtin.VerifyElementPresentKeyword$_verifyElementPresent_closure1.doCall(VerifyElementPresentKeyword.groovy:85)
	at com.kms.katalon.core.webui.keyword.builtin.VerifyElementPresentKeyword$_verifyElementPresent_closure1.call(VerifyElementPresentKeyword.groovy)
	at com.kms.katalon.core.webui.keyword.internal.WebUIKeywordMain.runKeyword(WebUIKeywordMain.groovy:20)
	... 19 more
)

2022-07-19 14:23:53 - [MESSAGE][WARNING] - Timeout '0' is invalid. Using default page load timeout: '30'

2022-07-19 14:24:24 - [MESSAGE][INFO] - Unable to find the element located by 'By.xpath: /html/body/div[2]/div/div[2]/div/div[2]/div[1]'. Please recheck the objects properties to make sure the desired element is located. 

2022-07-19 14:24:25 - [MESSAGE][FAILED] - com.kms.katalon.core.webui.exception.WebElementNotFoundException: Web element with id: 'Object Repository/CITIZEN/Page_Tiket/verify detail' located by '/html/body/div[2]/div/div[2]/div/div[2]/div[1]' not found (Root cause: com.kms.katalon.core.exception.StepFailedException: com.kms.katalon.core.webui.exception.WebElementNotFoundException: Web element with id: 'Object Repository/CITIZEN/Page_Tiket/verify detail' located by '/html/body/div[2]/div/div[2]/div/div[2]/div[1]' not found
	at com.kms.katalon.core.webui.keyword.internal.WebUIKeywordMain.stepFailed(WebUIKeywordMain.groovy:64)
	at com.kms.katalon.core.webui.keyword.builtin.VerifyElementPresentKeyword$_verifyElementPresent_closure1.doCall(VerifyElementPresentKeyword.groovy:85)
	at com.kms.katalon.core.webui.keyword.builtin.VerifyElementPresentKeyword$_verifyElementPresent_closure1.call(VerifyElementPresentKeyword.groovy)
	at com.kms.katalon.core.webui.keyword.internal.WebUIKeywordMain.runKeyword(WebUIKeywordMain.groovy:20)
	at com.kms.katalon.core.webui.keyword.builtin.VerifyElementPresentKeyword.verifyElementPresent(VerifyElementPresentKeyword.groovy:92)
	at com.kms.katalon.core.webui.keyword.builtin.VerifyElementPresentKeyword.execute(VerifyElementPresentKeyword.groovy:68)
	at com.kms.katalon.core.keyword.internal.KeywordExecutor.executeKeywordForPlatform(KeywordExecutor.groovy:74)
	at com.kms.katalon.core.webui.keyword.WebUiBuiltInKeywords.verifyElementPresent(WebUiBuiltInKeywords.groovy:1464)
	at com.kms.katalon.core.webui.keyword.WebUiBuiltInKeywords$verifyElementPresent$7.call(Unknown Source)
	at TC_View Tiket.run(TC_View Tiket:26)
	at com.kms.katalon.core.main.ScriptEngine.run(ScriptEngine.java:194)
	at com.kms.katalon.core.main.ScriptEngine.runScriptAsRawText(ScriptEngine.java:119)
	at com.kms.katalon.core.main.TestCaseExecutor.runScript(TestCaseExecutor.java:442)
	at com.kms.katalon.core.main.TestCaseExecutor.doExecute(TestCaseExecutor.java:433)
	at com.kms.katalon.core.main.TestCaseExecutor.processExecutionPhase(TestCaseExecutor.java:412)
	at com.kms.katalon.core.main.TestCaseExecutor.accessMainPhase(TestCaseExecutor.java:404)
	at com.kms.katalon.core.main.TestCaseExecutor.execute(TestCaseExecutor.java:281)
	at com.kms.katalon.core.main.TestSuiteExecutor.accessTestCaseMainPhase(TestSuiteExecutor.java:202)
	at com.kms.katalon.core.main.TestSuiteExecutor.accessTestSuiteMainPhase(TestSuiteExecutor.java:164)
	at com.kms.katalon.core.main.TestSuiteExecutor.execute(TestSuiteExecutor.java:105)
	at com.kms.katalon.core.main.TestCaseMain.startTestSuite(TestCaseMain.java:185)
	at com.kms.katalon.core.main.TestCaseMain$startTestSuite$0.call(Unknown Source)
	at TempTestSuite1658214752773.run(TempTestSuite1658214752773.groovy:36)
)
[[ATTACHMENT|C:\\Users\\Thinkpad X260\\git\\CapstoneWEBSITE\\Reports\\20220719_141232\\TS_CITIZEN\\20220719_141232\\1658215464975.png]]

2022-07-19 14:24:25 - [MESSAGE][FAILED] - Unable to verify object 'Object Repository/CITIZEN/Page_Tiket/verify detail' is present (Root cause: com.kms.katalon.core.exception.StepFailedException: Unable to verify object 'Object Repository/CITIZEN/Page_Tiket/verify detail' is present
	at com.kms.katalon.core.webui.keyword.internal.WebUIKeywordMain.stepFailed(WebUIKeywordMain.groovy:64)
	at com.kms.katalon.core.webui.keyword.internal.WebUIKeywordMain.runKeyword(WebUIKeywordMain.groovy:26)
	at com.kms.katalon.core.webui.keyword.builtin.VerifyElementPresentKeyword.verifyElementPresent(VerifyElementPresentKeyword.groovy:92)
	at com.kms.katalon.core.webui.keyword.builtin.VerifyElementPresentKeyword.execute(VerifyElementPresentKeyword.groovy:68)
	at com.kms.katalon.core.keyword.internal.KeywordExecutor.executeKeywordForPlatform(KeywordExecutor.groovy:74)
	at com.kms.katalon.core.webui.keyword.WebUiBuiltInKeywords.verifyElementPresent(WebUiBuiltInKeywords.groovy:1464)
	at com.kms.katalon.core.webui.keyword.WebUiBuiltInKeywords$verifyElementPresent$7.call(Unknown Source)
	at TC_View Tiket.run(TC_View Tiket:26)
	at com.kms.katalon.core.main.ScriptEngine.run(ScriptEngine.java:194)
	at com.kms.katalon.core.main.ScriptEngine.runScriptAsRawText(ScriptEngine.java:119)
	at com.kms.katalon.core.main.TestCaseExecutor.runScript(TestCaseExecutor.java:442)
	at com.kms.katalon.core.main.TestCaseExecutor.doExecute(TestCaseExecutor.java:433)
	at com.kms.katalon.core.main.TestCaseExecutor.processExecutionPhase(TestCaseExecutor.java:412)
	at com.kms.katalon.core.main.TestCaseExecutor.accessMainPhase(TestCaseExecutor.java:404)
	at com.kms.katalon.core.main.TestCaseExecutor.execute(TestCaseExecutor.java:281)
	at com.kms.katalon.core.main.TestSuiteExecutor.accessTestCaseMainPhase(TestSuiteExecutor.java:202)
	at com.kms.katalon.core.main.TestSuiteExecutor.accessTestSuiteMainPhase(TestSuiteExecutor.java:164)
	at com.kms.katalon.core.main.TestSuiteExecutor.execute(TestSuiteExecutor.java:105)
	at com.kms.katalon.core.main.TestCaseMain.startTestSuite(TestCaseMain.java:185)
	at com.kms.katalon.core.main.TestCaseMain$startTestSuite$0.call(Unknown Source)
	at TempTestSuite1658214752773.run(TempTestSuite1658214752773.groovy:36)
Caused by: com.kms.katalon.core.exception.StepFailedException: com.kms.katalon.core.webui.exception.WebElementNotFoundException: Web element with id: 'Object Repository/CITIZEN/Page_Tiket/verify detail' located by '/html/body/div[2]/div/div[2]/div/div[2]/div[1]' not found
	at com.kms.katalon.core.webui.keyword.internal.WebUIKeywordMain.stepFailed(WebUIKeywordMain.groovy:64)
	at com.kms.katalon.core.webui.keyword.builtin.VerifyElementPresentKeyword$_verifyElementPresent_closure1.doCall(VerifyElementPresentKeyword.groovy:85)
	at com.kms.katalon.core.webui.keyword.builtin.VerifyElementPresentKeyword$_verifyElementPresent_closure1.call(VerifyElementPresentKeyword.groovy)
	at com.kms.katalon.core.webui.keyword.internal.WebUIKeywordMain.runKeyword(WebUIKeywordMain.groovy:20)
	... 19 more
)
[[ATTACHMENT|C:\\Users\\Thinkpad X260\\git\\CapstoneWEBSITE\\Reports\\20220719_141232\\TS_CITIZEN\\20220719_141232\\1658215465176.png]]]]></system-out>
         <system-err><![CDATA[2022-07-19 14:23:31 - [TEST_CASE][FAILED] - Test Cases/CITIZEN/TIKET/TC_View Tiket: Test Cases/CITIZEN/TIKET/TC_View Tiket FAILED.
Reason:
com.kms.katalon.core.exception.StepFailedException: Unable to verify object 'Object Repository/CITIZEN/Page_Tiket/verify detail' is present
	at com.kms.katalon.core.webui.keyword.internal.WebUIKeywordMain.stepFailed(WebUIKeywordMain.groovy:64)
	at com.kms.katalon.core.webui.keyword.internal.WebUIKeywordMain.runKeyword(WebUIKeywordMain.groovy:26)
	at com.kms.katalon.core.webui.keyword.builtin.VerifyElementPresentKeyword.verifyElementPresent(VerifyElementPresentKeyword.groovy:92)
	at com.kms.katalon.core.webui.keyword.builtin.VerifyElementPresentKeyword.execute(VerifyElementPresentKeyword.groovy:68)
	at com.kms.katalon.core.keyword.internal.KeywordExecutor.executeKeywordForPlatform(KeywordExecutor.groovy:74)
	at com.kms.katalon.core.webui.keyword.WebUiBuiltInKeywords.verifyElementPresent(WebUiBuiltInKeywords.groovy:1464)
	at com.kms.katalon.core.webui.keyword.WebUiBuiltInKeywords$verifyElementPresent$7.call(Unknown Source)
	at TC_View Tiket.run(TC_View Tiket:26)
	at com.kms.katalon.core.main.ScriptEngine.run(ScriptEngine.java:194)
	at com.kms.katalon.core.main.ScriptEngine.runScriptAsRawText(ScriptEngine.java:119)
	at com.kms.katalon.core.main.TestCaseExecutor.runScript(TestCaseExecutor.java:442)
	at com.kms.katalon.core.main.TestCaseExecutor.doExecute(TestCaseExecutor.java:433)
	at com.kms.katalon.core.main.TestCaseExecutor.processExecutionPhase(TestCaseExecutor.java:412)
	at com.kms.katalon.core.main.TestCaseExecutor.accessMainPhase(TestCaseExecutor.java:404)
	at com.kms.katalon.core.main.TestCaseExecutor.execute(TestCaseExecutor.java:281)
	at com.kms.katalon.core.main.TestSuiteExecutor.accessTestCaseMainPhase(TestSuiteExecutor.java:202)
	at com.kms.katalon.core.main.TestSuiteExecutor.accessTestSuiteMainPhase(TestSuiteExecutor.java:164)
	at com.kms.katalon.core.main.TestSuiteExecutor.execute(TestSuiteExecutor.java:105)
	at com.kms.katalon.core.main.TestCaseMain.startTestSuite(TestCaseMain.java:185)
	at com.kms.katalon.core.main.TestCaseMain$startTestSuite$0.call(Unknown Source)
	at TempTestSuite1658214752773.run(TempTestSuite1658214752773.groovy:36)
Caused by: com.kms.katalon.core.exception.StepFailedException: com.kms.katalon.core.webui.exception.WebElementNotFoundException: Web element with id: 'Object Repository/CITIZEN/Page_Tiket/verify detail' located by '/html/body/div[2]/div/div[2]/div/div[2]/div[1]' not found
	at com.kms.katalon.core.webui.keyword.internal.WebUIKeywordMain.stepFailed(WebUIKeywordMain.groovy:64)
	at com.kms.katalon.core.webui.keyword.builtin.VerifyElementPresentKeyword$_verifyElementPresent_closure1.doCall(VerifyElementPresentKeyword.groovy:85)
	at com.kms.katalon.core.webui.keyword.builtin.VerifyElementPresentKeyword$_verifyElementPresent_closure1.call(VerifyElementPresentKeyword.groovy)
	at com.kms.katalon.core.webui.keyword.internal.WebUIKeywordMain.runKeyword(WebUIKeywordMain.groovy:20)
	... 19 more]]></system-err>
      </testcase>
      <testcase name="Test Cases/CITIZEN/AUTH/Logout" time="2.199" classname="Test Cases/CITIZEN/AUTH/Logout" status="PASSED">
         <system-out><![CDATA[2022-07-19 14:24:25 - [TEST_CASE][PASSED] - Test Cases/CITIZEN/AUTH/Logout: Test Cases/CITIZEN/AUTH/Logout

2022-07-19 14:24:25 - [TEST_STEP][PASSED] - click(findTestObject("Object Repository/CITIZEN/Page_Tiket Vaksin  GetVaccine/svg_Tiket_ant-dropdown-trigger ant-dropdown_754753")): Object: 'Object Repository/CITIZEN/Page_Tiket Vaksin  GetVaccine/svg_Tiket_ant-dropdown-trigger ant-dropdown_754753' is clicked on

2022-07-19 14:24:26 - [MESSAGE][PASSED] - Object: 'Object Repository/CITIZEN/Page_Tiket Vaksin  GetVaccine/svg_Tiket_ant-dropdown-trigger ant-dropdown_754753' is clicked on

2022-07-19 14:24:26 - [TEST_STEP][PASSED] - click(findTestObject("Object Repository/CITIZEN/Page_Tiket Vaksin  GetVaccine/span_Logout")): Object: 'Object Repository/CITIZEN/Page_Tiket Vaksin  GetVaccine/span_Logout' is clicked on

2022-07-19 14:24:27 - [MESSAGE][PASSED] - Object: 'Object Repository/CITIZEN/Page_Tiket Vaksin  GetVaccine/span_Logout' is clicked on

2022-07-19 14:24:27 - [TEST_STEP][PASSED] - verifyElementPresent(findTestObject("CITIZEN/Page_Home  GetVaccine/a_Login"), 0): Object 'Object Repository/CITIZEN/Page_Home  GetVaccine/a_Login' is present

2022-07-19 14:24:27 - [MESSAGE][WARNING] - Timeout '0' is invalid. Using default page load timeout: '30'

2022-07-19 14:24:27 - [MESSAGE][PASSED] - Object 'Object Repository/CITIZEN/Page_Home  GetVaccine/a_Login' is present]]></system-out>
         <system-err><![CDATA[]]></system-err>
      </testcase>
      <system-out><![CDATA[2022-07-19 14:12:36 - [TEST_SUITE][FAILED] - TS_CITIZEN: Test Cases/CITIZEN/AUTH/TC_Login FAILED.
Reason:
com.kms.katalon.core.exception.StepFailedException: Unable to navigate to 'https://dev-getvaccine-16.netlify.app/'
	at com.kms.katalon.core.webui.keyword.internal.WebUIKeywordMain.stepFailed(WebUIKeywordMain.groovy:64)
	at com.kms.katalon.core.webui.keyword.internal.WebUIKeywordMain.runKeyword(WebUIKeywordMain.groovy:26)
	at com.kms.katalon.core.webui.keyword.builtin.NavigateToUrlKeyword.navigateToUrl(NavigateToUrlKeyword.groovy:83)
	at com.kms.katalon.core.webui.keyword.builtin.NavigateToUrlKeyword.execute(NavigateToUrlKeyword.groovy:67)
	at com.kms.katalon.core.keyword.internal.KeywordExecutor.executeKeywordForPlatform(KeywordExecutor.groovy:74)
	at com.kms.katalon.core.webui.keyword.WebUiBuiltInKeywords.navigateToUrl(WebUiBuiltInKeywords.groovy:187)
	at com.kms.katalon.core.webui.keyword.WebUiBuiltInKeywords$navigateToUrl$1.call(Unknown Source)
	at TC_Login.run(TC_Login:25)
	at com.kms.katalon.core.main.ScriptEngine.run(ScriptEngine.java:194)
	at com.kms.katalon.core.main.ScriptEngine.runScriptAsRawText(ScriptEngine.java:119)
	at com.kms.katalon.core.main.TestCaseExecutor.runScript(TestCaseExecutor.java:442)
	at com.kms.katalon.core.main.TestCaseExecutor.doExecute(TestCaseExecutor.java:433)
	at com.kms.katalon.core.main.TestCaseExecutor.processExecutionPhase(TestCaseExecutor.java:412)
	at com.kms.katalon.core.main.TestCaseExecutor.accessMainPhase(TestCaseExecutor.java:404)
	at com.kms.katalon.core.main.TestCaseExecutor.execute(TestCaseExecutor.java:281)
	at com.kms.katalon.core.main.TestSuiteExecutor.accessTestCaseMainPhase(TestSuiteExecutor.java:202)
	at com.kms.katalon.core.main.TestSuiteExecutor.accessTestSuiteMainPhase(TestSuiteExecutor.java:164)
	at com.kms.katalon.core.main.TestSuiteExecutor.execute(TestSuiteExecutor.java:105)
	at com.kms.katalon.core.main.TestCaseMain.startTestSuite(TestCaseMain.java:185)
	at com.kms.katalon.core.main.TestCaseMain$startTestSuite$0.call(Unknown Source)
	at TempTestSuite1658214752773.run(TempTestSuite1658214752773.groovy:36)
Caused by: org.openqa.selenium.WebDriverException: unknown error: net::ERR_CONNECTION_TIMED_OUT
  (Session info: chrome=103.0.5060.114)
Build info: version: '3.141.59', revision: 'e82be7d358', time: '2018-11-14T08:25:53'
System info: host: 'DESKTOP-D9B57TC', ip: '192.168.100.66', os.name: 'Windows 10', os.arch: 'amd64', os.version: '10.0', java.version: '1.8.0_282'
Driver info: com.kms.katalon.selenium.driver.CChromeDriver
Capabilities {acceptInsecureCerts: false, browserName: chrome, browserVersion: 103.0.5060.114, chrome: {chromedriverVersion: 103.0.5060.53 (a1711811edd7..., userDataDir: C:\Users\THINKP~1\AppData\L...}, goog:chromeOptions: {debuggerAddress: localhost:62391}, javascriptEnabled: true, networkConnectionEnabled: false, pageLoadStrategy: normal, platform: WINDOWS, platformName: WINDOWS, proxy: Proxy(), setWindowRect: true, strictFileInteractability: false, timeouts: {implicit: 0, pageLoad: 300000, script: 30000}, unhandledPromptBehavior: dismiss and notify, webauthn:extension:credBlob: true, webauthn:extension:largeBlob: true, webauthn:virtualAuthenticators: true}
Session ID: 1ac3fc500787d3dea24c128ff6d069a9
	at org.openqa.selenium.remote.http.W3CHttpResponseCodec.createException(W3CHttpResponseCodec.java:187)
	at org.openqa.selenium.remote.http.W3CHttpResponseCodec.decode(W3CHttpResponseCodec.java:122)
	at org.openqa.selenium.remote.http.W3CHttpResponseCodec.decode(W3CHttpResponseCodec.java:49)
	at org.openqa.selenium.remote.HttpCommandExecutor.execute(HttpCommandExecutor.java:158)
	at org.openqa.selenium.remote.service.DriverCommandExecutor.execute(DriverCommandExecutor.java:83)
	at org.openqa.selenium.remote.RemoteWebDriver.execute(RemoteWebDriver.java:552)
	at com.kms.katalon.selenium.driver.CChromeDriver.execute(CChromeDriver.java:19)
	at org.openqa.selenium.remote.RemoteWebDriver.get(RemoteWebDriver.java:277)
	at org.openqa.selenium.remote.RemoteWebDriver$RemoteNavigation.to(RemoteWebDriver.java:857)
	at org.openqa.selenium.support.events.EventFiringWebDriver$EventFiringNavigation.to(EventFiringWebDriver.java:569)
	at com.kms.katalon.core.webui.keyword.builtin.NavigateToUrlKeyword$_navigateToUrl_closure1.doCall(NavigateToUrlKeyword.groovy:81)
	at com.kms.katalon.core.webui.keyword.builtin.NavigateToUrlKeyword$_navigateToUrl_closure1.call(NavigateToUrlKeyword.groovy)
	at com.kms.katalon.core.webui.keyword.internal.WebUIKeywordMain.runKeyword(WebUIKeywordMain.groovy:20)
	... 19 more]]></system-out>
      <system-err><![CDATA[2022-07-19 14:12:36 - [TEST_SUITE][FAILED] - TS_CITIZEN: Test Cases/CITIZEN/AUTH/TC_Login FAILED.
Reason:
com.kms.katalon.core.exception.StepFailedException: Unable to navigate to 'https://dev-getvaccine-16.netlify.app/'
	at com.kms.katalon.core.webui.keyword.internal.WebUIKeywordMain.stepFailed(WebUIKeywordMain.groovy:64)
	at com.kms.katalon.core.webui.keyword.internal.WebUIKeywordMain.runKeyword(WebUIKeywordMain.groovy:26)
	at com.kms.katalon.core.webui.keyword.builtin.NavigateToUrlKeyword.navigateToUrl(NavigateToUrlKeyword.groovy:83)
	at com.kms.katalon.core.webui.keyword.builtin.NavigateToUrlKeyword.execute(NavigateToUrlKeyword.groovy:67)
	at com.kms.katalon.core.keyword.internal.KeywordExecutor.executeKeywordForPlatform(KeywordExecutor.groovy:74)
	at com.kms.katalon.core.webui.keyword.WebUiBuiltInKeywords.navigateToUrl(WebUiBuiltInKeywords.groovy:187)
	at com.kms.katalon.core.webui.keyword.WebUiBuiltInKeywords$navigateToUrl$1.call(Unknown Source)
	at TC_Login.run(TC_Login:25)
	at com.kms.katalon.core.main.ScriptEngine.run(ScriptEngine.java:194)
	at com.kms.katalon.core.main.ScriptEngine.runScriptAsRawText(ScriptEngine.java:119)
	at com.kms.katalon.core.main.TestCaseExecutor.runScript(TestCaseExecutor.java:442)
	at com.kms.katalon.core.main.TestCaseExecutor.doExecute(TestCaseExecutor.java:433)
	at com.kms.katalon.core.main.TestCaseExecutor.processExecutionPhase(TestCaseExecutor.java:412)
	at com.kms.katalon.core.main.TestCaseExecutor.accessMainPhase(TestCaseExecutor.java:404)
	at com.kms.katalon.core.main.TestCaseExecutor.execute(TestCaseExecutor.java:281)
	at com.kms.katalon.core.main.TestSuiteExecutor.accessTestCaseMainPhase(TestSuiteExecutor.java:202)
	at com.kms.katalon.core.main.TestSuiteExecutor.accessTestSuiteMainPhase(TestSuiteExecutor.java:164)
	at com.kms.katalon.core.main.TestSuiteExecutor.execute(TestSuiteExecutor.java:105)
	at com.kms.katalon.core.main.TestCaseMain.startTestSuite(TestCaseMain.java:185)
	at com.kms.katalon.core.main.TestCaseMain$startTestSuite$0.call(Unknown Source)
	at TempTestSuite1658214752773.run(TempTestSuite1658214752773.groovy:36)
Caused by: org.openqa.selenium.WebDriverException: unknown error: net::ERR_CONNECTION_TIMED_OUT
  (Session info: chrome=103.0.5060.114)
Build info: version: '3.141.59', revision: 'e82be7d358', time: '2018-11-14T08:25:53'
System info: host: 'DESKTOP-D9B57TC', ip: '192.168.100.66', os.name: 'Windows 10', os.arch: 'amd64', os.version: '10.0', java.version: '1.8.0_282'
Driver info: com.kms.katalon.selenium.driver.CChromeDriver
Capabilities {acceptInsecureCerts: false, browserName: chrome, browserVersion: 103.0.5060.114, chrome: {chromedriverVersion: 103.0.5060.53 (a1711811edd7..., userDataDir: C:\Users\THINKP~1\AppData\L...}, goog:chromeOptions: {debuggerAddress: localhost:62391}, javascriptEnabled: true, networkConnectionEnabled: false, pageLoadStrategy: normal, platform: WINDOWS, platformName: WINDOWS, proxy: Proxy(), setWindowRect: true, strictFileInteractability: false, timeouts: {implicit: 0, pageLoad: 300000, script: 30000}, unhandledPromptBehavior: dismiss and notify, webauthn:extension:credBlob: true, webauthn:extension:largeBlob: true, webauthn:virtualAuthenticators: true}
Session ID: 1ac3fc500787d3dea24c128ff6d069a9
	at org.openqa.selenium.remote.http.W3CHttpResponseCodec.createException(W3CHttpResponseCodec.java:187)
	at org.openqa.selenium.remote.http.W3CHttpResponseCodec.decode(W3CHttpResponseCodec.java:122)
	at org.openqa.selenium.remote.http.W3CHttpResponseCodec.decode(W3CHttpResponseCodec.java:49)
	at org.openqa.selenium.remote.HttpCommandExecutor.execute(HttpCommandExecutor.java:158)
	at org.openqa.selenium.remote.service.DriverCommandExecutor.execute(DriverCommandExecutor.java:83)
	at org.openqa.selenium.remote.RemoteWebDriver.execute(RemoteWebDriver.java:552)
	at com.kms.katalon.selenium.driver.CChromeDriver.execute(CChromeDriver.java:19)
	at org.openqa.selenium.remote.RemoteWebDriver.get(RemoteWebDriver.java:277)
	at org.openqa.selenium.remote.RemoteWebDriver$RemoteNavigation.to(RemoteWebDriver.java:857)
	at org.openqa.selenium.support.events.EventFiringWebDriver$EventFiringNavigation.to(EventFiringWebDriver.java:569)
	at com.kms.katalon.core.webui.keyword.builtin.NavigateToUrlKeyword$_navigateToUrl_closure1.doCall(NavigateToUrlKeyword.groovy:81)
	at com.kms.katalon.core.webui.keyword.builtin.NavigateToUrlKeyword$_navigateToUrl_closure1.call(NavigateToUrlKeyword.groovy)
	at com.kms.katalon.core.webui.keyword.internal.WebUIKeywordMain.runKeyword(WebUIKeywordMain.groovy:20)
	... 19 more]]></system-err>
   </testsuite>
</testsuites>
