<?xml version="1.0" encoding="UTF-8"?>
<testsuites name="TS_CITIZEN" time="924.742" tests="11" failures="5" errors="0">
   <testsuite name="TS_CITIZEN" tests="11" failures="5" errors="0" time="924.742" skipped="0" timestamp="2022-07-19 16:10:43" hostname="Thinkpad X260 - DESKTOP-D9B57TC" id="Test Suites/TS_CITIZEN">
      <properties>
         <property name="deviceName" value=""/>
         <property name="devicePlatform" value=""/>
         <property name="logFolder" value="C:\\Users\\Thinkpad X260\\git\\CapstoneWEBSITE\\Reports\\20220719_161040\\TS_CITIZEN\\20220719_161040"/>
         <property name="logFiles" value="C:\\Users\\Thinkpad X260\\git\\CapstoneWEBSITE\\Reports\\20220719_161040\\TS_CITIZEN\\20220719_161040\\execution0.log"/>
         <property name="attachments" value="C:\\Users\\Thinkpad X260\\git\\CapstoneWEBSITE\\Reports\\20220719_161040\\TS_CITIZEN\\20220719_161040\\1658222357356.png, C:\\Users\\Thinkpad X260\\git\\CapstoneWEBSITE\\Reports\\20220719_161040\\TS_CITIZEN\\20220719_161040\\1658222357524.png, C:\\Users\\Thinkpad X260\\git\\CapstoneWEBSITE\\Reports\\20220719_161040\\TS_CITIZEN\\20220719_161040\\1658222621023.png, C:\\Users\\Thinkpad X260\\git\\CapstoneWEBSITE\\Reports\\20220719_161040\\TS_CITIZEN\\20220719_161040\\1658222665480.png, C:\\Users\\Thinkpad X260\\git\\CapstoneWEBSITE\\Reports\\20220719_161040\\TS_CITIZEN\\20220719_161040\\1658222733013.png, C:\\Users\\Thinkpad X260\\git\\CapstoneWEBSITE\\Reports\\20220719_161040\\TS_CITIZEN\\20220719_161040\\1658222766138.png"/>
         <property name="hostName" value="Thinkpad X260 - DESKTOP-D9B57TC"/>
         <property name="os" value="Windows 10 64bit"/>
         <property name="katalonVersion" value="8.2.5.208"/>
         <property name="browser" value="Chrome 103.0.5060.114"/>
         <property name="hostAddress" value="192.168.100.66"/>
         <property name="sessionId" value="0597edb746f40cc73aa9b4a7a97acbf3"/>
         <property name="seleniumVersion" value="3.141.59"/>
         <property name="proxyInformation" value="ProxyInformation { proxyOption=NO_PROXY, proxyServerType=HTTP, username=, password=********, proxyServerAddress=, proxyServerPort=0, executionList=&quot;&quot;, isApplyToDesiredCapabilities=true }"/>
         <property name="platform" value="Windows 10"/>
      </properties>
      <testcase name="Test Cases/CITIZEN/AUTH/TC_Register" time="350.669" classname="Test Cases/CITIZEN/AUTH/TC_Register" status="PASSED">
         <system-out><![CDATA[2022-07-19 16:10:44 - [TEST_CASE][PASSED] - Test Cases/CITIZEN/AUTH/TC_Register: Test Cases/CITIZEN/AUTH/TC_Register

2022-07-19 16:10:44 - [TEST_STEP][PASSED] - for ([i = 1, i <= 6, (i++)]): Browser is closed

2022-07-19 16:10:44 - [TEST_STEP][PASSED] - openBrowser(""): Browser is opened with url: ''

2022-07-19 16:10:45 - [MESSAGE][INFO] - Starting 'Chrome' driver

2022-07-19 16:10:45 - [MESSAGE][INFO] - Action delay is set to 0 milliseconds

2022-07-19 16:10:49 - [MESSAGE][PASSED] - Browser is opened with url: ''

2022-07-19 16:10:49 - [TEST_STEP][PASSED] - maximizeWindow(): Current window maximized

2022-07-19 16:10:49 - [MESSAGE][PASSED] - Current window maximized

2022-07-19 16:10:49 - [TEST_STEP][PASSED] - navigateToUrl("https://dev-getvaccine-16.netlify.app/"): Navigate to 'https://dev-getvaccine-16.netlify.app/' successfully

2022-07-19 16:10:56 - [MESSAGE][PASSED] - Navigate to 'https://dev-getvaccine-16.netlify.app/' successfully

2022-07-19 16:10:56 - [TEST_STEP][PASSED] - click(findTestObject("CITIZEN/Page_Home  GetVaccine/a_Register")): Object: 'Object Repository/CITIZEN/Page_Home  GetVaccine/a_Register' is clicked on

2022-07-19 16:10:57 - [MESSAGE][PASSED] - Object: 'Object Repository/CITIZEN/Page_Home  GetVaccine/a_Register' is clicked on

2022-07-19 16:10:57 - [TEST_STEP][PASSED] - verifyElementVisible(findTestObject("CITIZEN/Page_Registrasi  GetVaccine/h2_Register")): Object 'Object Repository/CITIZEN/Page_Registrasi  GetVaccine/h2_Register' is visible

2022-07-19 16:10:57 - [MESSAGE][PASSED] - Object 'Object Repository/CITIZEN/Page_Registrasi  GetVaccine/h2_Register' is visible

2022-07-19 16:10:57 - [TEST_STEP][PASSED] - setText(findTestObject("CITIZEN/Page_Registrasi  GetVaccine/input_NIK_basic_nik"), findTestData("CITIZEN/Register").getValue(1, i)): Text '1234' is set on object 'Object Repository/CITIZEN/Page_Registrasi  GetVaccine/input_NIK_basic_nik'

2022-07-19 16:10:59 - [MESSAGE][PASSED] - Text '1234' is set on object 'Object Repository/CITIZEN/Page_Registrasi  GetVaccine/input_NIK_basic_nik'

2022-07-19 16:10:59 - [TEST_STEP][PASSED] - setText(findTestObject("CITIZEN/Page_Registrasi  GetVaccine/input_Nama Lengkap_basic_fullname"), findTestData("CITIZEN/Register").getValue(2, i)): Text 'Harnanada' is set on object 'Object Repository/CITIZEN/Page_Registrasi  GetVaccine/input_Nama Lengkap_basic_fullname'

2022-07-19 16:11:00 - [MESSAGE][PASSED] - Text 'Harnanada' is set on object 'Object Repository/CITIZEN/Page_Registrasi  GetVaccine/input_Nama Lengkap_basic_fullname'

2022-07-19 16:11:00 - [TEST_STEP][PASSED] - setText(findTestObject("CITIZEN/Page_Registrasi  GetVaccine/input_Email_basic_email"), findTestData("CITIZEN/Register").getValue(3, i)): Text 'harnanda@email.com' is set on object 'Object Repository/CITIZEN/Page_Registrasi  GetVaccine/input_Email_basic_email'

2022-07-19 16:11:01 - [MESSAGE][PASSED] - Text 'harnanda@email.com' is set on object 'Object Repository/CITIZEN/Page_Registrasi  GetVaccine/input_Email_basic_email'

2022-07-19 16:11:01 - [TEST_STEP][PASSED] - setText(findTestObject("CITIZEN/Page_Registrasi  GetVaccine/input_Password_basic_password"), findTestData("CITIZEN/Register").getValue(4, i)): Text 'Haha1234' is set on object 'Object Repository/CITIZEN/Page_Registrasi  GetVaccine/input_Password_basic_password'

2022-07-19 16:11:02 - [MESSAGE][PASSED] - Text 'Haha1234' is set on object 'Object Repository/CITIZEN/Page_Registrasi  GetVaccine/input_Password_basic_password'

2022-07-19 16:11:02 - [TEST_STEP][PASSED] - click(findTestObject("CITIZEN/Page_Login  GetVaccine/eye")): Object: 'Object Repository/CITIZEN/Page_Login  GetVaccine/eye' is clicked on

2022-07-19 16:11:03 - [MESSAGE][PASSED] - Object: 'Object Repository/CITIZEN/Page_Login  GetVaccine/eye' is clicked on

2022-07-19 16:11:03 - [TEST_STEP][PASSED] - setText(findTestObject("CITIZEN/Page_Registrasi  GetVaccine/input_Confirm Password_basic_confirmPassword"), findTestData("CITIZEN/Register").getValue(5, i)): Text 'Haha1234' is set on object 'Object Repository/CITIZEN/Page_Registrasi  GetVaccine/input_Confirm Password_basic_confirmPassword'

2022-07-19 16:11:03 - [MESSAGE][PASSED] - Text 'Haha1234' is set on object 'Object Repository/CITIZEN/Page_Registrasi  GetVaccine/input_Confirm Password_basic_confirmPassword'

2022-07-19 16:11:03 - [TEST_STEP][PASSED] - click(findTestObject("CITIZEN/Page_Login  GetVaccine/eye")): Object: 'Object Repository/CITIZEN/Page_Login  GetVaccine/eye' is clicked on

2022-07-19 16:11:04 - [MESSAGE][PASSED] - Object: 'Object Repository/CITIZEN/Page_Login  GetVaccine/eye' is clicked on

2022-07-19 16:11:04 - [TEST_STEP][PASSED] - click(findTestObject("CITIZEN/Page_Registrasi  GetVaccine/button_Register")): Object: 'Object Repository/CITIZEN/Page_Registrasi  GetVaccine/button_Register' is clicked on

2022-07-19 16:11:05 - [MESSAGE][PASSED] - Object: 'Object Repository/CITIZEN/Page_Registrasi  GetVaccine/button_Register' is clicked on

2022-07-19 16:11:05 - [TEST_STEP][PASSED] - if (i == 1): Object 'Object Repository/CITIZEN/Page_Registrasi  GetVaccine/div_Masukkan minimal 16 karakter' is visible

2022-07-19 16:11:05 - [TEST_STEP][PASSED] - verifyElementVisible(findTestObject("CITIZEN/Page_Registrasi  GetVaccine/div_Masukkan minimal 16 karakter"), CONTINUE_ON_FAILURE): Object 'Object Repository/CITIZEN/Page_Registrasi  GetVaccine/div_Masukkan minimal 16 karakter' is visible

2022-07-19 16:11:05 - [MESSAGE][PASSED] - Object 'Object Repository/CITIZEN/Page_Registrasi  GetVaccine/div_Masukkan minimal 16 karakter' is visible

2022-07-19 16:11:05 - [TEST_STEP][PASSED] - closeBrowser(): Browser is closed

2022-07-19 16:11:06 - [MESSAGE][PASSED] - Browser is closed

2022-07-19 16:11:06 - [TEST_STEP][PASSED] - openBrowser(""): Browser is opened with url: ''

2022-07-19 16:11:06 - [MESSAGE][INFO] - Starting 'Chrome' driver

2022-07-19 16:11:06 - [MESSAGE][INFO] - Action delay is set to 0 milliseconds

2022-07-19 16:11:08 - [MESSAGE][PASSED] - Browser is opened with url: ''

2022-07-19 16:11:08 - [TEST_STEP][PASSED] - maximizeWindow(): Current window maximized

2022-07-19 16:11:08 - [MESSAGE][PASSED] - Current window maximized

2022-07-19 16:11:08 - [TEST_STEP][PASSED] - navigateToUrl("https://dev-getvaccine-16.netlify.app/"): Navigate to 'https://dev-getvaccine-16.netlify.app/' successfully

2022-07-19 16:11:13 - [MESSAGE][PASSED] - Navigate to 'https://dev-getvaccine-16.netlify.app/' successfully

2022-07-19 16:11:13 - [TEST_STEP][PASSED] - click(findTestObject("CITIZEN/Page_Home  GetVaccine/a_Register")): Object: 'Object Repository/CITIZEN/Page_Home  GetVaccine/a_Register' is clicked on

2022-07-19 16:11:13 - [MESSAGE][PASSED] - Object: 'Object Repository/CITIZEN/Page_Home  GetVaccine/a_Register' is clicked on

2022-07-19 16:11:13 - [TEST_STEP][PASSED] - verifyElementVisible(findTestObject("CITIZEN/Page_Registrasi  GetVaccine/h2_Register")): Object 'Object Repository/CITIZEN/Page_Registrasi  GetVaccine/h2_Register' is visible

2022-07-19 16:11:14 - [MESSAGE][PASSED] - Object 'Object Repository/CITIZEN/Page_Registrasi  GetVaccine/h2_Register' is visible

2022-07-19 16:11:14 - [TEST_STEP][PASSED] - setText(findTestObject("CITIZEN/Page_Registrasi  GetVaccine/input_NIK_basic_nik"), findTestData("CITIZEN/Register").getValue(1, i)): Text '1234A' is set on object 'Object Repository/CITIZEN/Page_Registrasi  GetVaccine/input_NIK_basic_nik'

2022-07-19 16:11:15 - [MESSAGE][PASSED] - Text '1234A' is set on object 'Object Repository/CITIZEN/Page_Registrasi  GetVaccine/input_NIK_basic_nik'

2022-07-19 16:11:15 - [TEST_STEP][PASSED] - setText(findTestObject("CITIZEN/Page_Registrasi  GetVaccine/input_Nama Lengkap_basic_fullname"), findTestData("CITIZEN/Register").getValue(2, i)): Text 'Harnanda' is set on object 'Object Repository/CITIZEN/Page_Registrasi  GetVaccine/input_Nama Lengkap_basic_fullname'

2022-07-19 16:11:16 - [MESSAGE][PASSED] - Text 'Harnanda' is set on object 'Object Repository/CITIZEN/Page_Registrasi  GetVaccine/input_Nama Lengkap_basic_fullname'

2022-07-19 16:11:16 - [TEST_STEP][PASSED] - setText(findTestObject("CITIZEN/Page_Registrasi  GetVaccine/input_Email_basic_email"), findTestData("CITIZEN/Register").getValue(3, i)): Text 'harnanda@email.com' is set on object 'Object Repository/CITIZEN/Page_Registrasi  GetVaccine/input_Email_basic_email'

2022-07-19 16:11:17 - [MESSAGE][PASSED] - Text 'harnanda@email.com' is set on object 'Object Repository/CITIZEN/Page_Registrasi  GetVaccine/input_Email_basic_email'

2022-07-19 16:11:17 - [TEST_STEP][PASSED] - setText(findTestObject("CITIZEN/Page_Registrasi  GetVaccine/input_Password_basic_password"), findTestData("CITIZEN/Register").getValue(4, i)): Text 'Haha1234' is set on object 'Object Repository/CITIZEN/Page_Registrasi  GetVaccine/input_Password_basic_password'

2022-07-19 16:11:18 - [MESSAGE][PASSED] - Text 'Haha1234' is set on object 'Object Repository/CITIZEN/Page_Registrasi  GetVaccine/input_Password_basic_password'

2022-07-19 16:11:18 - [TEST_STEP][PASSED] - click(findTestObject("CITIZEN/Page_Login  GetVaccine/eye")): Object: 'Object Repository/CITIZEN/Page_Login  GetVaccine/eye' is clicked on

2022-07-19 16:11:18 - [MESSAGE][PASSED] - Object: 'Object Repository/CITIZEN/Page_Login  GetVaccine/eye' is clicked on

2022-07-19 16:11:18 - [TEST_STEP][PASSED] - setText(findTestObject("CITIZEN/Page_Registrasi  GetVaccine/input_Confirm Password_basic_confirmPassword"), findTestData("CITIZEN/Register").getValue(5, i)): Text 'Haha1234' is set on object 'Object Repository/CITIZEN/Page_Registrasi  GetVaccine/input_Confirm Password_basic_confirmPassword'

2022-07-19 16:11:19 - [MESSAGE][PASSED] - Text 'Haha1234' is set on object 'Object Repository/CITIZEN/Page_Registrasi  GetVaccine/input_Confirm Password_basic_confirmPassword'

2022-07-19 16:11:19 - [TEST_STEP][PASSED] - click(findTestObject("CITIZEN/Page_Login  GetVaccine/eye")): Object: 'Object Repository/CITIZEN/Page_Login  GetVaccine/eye' is clicked on

2022-07-19 16:11:20 - [MESSAGE][PASSED] - Object: 'Object Repository/CITIZEN/Page_Login  GetVaccine/eye' is clicked on

2022-07-19 16:11:20 - [TEST_STEP][PASSED] - click(findTestObject("CITIZEN/Page_Registrasi  GetVaccine/button_Register")): Object: 'Object Repository/CITIZEN/Page_Registrasi  GetVaccine/button_Register' is clicked on

2022-07-19 16:11:21 - [MESSAGE][PASSED] - Object: 'Object Repository/CITIZEN/Page_Registrasi  GetVaccine/button_Register' is clicked on

2022-07-19 16:11:21 - [TEST_STEP][PASSED] - if (i == 1): null

2022-07-19 16:11:21 - [TEST_STEP][PASSED] - else if (i == 2): Object 'Object Repository/CITIZEN/Page_Registrasi  GetVaccine/div_Inputan Harus Berupa Angka' is visible

2022-07-19 16:11:21 - [TEST_STEP][PASSED] - verifyElementVisible(findTestObject("CITIZEN/Page_Registrasi  GetVaccine/div_Inputan Harus Berupa Angka"), CONTINUE_ON_FAILURE): Object 'Object Repository/CITIZEN/Page_Registrasi  GetVaccine/div_Inputan Harus Berupa Angka' is visible

2022-07-19 16:11:21 - [MESSAGE][PASSED] - Object 'Object Repository/CITIZEN/Page_Registrasi  GetVaccine/div_Inputan Harus Berupa Angka' is visible

2022-07-19 16:11:21 - [TEST_STEP][PASSED] - closeBrowser(): Browser is closed

2022-07-19 16:11:22 - [MESSAGE][PASSED] - Browser is closed

2022-07-19 16:11:22 - [TEST_STEP][PASSED] - openBrowser(""): Browser is opened with url: ''

2022-07-19 16:11:22 - [MESSAGE][INFO] - Starting 'Chrome' driver

2022-07-19 16:11:22 - [MESSAGE][INFO] - Action delay is set to 0 milliseconds

2022-07-19 16:11:24 - [MESSAGE][PASSED] - Browser is opened with url: ''

2022-07-19 16:11:24 - [TEST_STEP][PASSED] - maximizeWindow(): Current window maximized

2022-07-19 16:11:24 - [MESSAGE][PASSED] - Current window maximized

2022-07-19 16:11:24 - [TEST_STEP][PASSED] - navigateToUrl("https://dev-getvaccine-16.netlify.app/"): Navigate to 'https://dev-getvaccine-16.netlify.app/' successfully

2022-07-19 16:12:33 - [MESSAGE][PASSED] - Navigate to 'https://dev-getvaccine-16.netlify.app/' successfully

2022-07-19 16:12:33 - [TEST_STEP][PASSED] - click(findTestObject("CITIZEN/Page_Home  GetVaccine/a_Register")): Object: 'Object Repository/CITIZEN/Page_Home  GetVaccine/a_Register' is clicked on

2022-07-19 16:12:34 - [MESSAGE][PASSED] - Object: 'Object Repository/CITIZEN/Page_Home  GetVaccine/a_Register' is clicked on

2022-07-19 16:12:34 - [TEST_STEP][PASSED] - verifyElementVisible(findTestObject("CITIZEN/Page_Registrasi  GetVaccine/h2_Register")): Object 'Object Repository/CITIZEN/Page_Registrasi  GetVaccine/h2_Register' is visible

2022-07-19 16:12:35 - [MESSAGE][PASSED] - Object 'Object Repository/CITIZEN/Page_Registrasi  GetVaccine/h2_Register' is visible

2022-07-19 16:12:35 - [TEST_STEP][PASSED] - setText(findTestObject("CITIZEN/Page_Registrasi  GetVaccine/input_NIK_basic_nik"), findTestData("CITIZEN/Register").getValue(1, i)): Text '1234567890123456' is set on object 'Object Repository/CITIZEN/Page_Registrasi  GetVaccine/input_NIK_basic_nik'

2022-07-19 16:12:36 - [MESSAGE][PASSED] - Text '1234567890123456' is set on object 'Object Repository/CITIZEN/Page_Registrasi  GetVaccine/input_NIK_basic_nik'

2022-07-19 16:12:36 - [TEST_STEP][PASSED] - setText(findTestObject("CITIZEN/Page_Registrasi  GetVaccine/input_Nama Lengkap_basic_fullname"), findTestData("CITIZEN/Register").getValue(2, i)): Text 'Harnanda1' is set on object 'Object Repository/CITIZEN/Page_Registrasi  GetVaccine/input_Nama Lengkap_basic_fullname'

2022-07-19 16:12:37 - [MESSAGE][PASSED] - Text 'Harnanda1' is set on object 'Object Repository/CITIZEN/Page_Registrasi  GetVaccine/input_Nama Lengkap_basic_fullname'

2022-07-19 16:12:37 - [TEST_STEP][PASSED] - setText(findTestObject("CITIZEN/Page_Registrasi  GetVaccine/input_Email_basic_email"), findTestData("CITIZEN/Register").getValue(3, i)): Text 'harnanda@email.com' is set on object 'Object Repository/CITIZEN/Page_Registrasi  GetVaccine/input_Email_basic_email'

2022-07-19 16:12:38 - [MESSAGE][PASSED] - Text 'harnanda@email.com' is set on object 'Object Repository/CITIZEN/Page_Registrasi  GetVaccine/input_Email_basic_email'

2022-07-19 16:12:38 - [TEST_STEP][PASSED] - setText(findTestObject("CITIZEN/Page_Registrasi  GetVaccine/input_Password_basic_password"), findTestData("CITIZEN/Register").getValue(4, i)): Text 'Haha1234' is set on object 'Object Repository/CITIZEN/Page_Registrasi  GetVaccine/input_Password_basic_password'

2022-07-19 16:12:39 - [MESSAGE][PASSED] - Text 'Haha1234' is set on object 'Object Repository/CITIZEN/Page_Registrasi  GetVaccine/input_Password_basic_password'

2022-07-19 16:12:39 - [TEST_STEP][PASSED] - click(findTestObject("CITIZEN/Page_Login  GetVaccine/eye")): Object: 'Object Repository/CITIZEN/Page_Login  GetVaccine/eye' is clicked on

2022-07-19 16:12:39 - [MESSAGE][PASSED] - Object: 'Object Repository/CITIZEN/Page_Login  GetVaccine/eye' is clicked on

2022-07-19 16:12:39 - [TEST_STEP][PASSED] - setText(findTestObject("CITIZEN/Page_Registrasi  GetVaccine/input_Confirm Password_basic_confirmPassword"), findTestData("CITIZEN/Register").getValue(5, i)): Text 'Haha1234' is set on object 'Object Repository/CITIZEN/Page_Registrasi  GetVaccine/input_Confirm Password_basic_confirmPassword'

2022-07-19 16:12:40 - [MESSAGE][PASSED] - Text 'Haha1234' is set on object 'Object Repository/CITIZEN/Page_Registrasi  GetVaccine/input_Confirm Password_basic_confirmPassword'

2022-07-19 16:12:40 - [TEST_STEP][PASSED] - click(findTestObject("CITIZEN/Page_Login  GetVaccine/eye")): Object: 'Object Repository/CITIZEN/Page_Login  GetVaccine/eye' is clicked on

2022-07-19 16:12:41 - [MESSAGE][PASSED] - Object: 'Object Repository/CITIZEN/Page_Login  GetVaccine/eye' is clicked on

2022-07-19 16:12:41 - [TEST_STEP][PASSED] - click(findTestObject("CITIZEN/Page_Registrasi  GetVaccine/button_Register")): Object: 'Object Repository/CITIZEN/Page_Registrasi  GetVaccine/button_Register' is clicked on

2022-07-19 16:12:41 - [MESSAGE][PASSED] - Object: 'Object Repository/CITIZEN/Page_Registrasi  GetVaccine/button_Register' is clicked on

2022-07-19 16:12:41 - [TEST_STEP][PASSED] - if (i == 1): null

2022-07-19 16:12:41 - [TEST_STEP][PASSED] - else if (i == 2): null

2022-07-19 16:12:41 - [TEST_STEP][PASSED] - else if (i == 3): Object 'Object Repository/CITIZEN/Page_Registrasi  GetVaccine/div_Karakter yang diizinkan spasi, huruf ka_922eed' is visible

2022-07-19 16:12:41 - [TEST_STEP][PASSED] - verifyElementVisible(findTestObject("CITIZEN/Page_Registrasi  GetVaccine/div_Karakter yang diizinkan spasi, huruf ka_922eed"), CONTINUE_ON_FAILURE): Object 'Object Repository/CITIZEN/Page_Registrasi  GetVaccine/div_Karakter yang diizinkan spasi, huruf ka_922eed' is visible

2022-07-19 16:12:42 - [MESSAGE][PASSED] - Object 'Object Repository/CITIZEN/Page_Registrasi  GetVaccine/div_Karakter yang diizinkan spasi, huruf ka_922eed' is visible

2022-07-19 16:12:42 - [TEST_STEP][PASSED] - closeBrowser(): Browser is closed

2022-07-19 16:12:43 - [MESSAGE][PASSED] - Browser is closed

2022-07-19 16:12:43 - [TEST_STEP][PASSED] - openBrowser(""): Browser is opened with url: ''

2022-07-19 16:12:43 - [MESSAGE][INFO] - Starting 'Chrome' driver

2022-07-19 16:12:43 - [MESSAGE][INFO] - Action delay is set to 0 milliseconds

2022-07-19 16:12:44 - [MESSAGE][PASSED] - Browser is opened with url: ''

2022-07-19 16:12:44 - [TEST_STEP][PASSED] - maximizeWindow(): Current window maximized

2022-07-19 16:12:44 - [MESSAGE][PASSED] - Current window maximized

2022-07-19 16:12:44 - [TEST_STEP][PASSED] - navigateToUrl("https://dev-getvaccine-16.netlify.app/"): Navigate to 'https://dev-getvaccine-16.netlify.app/' successfully

2022-07-19 16:12:49 - [MESSAGE][PASSED] - Navigate to 'https://dev-getvaccine-16.netlify.app/' successfully

2022-07-19 16:12:49 - [TEST_STEP][PASSED] - click(findTestObject("CITIZEN/Page_Home  GetVaccine/a_Register")): Object: 'Object Repository/CITIZEN/Page_Home  GetVaccine/a_Register' is clicked on

2022-07-19 16:12:49 - [MESSAGE][PASSED] - Object: 'Object Repository/CITIZEN/Page_Home  GetVaccine/a_Register' is clicked on

2022-07-19 16:12:49 - [TEST_STEP][PASSED] - verifyElementVisible(findTestObject("CITIZEN/Page_Registrasi  GetVaccine/h2_Register")): Object 'Object Repository/CITIZEN/Page_Registrasi  GetVaccine/h2_Register' is visible

2022-07-19 16:12:50 - [MESSAGE][PASSED] - Object 'Object Repository/CITIZEN/Page_Registrasi  GetVaccine/h2_Register' is visible

2022-07-19 16:12:50 - [TEST_STEP][PASSED] - setText(findTestObject("CITIZEN/Page_Registrasi  GetVaccine/input_NIK_basic_nik"), findTestData("CITIZEN/Register").getValue(1, i)): Text '1234567890123456' is set on object 'Object Repository/CITIZEN/Page_Registrasi  GetVaccine/input_NIK_basic_nik'

2022-07-19 16:12:51 - [MESSAGE][PASSED] - Text '1234567890123456' is set on object 'Object Repository/CITIZEN/Page_Registrasi  GetVaccine/input_NIK_basic_nik'

2022-07-19 16:12:51 - [TEST_STEP][PASSED] - setText(findTestObject("CITIZEN/Page_Registrasi  GetVaccine/input_Nama Lengkap_basic_fullname"), findTestData("CITIZEN/Register").getValue(2, i)): Text 'Harnanda' is set on object 'Object Repository/CITIZEN/Page_Registrasi  GetVaccine/input_Nama Lengkap_basic_fullname'

2022-07-19 16:12:52 - [MESSAGE][PASSED] - Text 'Harnanda' is set on object 'Object Repository/CITIZEN/Page_Registrasi  GetVaccine/input_Nama Lengkap_basic_fullname'

2022-07-19 16:12:52 - [TEST_STEP][PASSED] - setText(findTestObject("CITIZEN/Page_Registrasi  GetVaccine/input_Email_basic_email"), findTestData("CITIZEN/Register").getValue(3, i)): Text 'harnanda' is set on object 'Object Repository/CITIZEN/Page_Registrasi  GetVaccine/input_Email_basic_email'

2022-07-19 16:12:53 - [MESSAGE][PASSED] - Text 'harnanda' is set on object 'Object Repository/CITIZEN/Page_Registrasi  GetVaccine/input_Email_basic_email'

2022-07-19 16:12:53 - [TEST_STEP][PASSED] - setText(findTestObject("CITIZEN/Page_Registrasi  GetVaccine/input_Password_basic_password"), findTestData("CITIZEN/Register").getValue(4, i)): Text 'Haha1234' is set on object 'Object Repository/CITIZEN/Page_Registrasi  GetVaccine/input_Password_basic_password'

2022-07-19 16:12:53 - [MESSAGE][PASSED] - Text 'Haha1234' is set on object 'Object Repository/CITIZEN/Page_Registrasi  GetVaccine/input_Password_basic_password'

2022-07-19 16:12:53 - [TEST_STEP][PASSED] - click(findTestObject("CITIZEN/Page_Login  GetVaccine/eye")): Object: 'Object Repository/CITIZEN/Page_Login  GetVaccine/eye' is clicked on

2022-07-19 16:12:54 - [MESSAGE][PASSED] - Object: 'Object Repository/CITIZEN/Page_Login  GetVaccine/eye' is clicked on

2022-07-19 16:12:54 - [TEST_STEP][PASSED] - setText(findTestObject("CITIZEN/Page_Registrasi  GetVaccine/input_Confirm Password_basic_confirmPassword"), findTestData("CITIZEN/Register").getValue(5, i)): Text 'Haha1234' is set on object 'Object Repository/CITIZEN/Page_Registrasi  GetVaccine/input_Confirm Password_basic_confirmPassword'

2022-07-19 16:12:55 - [MESSAGE][PASSED] - Text 'Haha1234' is set on object 'Object Repository/CITIZEN/Page_Registrasi  GetVaccine/input_Confirm Password_basic_confirmPassword'

2022-07-19 16:12:55 - [TEST_STEP][PASSED] - click(findTestObject("CITIZEN/Page_Login  GetVaccine/eye")): Object: 'Object Repository/CITIZEN/Page_Login  GetVaccine/eye' is clicked on

2022-07-19 16:12:56 - [MESSAGE][PASSED] - Object: 'Object Repository/CITIZEN/Page_Login  GetVaccine/eye' is clicked on

2022-07-19 16:12:56 - [TEST_STEP][PASSED] - click(findTestObject("CITIZEN/Page_Registrasi  GetVaccine/button_Register")): Object: 'Object Repository/CITIZEN/Page_Registrasi  GetVaccine/button_Register' is clicked on

2022-07-19 16:12:56 - [MESSAGE][PASSED] - Object: 'Object Repository/CITIZEN/Page_Registrasi  GetVaccine/button_Register' is clicked on

2022-07-19 16:12:56 - [TEST_STEP][PASSED] - if (i == 1): null

2022-07-19 16:12:56 - [TEST_STEP][PASSED] - else if (i == 2): null

2022-07-19 16:12:56 - [TEST_STEP][PASSED] - else if (i == 3): null

2022-07-19 16:12:56 - [TEST_STEP][PASSED] - else if (i == 4): Object 'Object Repository/CITIZEN/Page_Registrasi  GetVaccine/div_Format Email tidak valid' is visible

2022-07-19 16:12:56 - [TEST_STEP][PASSED] - verifyElementVisible(findTestObject("CITIZEN/Page_Registrasi  GetVaccine/div_Format Email tidak valid"), CONTINUE_ON_FAILURE): Object 'Object Repository/CITIZEN/Page_Registrasi  GetVaccine/div_Format Email tidak valid' is visible

2022-07-19 16:12:57 - [MESSAGE][PASSED] - Object 'Object Repository/CITIZEN/Page_Registrasi  GetVaccine/div_Format Email tidak valid' is visible

2022-07-19 16:12:57 - [TEST_STEP][PASSED] - closeBrowser(): Browser is closed

2022-07-19 16:12:58 - [MESSAGE][PASSED] - Browser is closed

2022-07-19 16:12:58 - [TEST_STEP][PASSED] - openBrowser(""): Browser is opened with url: ''

2022-07-19 16:12:58 - [MESSAGE][INFO] - Starting 'Chrome' driver

2022-07-19 16:12:58 - [MESSAGE][INFO] - Action delay is set to 0 milliseconds

2022-07-19 16:12:59 - [MESSAGE][PASSED] - Browser is opened with url: ''

2022-07-19 16:12:59 - [TEST_STEP][PASSED] - maximizeWindow(): Current window maximized

2022-07-19 16:12:59 - [MESSAGE][PASSED] - Current window maximized

2022-07-19 16:12:59 - [TEST_STEP][PASSED] - navigateToUrl("https://dev-getvaccine-16.netlify.app/"): Navigate to 'https://dev-getvaccine-16.netlify.app/' successfully

2022-07-19 16:13:11 - [MESSAGE][PASSED] - Navigate to 'https://dev-getvaccine-16.netlify.app/' successfully

2022-07-19 16:13:11 - [TEST_STEP][PASSED] - click(findTestObject("CITIZEN/Page_Home  GetVaccine/a_Register")): Object: 'Object Repository/CITIZEN/Page_Home  GetVaccine/a_Register' is clicked on

2022-07-19 16:13:12 - [MESSAGE][PASSED] - Object: 'Object Repository/CITIZEN/Page_Home  GetVaccine/a_Register' is clicked on

2022-07-19 16:13:12 - [TEST_STEP][PASSED] - verifyElementVisible(findTestObject("CITIZEN/Page_Registrasi  GetVaccine/h2_Register")): Object 'Object Repository/CITIZEN/Page_Registrasi  GetVaccine/h2_Register' is visible

2022-07-19 16:13:12 - [MESSAGE][PASSED] - Object 'Object Repository/CITIZEN/Page_Registrasi  GetVaccine/h2_Register' is visible

2022-07-19 16:13:12 - [TEST_STEP][PASSED] - setText(findTestObject("CITIZEN/Page_Registrasi  GetVaccine/input_NIK_basic_nik"), findTestData("CITIZEN/Register").getValue(1, i)): Text '1234567890123456' is set on object 'Object Repository/CITIZEN/Page_Registrasi  GetVaccine/input_NIK_basic_nik'

2022-07-19 16:13:13 - [MESSAGE][PASSED] - Text '1234567890123456' is set on object 'Object Repository/CITIZEN/Page_Registrasi  GetVaccine/input_NIK_basic_nik'

2022-07-19 16:13:13 - [TEST_STEP][PASSED] - setText(findTestObject("CITIZEN/Page_Registrasi  GetVaccine/input_Nama Lengkap_basic_fullname"), findTestData("CITIZEN/Register").getValue(2, i)): Text 'Harnanda' is set on object 'Object Repository/CITIZEN/Page_Registrasi  GetVaccine/input_Nama Lengkap_basic_fullname'

2022-07-19 16:13:14 - [MESSAGE][PASSED] - Text 'Harnanda' is set on object 'Object Repository/CITIZEN/Page_Registrasi  GetVaccine/input_Nama Lengkap_basic_fullname'

2022-07-19 16:13:14 - [TEST_STEP][PASSED] - setText(findTestObject("CITIZEN/Page_Registrasi  GetVaccine/input_Email_basic_email"), findTestData("CITIZEN/Register").getValue(3, i)): Text 'harnanda@email.com' is set on object 'Object Repository/CITIZEN/Page_Registrasi  GetVaccine/input_Email_basic_email'

2022-07-19 16:13:15 - [MESSAGE][PASSED] - Text 'harnanda@email.com' is set on object 'Object Repository/CITIZEN/Page_Registrasi  GetVaccine/input_Email_basic_email'

2022-07-19 16:13:15 - [TEST_STEP][PASSED] - setText(findTestObject("CITIZEN/Page_Registrasi  GetVaccine/input_Password_basic_password"), findTestData("CITIZEN/Register").getValue(4, i)): Text 'haha123' is set on object 'Object Repository/CITIZEN/Page_Registrasi  GetVaccine/input_Password_basic_password'

2022-07-19 16:13:16 - [MESSAGE][PASSED] - Text 'haha123' is set on object 'Object Repository/CITIZEN/Page_Registrasi  GetVaccine/input_Password_basic_password'

2022-07-19 16:13:16 - [TEST_STEP][PASSED] - click(findTestObject("CITIZEN/Page_Login  GetVaccine/eye")): Object: 'Object Repository/CITIZEN/Page_Login  GetVaccine/eye' is clicked on

2022-07-19 16:13:17 - [MESSAGE][PASSED] - Object: 'Object Repository/CITIZEN/Page_Login  GetVaccine/eye' is clicked on

2022-07-19 16:13:17 - [TEST_STEP][PASSED] - setText(findTestObject("CITIZEN/Page_Registrasi  GetVaccine/input_Confirm Password_basic_confirmPassword"), findTestData("CITIZEN/Register").getValue(5, i)): Text 'Haha1234' is set on object 'Object Repository/CITIZEN/Page_Registrasi  GetVaccine/input_Confirm Password_basic_confirmPassword'

2022-07-19 16:13:18 - [MESSAGE][PASSED] - Text 'Haha1234' is set on object 'Object Repository/CITIZEN/Page_Registrasi  GetVaccine/input_Confirm Password_basic_confirmPassword'

2022-07-19 16:13:18 - [TEST_STEP][PASSED] - click(findTestObject("CITIZEN/Page_Login  GetVaccine/eye")): Object: 'Object Repository/CITIZEN/Page_Login  GetVaccine/eye' is clicked on

2022-07-19 16:13:19 - [MESSAGE][PASSED] - Object: 'Object Repository/CITIZEN/Page_Login  GetVaccine/eye' is clicked on

2022-07-19 16:13:19 - [TEST_STEP][PASSED] - click(findTestObject("CITIZEN/Page_Registrasi  GetVaccine/button_Register")): Object: 'Object Repository/CITIZEN/Page_Registrasi  GetVaccine/button_Register' is clicked on

2022-07-19 16:13:19 - [MESSAGE][PASSED] - Object: 'Object Repository/CITIZEN/Page_Registrasi  GetVaccine/button_Register' is clicked on

2022-07-19 16:13:19 - [TEST_STEP][PASSED] - if (i == 1): null

2022-07-19 16:13:19 - [TEST_STEP][PASSED] - else if (i == 2): null

2022-07-19 16:13:19 - [TEST_STEP][PASSED] - else if (i == 3): null

2022-07-19 16:13:19 - [TEST_STEP][PASSED] - else if (i == 4): null

2022-07-19 16:13:19 - [TEST_STEP][PASSED] - else if (i == 5): Object 'Object Repository/CITIZEN/Page_Registrasi  GetVaccine/div_Password yang dimasukkan tidak sama den_ea25f1' is visible

2022-07-19 16:13:19 - [TEST_STEP][PASSED] - verifyElementVisible(findTestObject("CITIZEN/Page_Registrasi  GetVaccine/div_Password harus berupa kombinasi huruf b_9d7790"), CONTINUE_ON_FAILURE): Object 'Object Repository/CITIZEN/Page_Registrasi  GetVaccine/div_Password harus berupa kombinasi huruf b_9d7790' is visible

2022-07-19 16:13:20 - [MESSAGE][PASSED] - Object 'Object Repository/CITIZEN/Page_Registrasi  GetVaccine/div_Password harus berupa kombinasi huruf b_9d7790' is visible

2022-07-19 16:13:20 - [TEST_STEP][PASSED] - verifyElementVisible(findTestObject("CITIZEN/Page_Registrasi  GetVaccine/div_Password minimal 8 karakter"), CONTINUE_ON_FAILURE): Object 'Object Repository/CITIZEN/Page_Registrasi  GetVaccine/div_Password minimal 8 karakter' is visible

2022-07-19 16:13:20 - [MESSAGE][PASSED] - Object 'Object Repository/CITIZEN/Page_Registrasi  GetVaccine/div_Password minimal 8 karakter' is visible

2022-07-19 16:13:20 - [TEST_STEP][PASSED] - verifyElementVisible(findTestObject("CITIZEN/Page_Registrasi  GetVaccine/div_Password yang dimasukkan tidak sama den_ea25f1"), CONTINUE_ON_FAILURE): Object 'Object Repository/CITIZEN/Page_Registrasi  GetVaccine/div_Password yang dimasukkan tidak sama den_ea25f1' is visible

2022-07-19 16:13:21 - [MESSAGE][PASSED] - Object 'Object Repository/CITIZEN/Page_Registrasi  GetVaccine/div_Password yang dimasukkan tidak sama den_ea25f1' is visible

2022-07-19 16:13:21 - [TEST_STEP][PASSED] - closeBrowser(): Browser is closed

2022-07-19 16:13:21 - [MESSAGE][PASSED] - Browser is closed

2022-07-19 16:13:21 - [TEST_STEP][PASSED] - openBrowser(""): Browser is opened with url: ''

2022-07-19 16:13:21 - [MESSAGE][INFO] - Starting 'Chrome' driver

2022-07-19 16:13:21 - [MESSAGE][INFO] - Action delay is set to 0 milliseconds

2022-07-19 16:13:23 - [MESSAGE][PASSED] - Browser is opened with url: ''

2022-07-19 16:13:23 - [TEST_STEP][PASSED] - maximizeWindow(): Current window maximized

2022-07-19 16:13:23 - [MESSAGE][PASSED] - Current window maximized

2022-07-19 16:13:23 - [TEST_STEP][PASSED] - navigateToUrl("https://dev-getvaccine-16.netlify.app/"): Navigate to 'https://dev-getvaccine-16.netlify.app/' successfully

2022-07-19 16:13:31 - [MESSAGE][PASSED] - Navigate to 'https://dev-getvaccine-16.netlify.app/' successfully

2022-07-19 16:13:31 - [TEST_STEP][PASSED] - click(findTestObject("CITIZEN/Page_Home  GetVaccine/a_Register")): Object: 'Object Repository/CITIZEN/Page_Home  GetVaccine/a_Register' is clicked on

2022-07-19 16:13:31 - [MESSAGE][PASSED] - Object: 'Object Repository/CITIZEN/Page_Home  GetVaccine/a_Register' is clicked on

2022-07-19 16:13:31 - [TEST_STEP][PASSED] - verifyElementVisible(findTestObject("CITIZEN/Page_Registrasi  GetVaccine/h2_Register")): Object 'Object Repository/CITIZEN/Page_Registrasi  GetVaccine/h2_Register' is visible

2022-07-19 16:13:32 - [MESSAGE][PASSED] - Object 'Object Repository/CITIZEN/Page_Registrasi  GetVaccine/h2_Register' is visible

2022-07-19 16:13:32 - [TEST_STEP][PASSED] - setText(findTestObject("CITIZEN/Page_Registrasi  GetVaccine/input_NIK_basic_nik"), findTestData("CITIZEN/Register").getValue(1, i)): Text '' is set on object 'Object Repository/CITIZEN/Page_Registrasi  GetVaccine/input_NIK_basic_nik'

2022-07-19 16:13:33 - [MESSAGE][PASSED] - Text '' is set on object 'Object Repository/CITIZEN/Page_Registrasi  GetVaccine/input_NIK_basic_nik'

2022-07-19 16:13:33 - [TEST_STEP][PASSED] - setText(findTestObject("CITIZEN/Page_Registrasi  GetVaccine/input_Nama Lengkap_basic_fullname"), findTestData("CITIZEN/Register").getValue(2, i)): Text 'Harnanda' is set on object 'Object Repository/CITIZEN/Page_Registrasi  GetVaccine/input_Nama Lengkap_basic_fullname'

2022-07-19 16:13:34 - [MESSAGE][PASSED] - Text 'Harnanda' is set on object 'Object Repository/CITIZEN/Page_Registrasi  GetVaccine/input_Nama Lengkap_basic_fullname'

2022-07-19 16:13:34 - [TEST_STEP][PASSED] - setText(findTestObject("CITIZEN/Page_Registrasi  GetVaccine/input_Email_basic_email"), findTestData("CITIZEN/Register").getValue(3, i)): Text 'harnanda@email.com' is set on object 'Object Repository/CITIZEN/Page_Registrasi  GetVaccine/input_Email_basic_email'

2022-07-19 16:13:35 - [MESSAGE][PASSED] - Text 'harnanda@email.com' is set on object 'Object Repository/CITIZEN/Page_Registrasi  GetVaccine/input_Email_basic_email'

2022-07-19 16:13:35 - [TEST_STEP][PASSED] - setText(findTestObject("CITIZEN/Page_Registrasi  GetVaccine/input_Password_basic_password"), findTestData("CITIZEN/Register").getValue(4, i)): Text 'Haha1234' is set on object 'Object Repository/CITIZEN/Page_Registrasi  GetVaccine/input_Password_basic_password'

2022-07-19 16:13:36 - [MESSAGE][PASSED] - Text 'Haha1234' is set on object 'Object Repository/CITIZEN/Page_Registrasi  GetVaccine/input_Password_basic_password'

2022-07-19 16:13:36 - [TEST_STEP][PASSED] - click(findTestObject("CITIZEN/Page_Login  GetVaccine/eye")): Object: 'Object Repository/CITIZEN/Page_Login  GetVaccine/eye' is clicked on

2022-07-19 16:13:36 - [MESSAGE][PASSED] - Object: 'Object Repository/CITIZEN/Page_Login  GetVaccine/eye' is clicked on

2022-07-19 16:13:36 - [TEST_STEP][PASSED] - setText(findTestObject("CITIZEN/Page_Registrasi  GetVaccine/input_Confirm Password_basic_confirmPassword"), findTestData("CITIZEN/Register").getValue(5, i)): Text 'Haha1234' is set on object 'Object Repository/CITIZEN/Page_Registrasi  GetVaccine/input_Confirm Password_basic_confirmPassword'

2022-07-19 16:13:37 - [MESSAGE][PASSED] - Text 'Haha1234' is set on object 'Object Repository/CITIZEN/Page_Registrasi  GetVaccine/input_Confirm Password_basic_confirmPassword'

2022-07-19 16:13:37 - [TEST_STEP][PASSED] - click(findTestObject("CITIZEN/Page_Login  GetVaccine/eye")): Object: 'Object Repository/CITIZEN/Page_Login  GetVaccine/eye' is clicked on

2022-07-19 16:13:38 - [MESSAGE][PASSED] - Object: 'Object Repository/CITIZEN/Page_Login  GetVaccine/eye' is clicked on

2022-07-19 16:13:38 - [TEST_STEP][PASSED] - click(findTestObject("CITIZEN/Page_Registrasi  GetVaccine/button_Register")): Object: 'Object Repository/CITIZEN/Page_Registrasi  GetVaccine/button_Register' is clicked on

2022-07-19 16:13:38 - [MESSAGE][PASSED] - Object: 'Object Repository/CITIZEN/Page_Registrasi  GetVaccine/button_Register' is clicked on

2022-07-19 16:13:38 - [TEST_STEP][PASSED] - if (i == 1): null

2022-07-19 16:13:38 - [TEST_STEP][PASSED] - else if (i == 2): null

2022-07-19 16:13:38 - [TEST_STEP][PASSED] - else if (i == 3): null

2022-07-19 16:13:38 - [TEST_STEP][PASSED] - else if (i == 4): null

2022-07-19 16:13:38 - [TEST_STEP][PASSED] - else if (i == 5): null

2022-07-19 16:13:38 - [TEST_STEP][PASSED] - else: Object 'Object Repository/CITIZEN/Page_Registrasi  GetVaccine/div_NIK Tidak Boleh Kosong' is visible

2022-07-19 16:13:38 - [TEST_STEP][PASSED] - verifyElementVisible(findTestObject("CITIZEN/Page_Registrasi  GetVaccine/div_NIK Tidak Boleh Kosong"), CONTINUE_ON_FAILURE): Object 'Object Repository/CITIZEN/Page_Registrasi  GetVaccine/div_NIK Tidak Boleh Kosong' is visible

2022-07-19 16:13:39 - [MESSAGE][PASSED] - Object 'Object Repository/CITIZEN/Page_Registrasi  GetVaccine/div_NIK Tidak Boleh Kosong' is visible

2022-07-19 16:13:39 - [TEST_STEP][PASSED] - closeBrowser(): Browser is closed

2022-07-19 16:13:40 - [MESSAGE][PASSED] - Browser is closed

2022-07-19 16:13:40 - [TEST_STEP][PASSED] - for ([i = 7, i <= 9, (i++)]): Browser is closed

2022-07-19 16:13:40 - [TEST_STEP][PASSED] - openBrowser(""): Browser is opened with url: ''

2022-07-19 16:13:40 - [MESSAGE][INFO] - Starting 'Chrome' driver

2022-07-19 16:13:40 - [MESSAGE][INFO] - Action delay is set to 0 milliseconds

2022-07-19 16:13:41 - [MESSAGE][PASSED] - Browser is opened with url: ''

2022-07-19 16:13:41 - [TEST_STEP][PASSED] - maximizeWindow(): Current window maximized

2022-07-19 16:13:42 - [MESSAGE][PASSED] - Current window maximized

2022-07-19 16:13:42 - [TEST_STEP][PASSED] - navigateToUrl("https://dev-getvaccine-16.netlify.app/"): Navigate to 'https://dev-getvaccine-16.netlify.app/' successfully

2022-07-19 16:14:05 - [MESSAGE][PASSED] - Navigate to 'https://dev-getvaccine-16.netlify.app/' successfully

2022-07-19 16:14:05 - [TEST_STEP][PASSED] - click(findTestObject("CITIZEN/Page_Home  GetVaccine/a_Register")): Object: 'Object Repository/CITIZEN/Page_Home  GetVaccine/a_Register' is clicked on

2022-07-19 16:14:06 - [MESSAGE][PASSED] - Object: 'Object Repository/CITIZEN/Page_Home  GetVaccine/a_Register' is clicked on

2022-07-19 16:14:06 - [TEST_STEP][PASSED] - verifyElementVisible(findTestObject("CITIZEN/Page_Registrasi  GetVaccine/h2_Register")): Object 'Object Repository/CITIZEN/Page_Registrasi  GetVaccine/h2_Register' is visible

2022-07-19 16:14:07 - [MESSAGE][PASSED] - Object 'Object Repository/CITIZEN/Page_Registrasi  GetVaccine/h2_Register' is visible

2022-07-19 16:14:07 - [TEST_STEP][PASSED] - setText(findTestObject("CITIZEN/Page_Registrasi  GetVaccine/input_NIK_basic_nik"), findTestData("CITIZEN/Register").getValue(1, i)): Text '' is set on object 'Object Repository/CITIZEN/Page_Registrasi  GetVaccine/input_NIK_basic_nik'

2022-07-19 16:14:07 - [MESSAGE][PASSED] - Text '' is set on object 'Object Repository/CITIZEN/Page_Registrasi  GetVaccine/input_NIK_basic_nik'

2022-07-19 16:14:07 - [TEST_STEP][PASSED] - setText(findTestObject("CITIZEN/Page_Registrasi  GetVaccine/input_Nama Lengkap_basic_fullname"), findTestData("CITIZEN/Register").getValue(2, i)): Text '' is set on object 'Object Repository/CITIZEN/Page_Registrasi  GetVaccine/input_Nama Lengkap_basic_fullname'

2022-07-19 16:14:08 - [MESSAGE][PASSED] - Text '' is set on object 'Object Repository/CITIZEN/Page_Registrasi  GetVaccine/input_Nama Lengkap_basic_fullname'

2022-07-19 16:14:08 - [TEST_STEP][PASSED] - setText(findTestObject("CITIZEN/Page_Registrasi  GetVaccine/input_Email_basic_email"), findTestData("CITIZEN/Register").getValue(3, i)): Text '' is set on object 'Object Repository/CITIZEN/Page_Registrasi  GetVaccine/input_Email_basic_email'

2022-07-19 16:14:09 - [MESSAGE][PASSED] - Text '' is set on object 'Object Repository/CITIZEN/Page_Registrasi  GetVaccine/input_Email_basic_email'

2022-07-19 16:14:09 - [TEST_STEP][PASSED] - setText(findTestObject("CITIZEN/Page_Registrasi  GetVaccine/input_Password_basic_password"), findTestData("CITIZEN/Register").getValue(4, i)): Text '' is set on object 'Object Repository/CITIZEN/Page_Registrasi  GetVaccine/input_Password_basic_password'

2022-07-19 16:14:10 - [MESSAGE][PASSED] - Text '' is set on object 'Object Repository/CITIZEN/Page_Registrasi  GetVaccine/input_Password_basic_password'

2022-07-19 16:14:10 - [TEST_STEP][PASSED] - setText(findTestObject("CITIZEN/Page_Registrasi  GetVaccine/input_Confirm Password_basic_confirmPassword"), findTestData("CITIZEN/Register").getValue(5, i)): Text '' is set on object 'Object Repository/CITIZEN/Page_Registrasi  GetVaccine/input_Confirm Password_basic_confirmPassword'

2022-07-19 16:14:11 - [MESSAGE][PASSED] - Text '' is set on object 'Object Repository/CITIZEN/Page_Registrasi  GetVaccine/input_Confirm Password_basic_confirmPassword'

2022-07-19 16:14:11 - [TEST_STEP][PASSED] - click(findTestObject("CITIZEN/Page_Registrasi  GetVaccine/button_Register")): Object: 'Object Repository/CITIZEN/Page_Registrasi  GetVaccine/button_Register' is clicked on

2022-07-19 16:14:11 - [MESSAGE][PASSED] - Object: 'Object Repository/CITIZEN/Page_Registrasi  GetVaccine/button_Register' is clicked on

2022-07-19 16:14:11 - [TEST_STEP][PASSED] - if (i == 7): Object 'Object Repository/CITIZEN/Page_Registrasi  GetVaccine/alert blank field' is visible

2022-07-19 16:14:11 - [TEST_STEP][PASSED] - verifyElementVisible(findTestObject("CITIZEN/Page_Registrasi  GetVaccine/alert blank field"), CONTINUE_ON_FAILURE): Object 'Object Repository/CITIZEN/Page_Registrasi  GetVaccine/alert blank field' is visible

2022-07-19 16:14:12 - [MESSAGE][PASSED] - Object 'Object Repository/CITIZEN/Page_Registrasi  GetVaccine/alert blank field' is visible

2022-07-19 16:14:12 - [TEST_STEP][PASSED] - closeBrowser(): Browser is closed

2022-07-19 16:14:13 - [MESSAGE][PASSED] - Browser is closed

2022-07-19 16:14:13 - [TEST_STEP][PASSED] - openBrowser(""): Browser is opened with url: ''

2022-07-19 16:14:13 - [MESSAGE][INFO] - Starting 'Chrome' driver

2022-07-19 16:14:13 - [MESSAGE][INFO] - Action delay is set to 0 milliseconds

2022-07-19 16:14:15 - [MESSAGE][PASSED] - Browser is opened with url: ''

2022-07-19 16:14:15 - [TEST_STEP][PASSED] - maximizeWindow(): Current window maximized

2022-07-19 16:14:15 - [MESSAGE][PASSED] - Current window maximized

2022-07-19 16:14:15 - [TEST_STEP][PASSED] - navigateToUrl("https://dev-getvaccine-16.netlify.app/"): Navigate to 'https://dev-getvaccine-16.netlify.app/' successfully

2022-07-19 16:14:39 - [MESSAGE][PASSED] - Navigate to 'https://dev-getvaccine-16.netlify.app/' successfully

2022-07-19 16:14:39 - [TEST_STEP][PASSED] - click(findTestObject("CITIZEN/Page_Home  GetVaccine/a_Register")): Object: 'Object Repository/CITIZEN/Page_Home  GetVaccine/a_Register' is clicked on

2022-07-19 16:14:39 - [MESSAGE][PASSED] - Object: 'Object Repository/CITIZEN/Page_Home  GetVaccine/a_Register' is clicked on

2022-07-19 16:14:39 - [TEST_STEP][PASSED] - verifyElementVisible(findTestObject("CITIZEN/Page_Registrasi  GetVaccine/h2_Register")): Object 'Object Repository/CITIZEN/Page_Registrasi  GetVaccine/h2_Register' is visible

2022-07-19 16:14:40 - [MESSAGE][PASSED] - Object 'Object Repository/CITIZEN/Page_Registrasi  GetVaccine/h2_Register' is visible

2022-07-19 16:14:40 - [TEST_STEP][PASSED] - setText(findTestObject("CITIZEN/Page_Registrasi  GetVaccine/input_NIK_basic_nik"), findTestData("CITIZEN/Register").getValue(1, i)): Text '1234567890123456' is set on object 'Object Repository/CITIZEN/Page_Registrasi  GetVaccine/input_NIK_basic_nik'

2022-07-19 16:14:41 - [MESSAGE][PASSED] - Text '1234567890123456' is set on object 'Object Repository/CITIZEN/Page_Registrasi  GetVaccine/input_NIK_basic_nik'

2022-07-19 16:14:41 - [TEST_STEP][PASSED] - setText(findTestObject("CITIZEN/Page_Registrasi  GetVaccine/input_Nama Lengkap_basic_fullname"), findTestData("CITIZEN/Register").getValue(2, i)): Text 'Harnanda' is set on object 'Object Repository/CITIZEN/Page_Registrasi  GetVaccine/input_Nama Lengkap_basic_fullname'

2022-07-19 16:14:42 - [MESSAGE][PASSED] - Text 'Harnanda' is set on object 'Object Repository/CITIZEN/Page_Registrasi  GetVaccine/input_Nama Lengkap_basic_fullname'

2022-07-19 16:14:42 - [TEST_STEP][PASSED] - setText(findTestObject("CITIZEN/Page_Registrasi  GetVaccine/input_Email_basic_email"), findTestData("CITIZEN/Register").getValue(3, i)): Text 'harnanda@email.com' is set on object 'Object Repository/CITIZEN/Page_Registrasi  GetVaccine/input_Email_basic_email'

2022-07-19 16:14:43 - [MESSAGE][PASSED] - Text 'harnanda@email.com' is set on object 'Object Repository/CITIZEN/Page_Registrasi  GetVaccine/input_Email_basic_email'

2022-07-19 16:14:43 - [TEST_STEP][PASSED] - setText(findTestObject("CITIZEN/Page_Registrasi  GetVaccine/input_Password_basic_password"), findTestData("CITIZEN/Register").getValue(4, i)): Text 'Haha1234' is set on object 'Object Repository/CITIZEN/Page_Registrasi  GetVaccine/input_Password_basic_password'

2022-07-19 16:14:44 - [MESSAGE][PASSED] - Text 'Haha1234' is set on object 'Object Repository/CITIZEN/Page_Registrasi  GetVaccine/input_Password_basic_password'

2022-07-19 16:14:44 - [TEST_STEP][PASSED] - setText(findTestObject("CITIZEN/Page_Registrasi  GetVaccine/input_Confirm Password_basic_confirmPassword"), findTestData("CITIZEN/Register").getValue(5, i)): Text 'Haha1234' is set on object 'Object Repository/CITIZEN/Page_Registrasi  GetVaccine/input_Confirm Password_basic_confirmPassword'

2022-07-19 16:14:45 - [MESSAGE][PASSED] - Text 'Haha1234' is set on object 'Object Repository/CITIZEN/Page_Registrasi  GetVaccine/input_Confirm Password_basic_confirmPassword'

2022-07-19 16:14:45 - [TEST_STEP][PASSED] - click(findTestObject("CITIZEN/Page_Registrasi  GetVaccine/button_Register")): Object: 'Object Repository/CITIZEN/Page_Registrasi  GetVaccine/button_Register' is clicked on

2022-07-19 16:14:46 - [MESSAGE][PASSED] - Object: 'Object Repository/CITIZEN/Page_Registrasi  GetVaccine/button_Register' is clicked on

2022-07-19 16:14:46 - [TEST_STEP][PASSED] - if (i == 7): null

2022-07-19 16:14:46 - [TEST_STEP][PASSED] - else if (i == 8): Object 'Object Repository/CITIZEN/Page_Registrasi  GetVaccine/nik exist' is visible

2022-07-19 16:14:46 - [TEST_STEP][PASSED] - verifyElementVisible(findTestObject("CITIZEN/Page_Registrasi  GetVaccine/nik exist"), CONTINUE_ON_FAILURE): Object 'Object Repository/CITIZEN/Page_Registrasi  GetVaccine/nik exist' is visible

2022-07-19 16:15:16 - [MESSAGE][PASSED] - Object 'Object Repository/CITIZEN/Page_Registrasi  GetVaccine/nik exist' is visible

2022-07-19 16:15:16 - [TEST_STEP][PASSED] - closeBrowser(): Browser is closed

2022-07-19 16:15:17 - [MESSAGE][PASSED] - Browser is closed

2022-07-19 16:15:17 - [TEST_STEP][PASSED] - openBrowser(""): Browser is opened with url: ''

2022-07-19 16:15:17 - [MESSAGE][INFO] - Starting 'Chrome' driver

2022-07-19 16:15:17 - [MESSAGE][INFO] - Action delay is set to 0 milliseconds

2022-07-19 16:15:19 - [MESSAGE][PASSED] - Browser is opened with url: ''

2022-07-19 16:15:19 - [TEST_STEP][PASSED] - maximizeWindow(): Current window maximized

2022-07-19 16:15:19 - [MESSAGE][PASSED] - Current window maximized

2022-07-19 16:15:19 - [TEST_STEP][PASSED] - navigateToUrl("https://dev-getvaccine-16.netlify.app/"): Navigate to 'https://dev-getvaccine-16.netlify.app/' successfully

2022-07-19 16:16:25 - [MESSAGE][PASSED] - Navigate to 'https://dev-getvaccine-16.netlify.app/' successfully

2022-07-19 16:16:25 - [TEST_STEP][PASSED] - click(findTestObject("CITIZEN/Page_Home  GetVaccine/a_Register")): Object: 'Object Repository/CITIZEN/Page_Home  GetVaccine/a_Register' is clicked on

2022-07-19 16:16:26 - [MESSAGE][PASSED] - Object: 'Object Repository/CITIZEN/Page_Home  GetVaccine/a_Register' is clicked on

2022-07-19 16:16:26 - [TEST_STEP][PASSED] - verifyElementVisible(findTestObject("CITIZEN/Page_Registrasi  GetVaccine/h2_Register")): Object 'Object Repository/CITIZEN/Page_Registrasi  GetVaccine/h2_Register' is visible

2022-07-19 16:16:27 - [MESSAGE][PASSED] - Object 'Object Repository/CITIZEN/Page_Registrasi  GetVaccine/h2_Register' is visible

2022-07-19 16:16:27 - [TEST_STEP][PASSED] - setText(findTestObject("CITIZEN/Page_Registrasi  GetVaccine/input_NIK_basic_nik"), findTestData("CITIZEN/Register").getValue(1, i)): Text '1234567890123456' is set on object 'Object Repository/CITIZEN/Page_Registrasi  GetVaccine/input_NIK_basic_nik'

2022-07-19 16:16:28 - [MESSAGE][PASSED] - Text '1234567890123456' is set on object 'Object Repository/CITIZEN/Page_Registrasi  GetVaccine/input_NIK_basic_nik'

2022-07-19 16:16:28 - [TEST_STEP][PASSED] - setText(findTestObject("CITIZEN/Page_Registrasi  GetVaccine/input_Nama Lengkap_basic_fullname"), findTestData("CITIZEN/Register").getValue(2, i)): Text 'Embun' is set on object 'Object Repository/CITIZEN/Page_Registrasi  GetVaccine/input_Nama Lengkap_basic_fullname'

2022-07-19 16:16:29 - [MESSAGE][PASSED] - Text 'Embun' is set on object 'Object Repository/CITIZEN/Page_Registrasi  GetVaccine/input_Nama Lengkap_basic_fullname'

2022-07-19 16:16:29 - [TEST_STEP][PASSED] - setText(findTestObject("CITIZEN/Page_Registrasi  GetVaccine/input_Email_basic_email"), findTestData("CITIZEN/Register").getValue(3, i)): Text 'regitae@email.com' is set on object 'Object Repository/CITIZEN/Page_Registrasi  GetVaccine/input_Email_basic_email'

2022-07-19 16:16:30 - [MESSAGE][PASSED] - Text 'regitae@email.com' is set on object 'Object Repository/CITIZEN/Page_Registrasi  GetVaccine/input_Email_basic_email'

2022-07-19 16:16:30 - [TEST_STEP][PASSED] - setText(findTestObject("CITIZEN/Page_Registrasi  GetVaccine/input_Password_basic_password"), findTestData("CITIZEN/Register").getValue(4, i)): Text 'Regita1234' is set on object 'Object Repository/CITIZEN/Page_Registrasi  GetVaccine/input_Password_basic_password'

2022-07-19 16:16:31 - [MESSAGE][PASSED] - Text 'Regita1234' is set on object 'Object Repository/CITIZEN/Page_Registrasi  GetVaccine/input_Password_basic_password'

2022-07-19 16:16:31 - [TEST_STEP][PASSED] - setText(findTestObject("CITIZEN/Page_Registrasi  GetVaccine/input_Confirm Password_basic_confirmPassword"), findTestData("CITIZEN/Register").getValue(5, i)): Text 'Regita1234' is set on object 'Object Repository/CITIZEN/Page_Registrasi  GetVaccine/input_Confirm Password_basic_confirmPassword'

2022-07-19 16:16:32 - [MESSAGE][PASSED] - Text 'Regita1234' is set on object 'Object Repository/CITIZEN/Page_Registrasi  GetVaccine/input_Confirm Password_basic_confirmPassword'

2022-07-19 16:16:32 - [TEST_STEP][PASSED] - click(findTestObject("CITIZEN/Page_Registrasi  GetVaccine/button_Register")): Object: 'Object Repository/CITIZEN/Page_Registrasi  GetVaccine/button_Register' is clicked on

2022-07-19 16:16:32 - [MESSAGE][PASSED] - Object: 'Object Repository/CITIZEN/Page_Registrasi  GetVaccine/button_Register' is clicked on

2022-07-19 16:16:32 - [TEST_STEP][PASSED] - if (i == 7): null

2022-07-19 16:16:32 - [TEST_STEP][PASSED] - else if (i == 8): null

2022-07-19 16:16:32 - [TEST_STEP][PASSED] - else: Object 'Object Repository/CITIZEN/Page_Login  GetVaccine/VerifyLoginPage' is visible

2022-07-19 16:16:32 - [TEST_STEP][PASSED] - verifyElementVisible(findTestObject("CITIZEN/Page_Login  GetVaccine/VerifyLoginPage"), CONTINUE_ON_FAILURE): Object 'Object Repository/CITIZEN/Page_Login  GetVaccine/VerifyLoginPage' is visible

2022-07-19 16:16:34 - [MESSAGE][PASSED] - Object 'Object Repository/CITIZEN/Page_Login  GetVaccine/VerifyLoginPage' is visible

2022-07-19 16:16:34 - [TEST_STEP][PASSED] - closeBrowser(): Browser is closed

2022-07-19 16:16:34 - [MESSAGE][PASSED] - Browser is closed]]></system-out>
         <system-err><![CDATA[]]></system-err>
      </testcase>
      <testcase name="Test Cases/CITIZEN/AUTH/TC_Login" time="162.696" classname="Test Cases/CITIZEN/AUTH/TC_Login" status="FAILED">
         <failure type="FAILED" message="Test Cases/CITIZEN/AUTH/TC_Login FAILED.
Reason:
com.kms.katalon.core.exception.StepFailedException: Unable to verify object 'Object Repository/CITIZEN/Page_Home  GetVaccine/a_Daftar Vaksinasi' is present
	at com.kms.katalon.core.webui.keyword.internal.WebUIKeywordMain.stepFailed(WebUIKeywordMain.groovy:64)
	at com.kms.katalon.core.webui.keyword.internal.WebUIKeywordMain.runKeyword(WebUIKeywordMain.groovy:26)
	at com.kms.katalon.core.webui.keyword.builtin.VerifyElementPresentKeyword.verifyElementPresent(VerifyElementPresentKeyword.groovy:92)
	at com.kms.katalon.core.webui.keyword.builtin.VerifyElementPresentKeyword.execute(VerifyElementPresentKeyword.groovy:68)
	at com.kms.katalon.core.keyword.internal.KeywordExecutor.executeKeywordForPlatform(KeywordExecutor.groovy:74)
	at com.kms.katalon.core.webui.keyword.WebUiBuiltInKeywords.verifyElementPresent(WebUiBuiltInKeywords.groovy:1464)
	at com.kms.katalon.core.webui.keyword.WebUiBuiltInKeywords$verifyElementPresent$7.call(Unknown Source)
	at TC_Login.run(TC_Login:52)
	at com.kms.katalon.core.main.ScriptEngine.run(ScriptEngine.java:194)
	at com.kms.katalon.core.main.ScriptEngine.runScriptAsRawText(ScriptEngine.java:119)
	at com.kms.katalon.core.main.TestCaseExecutor.runScript(TestCaseExecutor.java:442)
	at com.kms.katalon.core.main.TestCaseExecutor.doExecute(TestCaseExecutor.java:433)
	at com.kms.katalon.core.main.TestCaseExecutor.processExecutionPhase(TestCaseExecutor.java:412)
	at com.kms.katalon.core.main.TestCaseExecutor.accessMainPhase(TestCaseExecutor.java:404)
	at com.kms.katalon.core.main.TestCaseExecutor.execute(TestCaseExecutor.java:281)
	at com.kms.katalon.core.main.TestSuiteExecutor.accessTestCaseMainPhase(TestSuiteExecutor.java:202)
	at com.kms.katalon.core.main.TestSuiteExecutor.accessTestSuiteMainPhase(TestSuiteExecutor.java:164)
	at com.kms.katalon.core.main.TestSuiteExecutor.execute(TestSuiteExecutor.java:105)
	at com.kms.katalon.core.main.TestCaseMain.startTestSuite(TestCaseMain.java:185)
	at com.kms.katalon.core.main.TestCaseMain$startTestSuite$0.call(Unknown Source)
	at TempTestSuite1658221840043.run(TempTestSuite1658221840043.groovy:36)
Caused by: com.kms.katalon.core.exception.StepFailedException: com.kms.katalon.core.webui.exception.WebElementNotFoundException: Web element with id: 'Object Repository/CITIZEN/Page_Home  GetVaccine/a_Daftar Vaksinasi' located by '//div[@id='root']/main/div/div/button/a' not found
	at com.kms.katalon.core.webui.keyword.internal.WebUIKeywordMain.stepFailed(WebUIKeywordMain.groovy:64)
	at com.kms.katalon.core.webui.keyword.builtin.VerifyElementPresentKeyword$_verifyElementPresent_closure1.doCall(VerifyElementPresentKeyword.groovy:85)
	at com.kms.katalon.core.webui.keyword.builtin.VerifyElementPresentKeyword$_verifyElementPresent_closure1.call(VerifyElementPresentKeyword.groovy)
	at com.kms.katalon.core.webui.keyword.internal.WebUIKeywordMain.runKeyword(WebUIKeywordMain.groovy:20)
	... 19 more
"/>
         <system-out><![CDATA[2022-07-19 16:16:34 - [TEST_CASE][FAILED] - Test Cases/CITIZEN/AUTH/TC_Login: Test Cases/CITIZEN/AUTH/TC_Login FAILED.
Reason:
com.kms.katalon.core.exception.StepFailedException: Unable to verify object 'Object Repository/CITIZEN/Page_Home  GetVaccine/a_Daftar Vaksinasi' is present
	at com.kms.katalon.core.webui.keyword.internal.WebUIKeywordMain.stepFailed(WebUIKeywordMain.groovy:64)
	at com.kms.katalon.core.webui.keyword.internal.WebUIKeywordMain.runKeyword(WebUIKeywordMain.groovy:26)
	at com.kms.katalon.core.webui.keyword.builtin.VerifyElementPresentKeyword.verifyElementPresent(VerifyElementPresentKeyword.groovy:92)
	at com.kms.katalon.core.webui.keyword.builtin.VerifyElementPresentKeyword.execute(VerifyElementPresentKeyword.groovy:68)
	at com.kms.katalon.core.keyword.internal.KeywordExecutor.executeKeywordForPlatform(KeywordExecutor.groovy:74)
	at com.kms.katalon.core.webui.keyword.WebUiBuiltInKeywords.verifyElementPresent(WebUiBuiltInKeywords.groovy:1464)
	at com.kms.katalon.core.webui.keyword.WebUiBuiltInKeywords$verifyElementPresent$7.call(Unknown Source)
	at TC_Login.run(TC_Login:52)
	at com.kms.katalon.core.main.ScriptEngine.run(ScriptEngine.java:194)
	at com.kms.katalon.core.main.ScriptEngine.runScriptAsRawText(ScriptEngine.java:119)
	at com.kms.katalon.core.main.TestCaseExecutor.runScript(TestCaseExecutor.java:442)
	at com.kms.katalon.core.main.TestCaseExecutor.doExecute(TestCaseExecutor.java:433)
	at com.kms.katalon.core.main.TestCaseExecutor.processExecutionPhase(TestCaseExecutor.java:412)
	at com.kms.katalon.core.main.TestCaseExecutor.accessMainPhase(TestCaseExecutor.java:404)
	at com.kms.katalon.core.main.TestCaseExecutor.execute(TestCaseExecutor.java:281)
	at com.kms.katalon.core.main.TestSuiteExecutor.accessTestCaseMainPhase(TestSuiteExecutor.java:202)
	at com.kms.katalon.core.main.TestSuiteExecutor.accessTestSuiteMainPhase(TestSuiteExecutor.java:164)
	at com.kms.katalon.core.main.TestSuiteExecutor.execute(TestSuiteExecutor.java:105)
	at com.kms.katalon.core.main.TestCaseMain.startTestSuite(TestCaseMain.java:185)
	at com.kms.katalon.core.main.TestCaseMain$startTestSuite$0.call(Unknown Source)
	at TempTestSuite1658221840043.run(TempTestSuite1658221840043.groovy:36)
Caused by: com.kms.katalon.core.exception.StepFailedException: com.kms.katalon.core.webui.exception.WebElementNotFoundException: Web element with id: 'Object Repository/CITIZEN/Page_Home  GetVaccine/a_Daftar Vaksinasi' located by '//div[@id='root']/main/div/div/button/a' not found
	at com.kms.katalon.core.webui.keyword.internal.WebUIKeywordMain.stepFailed(WebUIKeywordMain.groovy:64)
	at com.kms.katalon.core.webui.keyword.builtin.VerifyElementPresentKeyword$_verifyElementPresent_closure1.doCall(VerifyElementPresentKeyword.groovy:85)
	at com.kms.katalon.core.webui.keyword.builtin.VerifyElementPresentKeyword$_verifyElementPresent_closure1.call(VerifyElementPresentKeyword.groovy)
	at com.kms.katalon.core.webui.keyword.internal.WebUIKeywordMain.runKeyword(WebUIKeywordMain.groovy:20)
	... 19 more


2022-07-19 16:16:35 - [TEST_STEP][FAILED] - for ([i = 1, i <= 5, (i++)]): Unable to verify object 'Object Repository/CITIZEN/Page_Home  GetVaccine/a_Daftar Vaksinasi' is present (Root cause: com.kms.katalon.core.exception.StepFailedException: Unable to verify object 'Object Repository/CITIZEN/Page_Home  GetVaccine/a_Daftar Vaksinasi' is present
	at com.kms.katalon.core.webui.keyword.internal.WebUIKeywordMain.stepFailed(WebUIKeywordMain.groovy:64)
	at com.kms.katalon.core.webui.keyword.internal.WebUIKeywordMain.runKeyword(WebUIKeywordMain.groovy:26)
	at com.kms.katalon.core.webui.keyword.builtin.VerifyElementPresentKeyword.verifyElementPresent(VerifyElementPresentKeyword.groovy:92)
	at com.kms.katalon.core.webui.keyword.builtin.VerifyElementPresentKeyword.execute(VerifyElementPresentKeyword.groovy:68)
	at com.kms.katalon.core.keyword.internal.KeywordExecutor.executeKeywordForPlatform(KeywordExecutor.groovy:74)
	at com.kms.katalon.core.webui.keyword.WebUiBuiltInKeywords.verifyElementPresent(WebUiBuiltInKeywords.groovy:1464)
	at com.kms.katalon.core.webui.keyword.WebUiBuiltInKeywords$verifyElementPresent$7.call(Unknown Source)
	at TC_Login.run(TC_Login:52)
	at com.kms.katalon.core.main.ScriptEngine.run(ScriptEngine.java:194)
	at com.kms.katalon.core.main.ScriptEngine.runScriptAsRawText(ScriptEngine.java:119)
	at com.kms.katalon.core.main.TestCaseExecutor.runScript(TestCaseExecutor.java:442)
	at com.kms.katalon.core.main.TestCaseExecutor.doExecute(TestCaseExecutor.java:433)
	at com.kms.katalon.core.main.TestCaseExecutor.processExecutionPhase(TestCaseExecutor.java:412)
	at com.kms.katalon.core.main.TestCaseExecutor.accessMainPhase(TestCaseExecutor.java:404)
	at com.kms.katalon.core.main.TestCaseExecutor.execute(TestCaseExecutor.java:281)
	at com.kms.katalon.core.main.TestSuiteExecutor.accessTestCaseMainPhase(TestSuiteExecutor.java:202)
	at com.kms.katalon.core.main.TestSuiteExecutor.accessTestSuiteMainPhase(TestSuiteExecutor.java:164)
	at com.kms.katalon.core.main.TestSuiteExecutor.execute(TestSuiteExecutor.java:105)
	at com.kms.katalon.core.main.TestCaseMain.startTestSuite(TestCaseMain.java:185)
	at com.kms.katalon.core.main.TestCaseMain$startTestSuite$0.call(Unknown Source)
	at TempTestSuite1658221840043.run(TempTestSuite1658221840043.groovy:36)
Caused by: com.kms.katalon.core.exception.StepFailedException: com.kms.katalon.core.webui.exception.WebElementNotFoundException: Web element with id: 'Object Repository/CITIZEN/Page_Home  GetVaccine/a_Daftar Vaksinasi' located by '//div[@id='root']/main/div/div/button/a' not found
	at com.kms.katalon.core.webui.keyword.internal.WebUIKeywordMain.stepFailed(WebUIKeywordMain.groovy:64)
	at com.kms.katalon.core.webui.keyword.builtin.VerifyElementPresentKeyword$_verifyElementPresent_closure1.doCall(VerifyElementPresentKeyword.groovy:85)
	at com.kms.katalon.core.webui.keyword.builtin.VerifyElementPresentKeyword$_verifyElementPresent_closure1.call(VerifyElementPresentKeyword.groovy)
	at com.kms.katalon.core.webui.keyword.internal.WebUIKeywordMain.runKeyword(WebUIKeywordMain.groovy:20)
	... 19 more
)

2022-07-19 16:16:35 - [TEST_STEP][PASSED] - openBrowser(""): Browser is opened with url: ''

2022-07-19 16:16:35 - [MESSAGE][INFO] - Starting 'Chrome' driver

2022-07-19 16:16:35 - [MESSAGE][INFO] - Action delay is set to 0 milliseconds

2022-07-19 16:16:36 - [MESSAGE][PASSED] - Browser is opened with url: ''

2022-07-19 16:16:36 - [TEST_STEP][PASSED] - maximizeWindow(): Current window maximized

2022-07-19 16:16:37 - [MESSAGE][PASSED] - Current window maximized

2022-07-19 16:16:37 - [TEST_STEP][PASSED] - navigateToUrl("https://dev-getvaccine-16.netlify.app/"): Navigate to 'https://dev-getvaccine-16.netlify.app/' successfully

2022-07-19 16:17:18 - [MESSAGE][PASSED] - Navigate to 'https://dev-getvaccine-16.netlify.app/' successfully

2022-07-19 16:17:18 - [TEST_STEP][PASSED] - click(findTestObject("CITIZEN/Page_Home  GetVaccine/login btn")): Object: 'Object Repository/CITIZEN/Page_Home  GetVaccine/login btn' is clicked on

2022-07-19 16:17:18 - [MESSAGE][PASSED] - Object: 'Object Repository/CITIZEN/Page_Home  GetVaccine/login btn' is clicked on

2022-07-19 16:17:18 - [TEST_STEP][PASSED] - verifyElementVisible(findTestObject("CITIZEN/Page_Login  GetVaccine/VerifyLoginPage")): Object 'Object Repository/CITIZEN/Page_Login  GetVaccine/VerifyLoginPage' is visible

2022-07-19 16:17:19 - [MESSAGE][PASSED] - Object 'Object Repository/CITIZEN/Page_Login  GetVaccine/VerifyLoginPage' is visible

2022-07-19 16:17:19 - [TEST_STEP][PASSED] - setText(findTestObject("CITIZEN/Page_Login  GetVaccine/input_NIK_basic_nik"), findTestData("CITIZEN/Login").getValue(1, i)): Text '1234A' is set on object 'Object Repository/CITIZEN/Page_Login  GetVaccine/input_NIK_basic_nik'

2022-07-19 16:17:20 - [MESSAGE][PASSED] - Text '1234A' is set on object 'Object Repository/CITIZEN/Page_Login  GetVaccine/input_NIK_basic_nik'

2022-07-19 16:17:20 - [TEST_STEP][PASSED] - setText(findTestObject("CITIZEN/Page_Registrasi  GetVaccine/password"), findTestData("CITIZEN/Login").getValue(2, i)): Text 'Haha1234' is set on object 'Object Repository/CITIZEN/Page_Registrasi  GetVaccine/password'

2022-07-19 16:17:21 - [MESSAGE][PASSED] - Text 'Haha1234' is set on object 'Object Repository/CITIZEN/Page_Registrasi  GetVaccine/password'

2022-07-19 16:17:21 - [TEST_STEP][PASSED] - click(findTestObject("CITIZEN/Page_Login  GetVaccine/eye")): Object: 'Object Repository/CITIZEN/Page_Login  GetVaccine/eye' is clicked on

2022-07-19 16:17:21 - [MESSAGE][PASSED] - Object: 'Object Repository/CITIZEN/Page_Login  GetVaccine/eye' is clicked on

2022-07-19 16:17:21 - [TEST_STEP][PASSED] - click(findTestObject("CITIZEN/Page_Login  GetVaccine/button_Login")): Object: 'Object Repository/CITIZEN/Page_Login  GetVaccine/button_Login' is clicked on

2022-07-19 16:17:22 - [MESSAGE][PASSED] - Object: 'Object Repository/CITIZEN/Page_Login  GetVaccine/button_Login' is clicked on

2022-07-19 16:17:22 - [TEST_STEP][PASSED] - if (i == 1): Object 'Object Repository/CITIZEN/Page_Login  GetVaccine/div_Input harus berupa angka' is present

2022-07-19 16:17:22 - [TEST_STEP][PASSED] - verifyElementPresent(findTestObject("CITIZEN/Page_Login  GetVaccine/div_Input harus berupa angka"), 0): Object 'Object Repository/CITIZEN/Page_Login  GetVaccine/div_Input harus berupa angka' is present

2022-07-19 16:17:22 - [MESSAGE][WARNING] - Timeout '0' is invalid. Using default page load timeout: '30'

2022-07-19 16:17:22 - [MESSAGE][PASSED] - Object 'Object Repository/CITIZEN/Page_Login  GetVaccine/div_Input harus berupa angka' is present

2022-07-19 16:17:22 - [TEST_STEP][PASSED] - closeBrowser(): Browser is closed

2022-07-19 16:17:23 - [MESSAGE][PASSED] - Browser is closed

2022-07-19 16:17:23 - [TEST_STEP][PASSED] - openBrowser(""): Browser is opened with url: ''

2022-07-19 16:17:23 - [MESSAGE][INFO] - Starting 'Chrome' driver

2022-07-19 16:17:23 - [MESSAGE][INFO] - Action delay is set to 0 milliseconds

2022-07-19 16:17:25 - [MESSAGE][PASSED] - Browser is opened with url: ''

2022-07-19 16:17:25 - [TEST_STEP][PASSED] - maximizeWindow(): Current window maximized

2022-07-19 16:17:25 - [MESSAGE][PASSED] - Current window maximized

2022-07-19 16:17:25 - [TEST_STEP][PASSED] - navigateToUrl("https://dev-getvaccine-16.netlify.app/"): Navigate to 'https://dev-getvaccine-16.netlify.app/' successfully

2022-07-19 16:17:56 - [MESSAGE][PASSED] - Navigate to 'https://dev-getvaccine-16.netlify.app/' successfully

2022-07-19 16:17:56 - [TEST_STEP][PASSED] - click(findTestObject("CITIZEN/Page_Home  GetVaccine/login btn")): Object: 'Object Repository/CITIZEN/Page_Home  GetVaccine/login btn' is clicked on

2022-07-19 16:17:57 - [MESSAGE][PASSED] - Object: 'Object Repository/CITIZEN/Page_Home  GetVaccine/login btn' is clicked on

2022-07-19 16:17:57 - [TEST_STEP][PASSED] - verifyElementVisible(findTestObject("CITIZEN/Page_Login  GetVaccine/VerifyLoginPage")): Object 'Object Repository/CITIZEN/Page_Login  GetVaccine/VerifyLoginPage' is visible

2022-07-19 16:17:57 - [MESSAGE][PASSED] - Object 'Object Repository/CITIZEN/Page_Login  GetVaccine/VerifyLoginPage' is visible

2022-07-19 16:17:57 - [TEST_STEP][PASSED] - setText(findTestObject("CITIZEN/Page_Login  GetVaccine/input_NIK_basic_nik"), findTestData("CITIZEN/Login").getValue(1, i)): Text '1234567890123456' is set on object 'Object Repository/CITIZEN/Page_Login  GetVaccine/input_NIK_basic_nik'

2022-07-19 16:17:58 - [MESSAGE][PASSED] - Text '1234567890123456' is set on object 'Object Repository/CITIZEN/Page_Login  GetVaccine/input_NIK_basic_nik'

2022-07-19 16:17:58 - [TEST_STEP][PASSED] - setText(findTestObject("CITIZEN/Page_Registrasi  GetVaccine/password"), findTestData("CITIZEN/Login").getValue(2, i)): Text 'Haha1234' is set on object 'Object Repository/CITIZEN/Page_Registrasi  GetVaccine/password'

2022-07-19 16:17:59 - [MESSAGE][PASSED] - Text 'Haha1234' is set on object 'Object Repository/CITIZEN/Page_Registrasi  GetVaccine/password'

2022-07-19 16:17:59 - [TEST_STEP][PASSED] - click(findTestObject("CITIZEN/Page_Login  GetVaccine/eye")): Object: 'Object Repository/CITIZEN/Page_Login  GetVaccine/eye' is clicked on

2022-07-19 16:17:59 - [MESSAGE][PASSED] - Object: 'Object Repository/CITIZEN/Page_Login  GetVaccine/eye' is clicked on

2022-07-19 16:17:59 - [TEST_STEP][PASSED] - click(findTestObject("CITIZEN/Page_Login  GetVaccine/button_Login")): Object: 'Object Repository/CITIZEN/Page_Login  GetVaccine/button_Login' is clicked on

2022-07-19 16:18:00 - [MESSAGE][PASSED] - Object: 'Object Repository/CITIZEN/Page_Login  GetVaccine/button_Login' is clicked on

2022-07-19 16:18:00 - [TEST_STEP][PASSED] - if (i == 1): null

2022-07-19 16:18:00 - [TEST_STEP][PASSED] - else if (i == 2): Object 'Object Repository/CITIZEN/Page_Login  GetVaccine/div_NIK atau Password Salah' is present

2022-07-19 16:18:00 - [TEST_STEP][PASSED] - verifyElementPresent(findTestObject("CITIZEN/Page_Login  GetVaccine/div_NIK atau Password Salah"), 0): Object 'Object Repository/CITIZEN/Page_Login  GetVaccine/div_NIK atau Password Salah' is present

2022-07-19 16:18:00 - [MESSAGE][WARNING] - Timeout '0' is invalid. Using default page load timeout: '30'

2022-07-19 16:18:08 - [MESSAGE][PASSED] - Object 'Object Repository/CITIZEN/Page_Login  GetVaccine/div_NIK atau Password Salah' is present

2022-07-19 16:18:08 - [TEST_STEP][PASSED] - closeBrowser(): Browser is closed

2022-07-19 16:18:09 - [MESSAGE][PASSED] - Browser is closed

2022-07-19 16:18:09 - [TEST_STEP][PASSED] - openBrowser(""): Browser is opened with url: ''

2022-07-19 16:18:09 - [MESSAGE][INFO] - Starting 'Chrome' driver

2022-07-19 16:18:09 - [MESSAGE][INFO] - Action delay is set to 0 milliseconds

2022-07-19 16:18:11 - [MESSAGE][PASSED] - Browser is opened with url: ''

2022-07-19 16:18:11 - [TEST_STEP][PASSED] - maximizeWindow(): Current window maximized

2022-07-19 16:18:11 - [MESSAGE][PASSED] - Current window maximized

2022-07-19 16:18:11 - [TEST_STEP][PASSED] - navigateToUrl("https://dev-getvaccine-16.netlify.app/"): Navigate to 'https://dev-getvaccine-16.netlify.app/' successfully

2022-07-19 16:18:15 - [MESSAGE][PASSED] - Navigate to 'https://dev-getvaccine-16.netlify.app/' successfully

2022-07-19 16:18:15 - [TEST_STEP][PASSED] - click(findTestObject("CITIZEN/Page_Home  GetVaccine/login btn")): Object: 'Object Repository/CITIZEN/Page_Home  GetVaccine/login btn' is clicked on

2022-07-19 16:18:16 - [MESSAGE][PASSED] - Object: 'Object Repository/CITIZEN/Page_Home  GetVaccine/login btn' is clicked on

2022-07-19 16:18:16 - [TEST_STEP][PASSED] - verifyElementVisible(findTestObject("CITIZEN/Page_Login  GetVaccine/VerifyLoginPage")): Object 'Object Repository/CITIZEN/Page_Login  GetVaccine/VerifyLoginPage' is visible

2022-07-19 16:18:16 - [MESSAGE][PASSED] - Object 'Object Repository/CITIZEN/Page_Login  GetVaccine/VerifyLoginPage' is visible

2022-07-19 16:18:16 - [TEST_STEP][PASSED] - setText(findTestObject("CITIZEN/Page_Login  GetVaccine/input_NIK_basic_nik"), findTestData("CITIZEN/Login").getValue(1, i)): Text '' is set on object 'Object Repository/CITIZEN/Page_Login  GetVaccine/input_NIK_basic_nik'

2022-07-19 16:18:17 - [MESSAGE][PASSED] - Text '' is set on object 'Object Repository/CITIZEN/Page_Login  GetVaccine/input_NIK_basic_nik'

2022-07-19 16:18:17 - [TEST_STEP][PASSED] - setText(findTestObject("CITIZEN/Page_Registrasi  GetVaccine/password"), findTestData("CITIZEN/Login").getValue(2, i)): Text 'Haha1234' is set on object 'Object Repository/CITIZEN/Page_Registrasi  GetVaccine/password'

2022-07-19 16:18:18 - [MESSAGE][PASSED] - Text 'Haha1234' is set on object 'Object Repository/CITIZEN/Page_Registrasi  GetVaccine/password'

2022-07-19 16:18:18 - [TEST_STEP][PASSED] - click(findTestObject("CITIZEN/Page_Login  GetVaccine/eye")): Object: 'Object Repository/CITIZEN/Page_Login  GetVaccine/eye' is clicked on

2022-07-19 16:18:18 - [MESSAGE][PASSED] - Object: 'Object Repository/CITIZEN/Page_Login  GetVaccine/eye' is clicked on

2022-07-19 16:18:18 - [TEST_STEP][PASSED] - click(findTestObject("CITIZEN/Page_Login  GetVaccine/button_Login")): Object: 'Object Repository/CITIZEN/Page_Login  GetVaccine/button_Login' is clicked on

2022-07-19 16:18:19 - [MESSAGE][PASSED] - Object: 'Object Repository/CITIZEN/Page_Login  GetVaccine/button_Login' is clicked on

2022-07-19 16:18:19 - [TEST_STEP][PASSED] - if (i == 1): null

2022-07-19 16:18:19 - [TEST_STEP][PASSED] - else if (i == 2): null

2022-07-19 16:18:19 - [TEST_STEP][PASSED] - else if (i == 3): Object 'Object Repository/CITIZEN/Page_Login  GetVaccine/alert nik kosong' is present

2022-07-19 16:18:19 - [TEST_STEP][PASSED] - verifyElementPresent(findTestObject("CITIZEN/Page_Login  GetVaccine/alert nik kosong"), 0): Object 'Object Repository/CITIZEN/Page_Login  GetVaccine/alert nik kosong' is present

2022-07-19 16:18:19 - [MESSAGE][WARNING] - Timeout '0' is invalid. Using default page load timeout: '30'

2022-07-19 16:18:20 - [MESSAGE][PASSED] - Object 'Object Repository/CITIZEN/Page_Login  GetVaccine/alert nik kosong' is present

2022-07-19 16:18:20 - [TEST_STEP][PASSED] - closeBrowser(): Browser is closed

2022-07-19 16:18:21 - [MESSAGE][PASSED] - Browser is closed

2022-07-19 16:18:21 - [TEST_STEP][PASSED] - openBrowser(""): Browser is opened with url: ''

2022-07-19 16:18:21 - [MESSAGE][INFO] - Starting 'Chrome' driver

2022-07-19 16:18:21 - [MESSAGE][INFO] - Action delay is set to 0 milliseconds

2022-07-19 16:18:22 - [MESSAGE][PASSED] - Browser is opened with url: ''

2022-07-19 16:18:22 - [TEST_STEP][PASSED] - maximizeWindow(): Current window maximized

2022-07-19 16:18:22 - [MESSAGE][PASSED] - Current window maximized

2022-07-19 16:18:22 - [TEST_STEP][PASSED] - navigateToUrl("https://dev-getvaccine-16.netlify.app/"): Navigate to 'https://dev-getvaccine-16.netlify.app/' successfully

2022-07-19 16:18:26 - [MESSAGE][PASSED] - Navigate to 'https://dev-getvaccine-16.netlify.app/' successfully

2022-07-19 16:18:26 - [TEST_STEP][PASSED] - click(findTestObject("CITIZEN/Page_Home  GetVaccine/login btn")): Object: 'Object Repository/CITIZEN/Page_Home  GetVaccine/login btn' is clicked on

2022-07-19 16:18:27 - [MESSAGE][PASSED] - Object: 'Object Repository/CITIZEN/Page_Home  GetVaccine/login btn' is clicked on

2022-07-19 16:18:27 - [TEST_STEP][PASSED] - verifyElementVisible(findTestObject("CITIZEN/Page_Login  GetVaccine/VerifyLoginPage")): Object 'Object Repository/CITIZEN/Page_Login  GetVaccine/VerifyLoginPage' is visible

2022-07-19 16:18:28 - [MESSAGE][PASSED] - Object 'Object Repository/CITIZEN/Page_Login  GetVaccine/VerifyLoginPage' is visible

2022-07-19 16:18:28 - [TEST_STEP][PASSED] - setText(findTestObject("CITIZEN/Page_Login  GetVaccine/input_NIK_basic_nik"), findTestData("CITIZEN/Login").getValue(1, i)): Text '' is set on object 'Object Repository/CITIZEN/Page_Login  GetVaccine/input_NIK_basic_nik'

2022-07-19 16:18:28 - [MESSAGE][PASSED] - Text '' is set on object 'Object Repository/CITIZEN/Page_Login  GetVaccine/input_NIK_basic_nik'

2022-07-19 16:18:28 - [TEST_STEP][PASSED] - setText(findTestObject("CITIZEN/Page_Registrasi  GetVaccine/password"), findTestData("CITIZEN/Login").getValue(2, i)): Text '' is set on object 'Object Repository/CITIZEN/Page_Registrasi  GetVaccine/password'

2022-07-19 16:18:29 - [MESSAGE][PASSED] - Text '' is set on object 'Object Repository/CITIZEN/Page_Registrasi  GetVaccine/password'

2022-07-19 16:18:29 - [TEST_STEP][PASSED] - click(findTestObject("CITIZEN/Page_Login  GetVaccine/eye")): Object: 'Object Repository/CITIZEN/Page_Login  GetVaccine/eye' is clicked on

2022-07-19 16:18:30 - [MESSAGE][PASSED] - Object: 'Object Repository/CITIZEN/Page_Login  GetVaccine/eye' is clicked on

2022-07-19 16:18:30 - [TEST_STEP][PASSED] - click(findTestObject("CITIZEN/Page_Login  GetVaccine/button_Login")): Object: 'Object Repository/CITIZEN/Page_Login  GetVaccine/button_Login' is clicked on

2022-07-19 16:18:30 - [MESSAGE][PASSED] - Object: 'Object Repository/CITIZEN/Page_Login  GetVaccine/button_Login' is clicked on

2022-07-19 16:18:30 - [TEST_STEP][PASSED] - if (i == 1): null

2022-07-19 16:18:30 - [TEST_STEP][PASSED] - else if (i == 2): null

2022-07-19 16:18:30 - [TEST_STEP][PASSED] - else if (i == 3): null

2022-07-19 16:18:30 - [TEST_STEP][PASSED] - else if (i == 4): Object 'Object Repository/CITIZEN/Page_Login  GetVaccine/alert pass kosong' is present

2022-07-19 16:18:30 - [TEST_STEP][PASSED] - verifyElementPresent(findTestObject("CITIZEN/Page_Login  GetVaccine/alert nik kosong"), 0): Object 'Object Repository/CITIZEN/Page_Login  GetVaccine/alert nik kosong' is present

2022-07-19 16:18:31 - [MESSAGE][WARNING] - Timeout '0' is invalid. Using default page load timeout: '30'

2022-07-19 16:18:31 - [MESSAGE][PASSED] - Object 'Object Repository/CITIZEN/Page_Login  GetVaccine/alert nik kosong' is present

2022-07-19 16:18:31 - [TEST_STEP][PASSED] - verifyElementPresent(findTestObject("CITIZEN/Page_Login  GetVaccine/alert pass kosong"), 0): Object 'Object Repository/CITIZEN/Page_Login  GetVaccine/alert pass kosong' is present

2022-07-19 16:18:31 - [MESSAGE][WARNING] - Timeout '0' is invalid. Using default page load timeout: '30'

2022-07-19 16:18:31 - [MESSAGE][PASSED] - Object 'Object Repository/CITIZEN/Page_Login  GetVaccine/alert pass kosong' is present

2022-07-19 16:18:31 - [TEST_STEP][PASSED] - closeBrowser(): Browser is closed

2022-07-19 16:18:32 - [MESSAGE][PASSED] - Browser is closed

2022-07-19 16:18:32 - [TEST_STEP][PASSED] - openBrowser(""): Browser is opened with url: ''

2022-07-19 16:18:32 - [MESSAGE][INFO] - Starting 'Chrome' driver

2022-07-19 16:18:32 - [MESSAGE][INFO] - Action delay is set to 0 milliseconds

2022-07-19 16:18:34 - [MESSAGE][PASSED] - Browser is opened with url: ''

2022-07-19 16:18:34 - [TEST_STEP][PASSED] - maximizeWindow(): Current window maximized

2022-07-19 16:18:34 - [MESSAGE][PASSED] - Current window maximized

2022-07-19 16:18:34 - [TEST_STEP][PASSED] - navigateToUrl("https://dev-getvaccine-16.netlify.app/"): Navigate to 'https://dev-getvaccine-16.netlify.app/' successfully

2022-07-19 16:18:36 - [MESSAGE][PASSED] - Navigate to 'https://dev-getvaccine-16.netlify.app/' successfully

2022-07-19 16:18:36 - [TEST_STEP][PASSED] - click(findTestObject("CITIZEN/Page_Home  GetVaccine/login btn")): Object: 'Object Repository/CITIZEN/Page_Home  GetVaccine/login btn' is clicked on

2022-07-19 16:18:37 - [MESSAGE][PASSED] - Object: 'Object Repository/CITIZEN/Page_Home  GetVaccine/login btn' is clicked on

2022-07-19 16:18:37 - [TEST_STEP][PASSED] - verifyElementVisible(findTestObject("CITIZEN/Page_Login  GetVaccine/VerifyLoginPage")): Object 'Object Repository/CITIZEN/Page_Login  GetVaccine/VerifyLoginPage' is visible

2022-07-19 16:18:37 - [MESSAGE][PASSED] - Object 'Object Repository/CITIZEN/Page_Login  GetVaccine/VerifyLoginPage' is visible

2022-07-19 16:18:37 - [TEST_STEP][PASSED] - setText(findTestObject("CITIZEN/Page_Login  GetVaccine/input_NIK_basic_nik"), findTestData("CITIZEN/Login").getValue(1, i)): Text '7890789078907890' is set on object 'Object Repository/CITIZEN/Page_Login  GetVaccine/input_NIK_basic_nik'

2022-07-19 16:18:38 - [MESSAGE][PASSED] - Text '7890789078907890' is set on object 'Object Repository/CITIZEN/Page_Login  GetVaccine/input_NIK_basic_nik'

2022-07-19 16:18:38 - [TEST_STEP][PASSED] - setText(findTestObject("CITIZEN/Page_Registrasi  GetVaccine/password"), findTestData("CITIZEN/Login").getValue(2, i)): Text 'Haechan123' is set on object 'Object Repository/CITIZEN/Page_Registrasi  GetVaccine/password'

2022-07-19 16:18:39 - [MESSAGE][PASSED] - Text 'Haechan123' is set on object 'Object Repository/CITIZEN/Page_Registrasi  GetVaccine/password'

2022-07-19 16:18:39 - [TEST_STEP][PASSED] - click(findTestObject("CITIZEN/Page_Login  GetVaccine/eye")): Object: 'Object Repository/CITIZEN/Page_Login  GetVaccine/eye' is clicked on

2022-07-19 16:18:40 - [MESSAGE][PASSED] - Object: 'Object Repository/CITIZEN/Page_Login  GetVaccine/eye' is clicked on

2022-07-19 16:18:40 - [TEST_STEP][PASSED] - click(findTestObject("CITIZEN/Page_Login  GetVaccine/button_Login")): Object: 'Object Repository/CITIZEN/Page_Login  GetVaccine/button_Login' is clicked on

2022-07-19 16:18:40 - [MESSAGE][PASSED] - Object: 'Object Repository/CITIZEN/Page_Login  GetVaccine/button_Login' is clicked on

2022-07-19 16:18:40 - [TEST_STEP][PASSED] - if (i == 1): null

2022-07-19 16:18:40 - [TEST_STEP][PASSED] - else if (i == 2): null

2022-07-19 16:18:40 - [TEST_STEP][PASSED] - else if (i == 3): null

2022-07-19 16:18:40 - [TEST_STEP][PASSED] - else if (i == 4): null

2022-07-19 16:18:40 - [TEST_STEP][FAILED] - else: Unable to verify object 'Object Repository/CITIZEN/Page_Home  GetVaccine/a_Daftar Vaksinasi' is present (Root cause: com.kms.katalon.core.exception.StepFailedException: Unable to verify object 'Object Repository/CITIZEN/Page_Home  GetVaccine/a_Daftar Vaksinasi' is present
	at com.kms.katalon.core.webui.keyword.internal.WebUIKeywordMain.stepFailed(WebUIKeywordMain.groovy:64)
	at com.kms.katalon.core.webui.keyword.internal.WebUIKeywordMain.runKeyword(WebUIKeywordMain.groovy:26)
	at com.kms.katalon.core.webui.keyword.builtin.VerifyElementPresentKeyword.verifyElementPresent(VerifyElementPresentKeyword.groovy:92)
	at com.kms.katalon.core.webui.keyword.builtin.VerifyElementPresentKeyword.execute(VerifyElementPresentKeyword.groovy:68)
	at com.kms.katalon.core.keyword.internal.KeywordExecutor.executeKeywordForPlatform(KeywordExecutor.groovy:74)
	at com.kms.katalon.core.webui.keyword.WebUiBuiltInKeywords.verifyElementPresent(WebUiBuiltInKeywords.groovy:1464)
	at com.kms.katalon.core.webui.keyword.WebUiBuiltInKeywords$verifyElementPresent$7.call(Unknown Source)
	at TC_Login.run(TC_Login:52)
	at com.kms.katalon.core.main.ScriptEngine.run(ScriptEngine.java:194)
	at com.kms.katalon.core.main.ScriptEngine.runScriptAsRawText(ScriptEngine.java:119)
	at com.kms.katalon.core.main.TestCaseExecutor.runScript(TestCaseExecutor.java:442)
	at com.kms.katalon.core.main.TestCaseExecutor.doExecute(TestCaseExecutor.java:433)
	at com.kms.katalon.core.main.TestCaseExecutor.processExecutionPhase(TestCaseExecutor.java:412)
	at com.kms.katalon.core.main.TestCaseExecutor.accessMainPhase(TestCaseExecutor.java:404)
	at com.kms.katalon.core.main.TestCaseExecutor.execute(TestCaseExecutor.java:281)
	at com.kms.katalon.core.main.TestSuiteExecutor.accessTestCaseMainPhase(TestSuiteExecutor.java:202)
	at com.kms.katalon.core.main.TestSuiteExecutor.accessTestSuiteMainPhase(TestSuiteExecutor.java:164)
	at com.kms.katalon.core.main.TestSuiteExecutor.execute(TestSuiteExecutor.java:105)
	at com.kms.katalon.core.main.TestCaseMain.startTestSuite(TestCaseMain.java:185)
	at com.kms.katalon.core.main.TestCaseMain$startTestSuite$0.call(Unknown Source)
	at TempTestSuite1658221840043.run(TempTestSuite1658221840043.groovy:36)
Caused by: com.kms.katalon.core.exception.StepFailedException: com.kms.katalon.core.webui.exception.WebElementNotFoundException: Web element with id: 'Object Repository/CITIZEN/Page_Home  GetVaccine/a_Daftar Vaksinasi' located by '//div[@id='root']/main/div/div/button/a' not found
	at com.kms.katalon.core.webui.keyword.internal.WebUIKeywordMain.stepFailed(WebUIKeywordMain.groovy:64)
	at com.kms.katalon.core.webui.keyword.builtin.VerifyElementPresentKeyword$_verifyElementPresent_closure1.doCall(VerifyElementPresentKeyword.groovy:85)
	at com.kms.katalon.core.webui.keyword.builtin.VerifyElementPresentKeyword$_verifyElementPresent_closure1.call(VerifyElementPresentKeyword.groovy)
	at com.kms.katalon.core.webui.keyword.internal.WebUIKeywordMain.runKeyword(WebUIKeywordMain.groovy:20)
	... 19 more
)

2022-07-19 16:18:40 - [TEST_STEP][FAILED] - verifyElementPresent(findTestObject("CITIZEN/Page_Home  GetVaccine/a_Daftar Vaksinasi"), 0): Unable to verify object 'Object Repository/CITIZEN/Page_Home  GetVaccine/a_Daftar Vaksinasi' is present (Root cause: com.kms.katalon.core.exception.StepFailedException: Unable to verify object 'Object Repository/CITIZEN/Page_Home  GetVaccine/a_Daftar Vaksinasi' is present
	at com.kms.katalon.core.webui.keyword.internal.WebUIKeywordMain.stepFailed(WebUIKeywordMain.groovy:64)
	at com.kms.katalon.core.webui.keyword.internal.WebUIKeywordMain.runKeyword(WebUIKeywordMain.groovy:26)
	at com.kms.katalon.core.webui.keyword.builtin.VerifyElementPresentKeyword.verifyElementPresent(VerifyElementPresentKeyword.groovy:92)
	at com.kms.katalon.core.webui.keyword.builtin.VerifyElementPresentKeyword.execute(VerifyElementPresentKeyword.groovy:68)
	at com.kms.katalon.core.keyword.internal.KeywordExecutor.executeKeywordForPlatform(KeywordExecutor.groovy:74)
	at com.kms.katalon.core.webui.keyword.WebUiBuiltInKeywords.verifyElementPresent(WebUiBuiltInKeywords.groovy:1464)
	at com.kms.katalon.core.webui.keyword.WebUiBuiltInKeywords$verifyElementPresent$7.call(Unknown Source)
	at TC_Login.run(TC_Login:52)
	at com.kms.katalon.core.main.ScriptEngine.run(ScriptEngine.java:194)
	at com.kms.katalon.core.main.ScriptEngine.runScriptAsRawText(ScriptEngine.java:119)
	at com.kms.katalon.core.main.TestCaseExecutor.runScript(TestCaseExecutor.java:442)
	at com.kms.katalon.core.main.TestCaseExecutor.doExecute(TestCaseExecutor.java:433)
	at com.kms.katalon.core.main.TestCaseExecutor.processExecutionPhase(TestCaseExecutor.java:412)
	at com.kms.katalon.core.main.TestCaseExecutor.accessMainPhase(TestCaseExecutor.java:404)
	at com.kms.katalon.core.main.TestCaseExecutor.execute(TestCaseExecutor.java:281)
	at com.kms.katalon.core.main.TestSuiteExecutor.accessTestCaseMainPhase(TestSuiteExecutor.java:202)
	at com.kms.katalon.core.main.TestSuiteExecutor.accessTestSuiteMainPhase(TestSuiteExecutor.java:164)
	at com.kms.katalon.core.main.TestSuiteExecutor.execute(TestSuiteExecutor.java:105)
	at com.kms.katalon.core.main.TestCaseMain.startTestSuite(TestCaseMain.java:185)
	at com.kms.katalon.core.main.TestCaseMain$startTestSuite$0.call(Unknown Source)
	at TempTestSuite1658221840043.run(TempTestSuite1658221840043.groovy:36)
Caused by: com.kms.katalon.core.exception.StepFailedException: com.kms.katalon.core.webui.exception.WebElementNotFoundException: Web element with id: 'Object Repository/CITIZEN/Page_Home  GetVaccine/a_Daftar Vaksinasi' located by '//div[@id='root']/main/div/div/button/a' not found
	at com.kms.katalon.core.webui.keyword.internal.WebUIKeywordMain.stepFailed(WebUIKeywordMain.groovy:64)
	at com.kms.katalon.core.webui.keyword.builtin.VerifyElementPresentKeyword$_verifyElementPresent_closure1.doCall(VerifyElementPresentKeyword.groovy:85)
	at com.kms.katalon.core.webui.keyword.builtin.VerifyElementPresentKeyword$_verifyElementPresent_closure1.call(VerifyElementPresentKeyword.groovy)
	at com.kms.katalon.core.webui.keyword.internal.WebUIKeywordMain.runKeyword(WebUIKeywordMain.groovy:20)
	... 19 more
)

2022-07-19 16:18:40 - [MESSAGE][WARNING] - Timeout '0' is invalid. Using default page load timeout: '30'

2022-07-19 16:19:17 - [MESSAGE][INFO] - Unable to find the element located by 'By.xpath: //div[@id='root']/main/div/div/button/a'. Please recheck the objects properties to make sure the desired element is located. 

2022-07-19 16:19:17 - [MESSAGE][FAILED] - com.kms.katalon.core.webui.exception.WebElementNotFoundException: Web element with id: 'Object Repository/CITIZEN/Page_Home  GetVaccine/a_Daftar Vaksinasi' located by '//div[@id='root']/main/div/div/button/a' not found (Root cause: com.kms.katalon.core.exception.StepFailedException: com.kms.katalon.core.webui.exception.WebElementNotFoundException: Web element with id: 'Object Repository/CITIZEN/Page_Home  GetVaccine/a_Daftar Vaksinasi' located by '//div[@id='root']/main/div/div/button/a' not found
	at com.kms.katalon.core.webui.keyword.internal.WebUIKeywordMain.stepFailed(WebUIKeywordMain.groovy:64)
	at com.kms.katalon.core.webui.keyword.builtin.VerifyElementPresentKeyword$_verifyElementPresent_closure1.doCall(VerifyElementPresentKeyword.groovy:85)
	at com.kms.katalon.core.webui.keyword.builtin.VerifyElementPresentKeyword$_verifyElementPresent_closure1.call(VerifyElementPresentKeyword.groovy)
	at com.kms.katalon.core.webui.keyword.internal.WebUIKeywordMain.runKeyword(WebUIKeywordMain.groovy:20)
	at com.kms.katalon.core.webui.keyword.builtin.VerifyElementPresentKeyword.verifyElementPresent(VerifyElementPresentKeyword.groovy:92)
	at com.kms.katalon.core.webui.keyword.builtin.VerifyElementPresentKeyword.execute(VerifyElementPresentKeyword.groovy:68)
	at com.kms.katalon.core.keyword.internal.KeywordExecutor.executeKeywordForPlatform(KeywordExecutor.groovy:74)
	at com.kms.katalon.core.webui.keyword.WebUiBuiltInKeywords.verifyElementPresent(WebUiBuiltInKeywords.groovy:1464)
	at com.kms.katalon.core.webui.keyword.WebUiBuiltInKeywords$verifyElementPresent$7.call(Unknown Source)
	at TC_Login.run(TC_Login:52)
	at com.kms.katalon.core.main.ScriptEngine.run(ScriptEngine.java:194)
	at com.kms.katalon.core.main.ScriptEngine.runScriptAsRawText(ScriptEngine.java:119)
	at com.kms.katalon.core.main.TestCaseExecutor.runScript(TestCaseExecutor.java:442)
	at com.kms.katalon.core.main.TestCaseExecutor.doExecute(TestCaseExecutor.java:433)
	at com.kms.katalon.core.main.TestCaseExecutor.processExecutionPhase(TestCaseExecutor.java:412)
	at com.kms.katalon.core.main.TestCaseExecutor.accessMainPhase(TestCaseExecutor.java:404)
	at com.kms.katalon.core.main.TestCaseExecutor.execute(TestCaseExecutor.java:281)
	at com.kms.katalon.core.main.TestSuiteExecutor.accessTestCaseMainPhase(TestSuiteExecutor.java:202)
	at com.kms.katalon.core.main.TestSuiteExecutor.accessTestSuiteMainPhase(TestSuiteExecutor.java:164)
	at com.kms.katalon.core.main.TestSuiteExecutor.execute(TestSuiteExecutor.java:105)
	at com.kms.katalon.core.main.TestCaseMain.startTestSuite(TestCaseMain.java:185)
	at com.kms.katalon.core.main.TestCaseMain$startTestSuite$0.call(Unknown Source)
	at TempTestSuite1658221840043.run(TempTestSuite1658221840043.groovy:36)
)
[[ATTACHMENT|C:\\Users\\Thinkpad X260\\git\\CapstoneWEBSITE\\Reports\\20220719_161040\\TS_CITIZEN\\20220719_161040\\1658222357356.png]]

2022-07-19 16:19:17 - [MESSAGE][FAILED] - Unable to verify object 'Object Repository/CITIZEN/Page_Home  GetVaccine/a_Daftar Vaksinasi' is present (Root cause: com.kms.katalon.core.exception.StepFailedException: Unable to verify object 'Object Repository/CITIZEN/Page_Home  GetVaccine/a_Daftar Vaksinasi' is present
	at com.kms.katalon.core.webui.keyword.internal.WebUIKeywordMain.stepFailed(WebUIKeywordMain.groovy:64)
	at com.kms.katalon.core.webui.keyword.internal.WebUIKeywordMain.runKeyword(WebUIKeywordMain.groovy:26)
	at com.kms.katalon.core.webui.keyword.builtin.VerifyElementPresentKeyword.verifyElementPresent(VerifyElementPresentKeyword.groovy:92)
	at com.kms.katalon.core.webui.keyword.builtin.VerifyElementPresentKeyword.execute(VerifyElementPresentKeyword.groovy:68)
	at com.kms.katalon.core.keyword.internal.KeywordExecutor.executeKeywordForPlatform(KeywordExecutor.groovy:74)
	at com.kms.katalon.core.webui.keyword.WebUiBuiltInKeywords.verifyElementPresent(WebUiBuiltInKeywords.groovy:1464)
	at com.kms.katalon.core.webui.keyword.WebUiBuiltInKeywords$verifyElementPresent$7.call(Unknown Source)
	at TC_Login.run(TC_Login:52)
	at com.kms.katalon.core.main.ScriptEngine.run(ScriptEngine.java:194)
	at com.kms.katalon.core.main.ScriptEngine.runScriptAsRawText(ScriptEngine.java:119)
	at com.kms.katalon.core.main.TestCaseExecutor.runScript(TestCaseExecutor.java:442)
	at com.kms.katalon.core.main.TestCaseExecutor.doExecute(TestCaseExecutor.java:433)
	at com.kms.katalon.core.main.TestCaseExecutor.processExecutionPhase(TestCaseExecutor.java:412)
	at com.kms.katalon.core.main.TestCaseExecutor.accessMainPhase(TestCaseExecutor.java:404)
	at com.kms.katalon.core.main.TestCaseExecutor.execute(TestCaseExecutor.java:281)
	at com.kms.katalon.core.main.TestSuiteExecutor.accessTestCaseMainPhase(TestSuiteExecutor.java:202)
	at com.kms.katalon.core.main.TestSuiteExecutor.accessTestSuiteMainPhase(TestSuiteExecutor.java:164)
	at com.kms.katalon.core.main.TestSuiteExecutor.execute(TestSuiteExecutor.java:105)
	at com.kms.katalon.core.main.TestCaseMain.startTestSuite(TestCaseMain.java:185)
	at com.kms.katalon.core.main.TestCaseMain$startTestSuite$0.call(Unknown Source)
	at TempTestSuite1658221840043.run(TempTestSuite1658221840043.groovy:36)
Caused by: com.kms.katalon.core.exception.StepFailedException: com.kms.katalon.core.webui.exception.WebElementNotFoundException: Web element with id: 'Object Repository/CITIZEN/Page_Home  GetVaccine/a_Daftar Vaksinasi' located by '//div[@id='root']/main/div/div/button/a' not found
	at com.kms.katalon.core.webui.keyword.internal.WebUIKeywordMain.stepFailed(WebUIKeywordMain.groovy:64)
	at com.kms.katalon.core.webui.keyword.builtin.VerifyElementPresentKeyword$_verifyElementPresent_closure1.doCall(VerifyElementPresentKeyword.groovy:85)
	at com.kms.katalon.core.webui.keyword.builtin.VerifyElementPresentKeyword$_verifyElementPresent_closure1.call(VerifyElementPresentKeyword.groovy)
	at com.kms.katalon.core.webui.keyword.internal.WebUIKeywordMain.runKeyword(WebUIKeywordMain.groovy:20)
	... 19 more
)
[[ATTACHMENT|C:\\Users\\Thinkpad X260\\git\\CapstoneWEBSITE\\Reports\\20220719_161040\\TS_CITIZEN\\20220719_161040\\1658222357524.png]]]]></system-out>
         <system-err><![CDATA[2022-07-19 16:16:34 - [TEST_CASE][FAILED] - Test Cases/CITIZEN/AUTH/TC_Login: Test Cases/CITIZEN/AUTH/TC_Login FAILED.
Reason:
com.kms.katalon.core.exception.StepFailedException: Unable to verify object 'Object Repository/CITIZEN/Page_Home  GetVaccine/a_Daftar Vaksinasi' is present
	at com.kms.katalon.core.webui.keyword.internal.WebUIKeywordMain.stepFailed(WebUIKeywordMain.groovy:64)
	at com.kms.katalon.core.webui.keyword.internal.WebUIKeywordMain.runKeyword(WebUIKeywordMain.groovy:26)
	at com.kms.katalon.core.webui.keyword.builtin.VerifyElementPresentKeyword.verifyElementPresent(VerifyElementPresentKeyword.groovy:92)
	at com.kms.katalon.core.webui.keyword.builtin.VerifyElementPresentKeyword.execute(VerifyElementPresentKeyword.groovy:68)
	at com.kms.katalon.core.keyword.internal.KeywordExecutor.executeKeywordForPlatform(KeywordExecutor.groovy:74)
	at com.kms.katalon.core.webui.keyword.WebUiBuiltInKeywords.verifyElementPresent(WebUiBuiltInKeywords.groovy:1464)
	at com.kms.katalon.core.webui.keyword.WebUiBuiltInKeywords$verifyElementPresent$7.call(Unknown Source)
	at TC_Login.run(TC_Login:52)
	at com.kms.katalon.core.main.ScriptEngine.run(ScriptEngine.java:194)
	at com.kms.katalon.core.main.ScriptEngine.runScriptAsRawText(ScriptEngine.java:119)
	at com.kms.katalon.core.main.TestCaseExecutor.runScript(TestCaseExecutor.java:442)
	at com.kms.katalon.core.main.TestCaseExecutor.doExecute(TestCaseExecutor.java:433)
	at com.kms.katalon.core.main.TestCaseExecutor.processExecutionPhase(TestCaseExecutor.java:412)
	at com.kms.katalon.core.main.TestCaseExecutor.accessMainPhase(TestCaseExecutor.java:404)
	at com.kms.katalon.core.main.TestCaseExecutor.execute(TestCaseExecutor.java:281)
	at com.kms.katalon.core.main.TestSuiteExecutor.accessTestCaseMainPhase(TestSuiteExecutor.java:202)
	at com.kms.katalon.core.main.TestSuiteExecutor.accessTestSuiteMainPhase(TestSuiteExecutor.java:164)
	at com.kms.katalon.core.main.TestSuiteExecutor.execute(TestSuiteExecutor.java:105)
	at com.kms.katalon.core.main.TestCaseMain.startTestSuite(TestCaseMain.java:185)
	at com.kms.katalon.core.main.TestCaseMain$startTestSuite$0.call(Unknown Source)
	at TempTestSuite1658221840043.run(TempTestSuite1658221840043.groovy:36)
Caused by: com.kms.katalon.core.exception.StepFailedException: com.kms.katalon.core.webui.exception.WebElementNotFoundException: Web element with id: 'Object Repository/CITIZEN/Page_Home  GetVaccine/a_Daftar Vaksinasi' located by '//div[@id='root']/main/div/div/button/a' not found
	at com.kms.katalon.core.webui.keyword.internal.WebUIKeywordMain.stepFailed(WebUIKeywordMain.groovy:64)
	at com.kms.katalon.core.webui.keyword.builtin.VerifyElementPresentKeyword$_verifyElementPresent_closure1.doCall(VerifyElementPresentKeyword.groovy:85)
	at com.kms.katalon.core.webui.keyword.builtin.VerifyElementPresentKeyword$_verifyElementPresent_closure1.call(VerifyElementPresentKeyword.groovy)
	at com.kms.katalon.core.webui.keyword.internal.WebUIKeywordMain.runKeyword(WebUIKeywordMain.groovy:20)
	... 19 more]]></system-err>
      </testcase>
      <testcase name="Test Cases/CITIZEN/AUTH/Login" time="13.845" classname="Test Cases/CITIZEN/AUTH/Login" status="PASSED">
         <system-out><![CDATA[2022-07-19 16:19:17 - [TEST_CASE][PASSED] - Test Cases/CITIZEN/AUTH/Login: Test Cases/CITIZEN/AUTH/Login

2022-07-19 16:19:18 - [TEST_STEP][PASSED] - openBrowser(""): Browser is opened with url: ''

2022-07-19 16:19:18 - [MESSAGE][WARNING] - A browser is already opened. Closing browser and opening a new one

2022-07-19 16:19:19 - [MESSAGE][INFO] - Starting 'Chrome' driver

2022-07-19 16:19:19 - [MESSAGE][INFO] - Action delay is set to 0 milliseconds

2022-07-19 16:19:20 - [MESSAGE][PASSED] - Browser is opened with url: ''

2022-07-19 16:19:20 - [TEST_STEP][PASSED] - maximizeWindow(): Current window maximized

2022-07-19 16:19:21 - [MESSAGE][PASSED] - Current window maximized

2022-07-19 16:19:21 - [TEST_STEP][PASSED] - navigateToUrl("https://dev-getvaccine-16.netlify.app/"): Navigate to 'https://dev-getvaccine-16.netlify.app/' successfully

2022-07-19 16:19:24 - [MESSAGE][PASSED] - Navigate to 'https://dev-getvaccine-16.netlify.app/' successfully

2022-07-19 16:19:24 - [TEST_STEP][PASSED] - click(findTestObject("CITIZEN/Page_Home  GetVaccine/login btn")): Object: 'Object Repository/CITIZEN/Page_Home  GetVaccine/login btn' is clicked on

2022-07-19 16:19:25 - [MESSAGE][PASSED] - Object: 'Object Repository/CITIZEN/Page_Home  GetVaccine/login btn' is clicked on

2022-07-19 16:19:25 - [TEST_STEP][PASSED] - verifyElementVisible(findTestObject("CITIZEN/Page_Login  GetVaccine/VerifyLoginPage")): Object 'Object Repository/CITIZEN/Page_Login  GetVaccine/VerifyLoginPage' is visible

2022-07-19 16:19:26 - [MESSAGE][PASSED] - Object 'Object Repository/CITIZEN/Page_Login  GetVaccine/VerifyLoginPage' is visible

2022-07-19 16:19:26 - [TEST_STEP][PASSED] - setText(findTestObject("CITIZEN/Page_Login  GetVaccine/input_NIK_basic_nik"), "7890789078907890"): Text '7890789078907890' is set on object 'Object Repository/CITIZEN/Page_Login  GetVaccine/input_NIK_basic_nik'

2022-07-19 16:19:27 - [MESSAGE][PASSED] - Text '7890789078907890' is set on object 'Object Repository/CITIZEN/Page_Login  GetVaccine/input_NIK_basic_nik'

2022-07-19 16:19:27 - [TEST_STEP][PASSED] - setText(findTestObject("CITIZEN/Page_Login  GetVaccine/input_Password_basic_password"), "Haechan123"): Text 'Haechan123' is set on object 'Object Repository/CITIZEN/Page_Login  GetVaccine/input_Password_basic_password'

2022-07-19 16:19:28 - [MESSAGE][PASSED] - Text 'Haechan123' is set on object 'Object Repository/CITIZEN/Page_Login  GetVaccine/input_Password_basic_password'

2022-07-19 16:19:28 - [TEST_STEP][PASSED] - click(findTestObject("CITIZEN/Page_Login  GetVaccine/eye")): Object: 'Object Repository/CITIZEN/Page_Login  GetVaccine/eye' is clicked on

2022-07-19 16:19:28 - [MESSAGE][PASSED] - Object: 'Object Repository/CITIZEN/Page_Login  GetVaccine/eye' is clicked on

2022-07-19 16:19:28 - [TEST_STEP][PASSED] - click(findTestObject("CITIZEN/Page_Login  GetVaccine/button_Login")): Object: 'Object Repository/CITIZEN/Page_Login  GetVaccine/button_Login' is clicked on

2022-07-19 16:19:29 - [MESSAGE][PASSED] - Object: 'Object Repository/CITIZEN/Page_Login  GetVaccine/button_Login' is clicked on

2022-07-19 16:19:29 - [TEST_STEP][PASSED] - verifyElementPresent(findTestObject("CITIZEN/Page_Home  GetVaccine/navbar"), 0, STOP_ON_FAILURE): Object 'Object Repository/CITIZEN/Page_Home  GetVaccine/navbar' is present

2022-07-19 16:19:29 - [MESSAGE][WARNING] - Timeout '0' is invalid. Using default page load timeout: '30'

2022-07-19 16:19:31 - [MESSAGE][PASSED] - Object 'Object Repository/CITIZEN/Page_Home  GetVaccine/navbar' is present]]></system-out>
         <system-err><![CDATA[]]></system-err>
      </testcase>
      <testcase name="Test Cases/CITIZEN/VAKSINASI/TC_Search" time="64.873" classname="Test Cases/CITIZEN/VAKSINASI/TC_Search" status="PASSED">
         <system-out><![CDATA[2022-07-19 16:19:31 - [TEST_CASE][PASSED] - Test Cases/CITIZEN/VAKSINASI/TC_Search: Test Cases/CITIZEN/VAKSINASI/TC_Search

2022-07-19 16:19:32 - [TEST_STEP][PASSED] - for ([i = 1, i <= 7, (i++)]): Object 'Object Repository/CITIZEN/Page_undefined  GetVaccine/yonkes' is present

2022-07-19 16:19:32 - [TEST_STEP][PASSED] - click(findTestObject("CITIZEN/Page_Home  GetVaccine/home menu")): Object: 'Object Repository/CITIZEN/Page_Home  GetVaccine/home menu' is clicked on

2022-07-19 16:19:32 - [MESSAGE][PASSED] - Object: 'Object Repository/CITIZEN/Page_Home  GetVaccine/home menu' is clicked on

2022-07-19 16:19:32 - [TEST_STEP][PASSED] - click(findTestObject("CITIZEN/Page_Home  GetVaccine/vaksinasi menu")): Object: 'Object Repository/CITIZEN/Page_Home  GetVaccine/vaksinasi menu' is clicked on

2022-07-19 16:19:33 - [MESSAGE][PASSED] - Object: 'Object Repository/CITIZEN/Page_Home  GetVaccine/vaksinasi menu' is clicked on

2022-07-19 16:19:33 - [TEST_STEP][PASSED] - verifyElementPresent(findTestObject("CITIZEN/Page_Vaksinasi GetVaccine/verify vaksinasi page"), 0): Object 'Object Repository/CITIZEN/Page_Vaksinasi GetVaccine/verify vaksinasi page' is present

2022-07-19 16:19:33 - [MESSAGE][WARNING] - Timeout '0' is invalid. Using default page load timeout: '30'

2022-07-19 16:19:34 - [MESSAGE][PASSED] - Object 'Object Repository/CITIZEN/Page_Vaksinasi GetVaccine/verify vaksinasi page' is present

2022-07-19 16:19:34 - [TEST_STEP][PASSED] - click(findTestObject("CITIZEN/Page_Vaksinasi GetVaccine/Search/search bar")): Object: 'Object Repository/CITIZEN/Page_Vaksinasi GetVaccine/Search/search bar' is clicked on

2022-07-19 16:19:35 - [MESSAGE][PASSED] - Object: 'Object Repository/CITIZEN/Page_Vaksinasi GetVaccine/Search/search bar' is clicked on

2022-07-19 16:19:35 - [TEST_STEP][PASSED] - clearText(findTestObject("CITIZEN/Page_Vaksinasi GetVaccine/Search/search bar")): Text of object 'Object Repository/CITIZEN/Page_Vaksinasi GetVaccine/Search/search bar' is cleared

2022-07-19 16:19:36 - [MESSAGE][PASSED] - Text of object 'Object Repository/CITIZEN/Page_Vaksinasi GetVaccine/Search/search bar' is cleared

2022-07-19 16:19:36 - [TEST_STEP][PASSED] - setText(findTestObject("CITIZEN/Page_Vaksinasi GetVaccine/Search/search bar"), findTestData("CITIZEN/Search Vaccine").getValue(1, i)): Text '' is set on object 'Object Repository/CITIZEN/Page_Vaksinasi GetVaccine/Search/search bar'

2022-07-19 16:19:36 - [MESSAGE][PASSED] - Text '' is set on object 'Object Repository/CITIZEN/Page_Vaksinasi GetVaccine/Search/search bar'

2022-07-19 16:19:36 - [TEST_STEP][PASSED] - click(findTestObject("CITIZEN/Page_Vaksinasi GetVaccine/Search/button search")): Object: 'Object Repository/CITIZEN/Page_Vaksinasi GetVaccine/Search/button search' is clicked on

2022-07-19 16:19:37 - [MESSAGE][PASSED] - Object: 'Object Repository/CITIZEN/Page_Vaksinasi GetVaccine/Search/button search' is clicked on

2022-07-19 16:19:37 - [TEST_STEP][PASSED] - if (i <= 3): Object 'Object Repository/CITIZEN/Page_Vaksinasi GetVaccine/Search/verify search gagal' is present

2022-07-19 16:19:37 - [TEST_STEP][PASSED] - verifyElementPresent(findTestObject("CITIZEN/Page_Vaksinasi GetVaccine/Search/verify search gagal"), 0): Object 'Object Repository/CITIZEN/Page_Vaksinasi GetVaccine/Search/verify search gagal' is present

2022-07-19 16:19:37 - [MESSAGE][WARNING] - Timeout '0' is invalid. Using default page load timeout: '30'

2022-07-19 16:19:37 - [MESSAGE][PASSED] - Object 'Object Repository/CITIZEN/Page_Vaksinasi GetVaccine/Search/verify search gagal' is present

2022-07-19 16:19:37 - [TEST_STEP][PASSED] - click(findTestObject("CITIZEN/Page_Home  GetVaccine/home menu")): Object: 'Object Repository/CITIZEN/Page_Home  GetVaccine/home menu' is clicked on

2022-07-19 16:19:38 - [MESSAGE][PASSED] - Object: 'Object Repository/CITIZEN/Page_Home  GetVaccine/home menu' is clicked on

2022-07-19 16:19:38 - [TEST_STEP][PASSED] - click(findTestObject("CITIZEN/Page_Home  GetVaccine/vaksinasi menu")): Object: 'Object Repository/CITIZEN/Page_Home  GetVaccine/vaksinasi menu' is clicked on

2022-07-19 16:19:39 - [MESSAGE][PASSED] - Object: 'Object Repository/CITIZEN/Page_Home  GetVaccine/vaksinasi menu' is clicked on

2022-07-19 16:19:39 - [TEST_STEP][PASSED] - verifyElementPresent(findTestObject("CITIZEN/Page_Vaksinasi GetVaccine/verify vaksinasi page"), 0): Object 'Object Repository/CITIZEN/Page_Vaksinasi GetVaccine/verify vaksinasi page' is present

2022-07-19 16:19:39 - [MESSAGE][WARNING] - Timeout '0' is invalid. Using default page load timeout: '30'

2022-07-19 16:19:42 - [MESSAGE][PASSED] - Object 'Object Repository/CITIZEN/Page_Vaksinasi GetVaccine/verify vaksinasi page' is present

2022-07-19 16:19:42 - [TEST_STEP][PASSED] - click(findTestObject("CITIZEN/Page_Vaksinasi GetVaccine/Search/search bar")): Object: 'Object Repository/CITIZEN/Page_Vaksinasi GetVaccine/Search/search bar' is clicked on

2022-07-19 16:19:42 - [MESSAGE][PASSED] - Object: 'Object Repository/CITIZEN/Page_Vaksinasi GetVaccine/Search/search bar' is clicked on

2022-07-19 16:19:42 - [TEST_STEP][PASSED] - clearText(findTestObject("CITIZEN/Page_Vaksinasi GetVaccine/Search/search bar")): Text of object 'Object Repository/CITIZEN/Page_Vaksinasi GetVaccine/Search/search bar' is cleared

2022-07-19 16:19:43 - [MESSAGE][PASSED] - Text of object 'Object Repository/CITIZEN/Page_Vaksinasi GetVaccine/Search/search bar' is cleared

2022-07-19 16:19:43 - [TEST_STEP][PASSED] - setText(findTestObject("CITIZEN/Page_Vaksinasi GetVaccine/Search/search bar"), findTestData("CITIZEN/Search Vaccine").getValue(1, i)): Text '1111' is set on object 'Object Repository/CITIZEN/Page_Vaksinasi GetVaccine/Search/search bar'

2022-07-19 16:19:43 - [MESSAGE][PASSED] - Text '1111' is set on object 'Object Repository/CITIZEN/Page_Vaksinasi GetVaccine/Search/search bar'

2022-07-19 16:19:43 - [TEST_STEP][PASSED] - click(findTestObject("CITIZEN/Page_Vaksinasi GetVaccine/Search/button search")): Object: 'Object Repository/CITIZEN/Page_Vaksinasi GetVaccine/Search/button search' is clicked on

2022-07-19 16:19:44 - [MESSAGE][PASSED] - Object: 'Object Repository/CITIZEN/Page_Vaksinasi GetVaccine/Search/button search' is clicked on

2022-07-19 16:19:44 - [TEST_STEP][PASSED] - if (i <= 3): Object 'Object Repository/CITIZEN/Page_Vaksinasi GetVaccine/Search/verify search gagal' is present

2022-07-19 16:19:44 - [TEST_STEP][PASSED] - verifyElementPresent(findTestObject("CITIZEN/Page_Vaksinasi GetVaccine/Search/verify search gagal"), 0): Object 'Object Repository/CITIZEN/Page_Vaksinasi GetVaccine/Search/verify search gagal' is present

2022-07-19 16:19:44 - [MESSAGE][WARNING] - Timeout '0' is invalid. Using default page load timeout: '30'

2022-07-19 16:19:44 - [MESSAGE][PASSED] - Object 'Object Repository/CITIZEN/Page_Vaksinasi GetVaccine/Search/verify search gagal' is present

2022-07-19 16:19:44 - [TEST_STEP][PASSED] - click(findTestObject("CITIZEN/Page_Home  GetVaccine/home menu")): Object: 'Object Repository/CITIZEN/Page_Home  GetVaccine/home menu' is clicked on

2022-07-19 16:19:45 - [MESSAGE][PASSED] - Object: 'Object Repository/CITIZEN/Page_Home  GetVaccine/home menu' is clicked on

2022-07-19 16:19:45 - [TEST_STEP][PASSED] - click(findTestObject("CITIZEN/Page_Home  GetVaccine/vaksinasi menu")): Object: 'Object Repository/CITIZEN/Page_Home  GetVaccine/vaksinasi menu' is clicked on

2022-07-19 16:20:01 - [MESSAGE][PASSED] - Object: 'Object Repository/CITIZEN/Page_Home  GetVaccine/vaksinasi menu' is clicked on

2022-07-19 16:20:01 - [TEST_STEP][PASSED] - verifyElementPresent(findTestObject("CITIZEN/Page_Vaksinasi GetVaccine/verify vaksinasi page"), 0): Object 'Object Repository/CITIZEN/Page_Vaksinasi GetVaccine/verify vaksinasi page' is present

2022-07-19 16:20:01 - [MESSAGE][WARNING] - Timeout '0' is invalid. Using default page load timeout: '30'

2022-07-19 16:20:03 - [MESSAGE][PASSED] - Object 'Object Repository/CITIZEN/Page_Vaksinasi GetVaccine/verify vaksinasi page' is present

2022-07-19 16:20:03 - [TEST_STEP][PASSED] - click(findTestObject("CITIZEN/Page_Vaksinasi GetVaccine/Search/search bar")): Object: 'Object Repository/CITIZEN/Page_Vaksinasi GetVaccine/Search/search bar' is clicked on

2022-07-19 16:20:03 - [MESSAGE][PASSED] - Object: 'Object Repository/CITIZEN/Page_Vaksinasi GetVaccine/Search/search bar' is clicked on

2022-07-19 16:20:03 - [TEST_STEP][PASSED] - clearText(findTestObject("CITIZEN/Page_Vaksinasi GetVaccine/Search/search bar")): Text of object 'Object Repository/CITIZEN/Page_Vaksinasi GetVaccine/Search/search bar' is cleared

2022-07-19 16:20:04 - [MESSAGE][PASSED] - Text of object 'Object Repository/CITIZEN/Page_Vaksinasi GetVaccine/Search/search bar' is cleared

2022-07-19 16:20:04 - [TEST_STEP][PASSED] - setText(findTestObject("CITIZEN/Page_Vaksinasi GetVaccine/Search/search bar"), findTestData("CITIZEN/Search Vaccine").getValue(1, i)): Text 'london' is set on object 'Object Repository/CITIZEN/Page_Vaksinasi GetVaccine/Search/search bar'

2022-07-19 16:20:05 - [MESSAGE][PASSED] - Text 'london' is set on object 'Object Repository/CITIZEN/Page_Vaksinasi GetVaccine/Search/search bar'

2022-07-19 16:20:05 - [TEST_STEP][PASSED] - click(findTestObject("CITIZEN/Page_Vaksinasi GetVaccine/Search/button search")): Object: 'Object Repository/CITIZEN/Page_Vaksinasi GetVaccine/Search/button search' is clicked on

2022-07-19 16:20:05 - [MESSAGE][PASSED] - Object: 'Object Repository/CITIZEN/Page_Vaksinasi GetVaccine/Search/button search' is clicked on

2022-07-19 16:20:05 - [TEST_STEP][PASSED] - if (i <= 3): Object 'Object Repository/CITIZEN/Page_Vaksinasi GetVaccine/Search/verify search gagal' is present

2022-07-19 16:20:05 - [TEST_STEP][PASSED] - verifyElementPresent(findTestObject("CITIZEN/Page_Vaksinasi GetVaccine/Search/verify search gagal"), 0): Object 'Object Repository/CITIZEN/Page_Vaksinasi GetVaccine/Search/verify search gagal' is present

2022-07-19 16:20:05 - [MESSAGE][WARNING] - Timeout '0' is invalid. Using default page load timeout: '30'

2022-07-19 16:20:05 - [MESSAGE][PASSED] - Object 'Object Repository/CITIZEN/Page_Vaksinasi GetVaccine/Search/verify search gagal' is present

2022-07-19 16:20:05 - [TEST_STEP][PASSED] - click(findTestObject("CITIZEN/Page_Home  GetVaccine/home menu")): Object: 'Object Repository/CITIZEN/Page_Home  GetVaccine/home menu' is clicked on

2022-07-19 16:20:06 - [MESSAGE][PASSED] - Object: 'Object Repository/CITIZEN/Page_Home  GetVaccine/home menu' is clicked on

2022-07-19 16:20:06 - [TEST_STEP][PASSED] - click(findTestObject("CITIZEN/Page_Home  GetVaccine/vaksinasi menu")): Object: 'Object Repository/CITIZEN/Page_Home  GetVaccine/vaksinasi menu' is clicked on

2022-07-19 16:20:08 - [MESSAGE][PASSED] - Object: 'Object Repository/CITIZEN/Page_Home  GetVaccine/vaksinasi menu' is clicked on

2022-07-19 16:20:08 - [TEST_STEP][PASSED] - verifyElementPresent(findTestObject("CITIZEN/Page_Vaksinasi GetVaccine/verify vaksinasi page"), 0): Object 'Object Repository/CITIZEN/Page_Vaksinasi GetVaccine/verify vaksinasi page' is present

2022-07-19 16:20:08 - [MESSAGE][WARNING] - Timeout '0' is invalid. Using default page load timeout: '30'

2022-07-19 16:20:09 - [MESSAGE][PASSED] - Object 'Object Repository/CITIZEN/Page_Vaksinasi GetVaccine/verify vaksinasi page' is present

2022-07-19 16:20:09 - [TEST_STEP][PASSED] - click(findTestObject("CITIZEN/Page_Vaksinasi GetVaccine/Search/search bar")): Object: 'Object Repository/CITIZEN/Page_Vaksinasi GetVaccine/Search/search bar' is clicked on

2022-07-19 16:20:10 - [MESSAGE][PASSED] - Object: 'Object Repository/CITIZEN/Page_Vaksinasi GetVaccine/Search/search bar' is clicked on

2022-07-19 16:20:10 - [TEST_STEP][PASSED] - clearText(findTestObject("CITIZEN/Page_Vaksinasi GetVaccine/Search/search bar")): Text of object 'Object Repository/CITIZEN/Page_Vaksinasi GetVaccine/Search/search bar' is cleared

2022-07-19 16:20:10 - [MESSAGE][PASSED] - Text of object 'Object Repository/CITIZEN/Page_Vaksinasi GetVaccine/Search/search bar' is cleared

2022-07-19 16:20:10 - [TEST_STEP][PASSED] - setText(findTestObject("CITIZEN/Page_Vaksinasi GetVaccine/Search/search bar"), findTestData("CITIZEN/Search Vaccine").getValue(1, i)): Text 'Jawa Barat' is set on object 'Object Repository/CITIZEN/Page_Vaksinasi GetVaccine/Search/search bar'

2022-07-19 16:20:11 - [MESSAGE][PASSED] - Text 'Jawa Barat' is set on object 'Object Repository/CITIZEN/Page_Vaksinasi GetVaccine/Search/search bar'

2022-07-19 16:20:11 - [TEST_STEP][PASSED] - click(findTestObject("CITIZEN/Page_Vaksinasi GetVaccine/Search/button search")): Object: 'Object Repository/CITIZEN/Page_Vaksinasi GetVaccine/Search/button search' is clicked on

2022-07-19 16:20:11 - [MESSAGE][PASSED] - Object: 'Object Repository/CITIZEN/Page_Vaksinasi GetVaccine/Search/button search' is clicked on

2022-07-19 16:20:11 - [TEST_STEP][PASSED] - if (i <= 3): null

2022-07-19 16:20:11 - [TEST_STEP][PASSED] - else if (i == 4 | i == 5 | i == 6): Object 'Object Repository/CITIZEN/Page_undefined  GetVaccine/yonkes' is present

2022-07-19 16:20:11 - [TEST_STEP][PASSED] - verifyElementPresent(findTestObject("CITIZEN/Page_undefined  GetVaccine/yonkes"), 0): Object 'Object Repository/CITIZEN/Page_undefined  GetVaccine/yonkes' is present

2022-07-19 16:20:11 - [MESSAGE][WARNING] - Timeout '0' is invalid. Using default page load timeout: '30'

2022-07-19 16:20:12 - [MESSAGE][PASSED] - Object 'Object Repository/CITIZEN/Page_undefined  GetVaccine/yonkes' is present

2022-07-19 16:20:12 - [TEST_STEP][PASSED] - click(findTestObject("CITIZEN/Page_Home  GetVaccine/home menu")): Object: 'Object Repository/CITIZEN/Page_Home  GetVaccine/home menu' is clicked on

2022-07-19 16:20:12 - [MESSAGE][PASSED] - Object: 'Object Repository/CITIZEN/Page_Home  GetVaccine/home menu' is clicked on

2022-07-19 16:20:12 - [TEST_STEP][PASSED] - click(findTestObject("CITIZEN/Page_Home  GetVaccine/vaksinasi menu")): Object: 'Object Repository/CITIZEN/Page_Home  GetVaccine/vaksinasi menu' is clicked on

2022-07-19 16:20:14 - [MESSAGE][PASSED] - Object: 'Object Repository/CITIZEN/Page_Home  GetVaccine/vaksinasi menu' is clicked on

2022-07-19 16:20:14 - [TEST_STEP][PASSED] - verifyElementPresent(findTestObject("CITIZEN/Page_Vaksinasi GetVaccine/verify vaksinasi page"), 0): Object 'Object Repository/CITIZEN/Page_Vaksinasi GetVaccine/verify vaksinasi page' is present

2022-07-19 16:20:14 - [MESSAGE][WARNING] - Timeout '0' is invalid. Using default page load timeout: '30'

2022-07-19 16:20:16 - [MESSAGE][PASSED] - Object 'Object Repository/CITIZEN/Page_Vaksinasi GetVaccine/verify vaksinasi page' is present

2022-07-19 16:20:16 - [TEST_STEP][PASSED] - click(findTestObject("CITIZEN/Page_Vaksinasi GetVaccine/Search/search bar")): Object: 'Object Repository/CITIZEN/Page_Vaksinasi GetVaccine/Search/search bar' is clicked on

2022-07-19 16:20:17 - [MESSAGE][PASSED] - Object: 'Object Repository/CITIZEN/Page_Vaksinasi GetVaccine/Search/search bar' is clicked on

2022-07-19 16:20:17 - [TEST_STEP][PASSED] - clearText(findTestObject("CITIZEN/Page_Vaksinasi GetVaccine/Search/search bar")): Text of object 'Object Repository/CITIZEN/Page_Vaksinasi GetVaccine/Search/search bar' is cleared

2022-07-19 16:20:17 - [MESSAGE][PASSED] - Text of object 'Object Repository/CITIZEN/Page_Vaksinasi GetVaccine/Search/search bar' is cleared

2022-07-19 16:20:17 - [TEST_STEP][PASSED] - setText(findTestObject("CITIZEN/Page_Vaksinasi GetVaccine/Search/search bar"), findTestData("CITIZEN/Search Vaccine").getValue(1, i)): Text 'Bogor' is set on object 'Object Repository/CITIZEN/Page_Vaksinasi GetVaccine/Search/search bar'

2022-07-19 16:20:18 - [MESSAGE][PASSED] - Text 'Bogor' is set on object 'Object Repository/CITIZEN/Page_Vaksinasi GetVaccine/Search/search bar'

2022-07-19 16:20:18 - [TEST_STEP][PASSED] - click(findTestObject("CITIZEN/Page_Vaksinasi GetVaccine/Search/button search")): Object: 'Object Repository/CITIZEN/Page_Vaksinasi GetVaccine/Search/button search' is clicked on

2022-07-19 16:20:18 - [MESSAGE][PASSED] - Object: 'Object Repository/CITIZEN/Page_Vaksinasi GetVaccine/Search/button search' is clicked on

2022-07-19 16:20:18 - [TEST_STEP][PASSED] - if (i <= 3): null

2022-07-19 16:20:18 - [TEST_STEP][PASSED] - else if (i == 4 | i == 5 | i == 6): Object 'Object Repository/CITIZEN/Page_undefined  GetVaccine/yonkes' is present

2022-07-19 16:20:18 - [TEST_STEP][PASSED] - verifyElementPresent(findTestObject("CITIZEN/Page_undefined  GetVaccine/yonkes"), 0): Object 'Object Repository/CITIZEN/Page_undefined  GetVaccine/yonkes' is present

2022-07-19 16:20:18 - [MESSAGE][WARNING] - Timeout '0' is invalid. Using default page load timeout: '30'

2022-07-19 16:20:19 - [MESSAGE][PASSED] - Object 'Object Repository/CITIZEN/Page_undefined  GetVaccine/yonkes' is present

2022-07-19 16:20:19 - [TEST_STEP][PASSED] - click(findTestObject("CITIZEN/Page_Home  GetVaccine/home menu")): Object: 'Object Repository/CITIZEN/Page_Home  GetVaccine/home menu' is clicked on

2022-07-19 16:20:19 - [MESSAGE][PASSED] - Object: 'Object Repository/CITIZEN/Page_Home  GetVaccine/home menu' is clicked on

2022-07-19 16:20:19 - [TEST_STEP][PASSED] - click(findTestObject("CITIZEN/Page_Home  GetVaccine/vaksinasi menu")): Object: 'Object Repository/CITIZEN/Page_Home  GetVaccine/vaksinasi menu' is clicked on

2022-07-19 16:20:23 - [MESSAGE][PASSED] - Object: 'Object Repository/CITIZEN/Page_Home  GetVaccine/vaksinasi menu' is clicked on

2022-07-19 16:20:23 - [TEST_STEP][PASSED] - verifyElementPresent(findTestObject("CITIZEN/Page_Vaksinasi GetVaccine/verify vaksinasi page"), 0): Object 'Object Repository/CITIZEN/Page_Vaksinasi GetVaccine/verify vaksinasi page' is present

2022-07-19 16:20:23 - [MESSAGE][WARNING] - Timeout '0' is invalid. Using default page load timeout: '30'

2022-07-19 16:20:25 - [MESSAGE][PASSED] - Object 'Object Repository/CITIZEN/Page_Vaksinasi GetVaccine/verify vaksinasi page' is present

2022-07-19 16:20:25 - [TEST_STEP][PASSED] - click(findTestObject("CITIZEN/Page_Vaksinasi GetVaccine/Search/search bar")): Object: 'Object Repository/CITIZEN/Page_Vaksinasi GetVaccine/Search/search bar' is clicked on

2022-07-19 16:20:26 - [MESSAGE][PASSED] - Object: 'Object Repository/CITIZEN/Page_Vaksinasi GetVaccine/Search/search bar' is clicked on

2022-07-19 16:20:26 - [TEST_STEP][PASSED] - clearText(findTestObject("CITIZEN/Page_Vaksinasi GetVaccine/Search/search bar")): Text of object 'Object Repository/CITIZEN/Page_Vaksinasi GetVaccine/Search/search bar' is cleared

2022-07-19 16:20:26 - [MESSAGE][PASSED] - Text of object 'Object Repository/CITIZEN/Page_Vaksinasi GetVaccine/Search/search bar' is cleared

2022-07-19 16:20:26 - [TEST_STEP][PASSED] - setText(findTestObject("CITIZEN/Page_Vaksinasi GetVaccine/Search/search bar"), findTestData("CITIZEN/Search Vaccine").getValue(1, i)): Text '16710' is set on object 'Object Repository/CITIZEN/Page_Vaksinasi GetVaccine/Search/search bar'

2022-07-19 16:20:27 - [MESSAGE][PASSED] - Text '16710' is set on object 'Object Repository/CITIZEN/Page_Vaksinasi GetVaccine/Search/search bar'

2022-07-19 16:20:27 - [TEST_STEP][PASSED] - click(findTestObject("CITIZEN/Page_Vaksinasi GetVaccine/Search/button search")): Object: 'Object Repository/CITIZEN/Page_Vaksinasi GetVaccine/Search/button search' is clicked on

2022-07-19 16:20:27 - [MESSAGE][PASSED] - Object: 'Object Repository/CITIZEN/Page_Vaksinasi GetVaccine/Search/button search' is clicked on

2022-07-19 16:20:27 - [TEST_STEP][PASSED] - if (i <= 3): null

2022-07-19 16:20:27 - [TEST_STEP][PASSED] - else if (i == 4 | i == 5 | i == 6): Object 'Object Repository/CITIZEN/Page_undefined  GetVaccine/yonkes' is present

2022-07-19 16:20:27 - [TEST_STEP][PASSED] - verifyElementPresent(findTestObject("CITIZEN/Page_undefined  GetVaccine/yonkes"), 0): Object 'Object Repository/CITIZEN/Page_undefined  GetVaccine/yonkes' is present

2022-07-19 16:20:27 - [MESSAGE][WARNING] - Timeout '0' is invalid. Using default page load timeout: '30'

2022-07-19 16:20:28 - [MESSAGE][PASSED] - Object 'Object Repository/CITIZEN/Page_undefined  GetVaccine/yonkes' is present

2022-07-19 16:20:28 - [TEST_STEP][PASSED] - click(findTestObject("CITIZEN/Page_Home  GetVaccine/home menu")): Object: 'Object Repository/CITIZEN/Page_Home  GetVaccine/home menu' is clicked on

2022-07-19 16:20:28 - [MESSAGE][PASSED] - Object: 'Object Repository/CITIZEN/Page_Home  GetVaccine/home menu' is clicked on

2022-07-19 16:20:28 - [TEST_STEP][PASSED] - click(findTestObject("CITIZEN/Page_Home  GetVaccine/vaksinasi menu")): Object: 'Object Repository/CITIZEN/Page_Home  GetVaccine/vaksinasi menu' is clicked on

2022-07-19 16:20:31 - [MESSAGE][PASSED] - Object: 'Object Repository/CITIZEN/Page_Home  GetVaccine/vaksinasi menu' is clicked on

2022-07-19 16:20:31 - [TEST_STEP][PASSED] - verifyElementPresent(findTestObject("CITIZEN/Page_Vaksinasi GetVaccine/verify vaksinasi page"), 0): Object 'Object Repository/CITIZEN/Page_Vaksinasi GetVaccine/verify vaksinasi page' is present

2022-07-19 16:20:31 - [MESSAGE][WARNING] - Timeout '0' is invalid. Using default page load timeout: '30'

2022-07-19 16:20:33 - [MESSAGE][PASSED] - Object 'Object Repository/CITIZEN/Page_Vaksinasi GetVaccine/verify vaksinasi page' is present

2022-07-19 16:20:33 - [TEST_STEP][PASSED] - click(findTestObject("CITIZEN/Page_Vaksinasi GetVaccine/Search/search bar")): Object: 'Object Repository/CITIZEN/Page_Vaksinasi GetVaccine/Search/search bar' is clicked on

2022-07-19 16:20:34 - [MESSAGE][PASSED] - Object: 'Object Repository/CITIZEN/Page_Vaksinasi GetVaccine/Search/search bar' is clicked on

2022-07-19 16:20:34 - [TEST_STEP][PASSED] - clearText(findTestObject("CITIZEN/Page_Vaksinasi GetVaccine/Search/search bar")): Text of object 'Object Repository/CITIZEN/Page_Vaksinasi GetVaccine/Search/search bar' is cleared

2022-07-19 16:20:34 - [MESSAGE][PASSED] - Text of object 'Object Repository/CITIZEN/Page_Vaksinasi GetVaccine/Search/search bar' is cleared

2022-07-19 16:20:34 - [TEST_STEP][PASSED] - setText(findTestObject("CITIZEN/Page_Vaksinasi GetVaccine/Search/search bar"), findTestData("CITIZEN/Search Vaccine").getValue(1, i)): Text 'Yonkes' is set on object 'Object Repository/CITIZEN/Page_Vaksinasi GetVaccine/Search/search bar'

2022-07-19 16:20:35 - [MESSAGE][PASSED] - Text 'Yonkes' is set on object 'Object Repository/CITIZEN/Page_Vaksinasi GetVaccine/Search/search bar'

2022-07-19 16:20:35 - [TEST_STEP][PASSED] - click(findTestObject("CITIZEN/Page_Vaksinasi GetVaccine/Search/button search")): Object: 'Object Repository/CITIZEN/Page_Vaksinasi GetVaccine/Search/button search' is clicked on

2022-07-19 16:20:35 - [MESSAGE][PASSED] - Object: 'Object Repository/CITIZEN/Page_Vaksinasi GetVaccine/Search/button search' is clicked on

2022-07-19 16:20:35 - [TEST_STEP][PASSED] - if (i <= 3): null

2022-07-19 16:20:35 - [TEST_STEP][PASSED] - else if (i == 4 | i == 5 | i == 6): null

2022-07-19 16:20:35 - [TEST_STEP][PASSED] - else: Object 'Object Repository/CITIZEN/Page_undefined  GetVaccine/yonkes' is present

2022-07-19 16:20:35 - [TEST_STEP][PASSED] - verifyElementPresent(findTestObject("CITIZEN/Page_undefined  GetVaccine/yonkes"), 0): Object 'Object Repository/CITIZEN/Page_undefined  GetVaccine/yonkes' is present

2022-07-19 16:20:36 - [MESSAGE][WARNING] - Timeout '0' is invalid. Using default page load timeout: '30'

2022-07-19 16:20:36 - [MESSAGE][PASSED] - Object 'Object Repository/CITIZEN/Page_undefined  GetVaccine/yonkes' is present]]></system-out>
         <system-err><![CDATA[]]></system-err>
      </testcase>
      <testcase name="Test Cases/CITIZEN/VAKSINASI/TC_Health Facility" time="2.693" classname="Test Cases/CITIZEN/VAKSINASI/TC_Health Facility" status="PASSED">
         <system-out><![CDATA[2022-07-19 16:20:36 - [TEST_CASE][PASSED] - Test Cases/CITIZEN/VAKSINASI/TC_Health Facility: Test Cases/CITIZEN/VAKSINASI/TC_Health Facility

2022-07-19 16:20:37 - [TEST_STEP][PASSED] - click(findTestObject("CITIZEN/Page_undefined  GetVaccine/yonkes")): Object: 'Object Repository/CITIZEN/Page_undefined  GetVaccine/yonkes' is clicked on

2022-07-19 16:20:37 - [MESSAGE][PASSED] - Object: 'Object Repository/CITIZEN/Page_undefined  GetVaccine/yonkes' is clicked on

2022-07-19 16:20:37 - [TEST_STEP][PASSED] - verifyElementPresent(findTestObject("CITIZEN/Page_undefined  GetVaccine/verify yonkes"), 0): Object 'Object Repository/CITIZEN/Page_undefined  GetVaccine/verify yonkes' is present

2022-07-19 16:20:37 - [MESSAGE][WARNING] - Timeout '0' is invalid. Using default page load timeout: '30'

2022-07-19 16:20:39 - [MESSAGE][PASSED] - Object 'Object Repository/CITIZEN/Page_undefined  GetVaccine/verify yonkes' is present]]></system-out>
         <system-err><![CDATA[]]></system-err>
      </testcase>
      <testcase name="Test Cases/CITIZEN/ANGGOTA/TC_Tambah Anggota" time="182.086" classname="Test Cases/CITIZEN/ANGGOTA/TC_Tambah Anggota" status="FAILED">
         <failure type="FAILED" message="Test Cases/CITIZEN/ANGGOTA/TC_Tambah Anggota FAILED.
Reason:
com.kms.katalon.core.exception.StepFailedException: Unable to click on object 'Object Repository/CITIZEN/Page_Vaksinasi GetVaccine/Tambah Anggota/btn tambah anggota'
	at com.kms.katalon.core.webui.keyword.internal.WebUIKeywordMain.stepFailed(WebUIKeywordMain.groovy:64)
	at com.kms.katalon.core.webui.keyword.internal.WebUIKeywordMain.runKeyword(WebUIKeywordMain.groovy:26)
	at com.kms.katalon.core.webui.keyword.builtin.ClickKeyword.click(ClickKeyword.groovy:74)
	at com.kms.katalon.core.webui.keyword.builtin.ClickKeyword.execute(ClickKeyword.groovy:40)
	at com.kms.katalon.core.keyword.internal.KeywordExecutor.executeKeywordForPlatform(KeywordExecutor.groovy:74)
	at com.kms.katalon.core.webui.keyword.WebUiBuiltInKeywords.click(WebUiBuiltInKeywords.groovy:620)
	at com.kms.katalon.core.webui.keyword.WebUiBuiltInKeywords$click$2.call(Unknown Source)
	at TC_Tambah Anggota.run(TC_Tambah Anggota:23)
	at com.kms.katalon.core.main.ScriptEngine.run(ScriptEngine.java:194)
	at com.kms.katalon.core.main.ScriptEngine.runScriptAsRawText(ScriptEngine.java:119)
	at com.kms.katalon.core.main.TestCaseExecutor.runScript(TestCaseExecutor.java:442)
	at com.kms.katalon.core.main.TestCaseExecutor.doExecute(TestCaseExecutor.java:433)
	at com.kms.katalon.core.main.TestCaseExecutor.processExecutionPhase(TestCaseExecutor.java:412)
	at com.kms.katalon.core.main.TestCaseExecutor.accessMainPhase(TestCaseExecutor.java:404)
	at com.kms.katalon.core.main.TestCaseExecutor.execute(TestCaseExecutor.java:281)
	at com.kms.katalon.core.main.TestSuiteExecutor.accessTestCaseMainPhase(TestSuiteExecutor.java:202)
	at com.kms.katalon.core.main.TestSuiteExecutor.accessTestSuiteMainPhase(TestSuiteExecutor.java:164)
	at com.kms.katalon.core.main.TestSuiteExecutor.execute(TestSuiteExecutor.java:105)
	at com.kms.katalon.core.main.TestCaseMain.startTestSuite(TestCaseMain.java:185)
	at com.kms.katalon.core.main.TestCaseMain$startTestSuite$0.call(Unknown Source)
	at TempTestSuite1658221840043.run(TempTestSuite1658221840043.groovy:36)
Caused by: com.kms.katalon.core.webui.exception.WebElementNotFoundException: Web element with id: 'Object Repository/CITIZEN/Page_Vaksinasi GetVaccine/Tambah Anggota/btn tambah anggota' located by '//*[@id=&quot;root&quot;]/main/div[2]/div/div/div/form/div[4]/div/button' not found
	at com.kms.katalon.core.webui.common.WebUiCommonHelper.findWebElement(WebUiCommonHelper.java:1370)
	at com.kms.katalon.core.webui.keyword.internal.WebUIAbstractKeyword.findWebElement(WebUIAbstractKeyword.groovy:27)
	at com.kms.katalon.core.webui.keyword.builtin.ClickKeyword$_click_closure1.doCall(ClickKeyword.groovy:65)
	at com.kms.katalon.core.webui.keyword.builtin.ClickKeyword$_click_closure1.call(ClickKeyword.groovy)
	at com.kms.katalon.core.webui.keyword.internal.WebUIKeywordMain.runKeyword(WebUIKeywordMain.groovy:20)
	... 19 more
"/>
         <system-out><![CDATA[2022-07-19 16:20:39 - [TEST_CASE][FAILED] - Test Cases/CITIZEN/ANGGOTA/TC_Tambah Anggota: Test Cases/CITIZEN/ANGGOTA/TC_Tambah Anggota FAILED.
Reason:
com.kms.katalon.core.exception.StepFailedException: Unable to click on object 'Object Repository/CITIZEN/Page_Vaksinasi GetVaccine/Tambah Anggota/btn tambah anggota'
	at com.kms.katalon.core.webui.keyword.internal.WebUIKeywordMain.stepFailed(WebUIKeywordMain.groovy:64)
	at com.kms.katalon.core.webui.keyword.internal.WebUIKeywordMain.runKeyword(WebUIKeywordMain.groovy:26)
	at com.kms.katalon.core.webui.keyword.builtin.ClickKeyword.click(ClickKeyword.groovy:74)
	at com.kms.katalon.core.webui.keyword.builtin.ClickKeyword.execute(ClickKeyword.groovy:40)
	at com.kms.katalon.core.keyword.internal.KeywordExecutor.executeKeywordForPlatform(KeywordExecutor.groovy:74)
	at com.kms.katalon.core.webui.keyword.WebUiBuiltInKeywords.click(WebUiBuiltInKeywords.groovy:620)
	at com.kms.katalon.core.webui.keyword.WebUiBuiltInKeywords$click$2.call(Unknown Source)
	at TC_Tambah Anggota.run(TC_Tambah Anggota:23)
	at com.kms.katalon.core.main.ScriptEngine.run(ScriptEngine.java:194)
	at com.kms.katalon.core.main.ScriptEngine.runScriptAsRawText(ScriptEngine.java:119)
	at com.kms.katalon.core.main.TestCaseExecutor.runScript(TestCaseExecutor.java:442)
	at com.kms.katalon.core.main.TestCaseExecutor.doExecute(TestCaseExecutor.java:433)
	at com.kms.katalon.core.main.TestCaseExecutor.processExecutionPhase(TestCaseExecutor.java:412)
	at com.kms.katalon.core.main.TestCaseExecutor.accessMainPhase(TestCaseExecutor.java:404)
	at com.kms.katalon.core.main.TestCaseExecutor.execute(TestCaseExecutor.java:281)
	at com.kms.katalon.core.main.TestSuiteExecutor.accessTestCaseMainPhase(TestSuiteExecutor.java:202)
	at com.kms.katalon.core.main.TestSuiteExecutor.accessTestSuiteMainPhase(TestSuiteExecutor.java:164)
	at com.kms.katalon.core.main.TestSuiteExecutor.execute(TestSuiteExecutor.java:105)
	at com.kms.katalon.core.main.TestCaseMain.startTestSuite(TestCaseMain.java:185)
	at com.kms.katalon.core.main.TestCaseMain$startTestSuite$0.call(Unknown Source)
	at TempTestSuite1658221840043.run(TempTestSuite1658221840043.groovy:36)
Caused by: com.kms.katalon.core.webui.exception.WebElementNotFoundException: Web element with id: 'Object Repository/CITIZEN/Page_Vaksinasi GetVaccine/Tambah Anggota/btn tambah anggota' located by '//*[@id="root"]/main/div[2]/div/div/div/form/div[4]/div/button' not found
	at com.kms.katalon.core.webui.common.WebUiCommonHelper.findWebElement(WebUiCommonHelper.java:1370)
	at com.kms.katalon.core.webui.keyword.internal.WebUIAbstractKeyword.findWebElement(WebUIAbstractKeyword.groovy:27)
	at com.kms.katalon.core.webui.keyword.builtin.ClickKeyword$_click_closure1.doCall(ClickKeyword.groovy:65)
	at com.kms.katalon.core.webui.keyword.builtin.ClickKeyword$_click_closure1.call(ClickKeyword.groovy)
	at com.kms.katalon.core.webui.keyword.internal.WebUIKeywordMain.runKeyword(WebUIKeywordMain.groovy:20)
	... 19 more


2022-07-19 16:20:39 - [TEST_STEP][FAILED] - for ([i = 1, i <= 7, (i++)]): Unable to click on object 'Object Repository/CITIZEN/Page_Vaksinasi GetVaccine/Tambah Anggota/btn tambah anggota' (Root cause: com.kms.katalon.core.exception.StepFailedException: Unable to click on object 'Object Repository/CITIZEN/Page_Vaksinasi GetVaccine/Tambah Anggota/btn tambah anggota'
	at com.kms.katalon.core.webui.keyword.internal.WebUIKeywordMain.stepFailed(WebUIKeywordMain.groovy:64)
	at com.kms.katalon.core.webui.keyword.internal.WebUIKeywordMain.runKeyword(WebUIKeywordMain.groovy:26)
	at com.kms.katalon.core.webui.keyword.builtin.ClickKeyword.click(ClickKeyword.groovy:74)
	at com.kms.katalon.core.webui.keyword.builtin.ClickKeyword.execute(ClickKeyword.groovy:40)
	at com.kms.katalon.core.keyword.internal.KeywordExecutor.executeKeywordForPlatform(KeywordExecutor.groovy:74)
	at com.kms.katalon.core.webui.keyword.WebUiBuiltInKeywords.click(WebUiBuiltInKeywords.groovy:620)
	at com.kms.katalon.core.webui.keyword.WebUiBuiltInKeywords$click$2.call(Unknown Source)
	at TC_Tambah Anggota.run(TC_Tambah Anggota:23)
	at com.kms.katalon.core.main.ScriptEngine.run(ScriptEngine.java:194)
	at com.kms.katalon.core.main.ScriptEngine.runScriptAsRawText(ScriptEngine.java:119)
	at com.kms.katalon.core.main.TestCaseExecutor.runScript(TestCaseExecutor.java:442)
	at com.kms.katalon.core.main.TestCaseExecutor.doExecute(TestCaseExecutor.java:433)
	at com.kms.katalon.core.main.TestCaseExecutor.processExecutionPhase(TestCaseExecutor.java:412)
	at com.kms.katalon.core.main.TestCaseExecutor.accessMainPhase(TestCaseExecutor.java:404)
	at com.kms.katalon.core.main.TestCaseExecutor.execute(TestCaseExecutor.java:281)
	at com.kms.katalon.core.main.TestSuiteExecutor.accessTestCaseMainPhase(TestSuiteExecutor.java:202)
	at com.kms.katalon.core.main.TestSuiteExecutor.accessTestSuiteMainPhase(TestSuiteExecutor.java:164)
	at com.kms.katalon.core.main.TestSuiteExecutor.execute(TestSuiteExecutor.java:105)
	at com.kms.katalon.core.main.TestCaseMain.startTestSuite(TestCaseMain.java:185)
	at com.kms.katalon.core.main.TestCaseMain$startTestSuite$0.call(Unknown Source)
	at TempTestSuite1658221840043.run(TempTestSuite1658221840043.groovy:36)
Caused by: com.kms.katalon.core.webui.exception.WebElementNotFoundException: Web element with id: 'Object Repository/CITIZEN/Page_Vaksinasi GetVaccine/Tambah Anggota/btn tambah anggota' located by '//*[@id="root"]/main/div[2]/div/div/div/form/div[4]/div/button' not found
	at com.kms.katalon.core.webui.common.WebUiCommonHelper.findWebElement(WebUiCommonHelper.java:1370)
	at com.kms.katalon.core.webui.keyword.internal.WebUIAbstractKeyword.findWebElement(WebUIAbstractKeyword.groovy:27)
	at com.kms.katalon.core.webui.keyword.builtin.ClickKeyword$_click_closure1.doCall(ClickKeyword.groovy:65)
	at com.kms.katalon.core.webui.keyword.builtin.ClickKeyword$_click_closure1.call(ClickKeyword.groovy)
	at com.kms.katalon.core.webui.keyword.internal.WebUIKeywordMain.runKeyword(WebUIKeywordMain.groovy:20)
	at com.kms.katalon.core.webui.keyword.builtin.ClickKeyword.click(ClickKeyword.groovy:74)
	at com.kms.katalon.core.webui.keyword.builtin.ClickKeyword.execute(ClickKeyword.groovy:40)
	at com.kms.katalon.core.keyword.internal.KeywordExecutor.executeKeywordForPlatform(KeywordExecutor.groovy:74)
	at com.kms.katalon.core.webui.keyword.WebUiBuiltInKeywords.click(WebUiBuiltInKeywords.groovy:620)
	at com.kms.katalon.core.webui.keyword.WebUiBuiltInKeywords$click$2.call(Unknown Source)
	at Script1657785545724.run(Script1657785545724.groovy:23)
	... 13 more
)

2022-07-19 16:20:39 - [TEST_STEP][PASSED] - click(findTestObject("CITIZEN/Page_Vaksinasi GetVaccine/Tambah Anggota/fasilitas kesehatan")): Object: 'Object Repository/CITIZEN/Page_Vaksinasi GetVaccine/Tambah Anggota/fasilitas kesehatan' is clicked on

2022-07-19 16:20:40 - [MESSAGE][PASSED] - Object: 'Object Repository/CITIZEN/Page_Vaksinasi GetVaccine/Tambah Anggota/fasilitas kesehatan' is clicked on

2022-07-19 16:20:40 - [TEST_STEP][PASSED] - click(findTestObject("CITIZEN/Page_Vaksinasi GetVaccine/Tambah Anggota/btn tambah anggota")): Object: 'Object Repository/CITIZEN/Page_Vaksinasi GetVaccine/Tambah Anggota/btn tambah anggota' is clicked on

2022-07-19 16:20:42 - [MESSAGE][PASSED] - Object: 'Object Repository/CITIZEN/Page_Vaksinasi GetVaccine/Tambah Anggota/btn tambah anggota' is clicked on

2022-07-19 16:20:42 - [TEST_STEP][PASSED] - setText(findTestObject("Object Repository/CITIZEN/Page_undefined  GetVaccine/input_NIK_add family member_NIK"), findTestData("CITIZEN/TambahAnggota").getValue(1, i)): Text 'AAAA' is set on object 'Object Repository/CITIZEN/Page_undefined  GetVaccine/input_NIK_add family member_NIK'

2022-07-19 16:20:43 - [MESSAGE][PASSED] - Text 'AAAA' is set on object 'Object Repository/CITIZEN/Page_undefined  GetVaccine/input_NIK_add family member_NIK'

2022-07-19 16:20:43 - [TEST_STEP][PASSED] - setText(findTestObject("Object Repository/CITIZEN/Page_undefined  GetVaccine/input_Nama Lengkap_add family member_name"), findTestData("CITIZEN/TambahAnggota").getValue(2, i)): Text 'Qian Kun' is set on object 'Object Repository/CITIZEN/Page_undefined  GetVaccine/input_Nama Lengkap_add family member_name'

2022-07-19 16:20:44 - [MESSAGE][PASSED] - Text 'Qian Kun' is set on object 'Object Repository/CITIZEN/Page_undefined  GetVaccine/input_Nama Lengkap_add family member_name'

2022-07-19 16:20:44 - [TEST_STEP][PASSED] - setText(findTestObject("Object Repository/CITIZEN/Page_undefined  GetVaccine/input_Tempat Lahir_add family member_place__8ffebd"), findTestData("CITIZEN/TambahAnggota").getValue(3, i)): Text 'China' is set on object 'Object Repository/CITIZEN/Page_undefined  GetVaccine/input_Tempat Lahir_add family member_place__8ffebd'

2022-07-19 16:20:45 - [MESSAGE][PASSED] - Text 'China' is set on object 'Object Repository/CITIZEN/Page_undefined  GetVaccine/input_Tempat Lahir_add family member_place__8ffebd'

2022-07-19 16:20:45 - [TEST_STEP][PASSED] - click(findTestObject("Object Repository/CITIZEN/Page_undefined  GetVaccine/div_Tanggal Lahir_ant-picker-input")): Object: 'Object Repository/CITIZEN/Page_undefined  GetVaccine/div_Tanggal Lahir_ant-picker-input' is clicked on

2022-07-19 16:20:45 - [MESSAGE][PASSED] - Object: 'Object Repository/CITIZEN/Page_undefined  GetVaccine/div_Tanggal Lahir_ant-picker-input' is clicked on

2022-07-19 16:20:45 - [TEST_STEP][PASSED] - click(findTestObject("CITIZEN/Page_Vaksinasi GetVaccine/Tambah Anggota/year")): Object: 'Object Repository/CITIZEN/Page_Vaksinasi GetVaccine/Tambah Anggota/year' is clicked on

2022-07-19 16:20:46 - [MESSAGE][PASSED] - Object: 'Object Repository/CITIZEN/Page_Vaksinasi GetVaccine/Tambah Anggota/year' is clicked on

2022-07-19 16:20:46 - [TEST_STEP][PASSED] - click(findTestObject("CITIZEN/Page_Vaksinasi GetVaccine/Tambah Anggota/prev year")): Object: 'Object Repository/CITIZEN/Page_Vaksinasi GetVaccine/Tambah Anggota/prev year' is clicked on

2022-07-19 16:20:47 - [MESSAGE][PASSED] - Object: 'Object Repository/CITIZEN/Page_Vaksinasi GetVaccine/Tambah Anggota/prev year' is clicked on

2022-07-19 16:20:47 - [TEST_STEP][PASSED] - click(findTestObject("CITIZEN/Page_Vaksinasi GetVaccine/Tambah Anggota/prev year")): Object: 'Object Repository/CITIZEN/Page_Vaksinasi GetVaccine/Tambah Anggota/prev year' is clicked on

2022-07-19 16:20:47 - [MESSAGE][PASSED] - Object: 'Object Repository/CITIZEN/Page_Vaksinasi GetVaccine/Tambah Anggota/prev year' is clicked on

2022-07-19 16:20:47 - [TEST_STEP][PASSED] - click(findTestObject("CITIZEN/Page_Vaksinasi GetVaccine/Tambah Anggota/prev year")): Object: 'Object Repository/CITIZEN/Page_Vaksinasi GetVaccine/Tambah Anggota/prev year' is clicked on

2022-07-19 16:20:48 - [MESSAGE][PASSED] - Object: 'Object Repository/CITIZEN/Page_Vaksinasi GetVaccine/Tambah Anggota/prev year' is clicked on

2022-07-19 16:20:48 - [TEST_STEP][PASSED] - click(findTestObject("CITIZEN/Page_Vaksinasi GetVaccine/Tambah Anggota/1996")): Object: 'Object Repository/CITIZEN/Page_Vaksinasi GetVaccine/Tambah Anggota/1996' is clicked on

2022-07-19 16:20:48 - [MESSAGE][PASSED] - Object: 'Object Repository/CITIZEN/Page_Vaksinasi GetVaccine/Tambah Anggota/1996' is clicked on

2022-07-19 16:20:48 - [TEST_STEP][PASSED] - click(findTestObject("CITIZEN/Page_Vaksinasi GetVaccine/Tambah Anggota/januari")): Object: 'Object Repository/CITIZEN/Page_Vaksinasi GetVaccine/Tambah Anggota/januari' is clicked on

2022-07-19 16:20:49 - [MESSAGE][PASSED] - Object: 'Object Repository/CITIZEN/Page_Vaksinasi GetVaccine/Tambah Anggota/januari' is clicked on

2022-07-19 16:20:49 - [TEST_STEP][PASSED] - click(findTestObject("CITIZEN/Page_Vaksinasi GetVaccine/Tambah Anggota/tgl 1")): Object: 'Object Repository/CITIZEN/Page_Vaksinasi GetVaccine/Tambah Anggota/tgl 1' is clicked on

2022-07-19 16:20:49 - [MESSAGE][PASSED] - Object: 'Object Repository/CITIZEN/Page_Vaksinasi GetVaccine/Tambah Anggota/tgl 1' is clicked on

2022-07-19 16:20:49 - [TEST_STEP][PASSED] - click(findTestObject("CITIZEN/Page_Vaksinasi GetVaccine/Tambah Anggota/jk sebelum")): Object: 'Object Repository/CITIZEN/Page_Vaksinasi GetVaccine/Tambah Anggota/jk sebelum' is clicked on

2022-07-19 16:20:50 - [MESSAGE][PASSED] - Object: 'Object Repository/CITIZEN/Page_Vaksinasi GetVaccine/Tambah Anggota/jk sebelum' is clicked on

2022-07-19 16:20:50 - [TEST_STEP][PASSED] - click(findTestObject("Object Repository/CITIZEN/Page_undefined  GetVaccine/div_Laki - Laki")): Object: 'Object Repository/CITIZEN/Page_undefined  GetVaccine/div_Laki - Laki' is clicked on

2022-07-19 16:20:51 - [MESSAGE][PASSED] - Object: 'Object Repository/CITIZEN/Page_undefined  GetVaccine/div_Laki - Laki' is clicked on

2022-07-19 16:20:51 - [TEST_STEP][PASSED] - click(findTestObject("CITIZEN/Page_Vaksinasi GetVaccine/Tambah Anggota/hubungan")): Object: 'Object Repository/CITIZEN/Page_Vaksinasi GetVaccine/Tambah Anggota/hubungan' is clicked on

2022-07-19 16:20:51 - [MESSAGE][PASSED] - Object: 'Object Repository/CITIZEN/Page_Vaksinasi GetVaccine/Tambah Anggota/hubungan' is clicked on

2022-07-19 16:20:51 - [TEST_STEP][PASSED] - click(findTestObject("Object Repository/CITIZEN/Page_undefined  GetVaccine/div_Saudara")): Object: 'Object Repository/CITIZEN/Page_undefined  GetVaccine/div_Saudara' is clicked on

2022-07-19 16:20:52 - [MESSAGE][PASSED] - Object: 'Object Repository/CITIZEN/Page_undefined  GetVaccine/div_Saudara' is clicked on

2022-07-19 16:20:52 - [TEST_STEP][PASSED] - setText(findTestObject("Object Repository/CITIZEN/Page_undefined  GetVaccine/input_Email_add family member_email"), findTestData("CITIZEN/TambahAnggota").getValue(4, i)): Text 'kun@nct.com' is set on object 'Object Repository/CITIZEN/Page_undefined  GetVaccine/input_Email_add family member_email'

2022-07-19 16:20:53 - [MESSAGE][PASSED] - Text 'kun@nct.com' is set on object 'Object Repository/CITIZEN/Page_undefined  GetVaccine/input_Email_add family member_email'

2022-07-19 16:20:53 - [TEST_STEP][PASSED] - setText(findTestObject("Object Repository/CITIZEN/Page_undefined  GetVaccine/input_Nomor Telepon_add family member_phone_number"), findTestData("CITIZEN/TambahAnggota").getValue(5, i)): Text '08822992200' is set on object 'Object Repository/CITIZEN/Page_undefined  GetVaccine/input_Nomor Telepon_add family member_phone_number'

2022-07-19 16:20:54 - [MESSAGE][PASSED] - Text '08822992200' is set on object 'Object Repository/CITIZEN/Page_undefined  GetVaccine/input_Nomor Telepon_add family member_phone_number'

2022-07-19 16:20:54 - [TEST_STEP][PASSED] - setText(findTestObject("Object Repository/CITIZEN/Page_undefined  GetVaccine/input_Alamat KTP_add family member_id_card_address"), findTestData("CITIZEN/TambahAnggota").getValue(6, i)): Text 'Jakarta' is set on object 'Object Repository/CITIZEN/Page_undefined  GetVaccine/input_Alamat KTP_add family member_id_card_address'

2022-07-19 16:20:55 - [MESSAGE][PASSED] - Text 'Jakarta' is set on object 'Object Repository/CITIZEN/Page_undefined  GetVaccine/input_Alamat KTP_add family member_id_card_address'

2022-07-19 16:20:55 - [TEST_STEP][PASSED] - setText(findTestObject("Object Repository/CITIZEN/Page_undefined  GetVaccine/input_Alamat Saat ini_add family member_res_c155da"), findTestData("CITIZEN/TambahAnggota").getValue(7, i)): Text 'Jakarta' is set on object 'Object Repository/CITIZEN/Page_undefined  GetVaccine/input_Alamat Saat ini_add family member_res_c155da'

2022-07-19 16:20:56 - [MESSAGE][PASSED] - Text 'Jakarta' is set on object 'Object Repository/CITIZEN/Page_undefined  GetVaccine/input_Alamat Saat ini_add family member_res_c155da'

2022-07-19 16:20:56 - [TEST_STEP][PASSED] - click(findTestObject("Object Repository/CITIZEN/Page_undefined  GetVaccine/span_Submit")): Object: 'Object Repository/CITIZEN/Page_undefined  GetVaccine/span_Submit' is clicked on

2022-07-19 16:20:56 - [MESSAGE][PASSED] - Object: 'Object Repository/CITIZEN/Page_undefined  GetVaccine/span_Submit' is clicked on

2022-07-19 16:20:56 - [TEST_STEP][PASSED] - if (i == 1): Object: 'Object Repository/CITIZEN/Page_Vaksinasi GetVaccine/Tambah Anggota/close' is clicked on

2022-07-19 16:20:56 - [TEST_STEP][PASSED] - verifyElementPresent(findTestObject("CITIZEN/Page_Vaksinasi GetVaccine/Tambah Anggota/alert inpputan harus angka"), 0): Object 'Object Repository/CITIZEN/Page_Vaksinasi GetVaccine/Tambah Anggota/alert inpputan harus angka' is present

2022-07-19 16:20:56 - [MESSAGE][WARNING] - Timeout '0' is invalid. Using default page load timeout: '30'

2022-07-19 16:20:57 - [MESSAGE][PASSED] - Object 'Object Repository/CITIZEN/Page_Vaksinasi GetVaccine/Tambah Anggota/alert inpputan harus angka' is present

2022-07-19 16:20:57 - [TEST_STEP][PASSED] - click(findTestObject("CITIZEN/Page_Vaksinasi GetVaccine/Tambah Anggota/close")): Object: 'Object Repository/CITIZEN/Page_Vaksinasi GetVaccine/Tambah Anggota/close' is clicked on

2022-07-19 16:20:57 - [MESSAGE][PASSED] - Object: 'Object Repository/CITIZEN/Page_Vaksinasi GetVaccine/Tambah Anggota/close' is clicked on

2022-07-19 16:20:57 - [TEST_STEP][PASSED] - click(findTestObject("CITIZEN/Page_Vaksinasi GetVaccine/Tambah Anggota/fasilitas kesehatan")): Object: 'Object Repository/CITIZEN/Page_Vaksinasi GetVaccine/Tambah Anggota/fasilitas kesehatan' is clicked on

2022-07-19 16:20:59 - [MESSAGE][PASSED] - Object: 'Object Repository/CITIZEN/Page_Vaksinasi GetVaccine/Tambah Anggota/fasilitas kesehatan' is clicked on

2022-07-19 16:20:59 - [TEST_STEP][PASSED] - click(findTestObject("CITIZEN/Page_Vaksinasi GetVaccine/Tambah Anggota/btn tambah anggota")): Object: 'Object Repository/CITIZEN/Page_Vaksinasi GetVaccine/Tambah Anggota/btn tambah anggota' is clicked on

2022-07-19 16:21:00 - [MESSAGE][PASSED] - Object: 'Object Repository/CITIZEN/Page_Vaksinasi GetVaccine/Tambah Anggota/btn tambah anggota' is clicked on

2022-07-19 16:21:00 - [TEST_STEP][PASSED] - setText(findTestObject("Object Repository/CITIZEN/Page_undefined  GetVaccine/input_NIK_add family member_NIK"), findTestData("CITIZEN/TambahAnggota").getValue(1, i)): Text '12345' is set on object 'Object Repository/CITIZEN/Page_undefined  GetVaccine/input_NIK_add family member_NIK'

2022-07-19 16:21:02 - [MESSAGE][PASSED] - Text '12345' is set on object 'Object Repository/CITIZEN/Page_undefined  GetVaccine/input_NIK_add family member_NIK'

2022-07-19 16:21:02 - [TEST_STEP][PASSED] - setText(findTestObject("Object Repository/CITIZEN/Page_undefined  GetVaccine/input_Nama Lengkap_add family member_name"), findTestData("CITIZEN/TambahAnggota").getValue(2, i)): Text 'Qian Kun' is set on object 'Object Repository/CITIZEN/Page_undefined  GetVaccine/input_Nama Lengkap_add family member_name'

2022-07-19 16:21:03 - [MESSAGE][PASSED] - Text 'Qian Kun' is set on object 'Object Repository/CITIZEN/Page_undefined  GetVaccine/input_Nama Lengkap_add family member_name'

2022-07-19 16:21:03 - [TEST_STEP][PASSED] - setText(findTestObject("Object Repository/CITIZEN/Page_undefined  GetVaccine/input_Tempat Lahir_add family member_place__8ffebd"), findTestData("CITIZEN/TambahAnggota").getValue(3, i)): Text 'China' is set on object 'Object Repository/CITIZEN/Page_undefined  GetVaccine/input_Tempat Lahir_add family member_place__8ffebd'

2022-07-19 16:21:03 - [MESSAGE][PASSED] - Text 'China' is set on object 'Object Repository/CITIZEN/Page_undefined  GetVaccine/input_Tempat Lahir_add family member_place__8ffebd'

2022-07-19 16:21:03 - [TEST_STEP][PASSED] - click(findTestObject("Object Repository/CITIZEN/Page_undefined  GetVaccine/div_Tanggal Lahir_ant-picker-input")): Object: 'Object Repository/CITIZEN/Page_undefined  GetVaccine/div_Tanggal Lahir_ant-picker-input' is clicked on

2022-07-19 16:21:04 - [MESSAGE][PASSED] - Object: 'Object Repository/CITIZEN/Page_undefined  GetVaccine/div_Tanggal Lahir_ant-picker-input' is clicked on

2022-07-19 16:21:04 - [TEST_STEP][PASSED] - click(findTestObject("CITIZEN/Page_Vaksinasi GetVaccine/Tambah Anggota/year")): Object: 'Object Repository/CITIZEN/Page_Vaksinasi GetVaccine/Tambah Anggota/year' is clicked on

2022-07-19 16:21:05 - [MESSAGE][PASSED] - Object: 'Object Repository/CITIZEN/Page_Vaksinasi GetVaccine/Tambah Anggota/year' is clicked on

2022-07-19 16:21:05 - [TEST_STEP][PASSED] - click(findTestObject("CITIZEN/Page_Vaksinasi GetVaccine/Tambah Anggota/prev year")): Object: 'Object Repository/CITIZEN/Page_Vaksinasi GetVaccine/Tambah Anggota/prev year' is clicked on

2022-07-19 16:21:05 - [MESSAGE][PASSED] - Object: 'Object Repository/CITIZEN/Page_Vaksinasi GetVaccine/Tambah Anggota/prev year' is clicked on

2022-07-19 16:21:05 - [TEST_STEP][PASSED] - click(findTestObject("CITIZEN/Page_Vaksinasi GetVaccine/Tambah Anggota/prev year")): Object: 'Object Repository/CITIZEN/Page_Vaksinasi GetVaccine/Tambah Anggota/prev year' is clicked on

2022-07-19 16:21:06 - [MESSAGE][PASSED] - Object: 'Object Repository/CITIZEN/Page_Vaksinasi GetVaccine/Tambah Anggota/prev year' is clicked on

2022-07-19 16:21:06 - [TEST_STEP][PASSED] - click(findTestObject("CITIZEN/Page_Vaksinasi GetVaccine/Tambah Anggota/prev year")): Object: 'Object Repository/CITIZEN/Page_Vaksinasi GetVaccine/Tambah Anggota/prev year' is clicked on

2022-07-19 16:21:06 - [MESSAGE][PASSED] - Object: 'Object Repository/CITIZEN/Page_Vaksinasi GetVaccine/Tambah Anggota/prev year' is clicked on

2022-07-19 16:21:06 - [TEST_STEP][PASSED] - click(findTestObject("CITIZEN/Page_Vaksinasi GetVaccine/Tambah Anggota/1996")): Object: 'Object Repository/CITIZEN/Page_Vaksinasi GetVaccine/Tambah Anggota/1996' is clicked on

2022-07-19 16:21:07 - [MESSAGE][PASSED] - Object: 'Object Repository/CITIZEN/Page_Vaksinasi GetVaccine/Tambah Anggota/1996' is clicked on

2022-07-19 16:21:07 - [TEST_STEP][PASSED] - click(findTestObject("CITIZEN/Page_Vaksinasi GetVaccine/Tambah Anggota/januari")): Object: 'Object Repository/CITIZEN/Page_Vaksinasi GetVaccine/Tambah Anggota/januari' is clicked on

2022-07-19 16:21:07 - [MESSAGE][PASSED] - Object: 'Object Repository/CITIZEN/Page_Vaksinasi GetVaccine/Tambah Anggota/januari' is clicked on

2022-07-19 16:21:07 - [TEST_STEP][PASSED] - click(findTestObject("CITIZEN/Page_Vaksinasi GetVaccine/Tambah Anggota/tgl 1")): Object: 'Object Repository/CITIZEN/Page_Vaksinasi GetVaccine/Tambah Anggota/tgl 1' is clicked on

2022-07-19 16:21:08 - [MESSAGE][PASSED] - Object: 'Object Repository/CITIZEN/Page_Vaksinasi GetVaccine/Tambah Anggota/tgl 1' is clicked on

2022-07-19 16:21:08 - [TEST_STEP][PASSED] - click(findTestObject("CITIZEN/Page_Vaksinasi GetVaccine/Tambah Anggota/jk sebelum")): Object: 'Object Repository/CITIZEN/Page_Vaksinasi GetVaccine/Tambah Anggota/jk sebelum' is clicked on

2022-07-19 16:21:09 - [MESSAGE][PASSED] - Object: 'Object Repository/CITIZEN/Page_Vaksinasi GetVaccine/Tambah Anggota/jk sebelum' is clicked on

2022-07-19 16:21:09 - [TEST_STEP][PASSED] - click(findTestObject("Object Repository/CITIZEN/Page_undefined  GetVaccine/div_Laki - Laki")): Object: 'Object Repository/CITIZEN/Page_undefined  GetVaccine/div_Laki - Laki' is clicked on

2022-07-19 16:21:09 - [MESSAGE][PASSED] - Object: 'Object Repository/CITIZEN/Page_undefined  GetVaccine/div_Laki - Laki' is clicked on

2022-07-19 16:21:09 - [TEST_STEP][PASSED] - click(findTestObject("CITIZEN/Page_Vaksinasi GetVaccine/Tambah Anggota/hubungan")): Object: 'Object Repository/CITIZEN/Page_Vaksinasi GetVaccine/Tambah Anggota/hubungan' is clicked on

2022-07-19 16:21:10 - [MESSAGE][PASSED] - Object: 'Object Repository/CITIZEN/Page_Vaksinasi GetVaccine/Tambah Anggota/hubungan' is clicked on

2022-07-19 16:21:10 - [TEST_STEP][PASSED] - click(findTestObject("Object Repository/CITIZEN/Page_undefined  GetVaccine/div_Saudara")): Object: 'Object Repository/CITIZEN/Page_undefined  GetVaccine/div_Saudara' is clicked on

2022-07-19 16:21:11 - [MESSAGE][PASSED] - Object: 'Object Repository/CITIZEN/Page_undefined  GetVaccine/div_Saudara' is clicked on

2022-07-19 16:21:11 - [TEST_STEP][PASSED] - setText(findTestObject("Object Repository/CITIZEN/Page_undefined  GetVaccine/input_Email_add family member_email"), findTestData("CITIZEN/TambahAnggota").getValue(4, i)): Text 'kun@nct.com' is set on object 'Object Repository/CITIZEN/Page_undefined  GetVaccine/input_Email_add family member_email'

2022-07-19 16:21:12 - [MESSAGE][PASSED] - Text 'kun@nct.com' is set on object 'Object Repository/CITIZEN/Page_undefined  GetVaccine/input_Email_add family member_email'

2022-07-19 16:21:12 - [TEST_STEP][PASSED] - setText(findTestObject("Object Repository/CITIZEN/Page_undefined  GetVaccine/input_Nomor Telepon_add family member_phone_number"), findTestData("CITIZEN/TambahAnggota").getValue(5, i)): Text '08822992200' is set on object 'Object Repository/CITIZEN/Page_undefined  GetVaccine/input_Nomor Telepon_add family member_phone_number'

2022-07-19 16:21:13 - [MESSAGE][PASSED] - Text '08822992200' is set on object 'Object Repository/CITIZEN/Page_undefined  GetVaccine/input_Nomor Telepon_add family member_phone_number'

2022-07-19 16:21:13 - [TEST_STEP][PASSED] - setText(findTestObject("Object Repository/CITIZEN/Page_undefined  GetVaccine/input_Alamat KTP_add family member_id_card_address"), findTestData("CITIZEN/TambahAnggota").getValue(6, i)): Text 'Jakarta' is set on object 'Object Repository/CITIZEN/Page_undefined  GetVaccine/input_Alamat KTP_add family member_id_card_address'

2022-07-19 16:21:14 - [MESSAGE][PASSED] - Text 'Jakarta' is set on object 'Object Repository/CITIZEN/Page_undefined  GetVaccine/input_Alamat KTP_add family member_id_card_address'

2022-07-19 16:21:14 - [TEST_STEP][PASSED] - setText(findTestObject("Object Repository/CITIZEN/Page_undefined  GetVaccine/input_Alamat Saat ini_add family member_res_c155da"), findTestData("CITIZEN/TambahAnggota").getValue(7, i)): Text 'Jakarta' is set on object 'Object Repository/CITIZEN/Page_undefined  GetVaccine/input_Alamat Saat ini_add family member_res_c155da'

2022-07-19 16:21:15 - [MESSAGE][PASSED] - Text 'Jakarta' is set on object 'Object Repository/CITIZEN/Page_undefined  GetVaccine/input_Alamat Saat ini_add family member_res_c155da'

2022-07-19 16:21:15 - [TEST_STEP][PASSED] - click(findTestObject("Object Repository/CITIZEN/Page_undefined  GetVaccine/span_Submit")): Object: 'Object Repository/CITIZEN/Page_undefined  GetVaccine/span_Submit' is clicked on

2022-07-19 16:21:15 - [MESSAGE][PASSED] - Object: 'Object Repository/CITIZEN/Page_undefined  GetVaccine/span_Submit' is clicked on

2022-07-19 16:21:15 - [TEST_STEP][PASSED] - if (i == 1): null

2022-07-19 16:21:15 - [TEST_STEP][PASSED] - else if (i == 2): Object: 'Object Repository/CITIZEN/Page_Vaksinasi GetVaccine/Tambah Anggota/close' is clicked on

2022-07-19 16:21:15 - [TEST_STEP][PASSED] - verifyElementPresent(findTestObject("CITIZEN/Page_Vaksinasi GetVaccine/Tambah Anggota/alert nik inputan harus 16"), 0): Object 'Object Repository/CITIZEN/Page_Vaksinasi GetVaccine/Tambah Anggota/alert nik inputan harus 16' is present

2022-07-19 16:21:16 - [MESSAGE][WARNING] - Timeout '0' is invalid. Using default page load timeout: '30'

2022-07-19 16:21:16 - [MESSAGE][PASSED] - Object 'Object Repository/CITIZEN/Page_Vaksinasi GetVaccine/Tambah Anggota/alert nik inputan harus 16' is present

2022-07-19 16:21:16 - [TEST_STEP][PASSED] - click(findTestObject("CITIZEN/Page_Vaksinasi GetVaccine/Tambah Anggota/close")): Object: 'Object Repository/CITIZEN/Page_Vaksinasi GetVaccine/Tambah Anggota/close' is clicked on

2022-07-19 16:21:17 - [MESSAGE][PASSED] - Object: 'Object Repository/CITIZEN/Page_Vaksinasi GetVaccine/Tambah Anggota/close' is clicked on

2022-07-19 16:21:17 - [TEST_STEP][PASSED] - click(findTestObject("CITIZEN/Page_Vaksinasi GetVaccine/Tambah Anggota/fasilitas kesehatan")): Object: 'Object Repository/CITIZEN/Page_Vaksinasi GetVaccine/Tambah Anggota/fasilitas kesehatan' is clicked on

2022-07-19 16:21:18 - [MESSAGE][PASSED] - Object: 'Object Repository/CITIZEN/Page_Vaksinasi GetVaccine/Tambah Anggota/fasilitas kesehatan' is clicked on

2022-07-19 16:21:18 - [TEST_STEP][PASSED] - click(findTestObject("CITIZEN/Page_Vaksinasi GetVaccine/Tambah Anggota/btn tambah anggota")): Object: 'Object Repository/CITIZEN/Page_Vaksinasi GetVaccine/Tambah Anggota/btn tambah anggota' is clicked on

2022-07-19 16:21:20 - [MESSAGE][PASSED] - Object: 'Object Repository/CITIZEN/Page_Vaksinasi GetVaccine/Tambah Anggota/btn tambah anggota' is clicked on

2022-07-19 16:21:20 - [TEST_STEP][PASSED] - setText(findTestObject("Object Repository/CITIZEN/Page_undefined  GetVaccine/input_NIK_add family member_NIK"), findTestData("CITIZEN/TambahAnggota").getValue(1, i)): Text '7890789078907890' is set on object 'Object Repository/CITIZEN/Page_undefined  GetVaccine/input_NIK_add family member_NIK'

2022-07-19 16:21:22 - [MESSAGE][PASSED] - Text '7890789078907890' is set on object 'Object Repository/CITIZEN/Page_undefined  GetVaccine/input_NIK_add family member_NIK'

2022-07-19 16:21:22 - [TEST_STEP][PASSED] - setText(findTestObject("Object Repository/CITIZEN/Page_undefined  GetVaccine/input_Nama Lengkap_add family member_name"), findTestData("CITIZEN/TambahAnggota").getValue(2, i)): Text 'Kun' is set on object 'Object Repository/CITIZEN/Page_undefined  GetVaccine/input_Nama Lengkap_add family member_name'

2022-07-19 16:21:23 - [MESSAGE][PASSED] - Text 'Kun' is set on object 'Object Repository/CITIZEN/Page_undefined  GetVaccine/input_Nama Lengkap_add family member_name'

2022-07-19 16:21:23 - [TEST_STEP][PASSED] - setText(findTestObject("Object Repository/CITIZEN/Page_undefined  GetVaccine/input_Tempat Lahir_add family member_place__8ffebd"), findTestData("CITIZEN/TambahAnggota").getValue(3, i)): Text 'China' is set on object 'Object Repository/CITIZEN/Page_undefined  GetVaccine/input_Tempat Lahir_add family member_place__8ffebd'

2022-07-19 16:21:24 - [MESSAGE][PASSED] - Text 'China' is set on object 'Object Repository/CITIZEN/Page_undefined  GetVaccine/input_Tempat Lahir_add family member_place__8ffebd'

2022-07-19 16:21:24 - [TEST_STEP][PASSED] - click(findTestObject("Object Repository/CITIZEN/Page_undefined  GetVaccine/div_Tanggal Lahir_ant-picker-input")): Object: 'Object Repository/CITIZEN/Page_undefined  GetVaccine/div_Tanggal Lahir_ant-picker-input' is clicked on

2022-07-19 16:21:24 - [MESSAGE][PASSED] - Object: 'Object Repository/CITIZEN/Page_undefined  GetVaccine/div_Tanggal Lahir_ant-picker-input' is clicked on

2022-07-19 16:21:24 - [TEST_STEP][PASSED] - click(findTestObject("CITIZEN/Page_Vaksinasi GetVaccine/Tambah Anggota/year")): Object: 'Object Repository/CITIZEN/Page_Vaksinasi GetVaccine/Tambah Anggota/year' is clicked on

2022-07-19 16:21:25 - [MESSAGE][PASSED] - Object: 'Object Repository/CITIZEN/Page_Vaksinasi GetVaccine/Tambah Anggota/year' is clicked on

2022-07-19 16:21:25 - [TEST_STEP][PASSED] - click(findTestObject("CITIZEN/Page_Vaksinasi GetVaccine/Tambah Anggota/prev year")): Object: 'Object Repository/CITIZEN/Page_Vaksinasi GetVaccine/Tambah Anggota/prev year' is clicked on

2022-07-19 16:21:26 - [MESSAGE][PASSED] - Object: 'Object Repository/CITIZEN/Page_Vaksinasi GetVaccine/Tambah Anggota/prev year' is clicked on

2022-07-19 16:21:26 - [TEST_STEP][PASSED] - click(findTestObject("CITIZEN/Page_Vaksinasi GetVaccine/Tambah Anggota/prev year")): Object: 'Object Repository/CITIZEN/Page_Vaksinasi GetVaccine/Tambah Anggota/prev year' is clicked on

2022-07-19 16:21:26 - [MESSAGE][PASSED] - Object: 'Object Repository/CITIZEN/Page_Vaksinasi GetVaccine/Tambah Anggota/prev year' is clicked on

2022-07-19 16:21:26 - [TEST_STEP][PASSED] - click(findTestObject("CITIZEN/Page_Vaksinasi GetVaccine/Tambah Anggota/prev year")): Object: 'Object Repository/CITIZEN/Page_Vaksinasi GetVaccine/Tambah Anggota/prev year' is clicked on

2022-07-19 16:21:27 - [MESSAGE][PASSED] - Object: 'Object Repository/CITIZEN/Page_Vaksinasi GetVaccine/Tambah Anggota/prev year' is clicked on

2022-07-19 16:21:27 - [TEST_STEP][PASSED] - click(findTestObject("CITIZEN/Page_Vaksinasi GetVaccine/Tambah Anggota/1996")): Object: 'Object Repository/CITIZEN/Page_Vaksinasi GetVaccine/Tambah Anggota/1996' is clicked on

2022-07-19 16:21:27 - [MESSAGE][PASSED] - Object: 'Object Repository/CITIZEN/Page_Vaksinasi GetVaccine/Tambah Anggota/1996' is clicked on

2022-07-19 16:21:27 - [TEST_STEP][PASSED] - click(findTestObject("CITIZEN/Page_Vaksinasi GetVaccine/Tambah Anggota/januari")): Object: 'Object Repository/CITIZEN/Page_Vaksinasi GetVaccine/Tambah Anggota/januari' is clicked on

2022-07-19 16:21:28 - [MESSAGE][PASSED] - Object: 'Object Repository/CITIZEN/Page_Vaksinasi GetVaccine/Tambah Anggota/januari' is clicked on

2022-07-19 16:21:28 - [TEST_STEP][PASSED] - click(findTestObject("CITIZEN/Page_Vaksinasi GetVaccine/Tambah Anggota/tgl 1")): Object: 'Object Repository/CITIZEN/Page_Vaksinasi GetVaccine/Tambah Anggota/tgl 1' is clicked on

2022-07-19 16:21:28 - [MESSAGE][PASSED] - Object: 'Object Repository/CITIZEN/Page_Vaksinasi GetVaccine/Tambah Anggota/tgl 1' is clicked on

2022-07-19 16:21:28 - [TEST_STEP][PASSED] - click(findTestObject("CITIZEN/Page_Vaksinasi GetVaccine/Tambah Anggota/jk sebelum")): Object: 'Object Repository/CITIZEN/Page_Vaksinasi GetVaccine/Tambah Anggota/jk sebelum' is clicked on

2022-07-19 16:21:29 - [MESSAGE][PASSED] - Object: 'Object Repository/CITIZEN/Page_Vaksinasi GetVaccine/Tambah Anggota/jk sebelum' is clicked on

2022-07-19 16:21:29 - [TEST_STEP][PASSED] - click(findTestObject("Object Repository/CITIZEN/Page_undefined  GetVaccine/div_Laki - Laki")): Object: 'Object Repository/CITIZEN/Page_undefined  GetVaccine/div_Laki - Laki' is clicked on

2022-07-19 16:21:30 - [MESSAGE][PASSED] - Object: 'Object Repository/CITIZEN/Page_undefined  GetVaccine/div_Laki - Laki' is clicked on

2022-07-19 16:21:30 - [TEST_STEP][PASSED] - click(findTestObject("CITIZEN/Page_Vaksinasi GetVaccine/Tambah Anggota/hubungan")): Object: 'Object Repository/CITIZEN/Page_Vaksinasi GetVaccine/Tambah Anggota/hubungan' is clicked on

2022-07-19 16:21:30 - [MESSAGE][PASSED] - Object: 'Object Repository/CITIZEN/Page_Vaksinasi GetVaccine/Tambah Anggota/hubungan' is clicked on

2022-07-19 16:21:30 - [TEST_STEP][PASSED] - click(findTestObject("Object Repository/CITIZEN/Page_undefined  GetVaccine/div_Saudara")): Object: 'Object Repository/CITIZEN/Page_undefined  GetVaccine/div_Saudara' is clicked on

2022-07-19 16:21:31 - [MESSAGE][PASSED] - Object: 'Object Repository/CITIZEN/Page_undefined  GetVaccine/div_Saudara' is clicked on

2022-07-19 16:21:31 - [TEST_STEP][PASSED] - setText(findTestObject("Object Repository/CITIZEN/Page_undefined  GetVaccine/input_Email_add family member_email"), findTestData("CITIZEN/TambahAnggota").getValue(4, i)): Text 'kun@nct.com' is set on object 'Object Repository/CITIZEN/Page_undefined  GetVaccine/input_Email_add family member_email'

2022-07-19 16:21:32 - [MESSAGE][PASSED] - Text 'kun@nct.com' is set on object 'Object Repository/CITIZEN/Page_undefined  GetVaccine/input_Email_add family member_email'

2022-07-19 16:21:32 - [TEST_STEP][PASSED] - setText(findTestObject("Object Repository/CITIZEN/Page_undefined  GetVaccine/input_Nomor Telepon_add family member_phone_number"), findTestData("CITIZEN/TambahAnggota").getValue(5, i)): Text '08822992200' is set on object 'Object Repository/CITIZEN/Page_undefined  GetVaccine/input_Nomor Telepon_add family member_phone_number'

2022-07-19 16:21:33 - [MESSAGE][PASSED] - Text '08822992200' is set on object 'Object Repository/CITIZEN/Page_undefined  GetVaccine/input_Nomor Telepon_add family member_phone_number'

2022-07-19 16:21:33 - [TEST_STEP][PASSED] - setText(findTestObject("Object Repository/CITIZEN/Page_undefined  GetVaccine/input_Alamat KTP_add family member_id_card_address"), findTestData("CITIZEN/TambahAnggota").getValue(6, i)): Text 'Jakarta' is set on object 'Object Repository/CITIZEN/Page_undefined  GetVaccine/input_Alamat KTP_add family member_id_card_address'

2022-07-19 16:21:34 - [MESSAGE][PASSED] - Text 'Jakarta' is set on object 'Object Repository/CITIZEN/Page_undefined  GetVaccine/input_Alamat KTP_add family member_id_card_address'

2022-07-19 16:21:34 - [TEST_STEP][PASSED] - setText(findTestObject("Object Repository/CITIZEN/Page_undefined  GetVaccine/input_Alamat Saat ini_add family member_res_c155da"), findTestData("CITIZEN/TambahAnggota").getValue(7, i)): Text 'Jakarta' is set on object 'Object Repository/CITIZEN/Page_undefined  GetVaccine/input_Alamat Saat ini_add family member_res_c155da'

2022-07-19 16:21:35 - [MESSAGE][PASSED] - Text 'Jakarta' is set on object 'Object Repository/CITIZEN/Page_undefined  GetVaccine/input_Alamat Saat ini_add family member_res_c155da'

2022-07-19 16:21:35 - [TEST_STEP][PASSED] - click(findTestObject("Object Repository/CITIZEN/Page_undefined  GetVaccine/span_Submit")): Object: 'Object Repository/CITIZEN/Page_undefined  GetVaccine/span_Submit' is clicked on

2022-07-19 16:21:35 - [MESSAGE][PASSED] - Object: 'Object Repository/CITIZEN/Page_undefined  GetVaccine/span_Submit' is clicked on

2022-07-19 16:21:35 - [TEST_STEP][PASSED] - if (i == 1): null

2022-07-19 16:21:35 - [TEST_STEP][PASSED] - else if (i == 2): null

2022-07-19 16:21:35 - [TEST_STEP][PASSED] - else if (i == 3): Object: 'Object Repository/CITIZEN/Page_Vaksinasi GetVaccine/Tambah Anggota/close' is clicked on

2022-07-19 16:21:35 - [TEST_STEP][PASSED] - verifyElementPresent(findTestObject("CITIZEN/Page_Vaksinasi GetVaccine/Tambah Anggota/alert nama lengkap kurang 4"), 0): Object 'Object Repository/CITIZEN/Page_Vaksinasi GetVaccine/Tambah Anggota/alert nama lengkap kurang 4' is present

2022-07-19 16:21:35 - [MESSAGE][WARNING] - Timeout '0' is invalid. Using default page load timeout: '30'

2022-07-19 16:21:36 - [MESSAGE][PASSED] - Object 'Object Repository/CITIZEN/Page_Vaksinasi GetVaccine/Tambah Anggota/alert nama lengkap kurang 4' is present

2022-07-19 16:21:36 - [TEST_STEP][PASSED] - click(findTestObject("CITIZEN/Page_Vaksinasi GetVaccine/Tambah Anggota/close")): Object: 'Object Repository/CITIZEN/Page_Vaksinasi GetVaccine/Tambah Anggota/close' is clicked on

2022-07-19 16:21:37 - [MESSAGE][PASSED] - Object: 'Object Repository/CITIZEN/Page_Vaksinasi GetVaccine/Tambah Anggota/close' is clicked on

2022-07-19 16:21:37 - [TEST_STEP][PASSED] - click(findTestObject("CITIZEN/Page_Vaksinasi GetVaccine/Tambah Anggota/fasilitas kesehatan")): Object: 'Object Repository/CITIZEN/Page_Vaksinasi GetVaccine/Tambah Anggota/fasilitas kesehatan' is clicked on

2022-07-19 16:21:38 - [MESSAGE][PASSED] - Object: 'Object Repository/CITIZEN/Page_Vaksinasi GetVaccine/Tambah Anggota/fasilitas kesehatan' is clicked on

2022-07-19 16:21:38 - [TEST_STEP][PASSED] - click(findTestObject("CITIZEN/Page_Vaksinasi GetVaccine/Tambah Anggota/btn tambah anggota")): Object: 'Object Repository/CITIZEN/Page_Vaksinasi GetVaccine/Tambah Anggota/btn tambah anggota' is clicked on

2022-07-19 16:21:39 - [MESSAGE][PASSED] - Object: 'Object Repository/CITIZEN/Page_Vaksinasi GetVaccine/Tambah Anggota/btn tambah anggota' is clicked on

2022-07-19 16:21:39 - [TEST_STEP][PASSED] - setText(findTestObject("Object Repository/CITIZEN/Page_undefined  GetVaccine/input_NIK_add family member_NIK"), findTestData("CITIZEN/TambahAnggota").getValue(1, i)): Text '7890789078907890' is set on object 'Object Repository/CITIZEN/Page_undefined  GetVaccine/input_NIK_add family member_NIK'

2022-07-19 16:21:41 - [MESSAGE][PASSED] - Text '7890789078907890' is set on object 'Object Repository/CITIZEN/Page_undefined  GetVaccine/input_NIK_add family member_NIK'

2022-07-19 16:21:41 - [TEST_STEP][PASSED] - setText(findTestObject("Object Repository/CITIZEN/Page_undefined  GetVaccine/input_Nama Lengkap_add family member_name"), findTestData("CITIZEN/TambahAnggota").getValue(2, i)): Text 'Qian Kun' is set on object 'Object Repository/CITIZEN/Page_undefined  GetVaccine/input_Nama Lengkap_add family member_name'

2022-07-19 16:21:42 - [MESSAGE][PASSED] - Text 'Qian Kun' is set on object 'Object Repository/CITIZEN/Page_undefined  GetVaccine/input_Nama Lengkap_add family member_name'

2022-07-19 16:21:42 - [TEST_STEP][PASSED] - setText(findTestObject("Object Repository/CITIZEN/Page_undefined  GetVaccine/input_Tempat Lahir_add family member_place__8ffebd"), findTestData("CITIZEN/TambahAnggota").getValue(3, i)): Text 'China' is set on object 'Object Repository/CITIZEN/Page_undefined  GetVaccine/input_Tempat Lahir_add family member_place__8ffebd'

2022-07-19 16:21:43 - [MESSAGE][PASSED] - Text 'China' is set on object 'Object Repository/CITIZEN/Page_undefined  GetVaccine/input_Tempat Lahir_add family member_place__8ffebd'

2022-07-19 16:21:43 - [TEST_STEP][PASSED] - click(findTestObject("Object Repository/CITIZEN/Page_undefined  GetVaccine/div_Tanggal Lahir_ant-picker-input")): Object: 'Object Repository/CITIZEN/Page_undefined  GetVaccine/div_Tanggal Lahir_ant-picker-input' is clicked on

2022-07-19 16:21:43 - [MESSAGE][PASSED] - Object: 'Object Repository/CITIZEN/Page_undefined  GetVaccine/div_Tanggal Lahir_ant-picker-input' is clicked on

2022-07-19 16:21:43 - [TEST_STEP][PASSED] - click(findTestObject("CITIZEN/Page_Vaksinasi GetVaccine/Tambah Anggota/year")): Object: 'Object Repository/CITIZEN/Page_Vaksinasi GetVaccine/Tambah Anggota/year' is clicked on

2022-07-19 16:21:44 - [MESSAGE][PASSED] - Object: 'Object Repository/CITIZEN/Page_Vaksinasi GetVaccine/Tambah Anggota/year' is clicked on

2022-07-19 16:21:44 - [TEST_STEP][PASSED] - click(findTestObject("CITIZEN/Page_Vaksinasi GetVaccine/Tambah Anggota/prev year")): Object: 'Object Repository/CITIZEN/Page_Vaksinasi GetVaccine/Tambah Anggota/prev year' is clicked on

2022-07-19 16:21:44 - [MESSAGE][PASSED] - Object: 'Object Repository/CITIZEN/Page_Vaksinasi GetVaccine/Tambah Anggota/prev year' is clicked on

2022-07-19 16:21:44 - [TEST_STEP][PASSED] - click(findTestObject("CITIZEN/Page_Vaksinasi GetVaccine/Tambah Anggota/prev year")): Object: 'Object Repository/CITIZEN/Page_Vaksinasi GetVaccine/Tambah Anggota/prev year' is clicked on

2022-07-19 16:21:45 - [MESSAGE][PASSED] - Object: 'Object Repository/CITIZEN/Page_Vaksinasi GetVaccine/Tambah Anggota/prev year' is clicked on

2022-07-19 16:21:45 - [TEST_STEP][PASSED] - click(findTestObject("CITIZEN/Page_Vaksinasi GetVaccine/Tambah Anggota/prev year")): Object: 'Object Repository/CITIZEN/Page_Vaksinasi GetVaccine/Tambah Anggota/prev year' is clicked on

2022-07-19 16:21:45 - [MESSAGE][PASSED] - Object: 'Object Repository/CITIZEN/Page_Vaksinasi GetVaccine/Tambah Anggota/prev year' is clicked on

2022-07-19 16:21:45 - [TEST_STEP][PASSED] - click(findTestObject("CITIZEN/Page_Vaksinasi GetVaccine/Tambah Anggota/1996")): Object: 'Object Repository/CITIZEN/Page_Vaksinasi GetVaccine/Tambah Anggota/1996' is clicked on

2022-07-19 16:21:46 - [MESSAGE][PASSED] - Object: 'Object Repository/CITIZEN/Page_Vaksinasi GetVaccine/Tambah Anggota/1996' is clicked on

2022-07-19 16:21:46 - [TEST_STEP][PASSED] - click(findTestObject("CITIZEN/Page_Vaksinasi GetVaccine/Tambah Anggota/januari")): Object: 'Object Repository/CITIZEN/Page_Vaksinasi GetVaccine/Tambah Anggota/januari' is clicked on

2022-07-19 16:21:46 - [MESSAGE][PASSED] - Object: 'Object Repository/CITIZEN/Page_Vaksinasi GetVaccine/Tambah Anggota/januari' is clicked on

2022-07-19 16:21:46 - [TEST_STEP][PASSED] - click(findTestObject("CITIZEN/Page_Vaksinasi GetVaccine/Tambah Anggota/tgl 1")): Object: 'Object Repository/CITIZEN/Page_Vaksinasi GetVaccine/Tambah Anggota/tgl 1' is clicked on

2022-07-19 16:21:47 - [MESSAGE][PASSED] - Object: 'Object Repository/CITIZEN/Page_Vaksinasi GetVaccine/Tambah Anggota/tgl 1' is clicked on

2022-07-19 16:21:47 - [TEST_STEP][PASSED] - click(findTestObject("CITIZEN/Page_Vaksinasi GetVaccine/Tambah Anggota/jk sebelum")): Object: 'Object Repository/CITIZEN/Page_Vaksinasi GetVaccine/Tambah Anggota/jk sebelum' is clicked on

2022-07-19 16:21:47 - [MESSAGE][PASSED] - Object: 'Object Repository/CITIZEN/Page_Vaksinasi GetVaccine/Tambah Anggota/jk sebelum' is clicked on

2022-07-19 16:21:47 - [TEST_STEP][PASSED] - click(findTestObject("Object Repository/CITIZEN/Page_undefined  GetVaccine/div_Laki - Laki")): Object: 'Object Repository/CITIZEN/Page_undefined  GetVaccine/div_Laki - Laki' is clicked on

2022-07-19 16:21:48 - [MESSAGE][PASSED] - Object: 'Object Repository/CITIZEN/Page_undefined  GetVaccine/div_Laki - Laki' is clicked on

2022-07-19 16:21:48 - [TEST_STEP][PASSED] - click(findTestObject("CITIZEN/Page_Vaksinasi GetVaccine/Tambah Anggota/hubungan")): Object: 'Object Repository/CITIZEN/Page_Vaksinasi GetVaccine/Tambah Anggota/hubungan' is clicked on

2022-07-19 16:21:49 - [MESSAGE][PASSED] - Object: 'Object Repository/CITIZEN/Page_Vaksinasi GetVaccine/Tambah Anggota/hubungan' is clicked on

2022-07-19 16:21:49 - [TEST_STEP][PASSED] - click(findTestObject("Object Repository/CITIZEN/Page_undefined  GetVaccine/div_Saudara")): Object: 'Object Repository/CITIZEN/Page_undefined  GetVaccine/div_Saudara' is clicked on

2022-07-19 16:21:49 - [MESSAGE][PASSED] - Object: 'Object Repository/CITIZEN/Page_undefined  GetVaccine/div_Saudara' is clicked on

2022-07-19 16:21:49 - [TEST_STEP][PASSED] - setText(findTestObject("Object Repository/CITIZEN/Page_undefined  GetVaccine/input_Email_add family member_email"), findTestData("CITIZEN/TambahAnggota").getValue(4, i)): Text 'kunnct.com' is set on object 'Object Repository/CITIZEN/Page_undefined  GetVaccine/input_Email_add family member_email'

2022-07-19 16:21:50 - [MESSAGE][PASSED] - Text 'kunnct.com' is set on object 'Object Repository/CITIZEN/Page_undefined  GetVaccine/input_Email_add family member_email'

2022-07-19 16:21:50 - [TEST_STEP][PASSED] - setText(findTestObject("Object Repository/CITIZEN/Page_undefined  GetVaccine/input_Nomor Telepon_add family member_phone_number"), findTestData("CITIZEN/TambahAnggota").getValue(5, i)): Text '08822992200' is set on object 'Object Repository/CITIZEN/Page_undefined  GetVaccine/input_Nomor Telepon_add family member_phone_number'

2022-07-19 16:21:51 - [MESSAGE][PASSED] - Text '08822992200' is set on object 'Object Repository/CITIZEN/Page_undefined  GetVaccine/input_Nomor Telepon_add family member_phone_number'

2022-07-19 16:21:51 - [TEST_STEP][PASSED] - setText(findTestObject("Object Repository/CITIZEN/Page_undefined  GetVaccine/input_Alamat KTP_add family member_id_card_address"), findTestData("CITIZEN/TambahAnggota").getValue(6, i)): Text 'Jakarta' is set on object 'Object Repository/CITIZEN/Page_undefined  GetVaccine/input_Alamat KTP_add family member_id_card_address'

2022-07-19 16:21:52 - [MESSAGE][PASSED] - Text 'Jakarta' is set on object 'Object Repository/CITIZEN/Page_undefined  GetVaccine/input_Alamat KTP_add family member_id_card_address'

2022-07-19 16:21:52 - [TEST_STEP][PASSED] - setText(findTestObject("Object Repository/CITIZEN/Page_undefined  GetVaccine/input_Alamat Saat ini_add family member_res_c155da"), findTestData("CITIZEN/TambahAnggota").getValue(7, i)): Text 'akarta' is set on object 'Object Repository/CITIZEN/Page_undefined  GetVaccine/input_Alamat Saat ini_add family member_res_c155da'

2022-07-19 16:21:53 - [MESSAGE][PASSED] - Text 'akarta' is set on object 'Object Repository/CITIZEN/Page_undefined  GetVaccine/input_Alamat Saat ini_add family member_res_c155da'

2022-07-19 16:21:53 - [TEST_STEP][PASSED] - click(findTestObject("Object Repository/CITIZEN/Page_undefined  GetVaccine/span_Submit")): Object: 'Object Repository/CITIZEN/Page_undefined  GetVaccine/span_Submit' is clicked on

2022-07-19 16:21:54 - [MESSAGE][PASSED] - Object: 'Object Repository/CITIZEN/Page_undefined  GetVaccine/span_Submit' is clicked on

2022-07-19 16:21:54 - [TEST_STEP][PASSED] - if (i == 1): null

2022-07-19 16:21:54 - [TEST_STEP][PASSED] - else if (i == 2): null

2022-07-19 16:21:54 - [TEST_STEP][PASSED] - else if (i == 3): null

2022-07-19 16:21:54 - [TEST_STEP][PASSED] - else if (i == 4): Object: 'Object Repository/CITIZEN/Page_Vaksinasi GetVaccine/Tambah Anggota/close' is clicked on

2022-07-19 16:21:54 - [TEST_STEP][PASSED] - verifyElementPresent(findTestObject("CITIZEN/Page_Vaksinasi GetVaccine/Tambah Anggota/alert email"), 0): Object 'Object Repository/CITIZEN/Page_Vaksinasi GetVaccine/Tambah Anggota/alert email' is present

2022-07-19 16:21:54 - [MESSAGE][WARNING] - Timeout '0' is invalid. Using default page load timeout: '30'

2022-07-19 16:21:55 - [MESSAGE][PASSED] - Object 'Object Repository/CITIZEN/Page_Vaksinasi GetVaccine/Tambah Anggota/alert email' is present

2022-07-19 16:21:55 - [TEST_STEP][PASSED] - click(findTestObject("CITIZEN/Page_Vaksinasi GetVaccine/Tambah Anggota/close")): Object: 'Object Repository/CITIZEN/Page_Vaksinasi GetVaccine/Tambah Anggota/close' is clicked on

2022-07-19 16:21:55 - [MESSAGE][PASSED] - Object: 'Object Repository/CITIZEN/Page_Vaksinasi GetVaccine/Tambah Anggota/close' is clicked on

2022-07-19 16:21:55 - [TEST_STEP][PASSED] - click(findTestObject("CITIZEN/Page_Vaksinasi GetVaccine/Tambah Anggota/fasilitas kesehatan")): Object: 'Object Repository/CITIZEN/Page_Vaksinasi GetVaccine/Tambah Anggota/fasilitas kesehatan' is clicked on

2022-07-19 16:21:56 - [MESSAGE][PASSED] - Object: 'Object Repository/CITIZEN/Page_Vaksinasi GetVaccine/Tambah Anggota/fasilitas kesehatan' is clicked on

2022-07-19 16:21:56 - [TEST_STEP][PASSED] - click(findTestObject("CITIZEN/Page_Vaksinasi GetVaccine/Tambah Anggota/btn tambah anggota")): Object: 'Object Repository/CITIZEN/Page_Vaksinasi GetVaccine/Tambah Anggota/btn tambah anggota' is clicked on

2022-07-19 16:21:58 - [MESSAGE][PASSED] - Object: 'Object Repository/CITIZEN/Page_Vaksinasi GetVaccine/Tambah Anggota/btn tambah anggota' is clicked on

2022-07-19 16:21:58 - [TEST_STEP][PASSED] - setText(findTestObject("Object Repository/CITIZEN/Page_undefined  GetVaccine/input_NIK_add family member_NIK"), findTestData("CITIZEN/TambahAnggota").getValue(1, i)): Text '7890789078907890' is set on object 'Object Repository/CITIZEN/Page_undefined  GetVaccine/input_NIK_add family member_NIK'

2022-07-19 16:21:59 - [MESSAGE][PASSED] - Text '7890789078907890' is set on object 'Object Repository/CITIZEN/Page_undefined  GetVaccine/input_NIK_add family member_NIK'

2022-07-19 16:21:59 - [TEST_STEP][PASSED] - setText(findTestObject("Object Repository/CITIZEN/Page_undefined  GetVaccine/input_Nama Lengkap_add family member_name"), findTestData("CITIZEN/TambahAnggota").getValue(2, i)): Text 'Qian Kun' is set on object 'Object Repository/CITIZEN/Page_undefined  GetVaccine/input_Nama Lengkap_add family member_name'

2022-07-19 16:22:00 - [MESSAGE][PASSED] - Text 'Qian Kun' is set on object 'Object Repository/CITIZEN/Page_undefined  GetVaccine/input_Nama Lengkap_add family member_name'

2022-07-19 16:22:00 - [TEST_STEP][PASSED] - setText(findTestObject("Object Repository/CITIZEN/Page_undefined  GetVaccine/input_Tempat Lahir_add family member_place__8ffebd"), findTestData("CITIZEN/TambahAnggota").getValue(3, i)): Text 'China' is set on object 'Object Repository/CITIZEN/Page_undefined  GetVaccine/input_Tempat Lahir_add family member_place__8ffebd'

2022-07-19 16:22:01 - [MESSAGE][PASSED] - Text 'China' is set on object 'Object Repository/CITIZEN/Page_undefined  GetVaccine/input_Tempat Lahir_add family member_place__8ffebd'

2022-07-19 16:22:01 - [TEST_STEP][PASSED] - click(findTestObject("Object Repository/CITIZEN/Page_undefined  GetVaccine/div_Tanggal Lahir_ant-picker-input")): Object: 'Object Repository/CITIZEN/Page_undefined  GetVaccine/div_Tanggal Lahir_ant-picker-input' is clicked on

2022-07-19 16:22:01 - [MESSAGE][PASSED] - Object: 'Object Repository/CITIZEN/Page_undefined  GetVaccine/div_Tanggal Lahir_ant-picker-input' is clicked on

2022-07-19 16:22:01 - [TEST_STEP][PASSED] - click(findTestObject("CITIZEN/Page_Vaksinasi GetVaccine/Tambah Anggota/year")): Object: 'Object Repository/CITIZEN/Page_Vaksinasi GetVaccine/Tambah Anggota/year' is clicked on

2022-07-19 16:22:02 - [MESSAGE][PASSED] - Object: 'Object Repository/CITIZEN/Page_Vaksinasi GetVaccine/Tambah Anggota/year' is clicked on

2022-07-19 16:22:02 - [TEST_STEP][PASSED] - click(findTestObject("CITIZEN/Page_Vaksinasi GetVaccine/Tambah Anggota/prev year")): Object: 'Object Repository/CITIZEN/Page_Vaksinasi GetVaccine/Tambah Anggota/prev year' is clicked on

2022-07-19 16:22:02 - [MESSAGE][PASSED] - Object: 'Object Repository/CITIZEN/Page_Vaksinasi GetVaccine/Tambah Anggota/prev year' is clicked on

2022-07-19 16:22:02 - [TEST_STEP][PASSED] - click(findTestObject("CITIZEN/Page_Vaksinasi GetVaccine/Tambah Anggota/prev year")): Object: 'Object Repository/CITIZEN/Page_Vaksinasi GetVaccine/Tambah Anggota/prev year' is clicked on

2022-07-19 16:22:03 - [MESSAGE][PASSED] - Object: 'Object Repository/CITIZEN/Page_Vaksinasi GetVaccine/Tambah Anggota/prev year' is clicked on

2022-07-19 16:22:03 - [TEST_STEP][PASSED] - click(findTestObject("CITIZEN/Page_Vaksinasi GetVaccine/Tambah Anggota/prev year")): Object: 'Object Repository/CITIZEN/Page_Vaksinasi GetVaccine/Tambah Anggota/prev year' is clicked on

2022-07-19 16:22:03 - [MESSAGE][PASSED] - Object: 'Object Repository/CITIZEN/Page_Vaksinasi GetVaccine/Tambah Anggota/prev year' is clicked on

2022-07-19 16:22:03 - [TEST_STEP][PASSED] - click(findTestObject("CITIZEN/Page_Vaksinasi GetVaccine/Tambah Anggota/1996")): Object: 'Object Repository/CITIZEN/Page_Vaksinasi GetVaccine/Tambah Anggota/1996' is clicked on

2022-07-19 16:22:04 - [MESSAGE][PASSED] - Object: 'Object Repository/CITIZEN/Page_Vaksinasi GetVaccine/Tambah Anggota/1996' is clicked on

2022-07-19 16:22:04 - [TEST_STEP][PASSED] - click(findTestObject("CITIZEN/Page_Vaksinasi GetVaccine/Tambah Anggota/januari")): Object: 'Object Repository/CITIZEN/Page_Vaksinasi GetVaccine/Tambah Anggota/januari' is clicked on

2022-07-19 16:22:04 - [MESSAGE][PASSED] - Object: 'Object Repository/CITIZEN/Page_Vaksinasi GetVaccine/Tambah Anggota/januari' is clicked on

2022-07-19 16:22:04 - [TEST_STEP][PASSED] - click(findTestObject("CITIZEN/Page_Vaksinasi GetVaccine/Tambah Anggota/tgl 1")): Object: 'Object Repository/CITIZEN/Page_Vaksinasi GetVaccine/Tambah Anggota/tgl 1' is clicked on

2022-07-19 16:22:05 - [MESSAGE][PASSED] - Object: 'Object Repository/CITIZEN/Page_Vaksinasi GetVaccine/Tambah Anggota/tgl 1' is clicked on

2022-07-19 16:22:05 - [TEST_STEP][PASSED] - click(findTestObject("CITIZEN/Page_Vaksinasi GetVaccine/Tambah Anggota/jk sebelum")): Object: 'Object Repository/CITIZEN/Page_Vaksinasi GetVaccine/Tambah Anggota/jk sebelum' is clicked on

2022-07-19 16:22:06 - [MESSAGE][PASSED] - Object: 'Object Repository/CITIZEN/Page_Vaksinasi GetVaccine/Tambah Anggota/jk sebelum' is clicked on

2022-07-19 16:22:06 - [TEST_STEP][PASSED] - click(findTestObject("Object Repository/CITIZEN/Page_undefined  GetVaccine/div_Laki - Laki")): Object: 'Object Repository/CITIZEN/Page_undefined  GetVaccine/div_Laki - Laki' is clicked on

2022-07-19 16:22:06 - [MESSAGE][PASSED] - Object: 'Object Repository/CITIZEN/Page_undefined  GetVaccine/div_Laki - Laki' is clicked on

2022-07-19 16:22:06 - [TEST_STEP][PASSED] - click(findTestObject("CITIZEN/Page_Vaksinasi GetVaccine/Tambah Anggota/hubungan")): Object: 'Object Repository/CITIZEN/Page_Vaksinasi GetVaccine/Tambah Anggota/hubungan' is clicked on

2022-07-19 16:22:07 - [MESSAGE][PASSED] - Object: 'Object Repository/CITIZEN/Page_Vaksinasi GetVaccine/Tambah Anggota/hubungan' is clicked on

2022-07-19 16:22:07 - [TEST_STEP][PASSED] - click(findTestObject("Object Repository/CITIZEN/Page_undefined  GetVaccine/div_Saudara")): Object: 'Object Repository/CITIZEN/Page_undefined  GetVaccine/div_Saudara' is clicked on

2022-07-19 16:22:07 - [MESSAGE][PASSED] - Object: 'Object Repository/CITIZEN/Page_undefined  GetVaccine/div_Saudara' is clicked on

2022-07-19 16:22:07 - [TEST_STEP][PASSED] - setText(findTestObject("Object Repository/CITIZEN/Page_undefined  GetVaccine/input_Email_add family member_email"), findTestData("CITIZEN/TambahAnggota").getValue(4, i)): Text 'kun@nct.com' is set on object 'Object Repository/CITIZEN/Page_undefined  GetVaccine/input_Email_add family member_email'

2022-07-19 16:22:08 - [MESSAGE][PASSED] - Text 'kun@nct.com' is set on object 'Object Repository/CITIZEN/Page_undefined  GetVaccine/input_Email_add family member_email'

2022-07-19 16:22:08 - [TEST_STEP][PASSED] - setText(findTestObject("Object Repository/CITIZEN/Page_undefined  GetVaccine/input_Nomor Telepon_add family member_phone_number"), findTestData("CITIZEN/TambahAnggota").getValue(5, i)): Text '0882299A' is set on object 'Object Repository/CITIZEN/Page_undefined  GetVaccine/input_Nomor Telepon_add family member_phone_number'

2022-07-19 16:22:09 - [MESSAGE][PASSED] - Text '0882299A' is set on object 'Object Repository/CITIZEN/Page_undefined  GetVaccine/input_Nomor Telepon_add family member_phone_number'

2022-07-19 16:22:09 - [TEST_STEP][PASSED] - setText(findTestObject("Object Repository/CITIZEN/Page_undefined  GetVaccine/input_Alamat KTP_add family member_id_card_address"), findTestData("CITIZEN/TambahAnggota").getValue(6, i)): Text 'Jakarta' is set on object 'Object Repository/CITIZEN/Page_undefined  GetVaccine/input_Alamat KTP_add family member_id_card_address'

2022-07-19 16:22:10 - [MESSAGE][PASSED] - Text 'Jakarta' is set on object 'Object Repository/CITIZEN/Page_undefined  GetVaccine/input_Alamat KTP_add family member_id_card_address'

2022-07-19 16:22:10 - [TEST_STEP][PASSED] - setText(findTestObject("Object Repository/CITIZEN/Page_undefined  GetVaccine/input_Alamat Saat ini_add family member_res_c155da"), findTestData("CITIZEN/TambahAnggota").getValue(7, i)): Text 'Jakarta' is set on object 'Object Repository/CITIZEN/Page_undefined  GetVaccine/input_Alamat Saat ini_add family member_res_c155da'

2022-07-19 16:22:11 - [MESSAGE][PASSED] - Text 'Jakarta' is set on object 'Object Repository/CITIZEN/Page_undefined  GetVaccine/input_Alamat Saat ini_add family member_res_c155da'

2022-07-19 16:22:11 - [TEST_STEP][PASSED] - click(findTestObject("Object Repository/CITIZEN/Page_undefined  GetVaccine/span_Submit")): Object: 'Object Repository/CITIZEN/Page_undefined  GetVaccine/span_Submit' is clicked on

2022-07-19 16:22:12 - [MESSAGE][PASSED] - Object: 'Object Repository/CITIZEN/Page_undefined  GetVaccine/span_Submit' is clicked on

2022-07-19 16:22:12 - [TEST_STEP][PASSED] - if (i == 1): null

2022-07-19 16:22:12 - [TEST_STEP][PASSED] - else if (i == 2): null

2022-07-19 16:22:12 - [TEST_STEP][PASSED] - else if (i == 3): null

2022-07-19 16:22:12 - [TEST_STEP][PASSED] - else if (i == 4): null

2022-07-19 16:22:12 - [TEST_STEP][PASSED] - else if (i == 5): Object: 'Object Repository/CITIZEN/Page_Vaksinasi GetVaccine/Tambah Anggota/close' is clicked on

2022-07-19 16:22:12 - [TEST_STEP][PASSED] - verifyElementPresent(findTestObject("CITIZEN/Page_Vaksinasi GetVaccine/Tambah Anggota/alert telp huruf"), 0): Object 'Object Repository/CITIZEN/Page_Vaksinasi GetVaccine/Tambah Anggota/alert telp huruf' is present

2022-07-19 16:22:12 - [MESSAGE][WARNING] - Timeout '0' is invalid. Using default page load timeout: '30'

2022-07-19 16:22:12 - [MESSAGE][PASSED] - Object 'Object Repository/CITIZEN/Page_Vaksinasi GetVaccine/Tambah Anggota/alert telp huruf' is present

2022-07-19 16:22:12 - [TEST_STEP][PASSED] - verifyElementPresent(findTestObject("CITIZEN/Page_Vaksinasi GetVaccine/Tambah Anggota/alert telp kurang"), 0): Object 'Object Repository/CITIZEN/Page_Vaksinasi GetVaccine/Tambah Anggota/alert telp kurang' is present

2022-07-19 16:22:12 - [MESSAGE][WARNING] - Timeout '0' is invalid. Using default page load timeout: '30'

2022-07-19 16:22:13 - [MESSAGE][PASSED] - Object 'Object Repository/CITIZEN/Page_Vaksinasi GetVaccine/Tambah Anggota/alert telp kurang' is present

2022-07-19 16:22:13 - [TEST_STEP][PASSED] - click(findTestObject("CITIZEN/Page_Vaksinasi GetVaccine/Tambah Anggota/close")): Object: 'Object Repository/CITIZEN/Page_Vaksinasi GetVaccine/Tambah Anggota/close' is clicked on

2022-07-19 16:22:13 - [MESSAGE][PASSED] - Object: 'Object Repository/CITIZEN/Page_Vaksinasi GetVaccine/Tambah Anggota/close' is clicked on

2022-07-19 16:22:13 - [TEST_STEP][PASSED] - click(findTestObject("CITIZEN/Page_Vaksinasi GetVaccine/Tambah Anggota/fasilitas kesehatan")): Object: 'Object Repository/CITIZEN/Page_Vaksinasi GetVaccine/Tambah Anggota/fasilitas kesehatan' is clicked on

2022-07-19 16:22:56 - [MESSAGE][PASSED] - Object: 'Object Repository/CITIZEN/Page_Vaksinasi GetVaccine/Tambah Anggota/fasilitas kesehatan' is clicked on

2022-07-19 16:22:56 - [TEST_STEP][FAILED] - click(findTestObject("CITIZEN/Page_Vaksinasi GetVaccine/Tambah Anggota/btn tambah anggota")): Unable to click on object 'Object Repository/CITIZEN/Page_Vaksinasi GetVaccine/Tambah Anggota/btn tambah anggota' (Root cause: com.kms.katalon.core.exception.StepFailedException: Unable to click on object 'Object Repository/CITIZEN/Page_Vaksinasi GetVaccine/Tambah Anggota/btn tambah anggota'
	at com.kms.katalon.core.webui.keyword.internal.WebUIKeywordMain.stepFailed(WebUIKeywordMain.groovy:64)
	at com.kms.katalon.core.webui.keyword.internal.WebUIKeywordMain.runKeyword(WebUIKeywordMain.groovy:26)
	at com.kms.katalon.core.webui.keyword.builtin.ClickKeyword.click(ClickKeyword.groovy:74)
	at com.kms.katalon.core.webui.keyword.builtin.ClickKeyword.execute(ClickKeyword.groovy:40)
	at com.kms.katalon.core.keyword.internal.KeywordExecutor.executeKeywordForPlatform(KeywordExecutor.groovy:74)
	at com.kms.katalon.core.webui.keyword.WebUiBuiltInKeywords.click(WebUiBuiltInKeywords.groovy:620)
	at com.kms.katalon.core.webui.keyword.WebUiBuiltInKeywords$click$2.call(Unknown Source)
	at TC_Tambah Anggota.run(TC_Tambah Anggota:23)
	at com.kms.katalon.core.main.ScriptEngine.run(ScriptEngine.java:194)
	at com.kms.katalon.core.main.ScriptEngine.runScriptAsRawText(ScriptEngine.java:119)
	at com.kms.katalon.core.main.TestCaseExecutor.runScript(TestCaseExecutor.java:442)
	at com.kms.katalon.core.main.TestCaseExecutor.doExecute(TestCaseExecutor.java:433)
	at com.kms.katalon.core.main.TestCaseExecutor.processExecutionPhase(TestCaseExecutor.java:412)
	at com.kms.katalon.core.main.TestCaseExecutor.accessMainPhase(TestCaseExecutor.java:404)
	at com.kms.katalon.core.main.TestCaseExecutor.execute(TestCaseExecutor.java:281)
	at com.kms.katalon.core.main.TestSuiteExecutor.accessTestCaseMainPhase(TestSuiteExecutor.java:202)
	at com.kms.katalon.core.main.TestSuiteExecutor.accessTestSuiteMainPhase(TestSuiteExecutor.java:164)
	at com.kms.katalon.core.main.TestSuiteExecutor.execute(TestSuiteExecutor.java:105)
	at com.kms.katalon.core.main.TestCaseMain.startTestSuite(TestCaseMain.java:185)
	at com.kms.katalon.core.main.TestCaseMain$startTestSuite$0.call(Unknown Source)
	at TempTestSuite1658221840043.run(TempTestSuite1658221840043.groovy:36)
Caused by: com.kms.katalon.core.webui.exception.WebElementNotFoundException: Web element with id: 'Object Repository/CITIZEN/Page_Vaksinasi GetVaccine/Tambah Anggota/btn tambah anggota' located by '//*[@id="root"]/main/div[2]/div/div/div/form/div[4]/div/button' not found
	at com.kms.katalon.core.webui.common.WebUiCommonHelper.findWebElement(WebUiCommonHelper.java:1370)
	at com.kms.katalon.core.webui.keyword.internal.WebUIAbstractKeyword.findWebElement(WebUIAbstractKeyword.groovy:27)
	at com.kms.katalon.core.webui.keyword.builtin.ClickKeyword$_click_closure1.doCall(ClickKeyword.groovy:65)
	at com.kms.katalon.core.webui.keyword.builtin.ClickKeyword$_click_closure1.call(ClickKeyword.groovy)
	at com.kms.katalon.core.webui.keyword.internal.WebUIKeywordMain.runKeyword(WebUIKeywordMain.groovy:20)
	at com.kms.katalon.core.webui.keyword.builtin.ClickKeyword.click(ClickKeyword.groovy:74)
	at com.kms.katalon.core.webui.keyword.builtin.ClickKeyword.execute(ClickKeyword.groovy:40)
	at com.kms.katalon.core.keyword.internal.KeywordExecutor.executeKeywordForPlatform(KeywordExecutor.groovy:74)
	at com.kms.katalon.core.webui.keyword.WebUiBuiltInKeywords.click(WebUiBuiltInKeywords.groovy:620)
	at com.kms.katalon.core.webui.keyword.WebUiBuiltInKeywords$click$2.call(Unknown Source)
	at Script1657785545724.run(Script1657785545724.groovy:23)
	... 13 more
)

2022-07-19 16:23:41 - [MESSAGE][INFO] - Unable to find the element located by 'By.xpath: //*[@id="root"]/main/div[2]/div/div/div/form/div[4]/div/button'. Please recheck the objects properties to make sure the desired element is located. 

2022-07-19 16:23:41 - [MESSAGE][FAILED] - Unable to click on object 'Object Repository/CITIZEN/Page_Vaksinasi GetVaccine/Tambah Anggota/btn tambah anggota' (Root cause: com.kms.katalon.core.exception.StepFailedException: Unable to click on object 'Object Repository/CITIZEN/Page_Vaksinasi GetVaccine/Tambah Anggota/btn tambah anggota'
	at com.kms.katalon.core.webui.keyword.internal.WebUIKeywordMain.stepFailed(WebUIKeywordMain.groovy:64)
	at com.kms.katalon.core.webui.keyword.internal.WebUIKeywordMain.runKeyword(WebUIKeywordMain.groovy:26)
	at com.kms.katalon.core.webui.keyword.builtin.ClickKeyword.click(ClickKeyword.groovy:74)
	at com.kms.katalon.core.webui.keyword.builtin.ClickKeyword.execute(ClickKeyword.groovy:40)
	at com.kms.katalon.core.keyword.internal.KeywordExecutor.executeKeywordForPlatform(KeywordExecutor.groovy:74)
	at com.kms.katalon.core.webui.keyword.WebUiBuiltInKeywords.click(WebUiBuiltInKeywords.groovy:620)
	at com.kms.katalon.core.webui.keyword.WebUiBuiltInKeywords$click$2.call(Unknown Source)
	at TC_Tambah Anggota.run(TC_Tambah Anggota:23)
	at com.kms.katalon.core.main.ScriptEngine.run(ScriptEngine.java:194)
	at com.kms.katalon.core.main.ScriptEngine.runScriptAsRawText(ScriptEngine.java:119)
	at com.kms.katalon.core.main.TestCaseExecutor.runScript(TestCaseExecutor.java:442)
	at com.kms.katalon.core.main.TestCaseExecutor.doExecute(TestCaseExecutor.java:433)
	at com.kms.katalon.core.main.TestCaseExecutor.processExecutionPhase(TestCaseExecutor.java:412)
	at com.kms.katalon.core.main.TestCaseExecutor.accessMainPhase(TestCaseExecutor.java:404)
	at com.kms.katalon.core.main.TestCaseExecutor.execute(TestCaseExecutor.java:281)
	at com.kms.katalon.core.main.TestSuiteExecutor.accessTestCaseMainPhase(TestSuiteExecutor.java:202)
	at com.kms.katalon.core.main.TestSuiteExecutor.accessTestSuiteMainPhase(TestSuiteExecutor.java:164)
	at com.kms.katalon.core.main.TestSuiteExecutor.execute(TestSuiteExecutor.java:105)
	at com.kms.katalon.core.main.TestCaseMain.startTestSuite(TestCaseMain.java:185)
	at com.kms.katalon.core.main.TestCaseMain$startTestSuite$0.call(Unknown Source)
	at TempTestSuite1658221840043.run(TempTestSuite1658221840043.groovy:36)
Caused by: com.kms.katalon.core.webui.exception.WebElementNotFoundException: Web element with id: 'Object Repository/CITIZEN/Page_Vaksinasi GetVaccine/Tambah Anggota/btn tambah anggota' located by '//*[@id="root"]/main/div[2]/div/div/div/form/div[4]/div/button' not found
	at com.kms.katalon.core.webui.common.WebUiCommonHelper.findWebElement(WebUiCommonHelper.java:1370)
	at com.kms.katalon.core.webui.keyword.internal.WebUIAbstractKeyword.findWebElement(WebUIAbstractKeyword.groovy:27)
	at com.kms.katalon.core.webui.keyword.builtin.ClickKeyword$_click_closure1.doCall(ClickKeyword.groovy:65)
	at com.kms.katalon.core.webui.keyword.builtin.ClickKeyword$_click_closure1.call(ClickKeyword.groovy)
	at com.kms.katalon.core.webui.keyword.internal.WebUIKeywordMain.runKeyword(WebUIKeywordMain.groovy:20)
	at com.kms.katalon.core.webui.keyword.builtin.ClickKeyword.click(ClickKeyword.groovy:74)
	at com.kms.katalon.core.webui.keyword.builtin.ClickKeyword.execute(ClickKeyword.groovy:40)
	at com.kms.katalon.core.keyword.internal.KeywordExecutor.executeKeywordForPlatform(KeywordExecutor.groovy:74)
	at com.kms.katalon.core.webui.keyword.WebUiBuiltInKeywords.click(WebUiBuiltInKeywords.groovy:620)
	at com.kms.katalon.core.webui.keyword.WebUiBuiltInKeywords$click$2.call(Unknown Source)
	at Script1657785545724.run(Script1657785545724.groovy:23)
	... 13 more
)
[[ATTACHMENT|C:\\Users\\Thinkpad X260\\git\\CapstoneWEBSITE\\Reports\\20220719_161040\\TS_CITIZEN\\20220719_161040\\1658222621023.png]]]]></system-out>
         <system-err><![CDATA[2022-07-19 16:20:39 - [TEST_CASE][FAILED] - Test Cases/CITIZEN/ANGGOTA/TC_Tambah Anggota: Test Cases/CITIZEN/ANGGOTA/TC_Tambah Anggota FAILED.
Reason:
com.kms.katalon.core.exception.StepFailedException: Unable to click on object 'Object Repository/CITIZEN/Page_Vaksinasi GetVaccine/Tambah Anggota/btn tambah anggota'
	at com.kms.katalon.core.webui.keyword.internal.WebUIKeywordMain.stepFailed(WebUIKeywordMain.groovy:64)
	at com.kms.katalon.core.webui.keyword.internal.WebUIKeywordMain.runKeyword(WebUIKeywordMain.groovy:26)
	at com.kms.katalon.core.webui.keyword.builtin.ClickKeyword.click(ClickKeyword.groovy:74)
	at com.kms.katalon.core.webui.keyword.builtin.ClickKeyword.execute(ClickKeyword.groovy:40)
	at com.kms.katalon.core.keyword.internal.KeywordExecutor.executeKeywordForPlatform(KeywordExecutor.groovy:74)
	at com.kms.katalon.core.webui.keyword.WebUiBuiltInKeywords.click(WebUiBuiltInKeywords.groovy:620)
	at com.kms.katalon.core.webui.keyword.WebUiBuiltInKeywords$click$2.call(Unknown Source)
	at TC_Tambah Anggota.run(TC_Tambah Anggota:23)
	at com.kms.katalon.core.main.ScriptEngine.run(ScriptEngine.java:194)
	at com.kms.katalon.core.main.ScriptEngine.runScriptAsRawText(ScriptEngine.java:119)
	at com.kms.katalon.core.main.TestCaseExecutor.runScript(TestCaseExecutor.java:442)
	at com.kms.katalon.core.main.TestCaseExecutor.doExecute(TestCaseExecutor.java:433)
	at com.kms.katalon.core.main.TestCaseExecutor.processExecutionPhase(TestCaseExecutor.java:412)
	at com.kms.katalon.core.main.TestCaseExecutor.accessMainPhase(TestCaseExecutor.java:404)
	at com.kms.katalon.core.main.TestCaseExecutor.execute(TestCaseExecutor.java:281)
	at com.kms.katalon.core.main.TestSuiteExecutor.accessTestCaseMainPhase(TestSuiteExecutor.java:202)
	at com.kms.katalon.core.main.TestSuiteExecutor.accessTestSuiteMainPhase(TestSuiteExecutor.java:164)
	at com.kms.katalon.core.main.TestSuiteExecutor.execute(TestSuiteExecutor.java:105)
	at com.kms.katalon.core.main.TestCaseMain.startTestSuite(TestCaseMain.java:185)
	at com.kms.katalon.core.main.TestCaseMain$startTestSuite$0.call(Unknown Source)
	at TempTestSuite1658221840043.run(TempTestSuite1658221840043.groovy:36)
Caused by: com.kms.katalon.core.webui.exception.WebElementNotFoundException: Web element with id: 'Object Repository/CITIZEN/Page_Vaksinasi GetVaccine/Tambah Anggota/btn tambah anggota' located by '//*[@id="root"]/main/div[2]/div/div/div/form/div[4]/div/button' not found
	at com.kms.katalon.core.webui.common.WebUiCommonHelper.findWebElement(WebUiCommonHelper.java:1370)
	at com.kms.katalon.core.webui.keyword.internal.WebUIAbstractKeyword.findWebElement(WebUIAbstractKeyword.groovy:27)
	at com.kms.katalon.core.webui.keyword.builtin.ClickKeyword$_click_closure1.doCall(ClickKeyword.groovy:65)
	at com.kms.katalon.core.webui.keyword.builtin.ClickKeyword$_click_closure1.call(ClickKeyword.groovy)
	at com.kms.katalon.core.webui.keyword.internal.WebUIKeywordMain.runKeyword(WebUIKeywordMain.groovy:20)
	... 19 more]]></system-err>
      </testcase>
      <testcase name="Test Cases/CITIZEN/ANGGOTA/TC_View Detail Anggota" time="44.447" classname="Test Cases/CITIZEN/ANGGOTA/TC_View Detail Anggota" status="FAILED">
         <failure type="FAILED" message="Test Cases/CITIZEN/ANGGOTA/TC_View Detail Anggota FAILED.
Reason:
com.kms.katalon.core.exception.StepFailedException: Unable to click on object 'Object Repository/CITIZEN/Page_Home  GetVaccine/home menu'
	at com.kms.katalon.core.webui.keyword.internal.WebUIKeywordMain.stepFailed(WebUIKeywordMain.groovy:64)
	at com.kms.katalon.core.webui.keyword.internal.WebUIKeywordMain.runKeyword(WebUIKeywordMain.groovy:26)
	at com.kms.katalon.core.webui.keyword.builtin.ClickKeyword.click(ClickKeyword.groovy:74)
	at com.kms.katalon.core.webui.keyword.builtin.ClickKeyword.execute(ClickKeyword.groovy:40)
	at com.kms.katalon.core.keyword.internal.KeywordExecutor.executeKeywordForPlatform(KeywordExecutor.groovy:74)
	at com.kms.katalon.core.webui.keyword.WebUiBuiltInKeywords.click(WebUiBuiltInKeywords.groovy:620)
	at com.kms.katalon.core.webui.keyword.WebUiBuiltInKeywords$click$2.call(Unknown Source)
	at TC_View Detail Anggota.run(TC_View Detail Anggota:20)
	at com.kms.katalon.core.main.ScriptEngine.run(ScriptEngine.java:194)
	at com.kms.katalon.core.main.ScriptEngine.runScriptAsRawText(ScriptEngine.java:119)
	at com.kms.katalon.core.main.TestCaseExecutor.runScript(TestCaseExecutor.java:442)
	at com.kms.katalon.core.main.TestCaseExecutor.doExecute(TestCaseExecutor.java:433)
	at com.kms.katalon.core.main.TestCaseExecutor.processExecutionPhase(TestCaseExecutor.java:412)
	at com.kms.katalon.core.main.TestCaseExecutor.accessMainPhase(TestCaseExecutor.java:404)
	at com.kms.katalon.core.main.TestCaseExecutor.execute(TestCaseExecutor.java:281)
	at com.kms.katalon.core.main.TestSuiteExecutor.accessTestCaseMainPhase(TestSuiteExecutor.java:202)
	at com.kms.katalon.core.main.TestSuiteExecutor.accessTestSuiteMainPhase(TestSuiteExecutor.java:164)
	at com.kms.katalon.core.main.TestSuiteExecutor.execute(TestSuiteExecutor.java:105)
	at com.kms.katalon.core.main.TestCaseMain.startTestSuite(TestCaseMain.java:185)
	at com.kms.katalon.core.main.TestCaseMain$startTestSuite$0.call(Unknown Source)
	at TempTestSuite1658221840043.run(TempTestSuite1658221840043.groovy:36)
Caused by: com.kms.katalon.core.webui.exception.WebElementNotFoundException: Web element with id: 'Object Repository/CITIZEN/Page_Home  GetVaccine/home menu' located by '//*[@id=&quot;root&quot;]/div[1]/nav/a[1]' not found
	at com.kms.katalon.core.webui.common.WebUiCommonHelper.findWebElement(WebUiCommonHelper.java:1370)
	at com.kms.katalon.core.webui.keyword.internal.WebUIAbstractKeyword.findWebElement(WebUIAbstractKeyword.groovy:27)
	at com.kms.katalon.core.webui.keyword.builtin.ClickKeyword$_click_closure1.doCall(ClickKeyword.groovy:65)
	at com.kms.katalon.core.webui.keyword.builtin.ClickKeyword$_click_closure1.call(ClickKeyword.groovy)
	at com.kms.katalon.core.webui.keyword.internal.WebUIKeywordMain.runKeyword(WebUIKeywordMain.groovy:20)
	... 19 more
"/>
         <system-out><![CDATA[2022-07-19 16:23:41 - [TEST_CASE][FAILED] - Test Cases/CITIZEN/ANGGOTA/TC_View Detail Anggota: Test Cases/CITIZEN/ANGGOTA/TC_View Detail Anggota FAILED.
Reason:
com.kms.katalon.core.exception.StepFailedException: Unable to click on object 'Object Repository/CITIZEN/Page_Home  GetVaccine/home menu'
	at com.kms.katalon.core.webui.keyword.internal.WebUIKeywordMain.stepFailed(WebUIKeywordMain.groovy:64)
	at com.kms.katalon.core.webui.keyword.internal.WebUIKeywordMain.runKeyword(WebUIKeywordMain.groovy:26)
	at com.kms.katalon.core.webui.keyword.builtin.ClickKeyword.click(ClickKeyword.groovy:74)
	at com.kms.katalon.core.webui.keyword.builtin.ClickKeyword.execute(ClickKeyword.groovy:40)
	at com.kms.katalon.core.keyword.internal.KeywordExecutor.executeKeywordForPlatform(KeywordExecutor.groovy:74)
	at com.kms.katalon.core.webui.keyword.WebUiBuiltInKeywords.click(WebUiBuiltInKeywords.groovy:620)
	at com.kms.katalon.core.webui.keyword.WebUiBuiltInKeywords$click$2.call(Unknown Source)
	at TC_View Detail Anggota.run(TC_View Detail Anggota:20)
	at com.kms.katalon.core.main.ScriptEngine.run(ScriptEngine.java:194)
	at com.kms.katalon.core.main.ScriptEngine.runScriptAsRawText(ScriptEngine.java:119)
	at com.kms.katalon.core.main.TestCaseExecutor.runScript(TestCaseExecutor.java:442)
	at com.kms.katalon.core.main.TestCaseExecutor.doExecute(TestCaseExecutor.java:433)
	at com.kms.katalon.core.main.TestCaseExecutor.processExecutionPhase(TestCaseExecutor.java:412)
	at com.kms.katalon.core.main.TestCaseExecutor.accessMainPhase(TestCaseExecutor.java:404)
	at com.kms.katalon.core.main.TestCaseExecutor.execute(TestCaseExecutor.java:281)
	at com.kms.katalon.core.main.TestSuiteExecutor.accessTestCaseMainPhase(TestSuiteExecutor.java:202)
	at com.kms.katalon.core.main.TestSuiteExecutor.accessTestSuiteMainPhase(TestSuiteExecutor.java:164)
	at com.kms.katalon.core.main.TestSuiteExecutor.execute(TestSuiteExecutor.java:105)
	at com.kms.katalon.core.main.TestCaseMain.startTestSuite(TestCaseMain.java:185)
	at com.kms.katalon.core.main.TestCaseMain$startTestSuite$0.call(Unknown Source)
	at TempTestSuite1658221840043.run(TempTestSuite1658221840043.groovy:36)
Caused by: com.kms.katalon.core.webui.exception.WebElementNotFoundException: Web element with id: 'Object Repository/CITIZEN/Page_Home  GetVaccine/home menu' located by '//*[@id="root"]/div[1]/nav/a[1]' not found
	at com.kms.katalon.core.webui.common.WebUiCommonHelper.findWebElement(WebUiCommonHelper.java:1370)
	at com.kms.katalon.core.webui.keyword.internal.WebUIAbstractKeyword.findWebElement(WebUIAbstractKeyword.groovy:27)
	at com.kms.katalon.core.webui.keyword.builtin.ClickKeyword$_click_closure1.doCall(ClickKeyword.groovy:65)
	at com.kms.katalon.core.webui.keyword.builtin.ClickKeyword$_click_closure1.call(ClickKeyword.groovy)
	at com.kms.katalon.core.webui.keyword.internal.WebUIKeywordMain.runKeyword(WebUIKeywordMain.groovy:20)
	... 19 more


2022-07-19 16:23:41 - [TEST_STEP][FAILED] - click(findTestObject("CITIZEN/Page_Home  GetVaccine/home menu")): Unable to click on object 'Object Repository/CITIZEN/Page_Home  GetVaccine/home menu' (Root cause: com.kms.katalon.core.exception.StepFailedException: Unable to click on object 'Object Repository/CITIZEN/Page_Home  GetVaccine/home menu'
	at com.kms.katalon.core.webui.keyword.internal.WebUIKeywordMain.stepFailed(WebUIKeywordMain.groovy:64)
	at com.kms.katalon.core.webui.keyword.internal.WebUIKeywordMain.runKeyword(WebUIKeywordMain.groovy:26)
	at com.kms.katalon.core.webui.keyword.builtin.ClickKeyword.click(ClickKeyword.groovy:74)
	at com.kms.katalon.core.webui.keyword.builtin.ClickKeyword.execute(ClickKeyword.groovy:40)
	at com.kms.katalon.core.keyword.internal.KeywordExecutor.executeKeywordForPlatform(KeywordExecutor.groovy:74)
	at com.kms.katalon.core.webui.keyword.WebUiBuiltInKeywords.click(WebUiBuiltInKeywords.groovy:620)
	at com.kms.katalon.core.webui.keyword.WebUiBuiltInKeywords$click$2.call(Unknown Source)
	at TC_View Detail Anggota.run(TC_View Detail Anggota:20)
	at com.kms.katalon.core.main.ScriptEngine.run(ScriptEngine.java:194)
	at com.kms.katalon.core.main.ScriptEngine.runScriptAsRawText(ScriptEngine.java:119)
	at com.kms.katalon.core.main.TestCaseExecutor.runScript(TestCaseExecutor.java:442)
	at com.kms.katalon.core.main.TestCaseExecutor.doExecute(TestCaseExecutor.java:433)
	at com.kms.katalon.core.main.TestCaseExecutor.processExecutionPhase(TestCaseExecutor.java:412)
	at com.kms.katalon.core.main.TestCaseExecutor.accessMainPhase(TestCaseExecutor.java:404)
	at com.kms.katalon.core.main.TestCaseExecutor.execute(TestCaseExecutor.java:281)
	at com.kms.katalon.core.main.TestSuiteExecutor.accessTestCaseMainPhase(TestSuiteExecutor.java:202)
	at com.kms.katalon.core.main.TestSuiteExecutor.accessTestSuiteMainPhase(TestSuiteExecutor.java:164)
	at com.kms.katalon.core.main.TestSuiteExecutor.execute(TestSuiteExecutor.java:105)
	at com.kms.katalon.core.main.TestCaseMain.startTestSuite(TestCaseMain.java:185)
	at com.kms.katalon.core.main.TestCaseMain$startTestSuite$0.call(Unknown Source)
	at TempTestSuite1658221840043.run(TempTestSuite1658221840043.groovy:36)
Caused by: com.kms.katalon.core.webui.exception.WebElementNotFoundException: Web element with id: 'Object Repository/CITIZEN/Page_Home  GetVaccine/home menu' located by '//*[@id="root"]/div[1]/nav/a[1]' not found
	at com.kms.katalon.core.webui.common.WebUiCommonHelper.findWebElement(WebUiCommonHelper.java:1370)
	at com.kms.katalon.core.webui.keyword.internal.WebUIAbstractKeyword.findWebElement(WebUIAbstractKeyword.groovy:27)
	at com.kms.katalon.core.webui.keyword.builtin.ClickKeyword$_click_closure1.doCall(ClickKeyword.groovy:65)
	at com.kms.katalon.core.webui.keyword.builtin.ClickKeyword$_click_closure1.call(ClickKeyword.groovy)
	at com.kms.katalon.core.webui.keyword.internal.WebUIKeywordMain.runKeyword(WebUIKeywordMain.groovy:20)
	at com.kms.katalon.core.webui.keyword.builtin.ClickKeyword.click(ClickKeyword.groovy:74)
	at com.kms.katalon.core.webui.keyword.builtin.ClickKeyword.execute(ClickKeyword.groovy:40)
	at com.kms.katalon.core.keyword.internal.KeywordExecutor.executeKeywordForPlatform(KeywordExecutor.groovy:74)
	at com.kms.katalon.core.webui.keyword.WebUiBuiltInKeywords.click(WebUiBuiltInKeywords.groovy:620)
	at com.kms.katalon.core.webui.keyword.WebUiBuiltInKeywords$click$2.call(Unknown Source)
	at Script1658216979478.run(Script1658216979478.groovy:20)
	... 13 more
)

2022-07-19 16:24:25 - [MESSAGE][INFO] - Unable to find the element located by 'By.xpath: //*[@id="root"]/div[1]/nav/a[1]'. Please recheck the objects properties to make sure the desired element is located. 

2022-07-19 16:24:25 - [MESSAGE][FAILED] - Unable to click on object 'Object Repository/CITIZEN/Page_Home  GetVaccine/home menu' (Root cause: com.kms.katalon.core.exception.StepFailedException: Unable to click on object 'Object Repository/CITIZEN/Page_Home  GetVaccine/home menu'
	at com.kms.katalon.core.webui.keyword.internal.WebUIKeywordMain.stepFailed(WebUIKeywordMain.groovy:64)
	at com.kms.katalon.core.webui.keyword.internal.WebUIKeywordMain.runKeyword(WebUIKeywordMain.groovy:26)
	at com.kms.katalon.core.webui.keyword.builtin.ClickKeyword.click(ClickKeyword.groovy:74)
	at com.kms.katalon.core.webui.keyword.builtin.ClickKeyword.execute(ClickKeyword.groovy:40)
	at com.kms.katalon.core.keyword.internal.KeywordExecutor.executeKeywordForPlatform(KeywordExecutor.groovy:74)
	at com.kms.katalon.core.webui.keyword.WebUiBuiltInKeywords.click(WebUiBuiltInKeywords.groovy:620)
	at com.kms.katalon.core.webui.keyword.WebUiBuiltInKeywords$click$2.call(Unknown Source)
	at TC_View Detail Anggota.run(TC_View Detail Anggota:20)
	at com.kms.katalon.core.main.ScriptEngine.run(ScriptEngine.java:194)
	at com.kms.katalon.core.main.ScriptEngine.runScriptAsRawText(ScriptEngine.java:119)
	at com.kms.katalon.core.main.TestCaseExecutor.runScript(TestCaseExecutor.java:442)
	at com.kms.katalon.core.main.TestCaseExecutor.doExecute(TestCaseExecutor.java:433)
	at com.kms.katalon.core.main.TestCaseExecutor.processExecutionPhase(TestCaseExecutor.java:412)
	at com.kms.katalon.core.main.TestCaseExecutor.accessMainPhase(TestCaseExecutor.java:404)
	at com.kms.katalon.core.main.TestCaseExecutor.execute(TestCaseExecutor.java:281)
	at com.kms.katalon.core.main.TestSuiteExecutor.accessTestCaseMainPhase(TestSuiteExecutor.java:202)
	at com.kms.katalon.core.main.TestSuiteExecutor.accessTestSuiteMainPhase(TestSuiteExecutor.java:164)
	at com.kms.katalon.core.main.TestSuiteExecutor.execute(TestSuiteExecutor.java:105)
	at com.kms.katalon.core.main.TestCaseMain.startTestSuite(TestCaseMain.java:185)
	at com.kms.katalon.core.main.TestCaseMain$startTestSuite$0.call(Unknown Source)
	at TempTestSuite1658221840043.run(TempTestSuite1658221840043.groovy:36)
Caused by: com.kms.katalon.core.webui.exception.WebElementNotFoundException: Web element with id: 'Object Repository/CITIZEN/Page_Home  GetVaccine/home menu' located by '//*[@id="root"]/div[1]/nav/a[1]' not found
	at com.kms.katalon.core.webui.common.WebUiCommonHelper.findWebElement(WebUiCommonHelper.java:1370)
	at com.kms.katalon.core.webui.keyword.internal.WebUIAbstractKeyword.findWebElement(WebUIAbstractKeyword.groovy:27)
	at com.kms.katalon.core.webui.keyword.builtin.ClickKeyword$_click_closure1.doCall(ClickKeyword.groovy:65)
	at com.kms.katalon.core.webui.keyword.builtin.ClickKeyword$_click_closure1.call(ClickKeyword.groovy)
	at com.kms.katalon.core.webui.keyword.internal.WebUIKeywordMain.runKeyword(WebUIKeywordMain.groovy:20)
	at com.kms.katalon.core.webui.keyword.builtin.ClickKeyword.click(ClickKeyword.groovy:74)
	at com.kms.katalon.core.webui.keyword.builtin.ClickKeyword.execute(ClickKeyword.groovy:40)
	at com.kms.katalon.core.keyword.internal.KeywordExecutor.executeKeywordForPlatform(KeywordExecutor.groovy:74)
	at com.kms.katalon.core.webui.keyword.WebUiBuiltInKeywords.click(WebUiBuiltInKeywords.groovy:620)
	at com.kms.katalon.core.webui.keyword.WebUiBuiltInKeywords$click$2.call(Unknown Source)
	at Script1658216979478.run(Script1658216979478.groovy:20)
	... 13 more
)
[[ATTACHMENT|C:\\Users\\Thinkpad X260\\git\\CapstoneWEBSITE\\Reports\\20220719_161040\\TS_CITIZEN\\20220719_161040\\1658222665480.png]]]]></system-out>
         <system-err><![CDATA[2022-07-19 16:23:41 - [TEST_CASE][FAILED] - Test Cases/CITIZEN/ANGGOTA/TC_View Detail Anggota: Test Cases/CITIZEN/ANGGOTA/TC_View Detail Anggota FAILED.
Reason:
com.kms.katalon.core.exception.StepFailedException: Unable to click on object 'Object Repository/CITIZEN/Page_Home  GetVaccine/home menu'
	at com.kms.katalon.core.webui.keyword.internal.WebUIKeywordMain.stepFailed(WebUIKeywordMain.groovy:64)
	at com.kms.katalon.core.webui.keyword.internal.WebUIKeywordMain.runKeyword(WebUIKeywordMain.groovy:26)
	at com.kms.katalon.core.webui.keyword.builtin.ClickKeyword.click(ClickKeyword.groovy:74)
	at com.kms.katalon.core.webui.keyword.builtin.ClickKeyword.execute(ClickKeyword.groovy:40)
	at com.kms.katalon.core.keyword.internal.KeywordExecutor.executeKeywordForPlatform(KeywordExecutor.groovy:74)
	at com.kms.katalon.core.webui.keyword.WebUiBuiltInKeywords.click(WebUiBuiltInKeywords.groovy:620)
	at com.kms.katalon.core.webui.keyword.WebUiBuiltInKeywords$click$2.call(Unknown Source)
	at TC_View Detail Anggota.run(TC_View Detail Anggota:20)
	at com.kms.katalon.core.main.ScriptEngine.run(ScriptEngine.java:194)
	at com.kms.katalon.core.main.ScriptEngine.runScriptAsRawText(ScriptEngine.java:119)
	at com.kms.katalon.core.main.TestCaseExecutor.runScript(TestCaseExecutor.java:442)
	at com.kms.katalon.core.main.TestCaseExecutor.doExecute(TestCaseExecutor.java:433)
	at com.kms.katalon.core.main.TestCaseExecutor.processExecutionPhase(TestCaseExecutor.java:412)
	at com.kms.katalon.core.main.TestCaseExecutor.accessMainPhase(TestCaseExecutor.java:404)
	at com.kms.katalon.core.main.TestCaseExecutor.execute(TestCaseExecutor.java:281)
	at com.kms.katalon.core.main.TestSuiteExecutor.accessTestCaseMainPhase(TestSuiteExecutor.java:202)
	at com.kms.katalon.core.main.TestSuiteExecutor.accessTestSuiteMainPhase(TestSuiteExecutor.java:164)
	at com.kms.katalon.core.main.TestSuiteExecutor.execute(TestSuiteExecutor.java:105)
	at com.kms.katalon.core.main.TestCaseMain.startTestSuite(TestCaseMain.java:185)
	at com.kms.katalon.core.main.TestCaseMain$startTestSuite$0.call(Unknown Source)
	at TempTestSuite1658221840043.run(TempTestSuite1658221840043.groovy:36)
Caused by: com.kms.katalon.core.webui.exception.WebElementNotFoundException: Web element with id: 'Object Repository/CITIZEN/Page_Home  GetVaccine/home menu' located by '//*[@id="root"]/div[1]/nav/a[1]' not found
	at com.kms.katalon.core.webui.common.WebUiCommonHelper.findWebElement(WebUiCommonHelper.java:1370)
	at com.kms.katalon.core.webui.keyword.internal.WebUIAbstractKeyword.findWebElement(WebUIAbstractKeyword.groovy:27)
	at com.kms.katalon.core.webui.keyword.builtin.ClickKeyword$_click_closure1.doCall(ClickKeyword.groovy:65)
	at com.kms.katalon.core.webui.keyword.builtin.ClickKeyword$_click_closure1.call(ClickKeyword.groovy)
	at com.kms.katalon.core.webui.keyword.internal.WebUIKeywordMain.runKeyword(WebUIKeywordMain.groovy:20)
	... 19 more]]></system-err>
      </testcase>
      <testcase name="Test Cases/CITIZEN/ANGGOTA/TC_Edit Anggota" time="32.343" classname="Test Cases/CITIZEN/ANGGOTA/TC_Edit Anggota" status="PASSED">
         <system-out><![CDATA[2022-07-19 16:24:25 - [TEST_CASE][PASSED] - Test Cases/CITIZEN/ANGGOTA/TC_Edit Anggota: Test Cases/CITIZEN/ANGGOTA/TC_Edit Anggota

2022-07-19 16:24:26 - [TEST_STEP][PASSED] - click(findTestObject("CITIZEN/Page_Home  GetVaccine/home menu")): Object: 'Object Repository/CITIZEN/Page_Home  GetVaccine/home menu' is clicked on

2022-07-19 16:24:44 - [MESSAGE][PASSED] - Object: 'Object Repository/CITIZEN/Page_Home  GetVaccine/home menu' is clicked on

2022-07-19 16:24:44 - [TEST_STEP][PASSED] - click(findTestObject("CITIZEN/Page_Home  GetVaccine/a_Vaksinasi")): Object: 'Object Repository/CITIZEN/Page_Home  GetVaccine/a_Vaksinasi' is clicked on

2022-07-19 16:24:46 - [MESSAGE][PASSED] - Object: 'Object Repository/CITIZEN/Page_Home  GetVaccine/a_Vaksinasi' is clicked on

2022-07-19 16:24:46 - [TEST_STEP][PASSED] - click(findTestObject("CITIZEN/Page_undefined  GetVaccine/yonkes")): Object: 'Object Repository/CITIZEN/Page_undefined  GetVaccine/yonkes' is clicked on

2022-07-19 16:24:48 - [MESSAGE][PASSED] - Object: 'Object Repository/CITIZEN/Page_undefined  GetVaccine/yonkes' is clicked on

2022-07-19 16:24:48 - [TEST_STEP][PASSED] - click(findTestObject("Page_Detail Fasilitas Kesehatan  GetVaccine/button_ANAK_ant-btn ant-btn-default CustomB_6459a1")): Object: 'Object Repository/Page_Detail Fasilitas Kesehatan  GetVaccine/button_ANAK_ant-btn ant-btn-default CustomB_6459a1' is clicked on

2022-07-19 16:24:49 - [MESSAGE][PASSED] - Object: 'Object Repository/Page_Detail Fasilitas Kesehatan  GetVaccine/button_ANAK_ant-btn ant-btn-default CustomB_6459a1' is clicked on

2022-07-19 16:24:49 - [TEST_STEP][PASSED] - click(findTestObject("Object Repository/Page_Detail Fasilitas Kesehatan  GetVaccine/button_Edit")): Object: 'Object Repository/Page_Detail Fasilitas Kesehatan  GetVaccine/button_Edit' is clicked on

2022-07-19 16:24:50 - [MESSAGE][PASSED] - Object: 'Object Repository/Page_Detail Fasilitas Kesehatan  GetVaccine/button_Edit' is clicked on

2022-07-19 16:24:50 - [TEST_STEP][PASSED] - click(findTestObject("Object Repository/Page_Detail Fasilitas Kesehatan  GetVaccine/button_Submit")): Object: 'Object Repository/Page_Detail Fasilitas Kesehatan  GetVaccine/button_Submit' is clicked on

2022-07-19 16:24:50 - [MESSAGE][PASSED] - Object: 'Object Repository/Page_Detail Fasilitas Kesehatan  GetVaccine/button_Submit' is clicked on

2022-07-19 16:24:50 - [TEST_STEP][PASSED] - click(findTestObject("Object Repository/Page_Detail Fasilitas Kesehatan  GetVaccine/div_place_of_birth is required")): Object: 'Object Repository/Page_Detail Fasilitas Kesehatan  GetVaccine/div_place_of_birth is required' is clicked on

2022-07-19 16:24:51 - [MESSAGE][PASSED] - Object: 'Object Repository/Page_Detail Fasilitas Kesehatan  GetVaccine/div_place_of_birth is required' is clicked on

2022-07-19 16:24:51 - [TEST_STEP][PASSED] - click(findTestObject("Object Repository/Page_Detail Fasilitas Kesehatan  GetVaccine/button_Cancel")): Object: 'Object Repository/Page_Detail Fasilitas Kesehatan  GetVaccine/button_Cancel' is clicked on

2022-07-19 16:24:51 - [MESSAGE][PASSED] - Object: 'Object Repository/Page_Detail Fasilitas Kesehatan  GetVaccine/button_Cancel' is clicked on

2022-07-19 16:24:51 - [TEST_STEP][PASSED] - click(findTestObject("CITIZEN/Page_undefined  GetVaccine/a_Fasilitas Kesehatan")): Object: 'Object Repository/CITIZEN/Page_undefined  GetVaccine/a_Fasilitas Kesehatan' is clicked on

2022-07-19 16:24:52 - [MESSAGE][PASSED] - Object: 'Object Repository/CITIZEN/Page_undefined  GetVaccine/a_Fasilitas Kesehatan' is clicked on

2022-07-19 16:24:52 - [TEST_STEP][PASSED] - click(findTestObject("CITIZEN/Page_Detail Fasilitas Kesehatan  GetVaccine/detail haechan")): Object: 'Object Repository/CITIZEN/Page_Detail Fasilitas Kesehatan  GetVaccine/detail haechan' is clicked on

2022-07-19 16:24:54 - [MESSAGE][PASSED] - Object: 'Object Repository/CITIZEN/Page_Detail Fasilitas Kesehatan  GetVaccine/detail haechan' is clicked on

2022-07-19 16:24:54 - [TEST_STEP][PASSED] - click(findTestObject("Page_Detail Fasilitas Kesehatan  GetVaccine/button_Edit")): Object: 'Object Repository/Page_Detail Fasilitas Kesehatan  GetVaccine/button_Edit' is clicked on

2022-07-19 16:24:54 - [MESSAGE][PASSED] - Object: 'Object Repository/Page_Detail Fasilitas Kesehatan  GetVaccine/button_Edit' is clicked on

2022-07-19 16:24:54 - [TEST_STEP][PASSED] - click(findTestObject("Page_Detail Fasilitas Kesehatan  GetVaccine/edit haechan")): Object: 'Object Repository/Page_Detail Fasilitas Kesehatan  GetVaccine/edit haechan' is clicked on

2022-07-19 16:24:55 - [MESSAGE][PASSED] - Object: 'Object Repository/Page_Detail Fasilitas Kesehatan  GetVaccine/edit haechan' is clicked on

2022-07-19 16:24:55 - [TEST_STEP][PASSED] - setText(findTestObject("Page_Detail Fasilitas Kesehatan  GetVaccine/edit haechan"), " Lee"): Text ' Lee' is set on object 'Object Repository/Page_Detail Fasilitas Kesehatan  GetVaccine/edit haechan'

2022-07-19 16:24:56 - [MESSAGE][PASSED] - Text ' Lee' is set on object 'Object Repository/Page_Detail Fasilitas Kesehatan  GetVaccine/edit haechan'

2022-07-19 16:24:56 - [TEST_STEP][PASSED] - click(findTestObject("Object Repository/Page_Detail Fasilitas Kesehatan  GetVaccine/button_Submit")): Object: 'Object Repository/Page_Detail Fasilitas Kesehatan  GetVaccine/button_Submit' is clicked on

2022-07-19 16:24:56 - [MESSAGE][PASSED] - Object: 'Object Repository/Page_Detail Fasilitas Kesehatan  GetVaccine/button_Submit' is clicked on

2022-07-19 16:24:56 - [TEST_STEP][PASSED] - click(findTestObject("Object Repository/Page_Detail Fasilitas Kesehatan  GetVaccine/span_Data telah berhasil diupdate")): Object: 'Object Repository/Page_Detail Fasilitas Kesehatan  GetVaccine/span_Data telah berhasil diupdate' is clicked on

2022-07-19 16:24:57 - [MESSAGE][PASSED] - Object: 'Object Repository/Page_Detail Fasilitas Kesehatan  GetVaccine/span_Data telah berhasil diupdate' is clicked on]]></system-out>
         <system-err><![CDATA[]]></system-err>
      </testcase>
      <testcase name="Test Cases/CITIZEN/VAKSINASI/TC_Pesan Vaksinasi" time="35.179" classname="Test Cases/CITIZEN/VAKSINASI/TC_Pesan Vaksinasi" status="FAILED">
         <failure type="FAILED" message="Test Cases/CITIZEN/VAKSINASI/TC_Pesan Vaksinasi FAILED.
Reason:
com.kms.katalon.core.exception.StepFailedException: Unable to click on object 'Object Repository/CITIZEN/Page_Vaksinasi GetVaccine/Detail Health Facility dan Pesan Vaksinasi/lihat tiket'
	at com.kms.katalon.core.webui.keyword.internal.WebUIKeywordMain.stepFailed(WebUIKeywordMain.groovy:64)
	at com.kms.katalon.core.webui.keyword.internal.WebUIKeywordMain.runKeyword(WebUIKeywordMain.groovy:26)
	at com.kms.katalon.core.webui.keyword.builtin.ClickKeyword.click(ClickKeyword.groovy:74)
	at com.kms.katalon.core.webui.keyword.builtin.ClickKeyword.execute(ClickKeyword.groovy:40)
	at com.kms.katalon.core.keyword.internal.KeywordExecutor.executeKeywordForPlatform(KeywordExecutor.groovy:74)
	at com.kms.katalon.core.webui.keyword.WebUiBuiltInKeywords.click(WebUiBuiltInKeywords.groovy:620)
	at com.kms.katalon.core.webui.keyword.WebUiBuiltInKeywords$click$2.call(Unknown Source)
	at TC_Pesan Vaksinasi.run(TC_Pesan Vaksinasi:32)
	at com.kms.katalon.core.main.ScriptEngine.run(ScriptEngine.java:194)
	at com.kms.katalon.core.main.ScriptEngine.runScriptAsRawText(ScriptEngine.java:119)
	at com.kms.katalon.core.main.TestCaseExecutor.runScript(TestCaseExecutor.java:442)
	at com.kms.katalon.core.main.TestCaseExecutor.doExecute(TestCaseExecutor.java:433)
	at com.kms.katalon.core.main.TestCaseExecutor.processExecutionPhase(TestCaseExecutor.java:412)
	at com.kms.katalon.core.main.TestCaseExecutor.accessMainPhase(TestCaseExecutor.java:404)
	at com.kms.katalon.core.main.TestCaseExecutor.execute(TestCaseExecutor.java:281)
	at com.kms.katalon.core.main.TestSuiteExecutor.accessTestCaseMainPhase(TestSuiteExecutor.java:202)
	at com.kms.katalon.core.main.TestSuiteExecutor.accessTestSuiteMainPhase(TestSuiteExecutor.java:164)
	at com.kms.katalon.core.main.TestSuiteExecutor.execute(TestSuiteExecutor.java:105)
	at com.kms.katalon.core.main.TestCaseMain.startTestSuite(TestCaseMain.java:185)
	at com.kms.katalon.core.main.TestCaseMain$startTestSuite$0.call(Unknown Source)
	at TempTestSuite1658221840043.run(TempTestSuite1658221840043.groovy:36)
Caused by: com.kms.katalon.core.webui.exception.WebElementNotFoundException: Web element with id: 'Object Repository/CITIZEN/Page_Vaksinasi GetVaccine/Detail Health Facility dan Pesan Vaksinasi/lihat tiket' located by '/html/body/div[4]/div/div[2]/div/div[2]/div[1]/div/div/button/a' not found
	at com.kms.katalon.core.webui.common.WebUiCommonHelper.findWebElement(WebUiCommonHelper.java:1370)
	at com.kms.katalon.core.webui.keyword.internal.WebUIAbstractKeyword.findWebElement(WebUIAbstractKeyword.groovy:27)
	at com.kms.katalon.core.webui.keyword.builtin.ClickKeyword$_click_closure1.doCall(ClickKeyword.groovy:65)
	at com.kms.katalon.core.webui.keyword.builtin.ClickKeyword$_click_closure1.call(ClickKeyword.groovy)
	at com.kms.katalon.core.webui.keyword.internal.WebUIKeywordMain.runKeyword(WebUIKeywordMain.groovy:20)
	... 19 more
"/>
         <system-out><![CDATA[2022-07-19 16:24:57 - [TEST_CASE][FAILED] - Test Cases/CITIZEN/VAKSINASI/TC_Pesan Vaksinasi: Test Cases/CITIZEN/VAKSINASI/TC_Pesan Vaksinasi FAILED.
Reason:
com.kms.katalon.core.exception.StepFailedException: Unable to click on object 'Object Repository/CITIZEN/Page_Vaksinasi GetVaccine/Detail Health Facility dan Pesan Vaksinasi/lihat tiket'
	at com.kms.katalon.core.webui.keyword.internal.WebUIKeywordMain.stepFailed(WebUIKeywordMain.groovy:64)
	at com.kms.katalon.core.webui.keyword.internal.WebUIKeywordMain.runKeyword(WebUIKeywordMain.groovy:26)
	at com.kms.katalon.core.webui.keyword.builtin.ClickKeyword.click(ClickKeyword.groovy:74)
	at com.kms.katalon.core.webui.keyword.builtin.ClickKeyword.execute(ClickKeyword.groovy:40)
	at com.kms.katalon.core.keyword.internal.KeywordExecutor.executeKeywordForPlatform(KeywordExecutor.groovy:74)
	at com.kms.katalon.core.webui.keyword.WebUiBuiltInKeywords.click(WebUiBuiltInKeywords.groovy:620)
	at com.kms.katalon.core.webui.keyword.WebUiBuiltInKeywords$click$2.call(Unknown Source)
	at TC_Pesan Vaksinasi.run(TC_Pesan Vaksinasi:32)
	at com.kms.katalon.core.main.ScriptEngine.run(ScriptEngine.java:194)
	at com.kms.katalon.core.main.ScriptEngine.runScriptAsRawText(ScriptEngine.java:119)
	at com.kms.katalon.core.main.TestCaseExecutor.runScript(TestCaseExecutor.java:442)
	at com.kms.katalon.core.main.TestCaseExecutor.doExecute(TestCaseExecutor.java:433)
	at com.kms.katalon.core.main.TestCaseExecutor.processExecutionPhase(TestCaseExecutor.java:412)
	at com.kms.katalon.core.main.TestCaseExecutor.accessMainPhase(TestCaseExecutor.java:404)
	at com.kms.katalon.core.main.TestCaseExecutor.execute(TestCaseExecutor.java:281)
	at com.kms.katalon.core.main.TestSuiteExecutor.accessTestCaseMainPhase(TestSuiteExecutor.java:202)
	at com.kms.katalon.core.main.TestSuiteExecutor.accessTestSuiteMainPhase(TestSuiteExecutor.java:164)
	at com.kms.katalon.core.main.TestSuiteExecutor.execute(TestSuiteExecutor.java:105)
	at com.kms.katalon.core.main.TestCaseMain.startTestSuite(TestCaseMain.java:185)
	at com.kms.katalon.core.main.TestCaseMain$startTestSuite$0.call(Unknown Source)
	at TempTestSuite1658221840043.run(TempTestSuite1658221840043.groovy:36)
Caused by: com.kms.katalon.core.webui.exception.WebElementNotFoundException: Web element with id: 'Object Repository/CITIZEN/Page_Vaksinasi GetVaccine/Detail Health Facility dan Pesan Vaksinasi/lihat tiket' located by '/html/body/div[4]/div/div[2]/div/div[2]/div[1]/div/div/button/a' not found
	at com.kms.katalon.core.webui.common.WebUiCommonHelper.findWebElement(WebUiCommonHelper.java:1370)
	at com.kms.katalon.core.webui.keyword.internal.WebUIAbstractKeyword.findWebElement(WebUIAbstractKeyword.groovy:27)
	at com.kms.katalon.core.webui.keyword.builtin.ClickKeyword$_click_closure1.doCall(ClickKeyword.groovy:65)
	at com.kms.katalon.core.webui.keyword.builtin.ClickKeyword$_click_closure1.call(ClickKeyword.groovy)
	at com.kms.katalon.core.webui.keyword.internal.WebUIKeywordMain.runKeyword(WebUIKeywordMain.groovy:20)
	... 19 more


2022-07-19 16:24:58 - [TEST_STEP][PASSED] - click(findTestObject("Object Repository/Page_Detail Fasilitas Kesehatan  GetVaccine/input")): Object: 'Object Repository/Page_Detail Fasilitas Kesehatan  GetVaccine/input' is clicked on

2022-07-19 16:24:58 - [MESSAGE][PASSED] - Object: 'Object Repository/Page_Detail Fasilitas Kesehatan  GetVaccine/input' is clicked on

2022-07-19 16:24:58 - [TEST_STEP][PASSED] - click(findTestObject("Object Repository/Page_Detail Fasilitas Kesehatan  GetVaccine/div_22")): Object: 'Object Repository/Page_Detail Fasilitas Kesehatan  GetVaccine/div_22' is clicked on

2022-07-19 16:24:59 - [MESSAGE][PASSED] - Object: 'Object Repository/Page_Detail Fasilitas Kesehatan  GetVaccine/div_22' is clicked on

2022-07-19 16:24:59 - [TEST_STEP][PASSED] - click(findTestObject("Object Repository/Page_Detail Fasilitas Kesehatan  GetVaccine/div_083142 - 163142SINOPHARMDOSIS_1200")): Object: 'Object Repository/Page_Detail Fasilitas Kesehatan  GetVaccine/div_083142 - 163142SINOPHARMDOSIS_1200' is clicked on

2022-07-19 16:25:00 - [MESSAGE][PASSED] - Object: 'Object Repository/Page_Detail Fasilitas Kesehatan  GetVaccine/div_083142 - 163142SINOPHARMDOSIS_1200' is clicked on

2022-07-19 16:25:00 - [TEST_STEP][PASSED] - click(findTestObject("CITIZEN/Page_undefined  GetVaccine/haechan")): Object: 'Object Repository/CITIZEN/Page_undefined  GetVaccine/haechan' is clicked on

2022-07-19 16:25:00 - [MESSAGE][PASSED] - Object: 'Object Repository/CITIZEN/Page_undefined  GetVaccine/haechan' is clicked on

2022-07-19 16:25:00 - [TEST_STEP][PASSED] - click(findTestObject("CITIZEN/Page_undefined  GetVaccine/btn-pesan vaksinasi")): Object: 'Object Repository/CITIZEN/Page_undefined  GetVaccine/btn-pesan vaksinasi' is clicked on

2022-07-19 16:25:01 - [MESSAGE][PASSED] - Object: 'Object Repository/CITIZEN/Page_undefined  GetVaccine/btn-pesan vaksinasi' is clicked on

2022-07-19 16:25:01 - [TEST_STEP][PASSED] - click(findTestObject("CITIZEN/Page_Vaksinasi GetVaccine/Detail Health Facility dan Pesan Vaksinasi/btn lanjutkan")): Object: 'Object Repository/CITIZEN/Page_Vaksinasi GetVaccine/Detail Health Facility dan Pesan Vaksinasi/btn lanjutkan' is clicked on

2022-07-19 16:25:01 - [MESSAGE][PASSED] - Object: 'Object Repository/CITIZEN/Page_Vaksinasi GetVaccine/Detail Health Facility dan Pesan Vaksinasi/btn lanjutkan' is clicked on

2022-07-19 16:25:01 - [TEST_STEP][FAILED] - click(findTestObject("CITIZEN/Page_Vaksinasi GetVaccine/Detail Health Facility dan Pesan Vaksinasi/lihat tiket")): Unable to click on object 'Object Repository/CITIZEN/Page_Vaksinasi GetVaccine/Detail Health Facility dan Pesan Vaksinasi/lihat tiket' (Root cause: com.kms.katalon.core.exception.StepFailedException: Unable to click on object 'Object Repository/CITIZEN/Page_Vaksinasi GetVaccine/Detail Health Facility dan Pesan Vaksinasi/lihat tiket'
	at com.kms.katalon.core.webui.keyword.internal.WebUIKeywordMain.stepFailed(WebUIKeywordMain.groovy:64)
	at com.kms.katalon.core.webui.keyword.internal.WebUIKeywordMain.runKeyword(WebUIKeywordMain.groovy:26)
	at com.kms.katalon.core.webui.keyword.builtin.ClickKeyword.click(ClickKeyword.groovy:74)
	at com.kms.katalon.core.webui.keyword.builtin.ClickKeyword.execute(ClickKeyword.groovy:40)
	at com.kms.katalon.core.keyword.internal.KeywordExecutor.executeKeywordForPlatform(KeywordExecutor.groovy:74)
	at com.kms.katalon.core.webui.keyword.WebUiBuiltInKeywords.click(WebUiBuiltInKeywords.groovy:620)
	at com.kms.katalon.core.webui.keyword.WebUiBuiltInKeywords$click$2.call(Unknown Source)
	at TC_Pesan Vaksinasi.run(TC_Pesan Vaksinasi:32)
	at com.kms.katalon.core.main.ScriptEngine.run(ScriptEngine.java:194)
	at com.kms.katalon.core.main.ScriptEngine.runScriptAsRawText(ScriptEngine.java:119)
	at com.kms.katalon.core.main.TestCaseExecutor.runScript(TestCaseExecutor.java:442)
	at com.kms.katalon.core.main.TestCaseExecutor.doExecute(TestCaseExecutor.java:433)
	at com.kms.katalon.core.main.TestCaseExecutor.processExecutionPhase(TestCaseExecutor.java:412)
	at com.kms.katalon.core.main.TestCaseExecutor.accessMainPhase(TestCaseExecutor.java:404)
	at com.kms.katalon.core.main.TestCaseExecutor.execute(TestCaseExecutor.java:281)
	at com.kms.katalon.core.main.TestSuiteExecutor.accessTestCaseMainPhase(TestSuiteExecutor.java:202)
	at com.kms.katalon.core.main.TestSuiteExecutor.accessTestSuiteMainPhase(TestSuiteExecutor.java:164)
	at com.kms.katalon.core.main.TestSuiteExecutor.execute(TestSuiteExecutor.java:105)
	at com.kms.katalon.core.main.TestCaseMain.startTestSuite(TestCaseMain.java:185)
	at com.kms.katalon.core.main.TestCaseMain$startTestSuite$0.call(Unknown Source)
	at TempTestSuite1658221840043.run(TempTestSuite1658221840043.groovy:36)
Caused by: com.kms.katalon.core.webui.exception.WebElementNotFoundException: Web element with id: 'Object Repository/CITIZEN/Page_Vaksinasi GetVaccine/Detail Health Facility dan Pesan Vaksinasi/lihat tiket' located by '/html/body/div[4]/div/div[2]/div/div[2]/div[1]/div/div/button/a' not found
	at com.kms.katalon.core.webui.common.WebUiCommonHelper.findWebElement(WebUiCommonHelper.java:1370)
	at com.kms.katalon.core.webui.keyword.internal.WebUIAbstractKeyword.findWebElement(WebUIAbstractKeyword.groovy:27)
	at com.kms.katalon.core.webui.keyword.builtin.ClickKeyword$_click_closure1.doCall(ClickKeyword.groovy:65)
	at com.kms.katalon.core.webui.keyword.builtin.ClickKeyword$_click_closure1.call(ClickKeyword.groovy)
	at com.kms.katalon.core.webui.keyword.internal.WebUIKeywordMain.runKeyword(WebUIKeywordMain.groovy:20)
	at com.kms.katalon.core.webui.keyword.builtin.ClickKeyword.click(ClickKeyword.groovy:74)
	at com.kms.katalon.core.webui.keyword.builtin.ClickKeyword.execute(ClickKeyword.groovy:40)
	at com.kms.katalon.core.keyword.internal.KeywordExecutor.executeKeywordForPlatform(KeywordExecutor.groovy:74)
	at com.kms.katalon.core.webui.keyword.WebUiBuiltInKeywords.click(WebUiBuiltInKeywords.groovy:620)
	at com.kms.katalon.core.webui.keyword.WebUiBuiltInKeywords$click$2.call(Unknown Source)
	at Script1657714688847.run(Script1657714688847.groovy:32)
	... 13 more
)

2022-07-19 16:25:33 - [MESSAGE][INFO] - Unable to find the element located by 'By.xpath: /html/body/div[4]/div/div[2]/div/div[2]/div[1]/div/div/button/a'. Please recheck the objects properties to make sure the desired element is located. 

2022-07-19 16:25:33 - [MESSAGE][FAILED] - Unable to click on object 'Object Repository/CITIZEN/Page_Vaksinasi GetVaccine/Detail Health Facility dan Pesan Vaksinasi/lihat tiket' (Root cause: com.kms.katalon.core.exception.StepFailedException: Unable to click on object 'Object Repository/CITIZEN/Page_Vaksinasi GetVaccine/Detail Health Facility dan Pesan Vaksinasi/lihat tiket'
	at com.kms.katalon.core.webui.keyword.internal.WebUIKeywordMain.stepFailed(WebUIKeywordMain.groovy:64)
	at com.kms.katalon.core.webui.keyword.internal.WebUIKeywordMain.runKeyword(WebUIKeywordMain.groovy:26)
	at com.kms.katalon.core.webui.keyword.builtin.ClickKeyword.click(ClickKeyword.groovy:74)
	at com.kms.katalon.core.webui.keyword.builtin.ClickKeyword.execute(ClickKeyword.groovy:40)
	at com.kms.katalon.core.keyword.internal.KeywordExecutor.executeKeywordForPlatform(KeywordExecutor.groovy:74)
	at com.kms.katalon.core.webui.keyword.WebUiBuiltInKeywords.click(WebUiBuiltInKeywords.groovy:620)
	at com.kms.katalon.core.webui.keyword.WebUiBuiltInKeywords$click$2.call(Unknown Source)
	at TC_Pesan Vaksinasi.run(TC_Pesan Vaksinasi:32)
	at com.kms.katalon.core.main.ScriptEngine.run(ScriptEngine.java:194)
	at com.kms.katalon.core.main.ScriptEngine.runScriptAsRawText(ScriptEngine.java:119)
	at com.kms.katalon.core.main.TestCaseExecutor.runScript(TestCaseExecutor.java:442)
	at com.kms.katalon.core.main.TestCaseExecutor.doExecute(TestCaseExecutor.java:433)
	at com.kms.katalon.core.main.TestCaseExecutor.processExecutionPhase(TestCaseExecutor.java:412)
	at com.kms.katalon.core.main.TestCaseExecutor.accessMainPhase(TestCaseExecutor.java:404)
	at com.kms.katalon.core.main.TestCaseExecutor.execute(TestCaseExecutor.java:281)
	at com.kms.katalon.core.main.TestSuiteExecutor.accessTestCaseMainPhase(TestSuiteExecutor.java:202)
	at com.kms.katalon.core.main.TestSuiteExecutor.accessTestSuiteMainPhase(TestSuiteExecutor.java:164)
	at com.kms.katalon.core.main.TestSuiteExecutor.execute(TestSuiteExecutor.java:105)
	at com.kms.katalon.core.main.TestCaseMain.startTestSuite(TestCaseMain.java:185)
	at com.kms.katalon.core.main.TestCaseMain$startTestSuite$0.call(Unknown Source)
	at TempTestSuite1658221840043.run(TempTestSuite1658221840043.groovy:36)
Caused by: com.kms.katalon.core.webui.exception.WebElementNotFoundException: Web element with id: 'Object Repository/CITIZEN/Page_Vaksinasi GetVaccine/Detail Health Facility dan Pesan Vaksinasi/lihat tiket' located by '/html/body/div[4]/div/div[2]/div/div[2]/div[1]/div/div/button/a' not found
	at com.kms.katalon.core.webui.common.WebUiCommonHelper.findWebElement(WebUiCommonHelper.java:1370)
	at com.kms.katalon.core.webui.keyword.internal.WebUIAbstractKeyword.findWebElement(WebUIAbstractKeyword.groovy:27)
	at com.kms.katalon.core.webui.keyword.builtin.ClickKeyword$_click_closure1.doCall(ClickKeyword.groovy:65)
	at com.kms.katalon.core.webui.keyword.builtin.ClickKeyword$_click_closure1.call(ClickKeyword.groovy)
	at com.kms.katalon.core.webui.keyword.internal.WebUIKeywordMain.runKeyword(WebUIKeywordMain.groovy:20)
	at com.kms.katalon.core.webui.keyword.builtin.ClickKeyword.click(ClickKeyword.groovy:74)
	at com.kms.katalon.core.webui.keyword.builtin.ClickKeyword.execute(ClickKeyword.groovy:40)
	at com.kms.katalon.core.keyword.internal.KeywordExecutor.executeKeywordForPlatform(KeywordExecutor.groovy:74)
	at com.kms.katalon.core.webui.keyword.WebUiBuiltInKeywords.click(WebUiBuiltInKeywords.groovy:620)
	at com.kms.katalon.core.webui.keyword.WebUiBuiltInKeywords$click$2.call(Unknown Source)
	at Script1657714688847.run(Script1657714688847.groovy:32)
	... 13 more
)
[[ATTACHMENT|C:\\Users\\Thinkpad X260\\git\\CapstoneWEBSITE\\Reports\\20220719_161040\\TS_CITIZEN\\20220719_161040\\1658222733013.png]]]]></system-out>
         <system-err><![CDATA[2022-07-19 16:24:57 - [TEST_CASE][FAILED] - Test Cases/CITIZEN/VAKSINASI/TC_Pesan Vaksinasi: Test Cases/CITIZEN/VAKSINASI/TC_Pesan Vaksinasi FAILED.
Reason:
com.kms.katalon.core.exception.StepFailedException: Unable to click on object 'Object Repository/CITIZEN/Page_Vaksinasi GetVaccine/Detail Health Facility dan Pesan Vaksinasi/lihat tiket'
	at com.kms.katalon.core.webui.keyword.internal.WebUIKeywordMain.stepFailed(WebUIKeywordMain.groovy:64)
	at com.kms.katalon.core.webui.keyword.internal.WebUIKeywordMain.runKeyword(WebUIKeywordMain.groovy:26)
	at com.kms.katalon.core.webui.keyword.builtin.ClickKeyword.click(ClickKeyword.groovy:74)
	at com.kms.katalon.core.webui.keyword.builtin.ClickKeyword.execute(ClickKeyword.groovy:40)
	at com.kms.katalon.core.keyword.internal.KeywordExecutor.executeKeywordForPlatform(KeywordExecutor.groovy:74)
	at com.kms.katalon.core.webui.keyword.WebUiBuiltInKeywords.click(WebUiBuiltInKeywords.groovy:620)
	at com.kms.katalon.core.webui.keyword.WebUiBuiltInKeywords$click$2.call(Unknown Source)
	at TC_Pesan Vaksinasi.run(TC_Pesan Vaksinasi:32)
	at com.kms.katalon.core.main.ScriptEngine.run(ScriptEngine.java:194)
	at com.kms.katalon.core.main.ScriptEngine.runScriptAsRawText(ScriptEngine.java:119)
	at com.kms.katalon.core.main.TestCaseExecutor.runScript(TestCaseExecutor.java:442)
	at com.kms.katalon.core.main.TestCaseExecutor.doExecute(TestCaseExecutor.java:433)
	at com.kms.katalon.core.main.TestCaseExecutor.processExecutionPhase(TestCaseExecutor.java:412)
	at com.kms.katalon.core.main.TestCaseExecutor.accessMainPhase(TestCaseExecutor.java:404)
	at com.kms.katalon.core.main.TestCaseExecutor.execute(TestCaseExecutor.java:281)
	at com.kms.katalon.core.main.TestSuiteExecutor.accessTestCaseMainPhase(TestSuiteExecutor.java:202)
	at com.kms.katalon.core.main.TestSuiteExecutor.accessTestSuiteMainPhase(TestSuiteExecutor.java:164)
	at com.kms.katalon.core.main.TestSuiteExecutor.execute(TestSuiteExecutor.java:105)
	at com.kms.katalon.core.main.TestCaseMain.startTestSuite(TestCaseMain.java:185)
	at com.kms.katalon.core.main.TestCaseMain$startTestSuite$0.call(Unknown Source)
	at TempTestSuite1658221840043.run(TempTestSuite1658221840043.groovy:36)
Caused by: com.kms.katalon.core.webui.exception.WebElementNotFoundException: Web element with id: 'Object Repository/CITIZEN/Page_Vaksinasi GetVaccine/Detail Health Facility dan Pesan Vaksinasi/lihat tiket' located by '/html/body/div[4]/div/div[2]/div/div[2]/div[1]/div/div/button/a' not found
	at com.kms.katalon.core.webui.common.WebUiCommonHelper.findWebElement(WebUiCommonHelper.java:1370)
	at com.kms.katalon.core.webui.keyword.internal.WebUIAbstractKeyword.findWebElement(WebUIAbstractKeyword.groovy:27)
	at com.kms.katalon.core.webui.keyword.builtin.ClickKeyword$_click_closure1.doCall(ClickKeyword.groovy:65)
	at com.kms.katalon.core.webui.keyword.builtin.ClickKeyword$_click_closure1.call(ClickKeyword.groovy)
	at com.kms.katalon.core.webui.keyword.internal.WebUIKeywordMain.runKeyword(WebUIKeywordMain.groovy:20)
	... 19 more]]></system-err>
      </testcase>
      <testcase name="Test Cases/CITIZEN/TIKET/TC_View Tiket" time="33.091" classname="Test Cases/CITIZEN/TIKET/TC_View Tiket" status="FAILED">
         <failure type="FAILED" message="Test Cases/CITIZEN/TIKET/TC_View Tiket FAILED.
Reason:
com.kms.katalon.core.exception.StepFailedException: Unable to click on object 'Object Repository/CITIZEN/Page_Tiket/close detail'
	at com.kms.katalon.core.webui.keyword.internal.WebUIKeywordMain.stepFailed(WebUIKeywordMain.groovy:64)
	at com.kms.katalon.core.webui.keyword.internal.WebUIKeywordMain.runKeyword(WebUIKeywordMain.groovy:26)
	at com.kms.katalon.core.webui.keyword.builtin.ClickKeyword.click(ClickKeyword.groovy:74)
	at com.kms.katalon.core.webui.keyword.builtin.ClickKeyword.execute(ClickKeyword.groovy:40)
	at com.kms.katalon.core.keyword.internal.KeywordExecutor.executeKeywordForPlatform(KeywordExecutor.groovy:74)
	at com.kms.katalon.core.webui.keyword.WebUiBuiltInKeywords.click(WebUiBuiltInKeywords.groovy:620)
	at com.kms.katalon.core.webui.keyword.WebUiBuiltInKeywords$click$2.call(Unknown Source)
	at TC_View Tiket.run(TC_View Tiket:26)
	at com.kms.katalon.core.main.ScriptEngine.run(ScriptEngine.java:194)
	at com.kms.katalon.core.main.ScriptEngine.runScriptAsRawText(ScriptEngine.java:119)
	at com.kms.katalon.core.main.TestCaseExecutor.runScript(TestCaseExecutor.java:442)
	at com.kms.katalon.core.main.TestCaseExecutor.doExecute(TestCaseExecutor.java:433)
	at com.kms.katalon.core.main.TestCaseExecutor.processExecutionPhase(TestCaseExecutor.java:412)
	at com.kms.katalon.core.main.TestCaseExecutor.accessMainPhase(TestCaseExecutor.java:404)
	at com.kms.katalon.core.main.TestCaseExecutor.execute(TestCaseExecutor.java:281)
	at com.kms.katalon.core.main.TestSuiteExecutor.accessTestCaseMainPhase(TestSuiteExecutor.java:202)
	at com.kms.katalon.core.main.TestSuiteExecutor.accessTestSuiteMainPhase(TestSuiteExecutor.java:164)
	at com.kms.katalon.core.main.TestSuiteExecutor.execute(TestSuiteExecutor.java:105)
	at com.kms.katalon.core.main.TestCaseMain.startTestSuite(TestCaseMain.java:185)
	at com.kms.katalon.core.main.TestCaseMain$startTestSuite$0.call(Unknown Source)
	at TempTestSuite1658221840043.run(TempTestSuite1658221840043.groovy:36)
Caused by: com.kms.katalon.core.webui.exception.WebElementNotFoundException: Web element with id: 'Object Repository/CITIZEN/Page_Tiket/close detail' located by '/html/body/div[2]/div/div[2]/div/div[2]/button' not found
	at com.kms.katalon.core.webui.common.WebUiCommonHelper.findWebElement(WebUiCommonHelper.java:1370)
	at com.kms.katalon.core.webui.keyword.internal.WebUIAbstractKeyword.findWebElement(WebUIAbstractKeyword.groovy:27)
	at com.kms.katalon.core.webui.keyword.builtin.ClickKeyword$_click_closure1.doCall(ClickKeyword.groovy:65)
	at com.kms.katalon.core.webui.keyword.builtin.ClickKeyword$_click_closure1.call(ClickKeyword.groovy)
	at com.kms.katalon.core.webui.keyword.internal.WebUIKeywordMain.runKeyword(WebUIKeywordMain.groovy:20)
	... 19 more
"/>
         <system-out><![CDATA[2022-07-19 16:25:33 - [TEST_CASE][FAILED] - Test Cases/CITIZEN/TIKET/TC_View Tiket: Test Cases/CITIZEN/TIKET/TC_View Tiket FAILED.
Reason:
com.kms.katalon.core.exception.StepFailedException: Unable to click on object 'Object Repository/CITIZEN/Page_Tiket/close detail'
	at com.kms.katalon.core.webui.keyword.internal.WebUIKeywordMain.stepFailed(WebUIKeywordMain.groovy:64)
	at com.kms.katalon.core.webui.keyword.internal.WebUIKeywordMain.runKeyword(WebUIKeywordMain.groovy:26)
	at com.kms.katalon.core.webui.keyword.builtin.ClickKeyword.click(ClickKeyword.groovy:74)
	at com.kms.katalon.core.webui.keyword.builtin.ClickKeyword.execute(ClickKeyword.groovy:40)
	at com.kms.katalon.core.keyword.internal.KeywordExecutor.executeKeywordForPlatform(KeywordExecutor.groovy:74)
	at com.kms.katalon.core.webui.keyword.WebUiBuiltInKeywords.click(WebUiBuiltInKeywords.groovy:620)
	at com.kms.katalon.core.webui.keyword.WebUiBuiltInKeywords$click$2.call(Unknown Source)
	at TC_View Tiket.run(TC_View Tiket:26)
	at com.kms.katalon.core.main.ScriptEngine.run(ScriptEngine.java:194)
	at com.kms.katalon.core.main.ScriptEngine.runScriptAsRawText(ScriptEngine.java:119)
	at com.kms.katalon.core.main.TestCaseExecutor.runScript(TestCaseExecutor.java:442)
	at com.kms.katalon.core.main.TestCaseExecutor.doExecute(TestCaseExecutor.java:433)
	at com.kms.katalon.core.main.TestCaseExecutor.processExecutionPhase(TestCaseExecutor.java:412)
	at com.kms.katalon.core.main.TestCaseExecutor.accessMainPhase(TestCaseExecutor.java:404)
	at com.kms.katalon.core.main.TestCaseExecutor.execute(TestCaseExecutor.java:281)
	at com.kms.katalon.core.main.TestSuiteExecutor.accessTestCaseMainPhase(TestSuiteExecutor.java:202)
	at com.kms.katalon.core.main.TestSuiteExecutor.accessTestSuiteMainPhase(TestSuiteExecutor.java:164)
	at com.kms.katalon.core.main.TestSuiteExecutor.execute(TestSuiteExecutor.java:105)
	at com.kms.katalon.core.main.TestCaseMain.startTestSuite(TestCaseMain.java:185)
	at com.kms.katalon.core.main.TestCaseMain$startTestSuite$0.call(Unknown Source)
	at TempTestSuite1658221840043.run(TempTestSuite1658221840043.groovy:36)
Caused by: com.kms.katalon.core.webui.exception.WebElementNotFoundException: Web element with id: 'Object Repository/CITIZEN/Page_Tiket/close detail' located by '/html/body/div[2]/div/div[2]/div/div[2]/button' not found
	at com.kms.katalon.core.webui.common.WebUiCommonHelper.findWebElement(WebUiCommonHelper.java:1370)
	at com.kms.katalon.core.webui.keyword.internal.WebUIAbstractKeyword.findWebElement(WebUIAbstractKeyword.groovy:27)
	at com.kms.katalon.core.webui.keyword.builtin.ClickKeyword$_click_closure1.doCall(ClickKeyword.groovy:65)
	at com.kms.katalon.core.webui.keyword.builtin.ClickKeyword$_click_closure1.call(ClickKeyword.groovy)
	at com.kms.katalon.core.webui.keyword.internal.WebUIKeywordMain.runKeyword(WebUIKeywordMain.groovy:20)
	... 19 more


2022-07-19 16:25:33 - [TEST_STEP][PASSED] - click(findTestObject("CITIZEN/Page_Home  GetVaccine/Tiket Menu")): Object: 'Object Repository/CITIZEN/Page_Home  GetVaccine/Tiket Menu' is clicked on

2022-07-19 16:25:34 - [MESSAGE][PASSED] - Object: 'Object Repository/CITIZEN/Page_Home  GetVaccine/Tiket Menu' is clicked on

2022-07-19 16:25:34 - [TEST_STEP][PASSED] - verifyElementPresent(findTestObject("CITIZEN/Page_Tiket/verify tiket page"), 0): Object 'Object Repository/CITIZEN/Page_Tiket/verify tiket page' is present

2022-07-19 16:25:34 - [MESSAGE][WARNING] - Timeout '0' is invalid. Using default page load timeout: '30'

2022-07-19 16:25:34 - [MESSAGE][PASSED] - Object 'Object Repository/CITIZEN/Page_Tiket/verify tiket page' is present

2022-07-19 16:25:34 - [TEST_STEP][PASSED] - click(findTestObject("CITIZEN/Page_Tiket/Detail Tiket")): Object: 'Object Repository/CITIZEN/Page_Tiket/Detail Tiket' is clicked on

2022-07-19 16:25:34 - [MESSAGE][PASSED] - Object: 'Object Repository/CITIZEN/Page_Tiket/Detail Tiket' is clicked on

2022-07-19 16:25:34 - [TEST_STEP][FAILED] - click(findTestObject("CITIZEN/Page_Tiket/close detail")): Unable to click on object 'Object Repository/CITIZEN/Page_Tiket/close detail' (Root cause: com.kms.katalon.core.exception.StepFailedException: Unable to click on object 'Object Repository/CITIZEN/Page_Tiket/close detail'
	at com.kms.katalon.core.webui.keyword.internal.WebUIKeywordMain.stepFailed(WebUIKeywordMain.groovy:64)
	at com.kms.katalon.core.webui.keyword.internal.WebUIKeywordMain.runKeyword(WebUIKeywordMain.groovy:26)
	at com.kms.katalon.core.webui.keyword.builtin.ClickKeyword.click(ClickKeyword.groovy:74)
	at com.kms.katalon.core.webui.keyword.builtin.ClickKeyword.execute(ClickKeyword.groovy:40)
	at com.kms.katalon.core.keyword.internal.KeywordExecutor.executeKeywordForPlatform(KeywordExecutor.groovy:74)
	at com.kms.katalon.core.webui.keyword.WebUiBuiltInKeywords.click(WebUiBuiltInKeywords.groovy:620)
	at com.kms.katalon.core.webui.keyword.WebUiBuiltInKeywords$click$2.call(Unknown Source)
	at TC_View Tiket.run(TC_View Tiket:26)
	at com.kms.katalon.core.main.ScriptEngine.run(ScriptEngine.java:194)
	at com.kms.katalon.core.main.ScriptEngine.runScriptAsRawText(ScriptEngine.java:119)
	at com.kms.katalon.core.main.TestCaseExecutor.runScript(TestCaseExecutor.java:442)
	at com.kms.katalon.core.main.TestCaseExecutor.doExecute(TestCaseExecutor.java:433)
	at com.kms.katalon.core.main.TestCaseExecutor.processExecutionPhase(TestCaseExecutor.java:412)
	at com.kms.katalon.core.main.TestCaseExecutor.accessMainPhase(TestCaseExecutor.java:404)
	at com.kms.katalon.core.main.TestCaseExecutor.execute(TestCaseExecutor.java:281)
	at com.kms.katalon.core.main.TestSuiteExecutor.accessTestCaseMainPhase(TestSuiteExecutor.java:202)
	at com.kms.katalon.core.main.TestSuiteExecutor.accessTestSuiteMainPhase(TestSuiteExecutor.java:164)
	at com.kms.katalon.core.main.TestSuiteExecutor.execute(TestSuiteExecutor.java:105)
	at com.kms.katalon.core.main.TestCaseMain.startTestSuite(TestCaseMain.java:185)
	at com.kms.katalon.core.main.TestCaseMain$startTestSuite$0.call(Unknown Source)
	at TempTestSuite1658221840043.run(TempTestSuite1658221840043.groovy:36)
Caused by: com.kms.katalon.core.webui.exception.WebElementNotFoundException: Web element with id: 'Object Repository/CITIZEN/Page_Tiket/close detail' located by '/html/body/div[2]/div/div[2]/div/div[2]/button' not found
	at com.kms.katalon.core.webui.common.WebUiCommonHelper.findWebElement(WebUiCommonHelper.java:1370)
	at com.kms.katalon.core.webui.keyword.internal.WebUIAbstractKeyword.findWebElement(WebUIAbstractKeyword.groovy:27)
	at com.kms.katalon.core.webui.keyword.builtin.ClickKeyword$_click_closure1.doCall(ClickKeyword.groovy:65)
	at com.kms.katalon.core.webui.keyword.builtin.ClickKeyword$_click_closure1.call(ClickKeyword.groovy)
	at com.kms.katalon.core.webui.keyword.internal.WebUIKeywordMain.runKeyword(WebUIKeywordMain.groovy:20)
	at com.kms.katalon.core.webui.keyword.builtin.ClickKeyword.click(ClickKeyword.groovy:74)
	at com.kms.katalon.core.webui.keyword.builtin.ClickKeyword.execute(ClickKeyword.groovy:40)
	at com.kms.katalon.core.keyword.internal.KeywordExecutor.executeKeywordForPlatform(KeywordExecutor.groovy:74)
	at com.kms.katalon.core.webui.keyword.WebUiBuiltInKeywords.click(WebUiBuiltInKeywords.groovy:620)
	at com.kms.katalon.core.webui.keyword.WebUiBuiltInKeywords$click$2.call(Unknown Source)
	at Script1657808035013.run(Script1657808035013.groovy:26)
	... 13 more
)

2022-07-19 16:26:06 - [MESSAGE][INFO] - Unable to find the element located by 'By.xpath: /html/body/div[2]/div/div[2]/div/div[2]/button'. Please recheck the objects properties to make sure the desired element is located. 

2022-07-19 16:26:06 - [MESSAGE][FAILED] - Unable to click on object 'Object Repository/CITIZEN/Page_Tiket/close detail' (Root cause: com.kms.katalon.core.exception.StepFailedException: Unable to click on object 'Object Repository/CITIZEN/Page_Tiket/close detail'
	at com.kms.katalon.core.webui.keyword.internal.WebUIKeywordMain.stepFailed(WebUIKeywordMain.groovy:64)
	at com.kms.katalon.core.webui.keyword.internal.WebUIKeywordMain.runKeyword(WebUIKeywordMain.groovy:26)
	at com.kms.katalon.core.webui.keyword.builtin.ClickKeyword.click(ClickKeyword.groovy:74)
	at com.kms.katalon.core.webui.keyword.builtin.ClickKeyword.execute(ClickKeyword.groovy:40)
	at com.kms.katalon.core.keyword.internal.KeywordExecutor.executeKeywordForPlatform(KeywordExecutor.groovy:74)
	at com.kms.katalon.core.webui.keyword.WebUiBuiltInKeywords.click(WebUiBuiltInKeywords.groovy:620)
	at com.kms.katalon.core.webui.keyword.WebUiBuiltInKeywords$click$2.call(Unknown Source)
	at TC_View Tiket.run(TC_View Tiket:26)
	at com.kms.katalon.core.main.ScriptEngine.run(ScriptEngine.java:194)
	at com.kms.katalon.core.main.ScriptEngine.runScriptAsRawText(ScriptEngine.java:119)
	at com.kms.katalon.core.main.TestCaseExecutor.runScript(TestCaseExecutor.java:442)
	at com.kms.katalon.core.main.TestCaseExecutor.doExecute(TestCaseExecutor.java:433)
	at com.kms.katalon.core.main.TestCaseExecutor.processExecutionPhase(TestCaseExecutor.java:412)
	at com.kms.katalon.core.main.TestCaseExecutor.accessMainPhase(TestCaseExecutor.java:404)
	at com.kms.katalon.core.main.TestCaseExecutor.execute(TestCaseExecutor.java:281)
	at com.kms.katalon.core.main.TestSuiteExecutor.accessTestCaseMainPhase(TestSuiteExecutor.java:202)
	at com.kms.katalon.core.main.TestSuiteExecutor.accessTestSuiteMainPhase(TestSuiteExecutor.java:164)
	at com.kms.katalon.core.main.TestSuiteExecutor.execute(TestSuiteExecutor.java:105)
	at com.kms.katalon.core.main.TestCaseMain.startTestSuite(TestCaseMain.java:185)
	at com.kms.katalon.core.main.TestCaseMain$startTestSuite$0.call(Unknown Source)
	at TempTestSuite1658221840043.run(TempTestSuite1658221840043.groovy:36)
Caused by: com.kms.katalon.core.webui.exception.WebElementNotFoundException: Web element with id: 'Object Repository/CITIZEN/Page_Tiket/close detail' located by '/html/body/div[2]/div/div[2]/div/div[2]/button' not found
	at com.kms.katalon.core.webui.common.WebUiCommonHelper.findWebElement(WebUiCommonHelper.java:1370)
	at com.kms.katalon.core.webui.keyword.internal.WebUIAbstractKeyword.findWebElement(WebUIAbstractKeyword.groovy:27)
	at com.kms.katalon.core.webui.keyword.builtin.ClickKeyword$_click_closure1.doCall(ClickKeyword.groovy:65)
	at com.kms.katalon.core.webui.keyword.builtin.ClickKeyword$_click_closure1.call(ClickKeyword.groovy)
	at com.kms.katalon.core.webui.keyword.internal.WebUIKeywordMain.runKeyword(WebUIKeywordMain.groovy:20)
	at com.kms.katalon.core.webui.keyword.builtin.ClickKeyword.click(ClickKeyword.groovy:74)
	at com.kms.katalon.core.webui.keyword.builtin.ClickKeyword.execute(ClickKeyword.groovy:40)
	at com.kms.katalon.core.keyword.internal.KeywordExecutor.executeKeywordForPlatform(KeywordExecutor.groovy:74)
	at com.kms.katalon.core.webui.keyword.WebUiBuiltInKeywords.click(WebUiBuiltInKeywords.groovy:620)
	at com.kms.katalon.core.webui.keyword.WebUiBuiltInKeywords$click$2.call(Unknown Source)
	at Script1657808035013.run(Script1657808035013.groovy:26)
	... 13 more
)
[[ATTACHMENT|C:\\Users\\Thinkpad X260\\git\\CapstoneWEBSITE\\Reports\\20220719_161040\\TS_CITIZEN\\20220719_161040\\1658222766138.png]]]]></system-out>
         <system-err><![CDATA[2022-07-19 16:25:33 - [TEST_CASE][FAILED] - Test Cases/CITIZEN/TIKET/TC_View Tiket: Test Cases/CITIZEN/TIKET/TC_View Tiket FAILED.
Reason:
com.kms.katalon.core.exception.StepFailedException: Unable to click on object 'Object Repository/CITIZEN/Page_Tiket/close detail'
	at com.kms.katalon.core.webui.keyword.internal.WebUIKeywordMain.stepFailed(WebUIKeywordMain.groovy:64)
	at com.kms.katalon.core.webui.keyword.internal.WebUIKeywordMain.runKeyword(WebUIKeywordMain.groovy:26)
	at com.kms.katalon.core.webui.keyword.builtin.ClickKeyword.click(ClickKeyword.groovy:74)
	at com.kms.katalon.core.webui.keyword.builtin.ClickKeyword.execute(ClickKeyword.groovy:40)
	at com.kms.katalon.core.keyword.internal.KeywordExecutor.executeKeywordForPlatform(KeywordExecutor.groovy:74)
	at com.kms.katalon.core.webui.keyword.WebUiBuiltInKeywords.click(WebUiBuiltInKeywords.groovy:620)
	at com.kms.katalon.core.webui.keyword.WebUiBuiltInKeywords$click$2.call(Unknown Source)
	at TC_View Tiket.run(TC_View Tiket:26)
	at com.kms.katalon.core.main.ScriptEngine.run(ScriptEngine.java:194)
	at com.kms.katalon.core.main.ScriptEngine.runScriptAsRawText(ScriptEngine.java:119)
	at com.kms.katalon.core.main.TestCaseExecutor.runScript(TestCaseExecutor.java:442)
	at com.kms.katalon.core.main.TestCaseExecutor.doExecute(TestCaseExecutor.java:433)
	at com.kms.katalon.core.main.TestCaseExecutor.processExecutionPhase(TestCaseExecutor.java:412)
	at com.kms.katalon.core.main.TestCaseExecutor.accessMainPhase(TestCaseExecutor.java:404)
	at com.kms.katalon.core.main.TestCaseExecutor.execute(TestCaseExecutor.java:281)
	at com.kms.katalon.core.main.TestSuiteExecutor.accessTestCaseMainPhase(TestSuiteExecutor.java:202)
	at com.kms.katalon.core.main.TestSuiteExecutor.accessTestSuiteMainPhase(TestSuiteExecutor.java:164)
	at com.kms.katalon.core.main.TestSuiteExecutor.execute(TestSuiteExecutor.java:105)
	at com.kms.katalon.core.main.TestCaseMain.startTestSuite(TestCaseMain.java:185)
	at com.kms.katalon.core.main.TestCaseMain$startTestSuite$0.call(Unknown Source)
	at TempTestSuite1658221840043.run(TempTestSuite1658221840043.groovy:36)
Caused by: com.kms.katalon.core.webui.exception.WebElementNotFoundException: Web element with id: 'Object Repository/CITIZEN/Page_Tiket/close detail' located by '/html/body/div[2]/div/div[2]/div/div[2]/button' not found
	at com.kms.katalon.core.webui.common.WebUiCommonHelper.findWebElement(WebUiCommonHelper.java:1370)
	at com.kms.katalon.core.webui.keyword.internal.WebUIAbstractKeyword.findWebElement(WebUIAbstractKeyword.groovy:27)
	at com.kms.katalon.core.webui.keyword.builtin.ClickKeyword$_click_closure1.doCall(ClickKeyword.groovy:65)
	at com.kms.katalon.core.webui.keyword.builtin.ClickKeyword$_click_closure1.call(ClickKeyword.groovy)
	at com.kms.katalon.core.webui.keyword.internal.WebUIKeywordMain.runKeyword(WebUIKeywordMain.groovy:20)
	... 19 more]]></system-err>
      </testcase>
      <testcase name="Test Cases/CITIZEN/AUTH/Logout" time="2.31" classname="Test Cases/CITIZEN/AUTH/Logout" status="PASSED">
         <system-out><![CDATA[2022-07-19 16:26:06 - [TEST_CASE][PASSED] - Test Cases/CITIZEN/AUTH/Logout: Test Cases/CITIZEN/AUTH/Logout

2022-07-19 16:26:06 - [TEST_STEP][PASSED] - click(findTestObject("Object Repository/CITIZEN/Page_Tiket Vaksin  GetVaccine/svg_Tiket_ant-dropdown-trigger ant-dropdown_754753")): Object: 'Object Repository/CITIZEN/Page_Tiket Vaksin  GetVaccine/svg_Tiket_ant-dropdown-trigger ant-dropdown_754753' is clicked on

2022-07-19 16:26:07 - [MESSAGE][PASSED] - Object: 'Object Repository/CITIZEN/Page_Tiket Vaksin  GetVaccine/svg_Tiket_ant-dropdown-trigger ant-dropdown_754753' is clicked on

2022-07-19 16:26:07 - [TEST_STEP][PASSED] - click(findTestObject("Object Repository/CITIZEN/Page_Tiket Vaksin  GetVaccine/span_Logout")): Object: 'Object Repository/CITIZEN/Page_Tiket Vaksin  GetVaccine/span_Logout' is clicked on

2022-07-19 16:26:08 - [MESSAGE][PASSED] - Object: 'Object Repository/CITIZEN/Page_Tiket Vaksin  GetVaccine/span_Logout' is clicked on

2022-07-19 16:26:08 - [TEST_STEP][PASSED] - verifyElementPresent(findTestObject("CITIZEN/Page_Home  GetVaccine/a_Login"), 0): Object 'Object Repository/CITIZEN/Page_Home  GetVaccine/a_Login' is present

2022-07-19 16:26:08 - [MESSAGE][WARNING] - Timeout '0' is invalid. Using default page load timeout: '30'

2022-07-19 16:26:08 - [MESSAGE][PASSED] - Object 'Object Repository/CITIZEN/Page_Home  GetVaccine/a_Login' is present]]></system-out>
         <system-err><![CDATA[]]></system-err>
      </testcase>
      <system-out><![CDATA[2022-07-19 16:10:43 - [TEST_SUITE][FAILED] - TS_CITIZEN: Test Cases/CITIZEN/AUTH/TC_Login FAILED.
Reason:
com.kms.katalon.core.exception.StepFailedException: Unable to verify object 'Object Repository/CITIZEN/Page_Home  GetVaccine/a_Daftar Vaksinasi' is present
	at com.kms.katalon.core.webui.keyword.internal.WebUIKeywordMain.stepFailed(WebUIKeywordMain.groovy:64)
	at com.kms.katalon.core.webui.keyword.internal.WebUIKeywordMain.runKeyword(WebUIKeywordMain.groovy:26)
	at com.kms.katalon.core.webui.keyword.builtin.VerifyElementPresentKeyword.verifyElementPresent(VerifyElementPresentKeyword.groovy:92)
	at com.kms.katalon.core.webui.keyword.builtin.VerifyElementPresentKeyword.execute(VerifyElementPresentKeyword.groovy:68)
	at com.kms.katalon.core.keyword.internal.KeywordExecutor.executeKeywordForPlatform(KeywordExecutor.groovy:74)
	at com.kms.katalon.core.webui.keyword.WebUiBuiltInKeywords.verifyElementPresent(WebUiBuiltInKeywords.groovy:1464)
	at com.kms.katalon.core.webui.keyword.WebUiBuiltInKeywords$verifyElementPresent$7.call(Unknown Source)
	at TC_Login.run(TC_Login:52)
	at com.kms.katalon.core.main.ScriptEngine.run(ScriptEngine.java:194)
	at com.kms.katalon.core.main.ScriptEngine.runScriptAsRawText(ScriptEngine.java:119)
	at com.kms.katalon.core.main.TestCaseExecutor.runScript(TestCaseExecutor.java:442)
	at com.kms.katalon.core.main.TestCaseExecutor.doExecute(TestCaseExecutor.java:433)
	at com.kms.katalon.core.main.TestCaseExecutor.processExecutionPhase(TestCaseExecutor.java:412)
	at com.kms.katalon.core.main.TestCaseExecutor.accessMainPhase(TestCaseExecutor.java:404)
	at com.kms.katalon.core.main.TestCaseExecutor.execute(TestCaseExecutor.java:281)
	at com.kms.katalon.core.main.TestSuiteExecutor.accessTestCaseMainPhase(TestSuiteExecutor.java:202)
	at com.kms.katalon.core.main.TestSuiteExecutor.accessTestSuiteMainPhase(TestSuiteExecutor.java:164)
	at com.kms.katalon.core.main.TestSuiteExecutor.execute(TestSuiteExecutor.java:105)
	at com.kms.katalon.core.main.TestCaseMain.startTestSuite(TestCaseMain.java:185)
	at com.kms.katalon.core.main.TestCaseMain$startTestSuite$0.call(Unknown Source)
	at TempTestSuite1658221840043.run(TempTestSuite1658221840043.groovy:36)
Caused by: com.kms.katalon.core.exception.StepFailedException: com.kms.katalon.core.webui.exception.WebElementNotFoundException: Web element with id: 'Object Repository/CITIZEN/Page_Home  GetVaccine/a_Daftar Vaksinasi' located by '//div[@id='root']/main/div/div/button/a' not found
	at com.kms.katalon.core.webui.keyword.internal.WebUIKeywordMain.stepFailed(WebUIKeywordMain.groovy:64)
	at com.kms.katalon.core.webui.keyword.builtin.VerifyElementPresentKeyword$_verifyElementPresent_closure1.doCall(VerifyElementPresentKeyword.groovy:85)
	at com.kms.katalon.core.webui.keyword.builtin.VerifyElementPresentKeyword$_verifyElementPresent_closure1.call(VerifyElementPresentKeyword.groovy)
	at com.kms.katalon.core.webui.keyword.internal.WebUIKeywordMain.runKeyword(WebUIKeywordMain.groovy:20)
	... 19 more]]></system-out>
      <system-err><![CDATA[2022-07-19 16:10:43 - [TEST_SUITE][FAILED] - TS_CITIZEN: Test Cases/CITIZEN/AUTH/TC_Login FAILED.
Reason:
com.kms.katalon.core.exception.StepFailedException: Unable to verify object 'Object Repository/CITIZEN/Page_Home  GetVaccine/a_Daftar Vaksinasi' is present
	at com.kms.katalon.core.webui.keyword.internal.WebUIKeywordMain.stepFailed(WebUIKeywordMain.groovy:64)
	at com.kms.katalon.core.webui.keyword.internal.WebUIKeywordMain.runKeyword(WebUIKeywordMain.groovy:26)
	at com.kms.katalon.core.webui.keyword.builtin.VerifyElementPresentKeyword.verifyElementPresent(VerifyElementPresentKeyword.groovy:92)
	at com.kms.katalon.core.webui.keyword.builtin.VerifyElementPresentKeyword.execute(VerifyElementPresentKeyword.groovy:68)
	at com.kms.katalon.core.keyword.internal.KeywordExecutor.executeKeywordForPlatform(KeywordExecutor.groovy:74)
	at com.kms.katalon.core.webui.keyword.WebUiBuiltInKeywords.verifyElementPresent(WebUiBuiltInKeywords.groovy:1464)
	at com.kms.katalon.core.webui.keyword.WebUiBuiltInKeywords$verifyElementPresent$7.call(Unknown Source)
	at TC_Login.run(TC_Login:52)
	at com.kms.katalon.core.main.ScriptEngine.run(ScriptEngine.java:194)
	at com.kms.katalon.core.main.ScriptEngine.runScriptAsRawText(ScriptEngine.java:119)
	at com.kms.katalon.core.main.TestCaseExecutor.runScript(TestCaseExecutor.java:442)
	at com.kms.katalon.core.main.TestCaseExecutor.doExecute(TestCaseExecutor.java:433)
	at com.kms.katalon.core.main.TestCaseExecutor.processExecutionPhase(TestCaseExecutor.java:412)
	at com.kms.katalon.core.main.TestCaseExecutor.accessMainPhase(TestCaseExecutor.java:404)
	at com.kms.katalon.core.main.TestCaseExecutor.execute(TestCaseExecutor.java:281)
	at com.kms.katalon.core.main.TestSuiteExecutor.accessTestCaseMainPhase(TestSuiteExecutor.java:202)
	at com.kms.katalon.core.main.TestSuiteExecutor.accessTestSuiteMainPhase(TestSuiteExecutor.java:164)
	at com.kms.katalon.core.main.TestSuiteExecutor.execute(TestSuiteExecutor.java:105)
	at com.kms.katalon.core.main.TestCaseMain.startTestSuite(TestCaseMain.java:185)
	at com.kms.katalon.core.main.TestCaseMain$startTestSuite$0.call(Unknown Source)
	at TempTestSuite1658221840043.run(TempTestSuite1658221840043.groovy:36)
Caused by: com.kms.katalon.core.exception.StepFailedException: com.kms.katalon.core.webui.exception.WebElementNotFoundException: Web element with id: 'Object Repository/CITIZEN/Page_Home  GetVaccine/a_Daftar Vaksinasi' located by '//div[@id='root']/main/div/div/button/a' not found
	at com.kms.katalon.core.webui.keyword.internal.WebUIKeywordMain.stepFailed(WebUIKeywordMain.groovy:64)
	at com.kms.katalon.core.webui.keyword.builtin.VerifyElementPresentKeyword$_verifyElementPresent_closure1.doCall(VerifyElementPresentKeyword.groovy:85)
	at com.kms.katalon.core.webui.keyword.builtin.VerifyElementPresentKeyword$_verifyElementPresent_closure1.call(VerifyElementPresentKeyword.groovy)
	at com.kms.katalon.core.webui.keyword.internal.WebUIKeywordMain.runKeyword(WebUIKeywordMain.groovy:20)
	... 19 more]]></system-err>
   </testsuite>
</testsuites>
