<?xml version="1.0" encoding="UTF-8"?>
<testsuites name="TS_VACCINE" time="27.94" tests="11" failures="0" errors="0">
   <testsuite name="TS_VACCINE" tests="11" failures="0" errors="0" time="27.94" skipped="0" timestamp="2022-06-30 21:29:04" hostname="Thinkpad X260 - DESKTOP-D9B57TC" id="Test Suites/TS_VACCINE">
      <properties>
         <property name="deviceName" value=""/>
         <property name="devicePlatform" value=""/>
         <property name="logFolder" value="C:\\Users\\Thinkpad X260\\git\\CapstoneAPI\\Reports\\20220630_212857\\TS_VACCINE\\20220630_212857"/>
         <property name="logFiles" value="C:\\Users\\Thinkpad X260\\git\\CapstoneAPI\\Reports\\20220630_212857\\TS_VACCINE\\20220630_212857\\execution0.log"/>
         <property name="attachments" value=""/>
         <property name="hostName" value="Thinkpad X260 - DESKTOP-D9B57TC"/>
         <property name="hostAddress" value="192.168.100.66"/>
         <property name="os" value="Windows 10 64bit"/>
         <property name="katalonVersion" value="8.2.5.208"/>
      </properties>
      <testcase name="Test Cases/API/VACCINE/CREATE VACCINE/TCNV03_CREATE WITHOUT REQ BODY" time="5.815" classname="Test Cases/API/VACCINE/CREATE VACCINE/TCNV03_CREATE WITHOUT REQ BODY" status="PASSED">
         <system-out><![CDATA[2022-06-30 21:29:04 - [TEST_CASE][PASSED] - Test Cases/API/VACCINE/CREATE VACCINE/TCNV03_CREATE WITHOUT REQ BODY: Test Cases/API/VACCINE/CREATE VACCINE/TCNV03_CREATE WITHOUT REQ BODY

2022-06-30 21:29:06 - [TEST_STEP][PASSED] - Response = sendRequest(findTestObject("API/VACCINE/CREATE NEW VACCINE/TCV03_CREATE WITHOUT REQUEST BODY")): Send request successfully

2022-06-30 21:29:10 - [MESSAGE][INFO] - HAR: C:\Users\Thinkpad X260\git\CapstoneAPI\Reports\20220630_212857\TS_VACCINE\20220630_212857\requests\main\0.har

2022-06-30 21:29:10 - [MESSAGE][PASSED] - Send request successfully

2022-06-30 21:29:10 - [TEST_STEP][PASSED] - verifyResponseStatusCode(Response, Status_400): Verify response status code successfully

2022-06-30 21:29:10 - [MESSAGE][PASSED] - Verify response status code successfully]]></system-out>
         <system-err><![CDATA[]]></system-err>
      </testcase>
      <testcase name="Test Cases/API/VACCINE/CREATE VACCINE/TCNV02_CREATE WITHOUT TOKEN" time="1.725" classname="Test Cases/API/VACCINE/CREATE VACCINE/TCNV02_CREATE WITHOUT TOKEN" status="PASSED">
         <system-out><![CDATA[2022-06-30 21:29:10 - [TEST_CASE][PASSED] - Test Cases/API/VACCINE/CREATE VACCINE/TCNV02_CREATE WITHOUT TOKEN: Test Cases/API/VACCINE/CREATE VACCINE/TCNV02_CREATE WITHOUT TOKEN

2022-06-30 21:29:11 - [TEST_STEP][PASSED] - Response = sendRequest(findTestObject("API/VACCINE/CREATE NEW VACCINE/TCNV02_CREATE WITHOUT TOKEN")): Send request successfully

2022-06-30 21:29:12 - [MESSAGE][INFO] - HAR: C:\Users\Thinkpad X260\git\CapstoneAPI\Reports\20220630_212857\TS_VACCINE\20220630_212857\requests\main\1.har

2022-06-30 21:29:12 - [MESSAGE][PASSED] - Send request successfully

2022-06-30 21:29:12 - [TEST_STEP][PASSED] - verifyResponseStatusCode(Response, Status_401): Verify response status code successfully

2022-06-30 21:29:12 - [MESSAGE][PASSED] - Verify response status code successfully]]></system-out>
         <system-err><![CDATA[]]></system-err>
      </testcase>
      <testcase name="Test Cases/API/VACCINE/CREATE VACCINE/TCNV01_CREATE VALID VACCINE" time="1.806" classname="Test Cases/API/VACCINE/CREATE VACCINE/TCNV01_CREATE VALID VACCINE" status="PASSED">
         <system-out><![CDATA[2022-06-30 21:29:12 - [TEST_CASE][PASSED] - Test Cases/API/VACCINE/CREATE VACCINE/TCNV01_CREATE VALID VACCINE: Test Cases/API/VACCINE/CREATE VACCINE/TCNV01_CREATE VALID VACCINE

2022-06-30 21:29:13 - [TEST_STEP][PASSED] - Response = sendRequest(findTestObject("API/VACCINE/CREATE NEW VACCINE/TCNV01_CREATE VACCINE")): Send request successfully

2022-06-30 21:29:14 - [MESSAGE][INFO] - HAR: C:\Users\Thinkpad X260\git\CapstoneAPI\Reports\20220630_212857\TS_VACCINE\20220630_212857\requests\main\2.har

2022-06-30 21:29:14 - [MESSAGE][PASSED] - Send request successfully

2022-06-30 21:29:14 - [TEST_STEP][PASSED] - verifyResponseStatusCode(Response, Status_200): Verify response status code successfully

2022-06-30 21:29:14 - [MESSAGE][PASSED] - Verify response status code successfully

2022-06-30 21:29:14 - [TEST_STEP][PASSED] - verifyElementPropertyValue(Response, statuscreate, update_success): Verify element property value successfully

2022-06-30 21:29:14 - [MESSAGE][PASSED] - Verify element property value successfully]]></system-out>
         <system-err><![CDATA[]]></system-err>
      </testcase>
      <testcase name="Test Cases/API/VACCINE/GET ALL VACCINE/TCV02_GET ALL WITHOUT TOKEN" time="1.346" classname="Test Cases/API/VACCINE/GET ALL VACCINE/TCV02_GET ALL WITHOUT TOKEN" status="PASSED">
         <system-out><![CDATA[2022-06-30 21:29:14 - [TEST_CASE][PASSED] - Test Cases/API/VACCINE/GET ALL VACCINE/TCV02_GET ALL WITHOUT TOKEN: Test Cases/API/VACCINE/GET ALL VACCINE/TCV02_GET ALL WITHOUT TOKEN

2022-06-30 21:29:15 - [TEST_STEP][PASSED] - Response = sendRequest(findTestObject("API/VACCINE/GET ALL VACCINE/TCV02_GET WITHOUT TOKEN")): Send request successfully

2022-06-30 21:29:15 - [MESSAGE][INFO] - HAR: C:\Users\Thinkpad X260\git\CapstoneAPI\Reports\20220630_212857\TS_VACCINE\20220630_212857\requests\main\3.har

2022-06-30 21:29:15 - [MESSAGE][PASSED] - Send request successfully

2022-06-30 21:29:15 - [TEST_STEP][PASSED] - verifyResponseStatusCode(Response, Status_401): Verify response status code successfully

2022-06-30 21:29:15 - [MESSAGE][PASSED] - Verify response status code successfully]]></system-out>
         <system-err><![CDATA[]]></system-err>
      </testcase>
      <testcase name="Test Cases/API/VACCINE/GET ALL VACCINE/TCV01_GET ALL VACCINE" time="1.642" classname="Test Cases/API/VACCINE/GET ALL VACCINE/TCV01_GET ALL VACCINE" status="PASSED">
         <system-out><![CDATA[2022-06-30 21:29:15 - [TEST_CASE][PASSED] - Test Cases/API/VACCINE/GET ALL VACCINE/TCV01_GET ALL VACCINE: Test Cases/API/VACCINE/GET ALL VACCINE/TCV01_GET ALL VACCINE

2022-06-30 21:29:16 - [TEST_STEP][PASSED] - Response = sendRequest(findTestObject("API/VACCINE/GET ALL VACCINE/TCV01_GET ALL VACCINE")): Send request successfully

2022-06-30 21:29:17 - [MESSAGE][INFO] - HAR: C:\Users\Thinkpad X260\git\CapstoneAPI\Reports\20220630_212857\TS_VACCINE\20220630_212857\requests\main\4.har

2022-06-30 21:29:17 - [MESSAGE][PASSED] - Send request successfully

2022-06-30 21:29:17 - [TEST_STEP][PASSED] - verifyResponseStatusCode(Response, Status_200): Verify response status code successfully

2022-06-30 21:29:17 - [MESSAGE][PASSED] - Verify response status code successfully]]></system-out>
         <system-err><![CDATA[]]></system-err>
      </testcase>
      <testcase name="Test Cases/API/VACCINE/GET VACCINE BY ID/TCGV02_GET INVALID ID" time="1.582" classname="Test Cases/API/VACCINE/GET VACCINE BY ID/TCGV02_GET INVALID ID" status="PASSED">
         <system-out><![CDATA[2022-06-30 21:29:17 - [TEST_CASE][PASSED] - Test Cases/API/VACCINE/GET VACCINE BY ID/TCGV02_GET INVALID ID: Test Cases/API/VACCINE/GET VACCINE BY ID/TCGV02_GET INVALID ID

2022-06-30 21:29:18 - [TEST_STEP][PASSED] - Response = sendRequest(findTestObject("API/VACCINE/GET VACCINE BY ID/TCGV02_GET VACCINE INVALID")): Send request successfully

2022-06-30 21:29:18 - [MESSAGE][INFO] - HAR: C:\Users\Thinkpad X260\git\CapstoneAPI\Reports\20220630_212857\TS_VACCINE\20220630_212857\requests\main\5.har

2022-06-30 21:29:18 - [MESSAGE][PASSED] - Send request successfully

2022-06-30 21:29:19 - [TEST_STEP][PASSED] - verifyResponseStatusCode(Response, Status_400): Verify response status code successfully

2022-06-30 21:29:19 - [MESSAGE][PASSED] - Verify response status code successfully]]></system-out>
         <system-err><![CDATA[]]></system-err>
      </testcase>
      <testcase name="Test Cases/API/VACCINE/GET VACCINE BY ID/TCGSV01_GET VALID ID" time="2.006" classname="Test Cases/API/VACCINE/GET VACCINE BY ID/TCGSV01_GET VALID ID" status="PASSED">
         <system-out><![CDATA[2022-06-30 21:29:19 - [TEST_CASE][PASSED] - Test Cases/API/VACCINE/GET VACCINE BY ID/TCGSV01_GET VALID ID: Test Cases/API/VACCINE/GET VACCINE BY ID/TCGSV01_GET VALID ID

2022-06-30 21:29:19 - [TEST_STEP][PASSED] - Response = sendRequest(findTestObject("API/VACCINE/GET VACCINE BY ID/TCGV01_GET VACCINE VALID")): Send request successfully

2022-06-30 21:29:21 - [MESSAGE][INFO] - HAR: C:\Users\Thinkpad X260\git\CapstoneAPI\Reports\20220630_212857\TS_VACCINE\20220630_212857\requests\main\6.har

2022-06-30 21:29:21 - [MESSAGE][PASSED] - Send request successfully

2022-06-30 21:29:21 - [TEST_STEP][PASSED] - verifyResponseStatusCode(Response, Status_200): Verify response status code successfully

2022-06-30 21:29:21 - [MESSAGE][PASSED] - Verify response status code successfully]]></system-out>
         <system-err><![CDATA[]]></system-err>
      </testcase>
      <testcase name="Test Cases/API/VACCINE/UPDATE VACCINE/TCUV04_UPDATE WITHOUT BODY" time="4.248" classname="Test Cases/API/VACCINE/UPDATE VACCINE/TCUV04_UPDATE WITHOUT BODY" status="PASSED">
         <system-out><![CDATA[2022-06-30 21:29:21 - [TEST_CASE][PASSED] - Test Cases/API/VACCINE/UPDATE VACCINE/TCUV04_UPDATE WITHOUT BODY: Test Cases/API/VACCINE/UPDATE VACCINE/TCUV04_UPDATE WITHOUT BODY

2022-06-30 21:29:22 - [TEST_STEP][PASSED] - Response = sendRequest(findTestObject("API/VACCINE/UPDATE VACCINE/TCUV04_UPDATE WITHOUT BODY")): Send request successfully

2022-06-30 21:29:25 - [MESSAGE][INFO] - HAR: C:\Users\Thinkpad X260\git\CapstoneAPI\Reports\20220630_212857\TS_VACCINE\20220630_212857\requests\main\7.har

2022-06-30 21:29:25 - [MESSAGE][PASSED] - Send request successfully

2022-06-30 21:29:25 - [TEST_STEP][PASSED] - verifyResponseStatusCode(Response, Status_400): Verify response status code successfully

2022-06-30 21:29:25 - [MESSAGE][PASSED] - Verify response status code successfully]]></system-out>
         <system-err><![CDATA[]]></system-err>
      </testcase>
      <testcase name="Test Cases/API/VACCINE/UPDATE VACCINE/TCUV03_UPDATE WITHOUT ID" time="2.112" classname="Test Cases/API/VACCINE/UPDATE VACCINE/TCUV03_UPDATE WITHOUT ID" status="PASSED">
         <system-out><![CDATA[2022-06-30 21:29:25 - [TEST_CASE][PASSED] - Test Cases/API/VACCINE/UPDATE VACCINE/TCUV03_UPDATE WITHOUT ID: Test Cases/API/VACCINE/UPDATE VACCINE/TCUV03_UPDATE WITHOUT ID

2022-06-30 21:29:26 - [TEST_STEP][PASSED] - Response = sendRequest(findTestObject("API/VACCINE/UPDATE VACCINE/TCUV03_UPDATE WITHOUT ID")): Send request successfully

2022-06-30 21:29:27 - [MESSAGE][INFO] - HAR: C:\Users\Thinkpad X260\git\CapstoneAPI\Reports\20220630_212857\TS_VACCINE\20220630_212857\requests\main\8.har

2022-06-30 21:29:27 - [MESSAGE][PASSED] - Send request successfully

2022-06-30 21:29:27 - [TEST_STEP][PASSED] - verifyResponseStatusCode(Response, Status_405): Verify response status code successfully

2022-06-30 21:29:27 - [MESSAGE][PASSED] - Verify response status code successfully]]></system-out>
         <system-err><![CDATA[]]></system-err>
      </testcase>
      <testcase name="Test Cases/API/VACCINE/UPDATE VACCINE/TCUV02_UPDATE WITHOUT TOKEN" time="1.517" classname="Test Cases/API/VACCINE/UPDATE VACCINE/TCUV02_UPDATE WITHOUT TOKEN" status="PASSED">
         <system-out><![CDATA[2022-06-30 21:29:27 - [TEST_CASE][PASSED] - Test Cases/API/VACCINE/UPDATE VACCINE/TCUV02_UPDATE WITHOUT TOKEN: Test Cases/API/VACCINE/UPDATE VACCINE/TCUV02_UPDATE WITHOUT TOKEN

2022-06-30 21:29:28 - [TEST_STEP][PASSED] - Response = sendRequest(findTestObject("API/VACCINE/UPDATE VACCINE/TCUV02_UPDATE WITHOUT TOKEN")): Send request successfully

2022-06-30 21:29:28 - [MESSAGE][INFO] - HAR: C:\Users\Thinkpad X260\git\CapstoneAPI\Reports\20220630_212857\TS_VACCINE\20220630_212857\requests\main\9.har

2022-06-30 21:29:28 - [MESSAGE][PASSED] - Send request successfully

2022-06-30 21:29:28 - [TEST_STEP][PASSED] - verifyResponseStatusCode(Response, Status_401): Verify response status code successfully

2022-06-30 21:29:28 - [MESSAGE][PASSED] - Verify response status code successfully]]></system-out>
         <system-err><![CDATA[]]></system-err>
      </testcase>
      <testcase name="Test Cases/API/VACCINE/UPDATE VACCINE/TCUV01_UPDATE VACCINE" time="3.187" classname="Test Cases/API/VACCINE/UPDATE VACCINE/TCUV01_UPDATE VACCINE" status="PASSED">
         <system-out><![CDATA[2022-06-30 21:29:29 - [TEST_CASE][PASSED] - Test Cases/API/VACCINE/UPDATE VACCINE/TCUV01_UPDATE VACCINE: Test Cases/API/VACCINE/UPDATE VACCINE/TCUV01_UPDATE VACCINE

2022-06-30 21:29:29 - [TEST_STEP][PASSED] - Response = sendRequest(findTestObject("API/VACCINE/UPDATE VACCINE/TCUV01_UPDATE VALID DATA")): Send request successfully

2022-06-30 21:29:32 - [MESSAGE][INFO] - HAR: C:\Users\Thinkpad X260\git\CapstoneAPI\Reports\20220630_212857\TS_VACCINE\20220630_212857\requests\main\10.har

2022-06-30 21:29:32 - [MESSAGE][PASSED] - Send request successfully

2022-06-30 21:29:32 - [TEST_STEP][PASSED] - verifyResponseStatusCode(Response, Status_200): Verify response status code successfully

2022-06-30 21:29:32 - [MESSAGE][PASSED] - Verify response status code successfully

2022-06-30 21:29:32 - [TEST_STEP][PASSED] - verifyElementPropertyValue(Response, statuscreate, update_success): Verify element property value successfully

2022-06-30 21:29:32 - [MESSAGE][PASSED] - Verify element property value successfully]]></system-out>
         <system-err><![CDATA[]]></system-err>
      </testcase>
      <system-out><![CDATA[2022-06-30 21:29:04 - [TEST_SUITE][PASSED] - TS_VACCINE: Test Cases/API/VACCINE/UPDATE VACCINE/TCUV01_UPDATE VACCINE]]></system-out>
      <system-err><![CDATA[]]></system-err>
   </testsuite>
</testsuites>
